[2021-12-08 23:41:19,841:16] top1
[2021-12-08 23:41:19,841:18] p1
[2021-12-08 23:41:19,842:34] p1 and not p2
[2021-12-08 23:41:19,842:38] top2
[2021-12-08 23:41:19,842:41] p3
[2021-12-08 23:41:19,842:43] p1
[2021-12-08 23:41:19,842:45] p1 and p2
[2021-12-08 23:41:19,842:49] p1 and p2 and not p3
[2021-12-08 23:41:19,842:55] p4
[2021-12-08 23:41:19,842:57] p5
[2021-12-08 23:41:19,842:57] p5
[2021-12-08 23:41:19,842:57] p5
[2021-12-08 23:41:19,842:55] p4
[2021-12-08 23:41:19,842:57] p5
[2021-12-08 23:41:19,842:55] p4
[2021-12-08 23:41:19,842:41] p3
[2021-12-08 23:41:19,842:53] not p1
[2021-12-08 23:41:19,842:41] p3
[2021-12-08 23:41:19,842:43] p1
[2021-12-08 23:41:19,842:51] p1 and not p2
[2021-12-08 23:41:19,843:55] p4
[2021-12-08 23:41:19,843:57] p5
[2021-12-08 23:41:19,843:57] p5
[2021-12-08 23:41:19,843:57] p5
[2021-12-08 23:41:19,843:58] top3
