[2021-12-08 23:41:19,845:16] top1
[2021-12-08 23:41:19,845:18] p1
[2021-12-08 23:41:19,846:34] p1 and not p2
[2021-12-08 23:41:19,846:38] top2
[2021-12-08 23:41:19,846:41] p3
[2021-12-08 23:41:19,846:43] p1
[2021-12-08 23:41:19,846:51] p1 and not p2
[2021-12-08 23:41:19,846:55] p4
[2021-12-08 23:41:19,846:57] p5
[2021-12-08 23:41:19,846:57] p5
[2021-12-08 23:41:19,846:41] p3
[2021-12-08 23:41:19,846:43] p1
[2021-12-08 23:41:19,846:51] p1 and not p2
[2021-12-08 23:41:19,846:41] p3
[2021-12-08 23:41:19,846:43] p1
[2021-12-08 23:41:19,846:45] p1 and p2
[2021-12-08 23:41:19,846:49] p1 and p2 and not p3
[2021-12-08 23:41:19,846:55] p4
[2021-12-08 23:41:19,846:55] p4
[2021-12-08 23:41:19,846:57] p5
[2021-12-08 23:41:19,846:55] p4
[2021-12-08 23:41:19,846:57] p5
[2021-12-08 23:41:19,846:57] p5
[2021-12-08 23:41:19,846:57] p5
[2021-12-08 23:41:19,847:57] p5
[2021-12-08 23:41:19,847:57] p5
[2021-12-08 23:41:19,847:57] p5
[2021-12-08 23:41:19,847:55] p4
[2021-12-08 23:41:19,847:55] p4
[2021-12-08 23:41:19,847:57] p5
[2021-12-08 23:41:19,847:57] p5
[2021-12-08 23:41:19,847:57] p5
[2021-12-08 23:41:19,847:57] p5
[2021-12-08 23:41:19,847:57] p5
[2021-12-08 23:41:19,847:57] p5
[2021-12-08 23:41:19,847:57] p5
[2021-12-08 23:41:19,847:57] p5
[2021-12-08 23:41:19,847:41] p3
[2021-12-08 23:41:19,847:43] p1
[2021-12-08 23:41:19,847:51] p1 and not p2
[2021-12-08 23:41:19,847:41] p3
[2021-12-08 23:41:19,847:53] not p1
[2021-12-08 23:41:19,847:58] top3
