[2021-12-08 23:41:19,877:16] top1
[2021-12-08 23:41:19,878:18] p1
[2021-12-08 23:41:19,878:34] p1 and not p2
[2021-12-08 23:41:19,878:38] top2
[2021-12-08 23:41:19,878:41] p3
[2021-12-08 23:41:19,878:53] not p1
[2021-12-08 23:41:19,878:55] p4
[2021-12-08 23:41:19,878:55] p4
[2021-12-08 23:41:19,878:57] p5
[2021-12-08 23:41:19,879:57] p5
[2021-12-08 23:41:19,879:41] p3
[2021-12-08 23:41:19,879:53] not p1
[2021-12-08 23:41:19,879:41] p3
[2021-12-08 23:41:19,879:53] not p1
[2021-12-08 23:41:19,879:41] p3
[2021-12-08 23:41:19,879:43] p1
[2021-12-08 23:41:19,879:51] p1 and not p2
[2021-12-08 23:41:19,879:41] p3
[2021-12-08 23:41:19,879:43] p1
[2021-12-08 23:41:19,879:45] p1 and p2
[2021-12-08 23:41:19,879:47] p1 and p2 and p3
[2021-12-08 23:41:19,880:55] p4
[2021-12-08 23:41:19,880:57] p5
[2021-12-08 23:41:19,880:58] top3
