[2021-12-08 23:41:19,886:16] top1
[2021-12-08 23:41:19,886:36] not p1
[2021-12-08 23:41:19,886:38] top2
[2021-12-08 23:41:19,886:41] p3
[2021-12-08 23:41:19,886:53] not p1
[2021-12-08 23:41:19,886:55] p4
[2021-12-08 23:41:19,886:57] p5
[2021-12-08 23:41:19,886:55] p4
[2021-12-08 23:41:19,886:55] p4
[2021-12-08 23:41:19,886:55] p4
[2021-12-08 23:41:19,886:57] p5
[2021-12-08 23:41:19,886:55] p4
[2021-12-08 23:41:19,887:57] p5
[2021-12-08 23:41:19,887:57] p5
[2021-12-08 23:41:19,887:55] p4
[2021-12-08 23:41:19,887:57] p5
[2021-12-08 23:41:19,887:57] p5
[2021-12-08 23:41:19,887:57] p5
[2021-12-08 23:41:19,887:57] p5
[2021-12-08 23:41:19,887:57] p5
[2021-12-08 23:41:19,887:55] p4
[2021-12-08 23:41:19,887:57] p5
[2021-12-08 23:41:19,887:41] p3
[2021-12-08 23:41:19,887:53] not p1
[2021-12-08 23:41:19,887:55] p4
[2021-12-08 23:41:19,887:55] p4
[2021-12-08 23:41:19,887:41] p3
[2021-12-08 23:41:19,887:43] p1
[2021-12-08 23:41:19,887:51] p1 and not p2
[2021-12-08 23:41:19,887:55] p4
[2021-12-08 23:41:19,888:41] p3
[2021-12-08 23:41:19,888:43] p1
[2021-12-08 23:41:19,888:45] p1 and p2
[2021-12-08 23:41:19,888:49] p1 and p2 and not p3
[2021-12-08 23:41:19,888:55] p4
[2021-12-08 23:41:19,888:57] p5
[2021-12-08 23:41:19,888:58] top3
