[2021-12-08 23:41:19,913:16] top1
[2021-12-08 23:41:19,914:36] not p1
[2021-12-08 23:41:19,914:38] top2
[2021-12-08 23:41:19,914:41] p3
[2021-12-08 23:41:19,914:53] not p1
[2021-12-08 23:41:19,914:55] p4
[2021-12-08 23:41:19,914:57] p5
[2021-12-08 23:41:19,914:57] p5
[2021-12-08 23:41:19,914:57] p5
[2021-12-08 23:41:19,914:57] p5
[2021-12-08 23:41:19,914:57] p5
[2021-12-08 23:41:19,914:55] p4
[2021-12-08 23:41:19,914:55] p4
[2021-12-08 23:41:19,914:55] p4
[2021-12-08 23:41:19,914:55] p4
[2021-12-08 23:41:19,914:55] p4
[2021-12-08 23:41:19,914:55] p4
[2021-12-08 23:41:19,914:55] p4
[2021-12-08 23:41:19,914:55] p4
[2021-12-08 23:41:19,914:55] p4
[2021-12-08 23:41:19,914:57] p5
[2021-12-08 23:41:19,914:41] p3
[2021-12-08 23:41:19,915:53] not p1
[2021-12-08 23:41:19,915:55] p4
[2021-12-08 23:41:19,915:55] p4
[2021-12-08 23:41:19,915:41] p3
[2021-12-08 23:41:19,915:53] not p1
[2021-12-08 23:41:19,915:55] p4
[2021-12-08 23:41:19,915:57] p5
[2021-12-08 23:41:19,915:57] p5
[2021-12-08 23:41:19,915:41] p3
[2021-12-08 23:41:19,915:43] p1
[2021-12-08 23:41:19,915:45] p1 and p2
[2021-12-08 23:41:19,915:47] p1 and p2 and p3
[2021-12-08 23:41:19,915:41] p3
[2021-12-08 23:41:19,915:53] not p1
[2021-12-08 23:41:19,915:58] top3
