[2021-12-08 23:41:19,917:16] top1
[2021-12-08 23:41:19,918:36] not p1
[2021-12-08 23:41:19,918:38] top2
[2021-12-08 23:41:19,918:41] p3
[2021-12-08 23:41:19,918:53] not p1
[2021-12-08 23:41:19,918:41] p3
[2021-12-08 23:41:19,918:53] not p1
[2021-12-08 23:41:19,918:55] p4
[2021-12-08 23:41:19,918:57] p5
[2021-12-08 23:41:19,918:41] p3
[2021-12-08 23:41:19,918:53] not p1
[2021-12-08 23:41:19,918:55] p4
[2021-12-08 23:41:19,918:57] p5
[2021-12-08 23:41:19,918:57] p5
[2021-12-08 23:41:19,918:57] p5
[2021-12-08 23:41:19,919:57] p5
[2021-12-08 23:41:19,919:57] p5
[2021-12-08 23:41:19,919:57] p5
[2021-12-08 23:41:19,919:55] p4
[2021-12-08 23:41:19,919:55] p4
[2021-12-08 23:41:19,919:41] p3
[2021-12-08 23:41:19,919:43] p1
[2021-12-08 23:41:19,919:45] p1 and p2
[2021-12-08 23:41:19,919:49] p1 and p2 and not p3
[2021-12-08 23:41:19,919:41] p3
[2021-12-08 23:41:19,919:53] not p1
[2021-12-08 23:41:19,919:55] p4
[2021-12-08 23:41:19,919:57] p5
[2021-12-08 23:41:19,919:57] p5
[2021-12-08 23:41:19,919:57] p5
[2021-12-08 23:41:19,919:58] top3
