[2021-12-08 23:41:19,930:16] top1
[2021-12-08 23:41:19,930:36] not p1
[2021-12-08 23:41:19,930:38] top2
[2021-12-08 23:41:19,930:41] p3
[2021-12-08 23:41:19,930:43] p1
[2021-12-08 23:41:19,930:51] p1 and not p2
[2021-12-08 23:41:19,930:55] p4
[2021-12-08 23:41:19,930:41] p3
[2021-12-08 23:41:19,930:53] not p1
[2021-12-08 23:41:19,930:41] p3
[2021-12-08 23:41:19,930:43] p1
[2021-12-08 23:41:19,930:45] p1 and p2
[2021-12-08 23:41:19,930:49] p1 and p2 and not p3
[2021-12-08 23:41:19,930:55] p4
[2021-12-08 23:41:19,930:57] p5
[2021-12-08 23:41:19,930:55] p4
[2021-12-08 23:41:19,930:55] p4
[2021-12-08 23:41:19,930:57] p5
[2021-12-08 23:41:19,931:55] p4
[2021-12-08 23:41:19,931:57] p5
[2021-12-08 23:41:19,931:57] p5
[2021-12-08 23:41:19,931:55] p4
[2021-12-08 23:41:19,931:57] p5
[2021-12-08 23:41:19,931:57] p5
[2021-12-08 23:41:19,931:57] p5
[2021-12-08 23:41:19,931:57] p5
[2021-12-08 23:41:19,931:57] p5
[2021-12-08 23:41:19,931:55] p4
[2021-12-08 23:41:19,931:57] p5
[2021-12-08 23:41:19,931:58] top3
