[2021-12-08 23:41:19,940:16] top1
[2021-12-08 23:41:19,940:18] p1
[2021-12-08 23:41:19,940:20] p1 and p2
[2021-12-08 23:41:19,940:22] p1 and p2 and p3
[2021-12-08 23:41:19,940:24] p1 and p2 and p3 and p4
[2021-12-08 23:41:19,941:26] p1 and p2 and p3 and p4 and p5
[2021-12-08 23:41:19,941:38] top2
[2021-12-08 23:41:19,941:41] p3
[2021-12-08 23:41:19,941:53] not p1
[2021-12-08 23:41:19,941:55] p4
[2021-12-08 23:41:19,941:57] p5
[2021-12-08 23:41:19,941:55] p4
[2021-12-08 23:41:19,941:57] p5
[2021-12-08 23:41:19,941:41] p3
[2021-12-08 23:41:19,941:43] p1
[2021-12-08 23:41:19,941:51] p1 and not p2
[2021-12-08 23:41:19,941:41] p3
[2021-12-08 23:41:19,941:53] not p1
[2021-12-08 23:41:19,941:55] p4
[2021-12-08 23:41:19,942:55] p4
[2021-12-08 23:41:19,942:57] p5
[2021-12-08 23:41:19,942:57] p5
[2021-12-08 23:41:19,942:41] p3
[2021-12-08 23:41:19,942:43] p1
[2021-12-08 23:41:19,942:45] p1 and p2
[2021-12-08 23:41:19,942:49] p1 and p2 and not p3
[2021-12-08 23:41:19,942:55] p4
[2021-12-08 23:41:19,942:55] p4
[2021-12-08 23:41:19,942:55] p4
[2021-12-08 23:41:19,942:57] p5
[2021-12-08 23:41:19,942:57] p5
[2021-12-08 23:41:19,942:41] p3
[2021-12-08 23:41:19,942:43] p1
[2021-12-08 23:41:19,942:45] p1 and p2
[2021-12-08 23:41:19,942:47] p1 and p2 and p3
[2021-12-08 23:41:19,942:55] p4
[2021-12-08 23:41:19,942:58] top3
