[2021-12-08 23:41:19,952:16] top1
[2021-12-08 23:41:19,952:36] not p1
[2021-12-08 23:41:19,952:38] top2
[2021-12-08 23:41:19,953:41] p3
[2021-12-08 23:41:19,953:43] p1
[2021-12-08 23:41:19,953:51] p1 and not p2
[2021-12-08 23:41:19,953:41] p3
[2021-12-08 23:41:19,953:43] p1
[2021-12-08 23:41:19,953:51] p1 and not p2
[2021-12-08 23:41:19,953:55] p4
[2021-12-08 23:41:19,953:57] p5
[2021-12-08 23:41:19,953:55] p4
[2021-12-08 23:41:19,953:57] p5
[2021-12-08 23:41:19,953:41] p3
[2021-12-08 23:41:19,953:43] p1
[2021-12-08 23:41:19,953:45] p1 and p2
[2021-12-08 23:41:19,953:47] p1 and p2 and p3
[2021-12-08 23:41:19,953:41] p3
[2021-12-08 23:41:19,953:53] not p1
[2021-12-08 23:41:19,954:41] p3
[2021-12-08 23:41:19,954:43] p1
[2021-12-08 23:41:19,954:45] p1 and p2
[2021-12-08 23:41:19,954:49] p1 and p2 and not p3
[2021-12-08 23:41:19,954:55] p4
[2021-12-08 23:41:19,954:57] p5
[2021-12-08 23:41:19,954:57] p5
[2021-12-08 23:41:19,954:58] top3
