[2021-12-08 23:41:19,958:16] top1
[2021-12-08 23:41:19,959:18] p1
[2021-12-08 23:41:19,959:20] p1 and p2
[2021-12-08 23:41:19,959:22] p1 and p2 and p3
[2021-12-08 23:41:19,959:24] p1 and p2 and p3 and p4
[2021-12-08 23:41:19,959:26] p1 and p2 and p3 and p4 and p5
[2021-12-08 23:41:19,959:38] top2
[2021-12-08 23:41:19,959:41] p3
[2021-12-08 23:41:19,959:53] not p1
[2021-12-08 23:41:19,959:55] p4
[2021-12-08 23:41:19,959:57] p5
[2021-12-08 23:41:19,959:57] p5
[2021-12-08 23:41:19,960:41] p3
[2021-12-08 23:41:19,960:53] not p1
[2021-12-08 23:41:19,960:41] p3
[2021-12-08 23:41:19,960:43] p1
[2021-12-08 23:41:19,960:45] p1 and p2
[2021-12-08 23:41:19,960:49] p1 and p2 and not p3
[2021-12-08 23:41:19,960:55] p4
[2021-12-08 23:41:19,960:57] p5
[2021-12-08 23:41:19,960:58] top3
