[2021-12-08 23:41:19,971:16] top1
[2021-12-08 23:41:19,971:18] p1
[2021-12-08 23:41:19,971:20] p1 and p2
[2021-12-08 23:41:19,971:22] p1 and p2 and p3
[2021-12-08 23:41:19,971:30] p1 and p2 and p3 and not p4
[2021-12-08 23:41:19,972:38] top2
[2021-12-08 23:41:19,972:41] p3
[2021-12-08 23:41:19,972:43] p1
[2021-12-08 23:41:19,972:45] p1 and p2
[2021-12-08 23:41:19,972:49] p1 and p2 and not p3
[2021-12-08 23:41:19,972:41] p3
[2021-12-08 23:41:19,972:53] not p1
[2021-12-08 23:41:19,972:55] p4
[2021-12-08 23:41:19,972:57] p5
[2021-12-08 23:41:19,972:57] p5
[2021-12-08 23:41:19,972:41] p3
[2021-12-08 23:41:19,972:43] p1
[2021-12-08 23:41:19,972:45] p1 and p2
[2021-12-08 23:41:19,972:49] p1 and p2 and not p3
[2021-12-08 23:41:19,973:58] top3
