[2021-12-08 23:41:20,004:16] top1
[2021-12-08 23:41:20,004:18] p1
[2021-12-08 23:41:20,004:20] p1 and p2
[2021-12-08 23:41:20,004:32] p1 and p2 and not p3
[2021-12-08 23:41:20,004:38] top2
[2021-12-08 23:41:20,004:41] p3
[2021-12-08 23:41:20,004:43] p1
[2021-12-08 23:41:20,005:45] p1 and p2
[2021-12-08 23:41:20,005:49] p1 and p2 and not p3
[2021-12-08 23:41:20,005:55] p4
[2021-12-08 23:41:20,005:41] p3
[2021-12-08 23:41:20,005:43] p1
[2021-12-08 23:41:20,005:45] p1 and p2
[2021-12-08 23:41:20,005:47] p1 and p2 and p3
[2021-12-08 23:41:20,005:55] p4
[2021-12-08 23:41:20,005:41] p3
[2021-12-08 23:41:20,005:43] p1
[2021-12-08 23:41:20,005:51] p1 and not p2
[2021-12-08 23:41:20,005:55] p4
[2021-12-08 23:41:20,005:57] p5
[2021-12-08 23:41:20,005:55] p4
[2021-12-08 23:41:20,005:57] p5
[2021-12-08 23:41:20,006:57] p5
[2021-12-08 23:41:20,006:57] p5
[2021-12-08 23:41:20,006:57] p5
[2021-12-08 23:41:20,006:58] top3
