[2021-12-08 23:41:20,026:16] top1
[2021-12-08 23:41:20,026:18] p1
[2021-12-08 23:41:20,026:20] p1 and p2
[2021-12-08 23:41:20,026:32] p1 and p2 and not p3
[2021-12-08 23:41:20,026:38] top2
[2021-12-08 23:41:20,026:41] p3
[2021-12-08 23:41:20,026:43] p1
[2021-12-08 23:41:20,026:45] p1 and p2
[2021-12-08 23:41:20,026:47] p1 and p2 and p3
[2021-12-08 23:41:20,026:55] p4
[2021-12-08 23:41:20,026:57] p5
[2021-12-08 23:41:20,026:55] p4
[2021-12-08 23:41:20,026:41] p3
[2021-12-08 23:41:20,026:43] p1
[2021-12-08 23:41:20,026:45] p1 and p2
[2021-12-08 23:41:20,026:49] p1 and p2 and not p3
[2021-12-08 23:41:20,026:55] p4
[2021-12-08 23:41:20,026:57] p5
[2021-12-08 23:41:20,027:57] p5
[2021-12-08 23:41:20,027:57] p5
[2021-12-08 23:41:20,027:55] p4
[2021-12-08 23:41:20,027:57] p5
[2021-12-08 23:41:20,027:58] top3
