[2021-12-08 23:41:20,034:16] top1
[2021-12-08 23:41:20,034:36] not p1
[2021-12-08 23:41:20,034:38] top2
[2021-12-08 23:41:20,034:41] p3
[2021-12-08 23:41:20,034:53] not p1
[2021-12-08 23:41:20,034:55] p4
[2021-12-08 23:41:20,034:57] p5
[2021-12-08 23:41:20,034:41] p3
[2021-12-08 23:41:20,034:43] p1
[2021-12-08 23:41:20,034:51] p1 and not p2
[2021-12-08 23:41:20,034:41] p3
[2021-12-08 23:41:20,034:53] not p1
[2021-12-08 23:41:20,034:55] p4
[2021-12-08 23:41:20,034:55] p4
[2021-12-08 23:41:20,034:57] p5
[2021-12-08 23:41:20,034:57] p5
[2021-12-08 23:41:20,034:41] p3
[2021-12-08 23:41:20,035:43] p1
[2021-12-08 23:41:20,035:45] p1 and p2
[2021-12-08 23:41:20,035:49] p1 and p2 and not p3
[2021-12-08 23:41:20,035:58] top3
