[2021-12-08 23:41:20,036:16] top1
[2021-12-08 23:41:20,036:18] p1
[2021-12-08 23:41:20,036:20] p1 and p2
[2021-12-08 23:41:20,037:32] p1 and p2 and not p3
[2021-12-08 23:41:20,037:38] top2
[2021-12-08 23:41:20,037:41] p3
[2021-12-08 23:41:20,037:43] p1
[2021-12-08 23:41:20,037:45] p1 and p2
[2021-12-08 23:41:20,037:49] p1 and p2 and not p3
[2021-12-08 23:41:20,037:55] p4
[2021-12-08 23:41:20,037:57] p5
[2021-12-08 23:41:20,037:55] p4
[2021-12-08 23:41:20,037:41] p3
[2021-12-08 23:41:20,037:53] not p1
[2021-12-08 23:41:20,037:55] p4
[2021-12-08 23:41:20,037:41] p3
[2021-12-08 23:41:20,037:53] not p1
[2021-12-08 23:41:20,037:41] p3
[2021-12-08 23:41:20,037:53] not p1
[2021-12-08 23:41:20,037:55] p4
[2021-12-08 23:41:20,037:55] p4
[2021-12-08 23:41:20,037:55] p4
[2021-12-08 23:41:20,038:55] p4
[2021-12-08 23:41:20,038:57] p5
[2021-12-08 23:41:20,038:55] p4
[2021-12-08 23:41:20,038:55] p4
[2021-12-08 23:41:20,038:57] p5
[2021-12-08 23:41:20,038:58] top3
