[2021-12-08 23:41:18,853:16] top1
[2021-12-08 23:41:18,853:18] p1
[2021-12-08 23:41:18,853:20] p1 and p2
[2021-12-08 23:41:18,853:32] p1 and p2 and not p3
[2021-12-08 23:41:18,853:38] top2
[2021-12-08 23:41:18,853:41] p3
[2021-12-08 23:41:18,853:43] p1
[2021-12-08 23:41:18,853:51] p1 and not p2
[2021-12-08 23:41:18,853:55] p4
[2021-12-08 23:41:18,853:57] p5
[2021-12-08 23:41:18,853:41] p3
[2021-12-08 23:41:18,853:53] not p1
[2021-12-08 23:41:18,853:55] p4
[2021-12-08 23:41:18,853:55] p4
[2021-12-08 23:41:18,853:41] p3
[2021-12-08 23:41:18,853:43] p1
[2021-12-08 23:41:18,853:45] p1 and p2
[2021-12-08 23:41:18,853:47] p1 and p2 and p3
[2021-12-08 23:41:18,853:55] p4
[2021-12-08 23:41:18,853:41] p3
[2021-12-08 23:41:18,854:53] not p1
[2021-12-08 23:41:18,854:41] p3
[2021-12-08 23:41:18,854:43] p1
[2021-12-08 23:41:18,854:45] p1 and p2
[2021-12-08 23:41:18,854:49] p1 and p2 and not p3
[2021-12-08 23:41:18,854:55] p4
[2021-12-08 23:41:18,854:57] p5
[2021-12-08 23:41:18,854:55] p4
[2021-12-08 23:41:18,854:55] p4
[2021-12-08 23:41:18,854:57] p5
[2021-12-08 23:41:18,854:57] p5
[2021-12-08 23:41:18,854:55] p4
[2021-12-08 23:41:18,854:55] p4
[2021-12-08 23:41:18,854:57] p5
[2021-12-08 23:41:18,854:57] p5
[2021-12-08 23:41:18,854:41] p3
[2021-12-08 23:41:18,854:43] p1
[2021-12-08 23:41:18,854:45] p1 and p2
[2021-12-08 23:41:18,854:47] p1 and p2 and p3
[2021-12-08 23:41:18,854:55] p4
[2021-12-08 23:41:18,854:57] p5
[2021-12-08 23:41:18,855:57] p5
[2021-12-08 23:41:18,855:41] p3
[2021-12-08 23:41:18,855:53] not p1
[2021-12-08 23:41:18,855:55] p4
[2021-12-08 23:41:18,855:55] p4
[2021-12-08 23:41:18,855:57] p5
[2021-12-08 23:41:18,855:41] p3
[2021-12-08 23:41:18,855:43] p1
[2021-12-08 23:41:18,855:45] p1 and p2
[2021-12-08 23:41:18,855:47] p1 and p2 and p3
[2021-12-08 23:41:18,855:41] p3
[2021-12-08 23:41:18,855:53] not p1
[2021-12-08 23:41:18,855:55] p4
[2021-12-08 23:41:18,855:57] p5
[2021-12-08 23:41:18,855:55] p4
[2021-12-08 23:41:18,855:57] p5
[2021-12-08 23:41:18,855:55] p4
[2021-12-08 23:41:18,855:57] p5
[2021-12-08 23:41:18,855:55] p4
[2021-12-08 23:41:18,855:57] p5
[2021-12-08 23:41:18,855:57] p5
[2021-12-08 23:41:18,855:57] p5
[2021-12-08 23:41:18,855:58] top3
