[2021-12-08 23:41:20,046:16] top1
[2021-12-08 23:41:20,046:36] not p1
[2021-12-08 23:41:20,046:38] top2
[2021-12-08 23:41:20,047:41] p3
[2021-12-08 23:41:20,047:43] p1
[2021-12-08 23:41:20,047:51] p1 and not p2
[2021-12-08 23:41:20,047:41] p3
[2021-12-08 23:41:20,047:43] p1
[2021-12-08 23:41:20,047:45] p1 and p2
[2021-12-08 23:41:20,047:49] p1 and p2 and not p3
[2021-12-08 23:41:20,047:55] p4
[2021-12-08 23:41:20,047:55] p4
[2021-12-08 23:41:20,047:55] p4
[2021-12-08 23:41:20,047:57] p5
[2021-12-08 23:41:20,047:55] p4
[2021-12-08 23:41:20,047:41] p3
[2021-12-08 23:41:20,047:53] not p1
[2021-12-08 23:41:20,047:41] p3
[2021-12-08 23:41:20,047:43] p1
[2021-12-08 23:41:20,047:45] p1 and p2
[2021-12-08 23:41:20,047:47] p1 and p2 and p3
[2021-12-08 23:41:20,047:55] p4
[2021-12-08 23:41:20,047:57] p5
[2021-12-08 23:41:20,047:57] p5
[2021-12-08 23:41:20,047:57] p5
[2021-12-08 23:41:20,048:41] p3
[2021-12-08 23:41:20,048:53] not p1
[2021-12-08 23:41:20,048:41] p3
[2021-12-08 23:41:20,048:43] p1
[2021-12-08 23:41:20,048:51] p1 and not p2
[2021-12-08 23:41:20,048:55] p4
[2021-12-08 23:41:20,048:57] p5
[2021-12-08 23:41:20,048:55] p4
[2021-12-08 23:41:20,048:57] p5
[2021-12-08 23:41:20,048:58] top3
