[2021-12-08 23:41:20,060:16] top1
[2021-12-08 23:41:20,060:18] p1
[2021-12-08 23:41:20,060:20] p1 and p2
[2021-12-08 23:41:20,060:22] p1 and p2 and p3
[2021-12-08 23:41:20,060:30] p1 and p2 and p3 and not p4
[2021-12-08 23:41:20,060:38] top2
[2021-12-08 23:41:20,060:41] p3
[2021-12-08 23:41:20,060:43] p1
[2021-12-08 23:41:20,060:45] p1 and p2
[2021-12-08 23:41:20,060:49] p1 and p2 and not p3
[2021-12-08 23:41:20,060:55] p4
[2021-12-08 23:41:20,060:41] p3
[2021-12-08 23:41:20,061:43] p1
[2021-12-08 23:41:20,061:45] p1 and p2
[2021-12-08 23:41:20,061:47] p1 and p2 and p3
[2021-12-08 23:41:20,061:41] p3
[2021-12-08 23:41:20,061:43] p1
[2021-12-08 23:41:20,061:45] p1 and p2
[2021-12-08 23:41:20,061:47] p1 and p2 and p3
[2021-12-08 23:41:20,061:55] p4
[2021-12-08 23:41:20,061:57] p5
[2021-12-08 23:41:20,061:57] p5
[2021-12-08 23:41:20,061:57] p5
[2021-12-08 23:41:20,061:57] p5
[2021-12-08 23:41:20,061:55] p4
[2021-12-08 23:41:20,061:57] p5
[2021-12-08 23:41:20,061:57] p5
[2021-12-08 23:41:20,061:57] p5
[2021-12-08 23:41:20,061:57] p5
[2021-12-08 23:41:20,061:58] top3
