[2021-12-08 23:41:20,065:16] top1
[2021-12-08 23:41:20,066:36] not p1
[2021-12-08 23:41:20,066:38] top2
[2021-12-08 23:41:20,066:41] p3
[2021-12-08 23:41:20,066:43] p1
[2021-12-08 23:41:20,066:51] p1 and not p2
[2021-12-08 23:41:20,066:41] p3
[2021-12-08 23:41:20,066:43] p1
[2021-12-08 23:41:20,066:51] p1 and not p2
[2021-12-08 23:41:20,066:55] p4
[2021-12-08 23:41:20,066:57] p5
[2021-12-08 23:41:20,066:57] p5
[2021-12-08 23:41:20,066:57] p5
[2021-12-08 23:41:20,066:57] p5
[2021-12-08 23:41:20,066:55] p4
[2021-12-08 23:41:20,066:57] p5
[2021-12-08 23:41:20,066:55] p4
[2021-12-08 23:41:20,066:57] p5
[2021-12-08 23:41:20,066:57] p5
[2021-12-08 23:41:20,066:55] p4
[2021-12-08 23:41:20,066:41] p3
[2021-12-08 23:41:20,066:43] p1
[2021-12-08 23:41:20,066:45] p1 and p2
[2021-12-08 23:41:20,067:49] p1 and p2 and not p3
[2021-12-08 23:41:20,067:55] p4
[2021-12-08 23:41:20,067:57] p5
[2021-12-08 23:41:20,067:57] p5
[2021-12-08 23:41:20,067:57] p5
[2021-12-08 23:41:20,067:57] p5
[2021-12-08 23:41:20,067:57] p5
[2021-12-08 23:41:20,067:55] p4
[2021-12-08 23:41:20,067:57] p5
[2021-12-08 23:41:20,067:55] p4
[2021-12-08 23:41:20,067:41] p3
[2021-12-08 23:41:20,067:43] p1
[2021-12-08 23:41:20,067:51] p1 and not p2
[2021-12-08 23:41:20,067:41] p3
[2021-12-08 23:41:20,067:43] p1
[2021-12-08 23:41:20,067:45] p1 and p2
[2021-12-08 23:41:20,067:47] p1 and p2 and p3
[2021-12-08 23:41:20,067:58] top3
