[2021-12-08 23:41:20,076:16] top1
[2021-12-08 23:41:20,076:36] not p1
[2021-12-08 23:41:20,076:38] top2
[2021-12-08 23:41:20,076:41] p3
[2021-12-08 23:41:20,076:43] p1
[2021-12-08 23:41:20,076:51] p1 and not p2
[2021-12-08 23:41:20,076:55] p4
[2021-12-08 23:41:20,076:57] p5
[2021-12-08 23:41:20,076:41] p3
[2021-12-08 23:41:20,076:43] p1
[2021-12-08 23:41:20,077:51] p1 and not p2
[2021-12-08 23:41:20,077:55] p4
[2021-12-08 23:41:20,077:55] p4
[2021-12-08 23:41:20,077:57] p5
[2021-12-08 23:41:20,077:57] p5
[2021-12-08 23:41:20,077:55] p4
[2021-12-08 23:41:20,077:55] p4
[2021-12-08 23:41:20,077:57] p5
[2021-12-08 23:41:20,077:57] p5
[2021-12-08 23:41:20,077:55] p4
[2021-12-08 23:41:20,077:41] p3
[2021-12-08 23:41:20,077:43] p1
[2021-12-08 23:41:20,077:45] p1 and p2
[2021-12-08 23:41:20,077:49] p1 and p2 and not p3
[2021-12-08 23:41:20,077:58] top3
