[2021-12-08 23:41:20,088:16] top1
[2021-12-08 23:41:20,088:18] p1
[2021-12-08 23:41:20,088:34] p1 and not p2
[2021-12-08 23:41:20,088:38] top2
[2021-12-08 23:41:20,088:41] p3
[2021-12-08 23:41:20,088:53] not p1
[2021-12-08 23:41:20,088:41] p3
[2021-12-08 23:41:20,089:43] p1
[2021-12-08 23:41:20,089:51] p1 and not p2
[2021-12-08 23:41:20,089:55] p4
[2021-12-08 23:41:20,089:57] p5
[2021-12-08 23:41:20,089:55] p4
[2021-12-08 23:41:20,089:55] p4
[2021-12-08 23:41:20,089:57] p5
[2021-12-08 23:41:20,089:55] p4
[2021-12-08 23:41:20,089:57] p5
[2021-12-08 23:41:20,089:55] p4
[2021-12-08 23:41:20,089:57] p5
[2021-12-08 23:41:20,089:55] p4
[2021-12-08 23:41:20,089:41] p3
[2021-12-08 23:41:20,089:43] p1
[2021-12-08 23:41:20,089:51] p1 and not p2
[2021-12-08 23:41:20,089:41] p3
[2021-12-08 23:41:20,089:53] not p1
[2021-12-08 23:41:20,090:55] p4
[2021-12-08 23:41:20,090:57] p5
[2021-12-08 23:41:20,090:57] p5
[2021-12-08 23:41:20,090:41] p3
[2021-12-08 23:41:20,090:43] p1
[2021-12-08 23:41:20,090:45] p1 and p2
[2021-12-08 23:41:20,090:49] p1 and p2 and not p3
[2021-12-08 23:41:20,090:55] p4
[2021-12-08 23:41:20,090:57] p5
[2021-12-08 23:41:20,090:57] p5
[2021-12-08 23:41:20,090:57] p5
[2021-12-08 23:41:20,090:57] p5
[2021-12-08 23:41:20,090:57] p5
[2021-12-08 23:41:20,090:41] p3
[2021-12-08 23:41:20,090:43] p1
[2021-12-08 23:41:20,090:45] p1 and p2
[2021-12-08 23:41:20,090:47] p1 and p2 and p3
[2021-12-08 23:41:20,090:55] p4
[2021-12-08 23:41:20,090:57] p5
[2021-12-08 23:41:20,090:55] p4
[2021-12-08 23:41:20,090:58] top3
