[2021-12-08 23:41:20,096:16] top1
[2021-12-08 23:41:20,096:18] p1
[2021-12-08 23:41:20,096:34] p1 and not p2
[2021-12-08 23:41:20,096:38] top2
[2021-12-08 23:41:20,096:41] p3
[2021-12-08 23:41:20,096:43] p1
[2021-12-08 23:41:20,096:45] p1 and p2
[2021-12-08 23:41:20,096:47] p1 and p2 and p3
[2021-12-08 23:41:20,096:55] p4
[2021-12-08 23:41:20,096:55] p4
[2021-12-08 23:41:20,096:57] p5
[2021-12-08 23:41:20,096:57] p5
[2021-12-08 23:41:20,096:57] p5
[2021-12-08 23:41:20,096:57] p5
[2021-12-08 23:41:20,096:57] p5
[2021-12-08 23:41:20,096:57] p5
[2021-12-08 23:41:20,096:55] p4
[2021-12-08 23:41:20,096:57] p5
[2021-12-08 23:41:20,096:55] p4
[2021-12-08 23:41:20,096:57] p5
[2021-12-08 23:41:20,097:55] p4
[2021-12-08 23:41:20,097:57] p5
[2021-12-08 23:41:20,097:55] p4
[2021-12-08 23:41:20,097:58] top3
