[2021-12-08 23:41:18,859:16] top1
[2021-12-08 23:41:18,859:18] p1
[2021-12-08 23:41:18,859:34] p1 and not p2
[2021-12-08 23:41:18,860:38] top2
[2021-12-08 23:41:18,860:41] p3
[2021-12-08 23:41:18,860:43] p1
[2021-12-08 23:41:18,860:51] p1 and not p2
[2021-12-08 23:41:18,860:55] p4
[2021-12-08 23:41:18,860:41] p3
[2021-12-08 23:41:18,860:43] p1
[2021-12-08 23:41:18,860:51] p1 and not p2
[2021-12-08 23:41:18,860:41] p3
[2021-12-08 23:41:18,860:43] p1
[2021-12-08 23:41:18,860:51] p1 and not p2
[2021-12-08 23:41:18,860:55] p4
[2021-12-08 23:41:18,860:57] p5
[2021-12-08 23:41:18,860:41] p3
[2021-12-08 23:41:18,860:43] p1
[2021-12-08 23:41:18,860:51] p1 and not p2
[2021-12-08 23:41:18,860:55] p4
[2021-12-08 23:41:18,860:57] p5
[2021-12-08 23:41:18,860:57] p5
[2021-12-08 23:41:18,860:41] p3
[2021-12-08 23:41:18,860:43] p1
[2021-12-08 23:41:18,860:45] p1 and p2
[2021-12-08 23:41:18,860:47] p1 and p2 and p3
[2021-12-08 23:41:18,860:55] p4
[2021-12-08 23:41:18,861:57] p5
[2021-12-08 23:41:18,861:55] p4
[2021-12-08 23:41:18,861:55] p4
[2021-12-08 23:41:18,861:41] p3
[2021-12-08 23:41:18,861:53] not p1
[2021-12-08 23:41:18,861:55] p4
[2021-12-08 23:41:18,861:55] p4
[2021-12-08 23:41:18,861:57] p5
[2021-12-08 23:41:18,861:57] p5
[2021-12-08 23:41:18,861:57] p5
[2021-12-08 23:41:18,861:41] p3
[2021-12-08 23:41:18,861:53] not p1
[2021-12-08 23:41:18,861:58] top3
