[2021-12-08 23:41:20,129:16] top1
[2021-12-08 23:41:20,129:18] p1
[2021-12-08 23:41:20,129:20] p1 and p2
[2021-12-08 23:41:20,129:22] p1 and p2 and p3
[2021-12-08 23:41:20,129:24] p1 and p2 and p3 and p4
[2021-12-08 23:41:20,129:26] p1 and p2 and p3 and p4 and p5
[2021-12-08 23:41:20,129:38] top2
[2021-12-08 23:41:20,130:41] p3
[2021-12-08 23:41:20,130:43] p1
[2021-12-08 23:41:20,130:51] p1 and not p2
[2021-12-08 23:41:20,130:41] p3
[2021-12-08 23:41:20,130:43] p1
[2021-12-08 23:41:20,130:45] p1 and p2
[2021-12-08 23:41:20,130:49] p1 and p2 and not p3
[2021-12-08 23:41:20,130:55] p4
[2021-12-08 23:41:20,130:55] p4
[2021-12-08 23:41:20,130:55] p4
[2021-12-08 23:41:20,130:41] p3
[2021-12-08 23:41:20,130:43] p1
[2021-12-08 23:41:20,130:51] p1 and not p2
[2021-12-08 23:41:20,130:55] p4
[2021-12-08 23:41:20,131:57] p5
[2021-12-08 23:41:20,131:57] p5
[2021-12-08 23:41:20,131:41] p3
[2021-12-08 23:41:20,131:43] p1
[2021-12-08 23:41:20,131:45] p1 and p2
[2021-12-08 23:41:20,131:49] p1 and p2 and not p3
[2021-12-08 23:41:20,131:41] p3
[2021-12-08 23:41:20,131:43] p1
[2021-12-08 23:41:20,131:45] p1 and p2
[2021-12-08 23:41:20,131:49] p1 and p2 and not p3
[2021-12-08 23:41:20,131:55] p4
[2021-12-08 23:41:20,131:55] p4
[2021-12-08 23:41:20,132:41] p3
[2021-12-08 23:41:20,132:43] p1
[2021-12-08 23:41:20,132:51] p1 and not p2
[2021-12-08 23:41:20,132:41] p3
[2021-12-08 23:41:20,132:53] not p1
[2021-12-08 23:41:20,132:55] p4
[2021-12-08 23:41:20,132:57] p5
[2021-12-08 23:41:20,132:58] top3
