[2021-12-08 23:41:20,139:16] top1
[2021-12-08 23:41:20,139:18] p1
[2021-12-08 23:41:20,139:20] p1 and p2
[2021-12-08 23:41:20,139:22] p1 and p2 and p3
[2021-12-08 23:41:20,140:30] p1 and p2 and p3 and not p4
[2021-12-08 23:41:20,140:38] top2
[2021-12-08 23:41:20,140:41] p3
[2021-12-08 23:41:20,140:53] not p1
[2021-12-08 23:41:20,140:41] p3
[2021-12-08 23:41:20,140:43] p1
[2021-12-08 23:41:20,140:45] p1 and p2
[2021-12-08 23:41:20,140:49] p1 and p2 and not p3
[2021-12-08 23:41:20,140:41] p3
[2021-12-08 23:41:20,140:43] p1
[2021-12-08 23:41:20,140:45] p1 and p2
[2021-12-08 23:41:20,141:49] p1 and p2 and not p3
[2021-12-08 23:41:20,141:55] p4
[2021-12-08 23:41:20,141:41] p3
[2021-12-08 23:41:20,141:43] p1
[2021-12-08 23:41:20,141:51] p1 and not p2
[2021-12-08 23:41:20,141:55] p4
[2021-12-08 23:41:20,141:57] p5
[2021-12-08 23:41:20,141:55] p4
[2021-12-08 23:41:20,141:58] top3
