[2021-12-08 23:41:20,154:16] top1
[2021-12-08 23:41:20,154:36] not p1
[2021-12-08 23:41:20,154:38] top2
[2021-12-08 23:41:20,154:41] p3
[2021-12-08 23:41:20,154:43] p1
[2021-12-08 23:41:20,154:45] p1 and p2
[2021-12-08 23:41:20,154:49] p1 and p2 and not p3
[2021-12-08 23:41:20,154:41] p3
[2021-12-08 23:41:20,154:53] not p1
[2021-12-08 23:41:20,154:55] p4
[2021-12-08 23:41:20,155:55] p4
[2021-12-08 23:41:20,155:55] p4
[2021-12-08 23:41:20,155:57] p5
[2021-12-08 23:41:20,155:57] p5
[2021-12-08 23:41:20,155:41] p3
[2021-12-08 23:41:20,155:43] p1
[2021-12-08 23:41:20,155:45] p1 and p2
[2021-12-08 23:41:20,155:49] p1 and p2 and not p3
[2021-12-08 23:41:20,155:41] p3
[2021-12-08 23:41:20,155:43] p1
[2021-12-08 23:41:20,155:45] p1 and p2
[2021-12-08 23:41:20,155:47] p1 and p2 and p3
[2021-12-08 23:41:20,155:55] p4
[2021-12-08 23:41:20,156:55] p4
[2021-12-08 23:41:20,156:55] p4
[2021-12-08 23:41:20,157:57] p5
[2021-12-08 23:41:20,157:58] top3
