[2021-12-08 23:41:20,210:16] top1
[2021-12-08 23:41:20,210:36] not p1
[2021-12-08 23:41:20,210:38] top2
[2021-12-08 23:41:20,210:41] p3
[2021-12-08 23:41:20,210:43] p1
[2021-12-08 23:41:20,210:45] p1 and p2
[2021-12-08 23:41:20,210:49] p1 and p2 and not p3
[2021-12-08 23:41:20,210:55] p4
[2021-12-08 23:41:20,210:57] p5
[2021-12-08 23:41:20,210:57] p5
[2021-12-08 23:41:20,210:57] p5
[2021-12-08 23:41:20,211:57] p5
[2021-12-08 23:41:20,211:55] p4
[2021-12-08 23:41:20,211:41] p3
[2021-12-08 23:41:20,211:53] not p1
[2021-12-08 23:41:20,214:41] p3
[2021-12-08 23:41:20,214:43] p1
[2021-12-08 23:41:20,214:45] p1 and p2
[2021-12-08 23:41:20,214:49] p1 and p2 and not p3
[2021-12-08 23:41:20,214:55] p4
[2021-12-08 23:41:20,215:58] top3
