[2021-12-08 23:41:20,246:16] top1
[2021-12-08 23:41:20,246:18] p1
[2021-12-08 23:41:20,246:20] p1 and p2
[2021-12-08 23:41:20,246:22] p1 and p2 and p3
[2021-12-08 23:41:20,246:30] p1 and p2 and p3 and not p4
[2021-12-08 23:41:20,247:38] top2
[2021-12-08 23:41:20,247:41] p3
[2021-12-08 23:41:20,247:53] not p1
[2021-12-08 23:41:20,247:55] p4
[2021-12-08 23:41:20,247:41] p3
[2021-12-08 23:41:20,247:53] not p1
[2021-12-08 23:41:20,247:55] p4
[2021-12-08 23:41:20,247:57] p5
[2021-12-08 23:41:20,247:57] p5
[2021-12-08 23:41:20,247:41] p3
[2021-12-08 23:41:20,247:43] p1
[2021-12-08 23:41:20,247:51] p1 and not p2
[2021-12-08 23:41:20,247:55] p4
[2021-12-08 23:41:20,248:55] p4
[2021-12-08 23:41:20,248:57] p5
[2021-12-08 23:41:20,248:41] p3
[2021-12-08 23:41:20,248:53] not p1
[2021-12-08 23:41:20,248:58] top3
