[2021-12-08 23:41:20,280:16] top1
[2021-12-08 23:41:20,280:18] p1
[2021-12-08 23:41:20,281:34] p1 and not p2
[2021-12-08 23:41:20,281:38] top2
[2021-12-08 23:41:20,281:41] p3
[2021-12-08 23:41:20,281:43] p1
[2021-12-08 23:41:20,281:45] p1 and p2
[2021-12-08 23:41:20,281:47] p1 and p2 and p3
[2021-12-08 23:41:20,281:55] p4
[2021-12-08 23:41:20,281:57] p5
[2021-12-08 23:41:20,281:57] p5
[2021-12-08 23:41:20,281:55] p4
[2021-12-08 23:41:20,281:57] p5
[2021-12-08 23:41:20,281:41] p3
[2021-12-08 23:41:20,281:43] p1
[2021-12-08 23:41:20,281:51] p1 and not p2
[2021-12-08 23:41:20,281:41] p3
[2021-12-08 23:41:20,281:43] p1
[2021-12-08 23:41:20,281:51] p1 and not p2
[2021-12-08 23:41:20,281:41] p3
[2021-12-08 23:41:20,282:43] p1
[2021-12-08 23:41:20,282:51] p1 and not p2
[2021-12-08 23:41:20,282:41] p3
[2021-12-08 23:41:20,282:53] not p1
[2021-12-08 23:41:20,282:41] p3
[2021-12-08 23:41:20,282:43] p1
[2021-12-08 23:41:20,282:45] p1 and p2
[2021-12-08 23:41:20,282:47] p1 and p2 and p3
[2021-12-08 23:41:20,282:41] p3
[2021-12-08 23:41:20,282:43] p1
[2021-12-08 23:41:20,282:51] p1 and not p2
[2021-12-08 23:41:20,282:58] top3
