[2021-12-08 23:41:20,333:16] top1
[2021-12-08 23:41:20,333:18] p1
[2021-12-08 23:41:20,333:20] p1 and p2
[2021-12-08 23:41:20,333:32] p1 and p2 and not p3
[2021-12-08 23:41:20,333:38] top2
[2021-12-08 23:41:20,333:41] p3
[2021-12-08 23:41:20,333:53] not p1
[2021-12-08 23:41:20,333:41] p3
[2021-12-08 23:41:20,334:43] p1
[2021-12-08 23:41:20,334:45] p1 and p2
[2021-12-08 23:41:20,334:47] p1 and p2 and p3
[2021-12-08 23:41:20,334:41] p3
[2021-12-08 23:41:20,334:43] p1
[2021-12-08 23:41:20,334:45] p1 and p2
[2021-12-08 23:41:20,334:47] p1 and p2 and p3
[2021-12-08 23:41:20,334:55] p4
[2021-12-08 23:41:20,334:57] p5
[2021-12-08 23:41:20,334:55] p4
[2021-12-08 23:41:20,334:55] p4
[2021-12-08 23:41:20,334:55] p4
[2021-12-08 23:41:20,334:57] p5
[2021-12-08 23:41:20,335:57] p5
[2021-12-08 23:41:20,335:57] p5
[2021-12-08 23:41:20,335:41] p3
[2021-12-08 23:41:20,335:43] p1
[2021-12-08 23:41:20,335:45] p1 and p2
[2021-12-08 23:41:20,335:49] p1 and p2 and not p3
[2021-12-08 23:41:20,335:55] p4
[2021-12-08 23:41:20,335:57] p5
[2021-12-08 23:41:20,335:57] p5
[2021-12-08 23:41:20,335:41] p3
[2021-12-08 23:41:20,335:53] not p1
[2021-12-08 23:41:20,335:41] p3
[2021-12-08 23:41:20,335:53] not p1
[2021-12-08 23:41:20,336:58] top3
