[2021-12-08 23:41:20,349:16] top1
[2021-12-08 23:41:20,349:18] p1
[2021-12-08 23:41:20,349:20] p1 and p2
[2021-12-08 23:41:20,349:22] p1 and p2 and p3
[2021-12-08 23:41:20,349:24] p1 and p2 and p3 and p4
[2021-12-08 23:41:20,350:28] p1 and p2 and p3 and p4 and not p5
[2021-12-08 23:41:20,350:38] top2
[2021-12-08 23:41:20,350:41] p3
[2021-12-08 23:41:20,350:53] not p1
[2021-12-08 23:41:20,350:55] p4
[2021-12-08 23:41:20,350:41] p3
[2021-12-08 23:41:20,350:43] p1
[2021-12-08 23:41:20,350:45] p1 and p2
[2021-12-08 23:41:20,350:49] p1 and p2 and not p3
[2021-12-08 23:41:20,350:41] p3
[2021-12-08 23:41:20,350:43] p1
[2021-12-08 23:41:20,350:51] p1 and not p2
[2021-12-08 23:41:20,350:55] p4
[2021-12-08 23:41:20,350:41] p3
[2021-12-08 23:41:20,350:53] not p1
[2021-12-08 23:41:20,350:58] top3
