[2021-12-08 23:41:20,358:16] top1
[2021-12-08 23:41:20,358:18] p1
[2021-12-08 23:41:20,359:20] p1 and p2
[2021-12-08 23:41:20,359:32] p1 and p2 and not p3
[2021-12-08 23:41:20,359:38] top2
[2021-12-08 23:41:20,359:41] p3
[2021-12-08 23:41:20,359:43] p1
[2021-12-08 23:41:20,359:45] p1 and p2
[2021-12-08 23:41:20,359:49] p1 and p2 and not p3
[2021-12-08 23:41:20,359:55] p4
[2021-12-08 23:41:20,359:57] p5
[2021-12-08 23:41:20,359:41] p3
[2021-12-08 23:41:20,359:43] p1
[2021-12-08 23:41:20,359:51] p1 and not p2
[2021-12-08 23:41:20,359:55] p4
[2021-12-08 23:41:20,359:55] p4
[2021-12-08 23:41:20,359:57] p5
[2021-12-08 23:41:20,359:41] p3
[2021-12-08 23:41:20,359:53] not p1
[2021-12-08 23:41:20,359:41] p3
[2021-12-08 23:41:20,359:43] p1
[2021-12-08 23:41:20,360:51] p1 and not p2
[2021-12-08 23:41:20,360:41] p3
[2021-12-08 23:41:20,360:53] not p1
[2021-12-08 23:41:20,360:58] top3
