[2021-12-08 23:41:20,361:16] top1
[2021-12-08 23:41:20,361:36] not p1
[2021-12-08 23:41:20,362:38] top2
[2021-12-08 23:41:20,362:41] p3
[2021-12-08 23:41:20,362:53] not p1
[2021-12-08 23:41:20,362:55] p4
[2021-12-08 23:41:20,362:57] p5
[2021-12-08 23:41:20,362:57] p5
[2021-12-08 23:41:20,362:57] p5
[2021-12-08 23:41:20,362:55] p4
[2021-12-08 23:41:20,362:57] p5
[2021-12-08 23:41:20,362:57] p5
[2021-12-08 23:41:20,362:55] p4
[2021-12-08 23:41:20,362:41] p3
[2021-12-08 23:41:20,362:43] p1
[2021-12-08 23:41:20,362:51] p1 and not p2
[2021-12-08 23:41:20,362:41] p3
[2021-12-08 23:41:20,362:53] not p1
[2021-12-08 23:41:20,362:41] p3
[2021-12-08 23:41:20,362:43] p1
[2021-12-08 23:41:20,362:45] p1 and p2
[2021-12-08 23:41:20,363:47] p1 and p2 and p3
[2021-12-08 23:41:20,363:55] p4
[2021-12-08 23:41:20,363:57] p5
[2021-12-08 23:41:20,363:55] p4
[2021-12-08 23:41:20,363:57] p5
[2021-12-08 23:41:20,363:58] top3
