[2021-12-08 23:41:18,872:16] top1
[2021-12-08 23:41:18,872:18] p1
[2021-12-08 23:41:18,872:20] p1 and p2
[2021-12-08 23:41:18,872:22] p1 and p2 and p3
[2021-12-08 23:41:18,873:30] p1 and p2 and p3 and not p4
[2021-12-08 23:41:18,873:38] top2
[2021-12-08 23:41:18,873:41] p3
[2021-12-08 23:41:18,873:43] p1
[2021-12-08 23:41:18,873:45] p1 and p2
[2021-12-08 23:41:18,873:49] p1 and p2 and not p3
[2021-12-08 23:41:18,873:55] p4
[2021-12-08 23:41:18,873:55] p4
[2021-12-08 23:41:18,873:41] p3
[2021-12-08 23:41:18,873:43] p1
[2021-12-08 23:41:18,873:51] p1 and not p2
[2021-12-08 23:41:18,873:41] p3
[2021-12-08 23:41:18,873:53] not p1
[2021-12-08 23:41:18,873:55] p4
[2021-12-08 23:41:18,873:41] p3
[2021-12-08 23:41:18,873:43] p1
[2021-12-08 23:41:18,873:45] p1 and p2
[2021-12-08 23:41:18,873:47] p1 and p2 and p3
[2021-12-08 23:41:18,874:55] p4
[2021-12-08 23:41:18,874:57] p5
[2021-12-08 23:41:18,874:57] p5
[2021-12-08 23:41:18,874:57] p5
[2021-12-08 23:41:18,874:57] p5
[2021-12-08 23:41:18,874:55] p4
[2021-12-08 23:41:18,874:57] p5
[2021-12-08 23:41:18,874:57] p5
[2021-12-08 23:41:18,874:55] p4
[2021-12-08 23:41:18,874:57] p5
[2021-12-08 23:41:18,874:57] p5
[2021-12-08 23:41:18,874:41] p3
[2021-12-08 23:41:18,874:43] p1
[2021-12-08 23:41:18,874:45] p1 and p2
[2021-12-08 23:41:18,874:47] p1 and p2 and p3
[2021-12-08 23:41:18,874:55] p4
[2021-12-08 23:41:18,874:57] p5
[2021-12-08 23:41:18,874:55] p4
[2021-12-08 23:41:18,874:57] p5
[2021-12-08 23:41:18,874:57] p5
[2021-12-08 23:41:18,874:57] p5
[2021-12-08 23:41:18,874:57] p5
[2021-12-08 23:41:18,874:58] top3
