[2021-12-08 23:41:20,380:16] top1
[2021-12-08 23:41:20,381:18] p1
[2021-12-08 23:41:20,381:34] p1 and not p2
[2021-12-08 23:41:20,381:38] top2
[2021-12-08 23:41:20,381:41] p3
[2021-12-08 23:41:20,381:53] not p1
[2021-12-08 23:41:20,381:55] p4
[2021-12-08 23:41:20,381:57] p5
[2021-12-08 23:41:20,381:55] p4
[2021-12-08 23:41:20,381:57] p5
[2021-12-08 23:41:20,381:41] p3
[2021-12-08 23:41:20,381:43] p1
[2021-12-08 23:41:20,381:51] p1 and not p2
[2021-12-08 23:41:20,381:55] p4
[2021-12-08 23:41:20,381:57] p5
[2021-12-08 23:41:20,381:57] p5
[2021-12-08 23:41:20,381:55] p4
[2021-12-08 23:41:20,381:55] p4
[2021-12-08 23:41:20,381:57] p5
[2021-12-08 23:41:20,381:57] p5
[2021-12-08 23:41:20,381:57] p5
[2021-12-08 23:41:20,382:57] p5
[2021-12-08 23:41:20,382:57] p5
[2021-12-08 23:41:20,382:41] p3
[2021-12-08 23:41:20,382:43] p1
[2021-12-08 23:41:20,382:45] p1 and p2
[2021-12-08 23:41:20,382:49] p1 and p2 and not p3
[2021-12-08 23:41:20,382:41] p3
[2021-12-08 23:41:20,382:43] p1
[2021-12-08 23:41:20,382:45] p1 and p2
[2021-12-08 23:41:20,382:49] p1 and p2 and not p3
[2021-12-08 23:41:20,382:55] p4
[2021-12-08 23:41:20,382:55] p4
[2021-12-08 23:41:20,382:58] top3
