[2021-12-08 23:41:20,411:16] top1
[2021-12-08 23:41:20,411:18] p1
[2021-12-08 23:41:20,411:34] p1 and not p2
[2021-12-08 23:41:20,411:38] top2
[2021-12-08 23:41:20,411:41] p3
[2021-12-08 23:41:20,411:43] p1
[2021-12-08 23:41:20,411:45] p1 and p2
[2021-12-08 23:41:20,411:49] p1 and p2 and not p3
[2021-12-08 23:41:20,411:41] p3
[2021-12-08 23:41:20,411:53] not p1
[2021-12-08 23:41:20,411:55] p4
[2021-12-08 23:41:20,411:41] p3
[2021-12-08 23:41:20,411:43] p1
[2021-12-08 23:41:20,411:51] p1 and not p2
[2021-12-08 23:41:20,411:55] p4
[2021-12-08 23:41:20,412:55] p4
[2021-12-08 23:41:20,412:57] p5
[2021-12-08 23:41:20,412:55] p4
[2021-12-08 23:41:20,412:55] p4
[2021-12-08 23:41:20,412:58] top3
