[2021-12-08 23:41:18,762:16] top1
[2021-12-08 23:41:18,762:36] not p1
[2021-12-08 23:41:18,762:38] top2
[2021-12-08 23:41:18,762:41] p3
[2021-12-08 23:41:18,762:43] p1
[2021-12-08 23:41:18,762:45] p1 and p2
[2021-12-08 23:41:18,762:49] p1 and p2 and not p3
[2021-12-08 23:41:18,763:55] p4
[2021-12-08 23:41:18,763:57] p5
[2021-12-08 23:41:18,763:55] p4
[2021-12-08 23:41:18,763:57] p5
[2021-12-08 23:41:18,763:57] p5
[2021-12-08 23:41:18,763:41] p3
[2021-12-08 23:41:18,763:53] not p1
[2021-12-08 23:41:18,763:41] p3
[2021-12-08 23:41:18,763:43] p1
[2021-12-08 23:41:18,763:51] p1 and not p2
[2021-12-08 23:41:18,763:55] p4
[2021-12-08 23:41:18,763:55] p4
[2021-12-08 23:41:18,763:58] top3
