[2021-12-08 23:41:20,432:16] top1
[2021-12-08 23:41:20,432:36] not p1
[2021-12-08 23:41:20,432:38] top2
[2021-12-08 23:41:20,432:41] p3
[2021-12-08 23:41:20,432:43] p1
[2021-12-08 23:41:20,432:45] p1 and p2
[2021-12-08 23:41:20,432:47] p1 and p2 and p3
[2021-12-08 23:41:20,432:41] p3
[2021-12-08 23:41:20,432:53] not p1
[2021-12-08 23:41:20,432:55] p4
[2021-12-08 23:41:20,433:57] p5
[2021-12-08 23:41:20,433:57] p5
[2021-12-08 23:41:20,433:57] p5
[2021-12-08 23:41:20,433:57] p5
[2021-12-08 23:41:20,433:57] p5
[2021-12-08 23:41:20,433:57] p5
[2021-12-08 23:41:20,433:55] p4
[2021-12-08 23:41:20,433:57] p5
[2021-12-08 23:41:20,433:57] p5
[2021-12-08 23:41:20,433:57] p5
[2021-12-08 23:41:20,433:57] p5
[2021-12-08 23:41:20,433:55] p4
[2021-12-08 23:41:20,433:58] top3
