[2021-12-08 23:41:20,438:16] top1
[2021-12-08 23:41:20,438:36] not p1
[2021-12-08 23:41:20,438:38] top2
[2021-12-08 23:41:20,439:41] p3
[2021-12-08 23:41:20,439:43] p1
[2021-12-08 23:41:20,439:45] p1 and p2
[2021-12-08 23:41:20,439:47] p1 and p2 and p3
[2021-12-08 23:41:20,439:41] p3
[2021-12-08 23:41:20,439:43] p1
[2021-12-08 23:41:20,439:45] p1 and p2
[2021-12-08 23:41:20,439:47] p1 and p2 and p3
[2021-12-08 23:41:20,439:55] p4
[2021-12-08 23:41:20,439:57] p5
[2021-12-08 23:41:20,439:57] p5
[2021-12-08 23:41:20,439:57] p5
[2021-12-08 23:41:20,439:57] p5
[2021-12-08 23:41:20,440:41] p3
[2021-12-08 23:41:20,440:43] p1
[2021-12-08 23:41:20,440:51] p1 and not p2
[2021-12-08 23:41:20,440:41] p3
[2021-12-08 23:41:20,440:43] p1
[2021-12-08 23:41:20,440:51] p1 and not p2
[2021-12-08 23:41:20,440:41] p3
[2021-12-08 23:41:20,440:43] p1
[2021-12-08 23:41:20,440:51] p1 and not p2
[2021-12-08 23:41:20,440:55] p4
[2021-12-08 23:41:20,440:55] p4
[2021-12-08 23:41:20,440:57] p5
[2021-12-08 23:41:20,440:55] p4
[2021-12-08 23:41:20,440:58] top3
