[2021-12-08 23:41:20,443:16] top1
[2021-12-08 23:41:20,443:36] not p1
[2021-12-08 23:41:20,444:38] top2
[2021-12-08 23:41:20,444:41] p3
[2021-12-08 23:41:20,444:53] not p1
[2021-12-08 23:41:20,444:55] p4
[2021-12-08 23:41:20,444:55] p4
[2021-12-08 23:41:20,444:57] p5
[2021-12-08 23:41:20,444:57] p5
[2021-12-08 23:41:20,444:57] p5
[2021-12-08 23:41:20,444:55] p4
[2021-12-08 23:41:20,444:41] p3
[2021-12-08 23:41:20,444:53] not p1
[2021-12-08 23:41:20,444:55] p4
[2021-12-08 23:41:20,444:41] p3
[2021-12-08 23:41:20,444:53] not p1
[2021-12-08 23:41:20,444:55] p4
[2021-12-08 23:41:20,444:41] p3
[2021-12-08 23:41:20,444:43] p1
[2021-12-08 23:41:20,444:45] p1 and p2
[2021-12-08 23:41:20,444:49] p1 and p2 and not p3
[2021-12-08 23:41:20,444:55] p4
[2021-12-08 23:41:20,445:57] p5
[2021-12-08 23:41:20,445:57] p5
[2021-12-08 23:41:20,445:41] p3
[2021-12-08 23:41:20,445:43] p1
[2021-12-08 23:41:20,445:51] p1 and not p2
[2021-12-08 23:41:20,445:41] p3
[2021-12-08 23:41:20,445:53] not p1
[2021-12-08 23:41:20,445:55] p4
[2021-12-08 23:41:20,445:57] p5
[2021-12-08 23:41:20,445:55] p4
[2021-12-08 23:41:20,445:57] p5
[2021-12-08 23:41:20,445:41] p3
[2021-12-08 23:41:20,445:53] not p1
[2021-12-08 23:41:20,445:58] top3
