[2021-12-08 23:41:20,466:16] top1
[2021-12-08 23:41:20,466:18] p1
[2021-12-08 23:41:20,466:20] p1 and p2
[2021-12-08 23:41:20,466:32] p1 and p2 and not p3
[2021-12-08 23:41:20,466:38] top2
[2021-12-08 23:41:20,466:41] p3
[2021-12-08 23:41:20,466:53] not p1
[2021-12-08 23:41:20,466:55] p4
[2021-12-08 23:41:20,466:41] p3
[2021-12-08 23:41:20,466:43] p1
[2021-12-08 23:41:20,466:45] p1 and p2
[2021-12-08 23:41:20,466:49] p1 and p2 and not p3
[2021-12-08 23:41:20,466:55] p4
[2021-12-08 23:41:20,466:57] p5
[2021-12-08 23:41:20,466:57] p5
[2021-12-08 23:41:20,466:57] p5
[2021-12-08 23:41:20,466:55] p4
[2021-12-08 23:41:20,466:57] p5
[2021-12-08 23:41:20,467:55] p4
[2021-12-08 23:41:20,467:57] p5
[2021-12-08 23:41:20,467:57] p5
[2021-12-08 23:41:20,467:57] p5
[2021-12-08 23:41:20,467:57] p5
[2021-12-08 23:41:20,467:57] p5
[2021-12-08 23:41:20,467:55] p4
[2021-12-08 23:41:20,467:55] p4
[2021-12-08 23:41:20,467:55] p4
[2021-12-08 23:41:20,467:55] p4
[2021-12-08 23:41:20,467:57] p5
[2021-12-08 23:41:20,467:41] p3
[2021-12-08 23:41:20,467:43] p1
[2021-12-08 23:41:20,467:45] p1 and p2
[2021-12-08 23:41:20,467:49] p1 and p2 and not p3
[2021-12-08 23:41:20,467:55] p4
[2021-12-08 23:41:20,467:55] p4
[2021-12-08 23:41:20,467:41] p3
[2021-12-08 23:41:20,467:43] p1
[2021-12-08 23:41:20,467:45] p1 and p2
[2021-12-08 23:41:20,467:47] p1 and p2 and p3
[2021-12-08 23:41:20,468:41] p3
[2021-12-08 23:41:20,468:43] p1
[2021-12-08 23:41:20,468:45] p1 and p2
[2021-12-08 23:41:20,468:47] p1 and p2 and p3
[2021-12-08 23:41:20,468:55] p4
[2021-12-08 23:41:20,468:57] p5
[2021-12-08 23:41:20,468:55] p4
[2021-12-08 23:41:20,468:55] p4
[2021-12-08 23:41:20,468:55] p4
[2021-12-08 23:41:20,468:57] p5
[2021-12-08 23:41:20,468:57] p5
[2021-12-08 23:41:20,468:55] p4
[2021-12-08 23:41:20,468:41] p3
[2021-12-08 23:41:20,468:53] not p1
[2021-12-08 23:41:20,468:58] top3
