[2021-12-08 23:41:18,882:16] top1
[2021-12-08 23:41:18,882:18] p1
[2021-12-08 23:41:18,882:34] p1 and not p2
[2021-12-08 23:41:18,883:38] top2
[2021-12-08 23:41:18,883:41] p3
[2021-12-08 23:41:18,883:43] p1
[2021-12-08 23:41:18,883:51] p1 and not p2
[2021-12-08 23:41:18,883:55] p4
[2021-12-08 23:41:18,883:55] p4
[2021-12-08 23:41:18,883:41] p3
[2021-12-08 23:41:18,883:43] p1
[2021-12-08 23:41:18,883:51] p1 and not p2
[2021-12-08 23:41:18,883:41] p3
[2021-12-08 23:41:18,883:43] p1
[2021-12-08 23:41:18,883:45] p1 and p2
[2021-12-08 23:41:18,883:49] p1 and p2 and not p3
[2021-12-08 23:41:18,883:55] p4
[2021-12-08 23:41:18,883:55] p4
[2021-12-08 23:41:18,883:57] p5
[2021-12-08 23:41:18,883:55] p4
[2021-12-08 23:41:18,883:58] top3
