[2021-12-08 23:41:20,479:16] top1
[2021-12-08 23:41:20,479:18] p1
[2021-12-08 23:41:20,479:20] p1 and p2
[2021-12-08 23:41:20,479:32] p1 and p2 and not p3
[2021-12-08 23:41:20,479:38] top2
[2021-12-08 23:41:20,479:41] p3
[2021-12-08 23:41:20,480:43] p1
[2021-12-08 23:41:20,480:45] p1 and p2
[2021-12-08 23:41:20,480:47] p1 and p2 and p3
[2021-12-08 23:41:20,480:41] p3
[2021-12-08 23:41:20,480:53] not p1
[2021-12-08 23:41:20,480:55] p4
[2021-12-08 23:41:20,480:57] p5
[2021-12-08 23:41:20,480:57] p5
[2021-12-08 23:41:20,480:57] p5
[2021-12-08 23:41:20,480:57] p5
[2021-12-08 23:41:20,480:57] p5
[2021-12-08 23:41:20,480:57] p5
[2021-12-08 23:41:20,480:57] p5
[2021-12-08 23:41:20,480:57] p5
[2021-12-08 23:41:20,480:55] p4
[2021-12-08 23:41:20,480:58] top3
