[2021-12-08 23:41:20,503:16] top1
[2021-12-08 23:41:20,503:18] p1
[2021-12-08 23:41:20,503:20] p1 and p2
[2021-12-08 23:41:20,503:22] p1 and p2 and p3
[2021-12-08 23:41:20,503:30] p1 and p2 and p3 and not p4
[2021-12-08 23:41:20,503:38] top2
[2021-12-08 23:41:20,503:41] p3
[2021-12-08 23:41:20,504:53] not p1
[2021-12-08 23:41:20,504:41] p3
[2021-12-08 23:41:20,504:53] not p1
[2021-12-08 23:41:20,504:55] p4
[2021-12-08 23:41:20,504:57] p5
[2021-12-08 23:41:20,504:57] p5
[2021-12-08 23:41:20,504:57] p5
[2021-12-08 23:41:20,504:57] p5
[2021-12-08 23:41:20,504:57] p5
[2021-12-08 23:41:20,504:57] p5
[2021-12-08 23:41:20,504:41] p3
[2021-12-08 23:41:20,504:53] not p1
[2021-12-08 23:41:20,504:58] top3
