[2021-12-08 23:41:20,508:16] top1
[2021-12-08 23:41:20,508:36] not p1
[2021-12-08 23:41:20,508:38] top2
[2021-12-08 23:41:20,508:41] p3
[2021-12-08 23:41:20,508:43] p1
[2021-12-08 23:41:20,508:45] p1 and p2
[2021-12-08 23:41:20,508:47] p1 and p2 and p3
[2021-12-08 23:41:20,509:55] p4
[2021-12-08 23:41:20,509:57] p5
[2021-12-08 23:41:20,509:55] p4
[2021-12-08 23:41:20,509:57] p5
[2021-12-08 23:41:20,509:57] p5
[2021-12-08 23:41:20,509:41] p3
[2021-12-08 23:41:20,509:43] p1
[2021-12-08 23:41:20,509:51] p1 and not p2
[2021-12-08 23:41:20,509:55] p4
[2021-12-08 23:41:20,509:57] p5
[2021-12-08 23:41:20,510:55] p4
[2021-12-08 23:41:20,510:57] p5
[2021-12-08 23:41:20,510:41] p3
[2021-12-08 23:41:20,510:43] p1
[2021-12-08 23:41:20,510:51] p1 and not p2
[2021-12-08 23:41:20,510:41] p3
[2021-12-08 23:41:20,510:53] not p1
[2021-12-08 23:41:20,510:41] p3
[2021-12-08 23:41:20,510:53] not p1
[2021-12-08 23:41:20,510:55] p4
[2021-12-08 23:41:20,510:58] top3
