[2021-12-08 23:41:18,764:16] top1
[2021-12-08 23:41:18,764:18] p1
[2021-12-08 23:41:18,764:20] p1 and p2
[2021-12-08 23:41:18,764:22] p1 and p2 and p3
[2021-12-08 23:41:18,764:24] p1 and p2 and p3 and p4
[2021-12-08 23:41:18,764:26] p1 and p2 and p3 and p4 and p5
[2021-12-08 23:41:18,764:38] top2
[2021-12-08 23:41:18,764:41] p3
[2021-12-08 23:41:18,764:53] not p1
[2021-12-08 23:41:18,764:41] p3
[2021-12-08 23:41:18,764:53] not p1
[2021-12-08 23:41:18,764:41] p3
[2021-12-08 23:41:18,764:43] p1
[2021-12-08 23:41:18,764:51] p1 and not p2
[2021-12-08 23:41:18,765:55] p4
[2021-12-08 23:41:18,765:57] p5
[2021-12-08 23:41:18,765:57] p5
[2021-12-08 23:41:18,765:57] p5
[2021-12-08 23:41:18,765:55] p4
[2021-12-08 23:41:18,765:57] p5
[2021-12-08 23:41:18,765:57] p5
[2021-12-08 23:41:18,765:58] top3
