[2021-12-08 23:41:20,523:16] top1
[2021-12-08 23:41:20,523:18] p1
[2021-12-08 23:41:20,524:34] p1 and not p2
[2021-12-08 23:41:20,524:38] top2
[2021-12-08 23:41:20,524:41] p3
[2021-12-08 23:41:20,524:53] not p1
[2021-12-08 23:41:20,524:55] p4
[2021-12-08 23:41:20,524:57] p5
[2021-12-08 23:41:20,524:55] p4
[2021-12-08 23:41:20,524:55] p4
[2021-12-08 23:41:20,524:57] p5
[2021-12-08 23:41:20,524:55] p4
[2021-12-08 23:41:20,524:57] p5
[2021-12-08 23:41:20,524:57] p5
[2021-12-08 23:41:20,524:57] p5
[2021-12-08 23:41:20,525:57] p5
[2021-12-08 23:41:20,525:41] p3
[2021-12-08 23:41:20,525:43] p1
[2021-12-08 23:41:20,525:45] p1 and p2
[2021-12-08 23:41:20,525:47] p1 and p2 and p3
[2021-12-08 23:41:20,525:55] p4
[2021-12-08 23:41:20,525:57] p5
[2021-12-08 23:41:20,525:57] p5
[2021-12-08 23:41:20,525:55] p4
[2021-12-08 23:41:20,525:57] p5
[2021-12-08 23:41:20,525:57] p5
[2021-12-08 23:41:20,525:55] p4
[2021-12-08 23:41:20,525:57] p5
[2021-12-08 23:41:20,526:57] p5
[2021-12-08 23:41:20,526:55] p4
[2021-12-08 23:41:20,526:57] p5
[2021-12-08 23:41:20,526:41] p3
[2021-12-08 23:41:20,526:53] not p1
[2021-12-08 23:41:20,526:41] p3
[2021-12-08 23:41:20,526:53] not p1
[2021-12-08 23:41:20,526:55] p4
[2021-12-08 23:41:20,526:57] p5
[2021-12-08 23:41:20,526:57] p5
[2021-12-08 23:41:20,526:57] p5
[2021-12-08 23:41:20,526:57] p5
[2021-12-08 23:41:20,526:55] p4
[2021-12-08 23:41:20,526:41] p3
[2021-12-08 23:41:20,527:53] not p1
[2021-12-08 23:41:20,527:41] p3
[2021-12-08 23:41:20,527:43] p1
[2021-12-08 23:41:20,527:45] p1 and p2
[2021-12-08 23:41:20,527:47] p1 and p2 and p3
[2021-12-08 23:41:20,527:55] p4
[2021-12-08 23:41:20,527:57] p5
[2021-12-08 23:41:20,527:41] p3
[2021-12-08 23:41:20,527:53] not p1
[2021-12-08 23:41:20,527:41] p3
[2021-12-08 23:41:20,527:43] p1
[2021-12-08 23:41:20,527:51] p1 and not p2
[2021-12-08 23:41:20,527:58] top3
