[2021-12-08 23:41:20,530:16] top1
[2021-12-08 23:41:20,530:36] not p1
[2021-12-08 23:41:20,530:38] top2
[2021-12-08 23:41:20,530:41] p3
[2021-12-08 23:41:20,530:43] p1
[2021-12-08 23:41:20,530:45] p1 and p2
[2021-12-08 23:41:20,531:47] p1 and p2 and p3
[2021-12-08 23:41:20,531:55] p4
[2021-12-08 23:41:20,531:57] p5
[2021-12-08 23:41:20,531:55] p4
[2021-12-08 23:41:20,531:55] p4
[2021-12-08 23:41:20,531:55] p4
[2021-12-08 23:41:20,531:55] p4
[2021-12-08 23:41:20,531:57] p5
[2021-12-08 23:41:20,531:57] p5
[2021-12-08 23:41:20,531:41] p3
[2021-12-08 23:41:20,531:53] not p1
[2021-12-08 23:41:20,531:55] p4
[2021-12-08 23:41:20,531:57] p5
[2021-12-08 23:41:20,531:57] p5
[2021-12-08 23:41:20,531:41] p3
[2021-12-08 23:41:20,531:43] p1
[2021-12-08 23:41:20,531:51] p1 and not p2
[2021-12-08 23:41:20,531:58] top3
