[2021-12-08 23:41:20,537:16] top1
[2021-12-08 23:41:20,537:36] not p1
[2021-12-08 23:41:20,537:38] top2
[2021-12-08 23:41:20,538:41] p3
[2021-12-08 23:41:20,538:43] p1
[2021-12-08 23:41:20,538:51] p1 and not p2
[2021-12-08 23:41:20,538:41] p3
[2021-12-08 23:41:20,538:43] p1
[2021-12-08 23:41:20,538:45] p1 and p2
[2021-12-08 23:41:20,538:49] p1 and p2 and not p3
[2021-12-08 23:41:20,538:55] p4
[2021-12-08 23:41:20,538:41] p3
[2021-12-08 23:41:20,538:43] p1
[2021-12-08 23:41:20,538:45] p1 and p2
[2021-12-08 23:41:20,538:47] p1 and p2 and p3
[2021-12-08 23:41:20,538:41] p3
[2021-12-08 23:41:20,538:53] not p1
[2021-12-08 23:41:20,538:41] p3
[2021-12-08 23:41:20,538:43] p1
[2021-12-08 23:41:20,539:45] p1 and p2
[2021-12-08 23:41:20,539:47] p1 and p2 and p3
[2021-12-08 23:41:20,539:55] p4
[2021-12-08 23:41:20,539:57] p5
[2021-12-08 23:41:20,539:55] p4
[2021-12-08 23:41:20,539:55] p4
[2021-12-08 23:41:20,539:57] p5
[2021-12-08 23:41:20,539:57] p5
[2021-12-08 23:41:20,539:55] p4
[2021-12-08 23:41:20,539:57] p5
[2021-12-08 23:41:20,539:41] p3
[2021-12-08 23:41:20,539:43] p1
[2021-12-08 23:41:20,540:45] p1 and p2
[2021-12-08 23:41:20,540:47] p1 and p2 and p3
[2021-12-08 23:41:20,540:41] p3
[2021-12-08 23:41:20,540:43] p1
[2021-12-08 23:41:20,540:51] p1 and not p2
[2021-12-08 23:41:20,540:58] top3
