[2021-12-08 23:41:20,549:16] top1
[2021-12-08 23:41:20,549:18] p1
[2021-12-08 23:41:20,549:34] p1 and not p2
[2021-12-08 23:41:20,549:38] top2
[2021-12-08 23:41:20,549:41] p3
[2021-12-08 23:41:20,549:43] p1
[2021-12-08 23:41:20,549:45] p1 and p2
[2021-12-08 23:41:20,549:49] p1 and p2 and not p3
[2021-12-08 23:41:20,549:41] p3
[2021-12-08 23:41:20,550:53] not p1
[2021-12-08 23:41:20,550:41] p3
[2021-12-08 23:41:20,550:43] p1
[2021-12-08 23:41:20,550:51] p1 and not p2
[2021-12-08 23:41:20,550:55] p4
[2021-12-08 23:41:20,550:57] p5
[2021-12-08 23:41:20,550:57] p5
[2021-12-08 23:41:20,550:41] p3
[2021-12-08 23:41:20,550:43] p1
[2021-12-08 23:41:20,550:45] p1 and p2
[2021-12-08 23:41:20,550:49] p1 and p2 and not p3
[2021-12-08 23:41:20,550:55] p4
[2021-12-08 23:41:20,550:58] top3
