[2021-12-08 23:41:20,553:16] top1
[2021-12-08 23:41:20,553:18] p1
[2021-12-08 23:41:20,553:20] p1 and p2
[2021-12-08 23:41:20,554:32] p1 and p2 and not p3
[2021-12-08 23:41:20,554:38] top2
[2021-12-08 23:41:20,554:41] p3
[2021-12-08 23:41:20,554:43] p1
[2021-12-08 23:41:20,554:45] p1 and p2
[2021-12-08 23:41:20,554:47] p1 and p2 and p3
[2021-12-08 23:41:20,554:55] p4
[2021-12-08 23:41:20,554:55] p4
[2021-12-08 23:41:20,554:55] p4
[2021-12-08 23:41:20,554:57] p5
[2021-12-08 23:41:20,554:55] p4
[2021-12-08 23:41:20,554:57] p5
[2021-12-08 23:41:20,554:57] p5
[2021-12-08 23:41:20,554:57] p5
[2021-12-08 23:41:20,554:57] p5
[2021-12-08 23:41:20,554:57] p5
[2021-12-08 23:41:20,554:57] p5
[2021-12-08 23:41:20,554:58] top3
