[2021-12-08 23:41:18,893:16] top1
[2021-12-08 23:41:18,893:18] p1
[2021-12-08 23:41:18,893:34] p1 and not p2
[2021-12-08 23:41:18,893:38] top2
[2021-12-08 23:41:18,894:41] p3
[2021-12-08 23:41:18,894:53] not p1
[2021-12-08 23:41:18,894:55] p4
[2021-12-08 23:41:18,894:41] p3
[2021-12-08 23:41:18,894:53] not p1
[2021-12-08 23:41:18,894:41] p3
[2021-12-08 23:41:18,894:53] not p1
[2021-12-08 23:41:18,894:41] p3
[2021-12-08 23:41:18,894:43] p1
[2021-12-08 23:41:18,894:45] p1 and p2
[2021-12-08 23:41:18,894:47] p1 and p2 and p3
[2021-12-08 23:41:18,894:55] p4
[2021-12-08 23:41:18,895:41] p3
[2021-12-08 23:41:18,895:43] p1
[2021-12-08 23:41:18,895:45] p1 and p2
[2021-12-08 23:41:18,895:49] p1 and p2 and not p3
[2021-12-08 23:41:18,895:55] p4
[2021-12-08 23:41:18,895:55] p4
[2021-12-08 23:41:18,895:57] p5
[2021-12-08 23:41:18,895:57] p5
[2021-12-08 23:41:18,895:55] p4
[2021-12-08 23:41:18,895:55] p4
[2021-12-08 23:41:18,895:58] top3
