[2021-12-08 23:41:20,576:16] top1
[2021-12-08 23:41:20,576:18] p1
[2021-12-08 23:41:20,576:34] p1 and not p2
[2021-12-08 23:41:20,576:38] top2
[2021-12-08 23:41:20,576:41] p3
[2021-12-08 23:41:20,576:43] p1
[2021-12-08 23:41:20,576:45] p1 and p2
[2021-12-08 23:41:20,576:49] p1 and p2 and not p3
[2021-12-08 23:41:20,576:55] p4
[2021-12-08 23:41:20,576:57] p5
[2021-12-08 23:41:20,576:41] p3
[2021-12-08 23:41:20,576:43] p1
[2021-12-08 23:41:20,576:51] p1 and not p2
[2021-12-08 23:41:20,576:41] p3
[2021-12-08 23:41:20,577:43] p1
[2021-12-08 23:41:20,577:45] p1 and p2
[2021-12-08 23:41:20,577:49] p1 and p2 and not p3
[2021-12-08 23:41:20,577:41] p3
[2021-12-08 23:41:20,577:53] not p1
[2021-12-08 23:41:20,577:58] top3
