[2021-12-08 23:41:20,594:16] top1
[2021-12-08 23:41:20,594:36] not p1
[2021-12-08 23:41:20,595:38] top2
[2021-12-08 23:41:20,595:41] p3
[2021-12-08 23:41:20,595:43] p1
[2021-12-08 23:41:20,595:45] p1 and p2
[2021-12-08 23:41:20,595:47] p1 and p2 and p3
[2021-12-08 23:41:20,595:41] p3
[2021-12-08 23:41:20,595:43] p1
[2021-12-08 23:41:20,595:45] p1 and p2
[2021-12-08 23:41:20,595:49] p1 and p2 and not p3
[2021-12-08 23:41:20,595:55] p4
[2021-12-08 23:41:20,595:41] p3
[2021-12-08 23:41:20,595:43] p1
[2021-12-08 23:41:20,595:45] p1 and p2
[2021-12-08 23:41:20,595:49] p1 and p2 and not p3
[2021-12-08 23:41:20,595:55] p4
[2021-12-08 23:41:20,595:57] p5
[2021-12-08 23:41:20,595:55] p4
[2021-12-08 23:41:20,595:58] top3
