[2021-12-08 23:41:20,598:16] top1
[2021-12-08 23:41:20,598:18] p1
[2021-12-08 23:41:20,598:20] p1 and p2
[2021-12-08 23:41:20,598:22] p1 and p2 and p3
[2021-12-08 23:41:20,598:24] p1 and p2 and p3 and p4
[2021-12-08 23:41:20,598:26] p1 and p2 and p3 and p4 and p5
[2021-12-08 23:41:20,598:38] top2
[2021-12-08 23:41:20,598:41] p3
[2021-12-08 23:41:20,598:53] not p1
[2021-12-08 23:41:20,598:41] p3
[2021-12-08 23:41:20,598:43] p1
[2021-12-08 23:41:20,598:51] p1 and not p2
[2021-12-08 23:41:20,598:55] p4
[2021-12-08 23:41:20,599:41] p3
[2021-12-08 23:41:20,599:43] p1
[2021-12-08 23:41:20,599:51] p1 and not p2
[2021-12-08 23:41:20,599:55] p4
[2021-12-08 23:41:20,599:41] p3
[2021-12-08 23:41:20,599:53] not p1
[2021-12-08 23:41:20,599:58] top3
