[2021-12-08 23:41:20,604:16] top1
[2021-12-08 23:41:20,604:36] not p1
[2021-12-08 23:41:20,605:38] top2
[2021-12-08 23:41:20,605:41] p3
[2021-12-08 23:41:20,605:53] not p1
[2021-12-08 23:41:20,605:55] p4
[2021-12-08 23:41:20,605:55] p4
[2021-12-08 23:41:20,605:57] p5
[2021-12-08 23:41:20,605:57] p5
[2021-12-08 23:41:20,605:57] p5
[2021-12-08 23:41:20,605:41] p3
[2021-12-08 23:41:20,605:43] p1
[2021-12-08 23:41:20,605:45] p1 and p2
[2021-12-08 23:41:20,605:47] p1 and p2 and p3
[2021-12-08 23:41:20,605:55] p4
[2021-12-08 23:41:20,605:57] p5
[2021-12-08 23:41:20,605:57] p5
[2021-12-08 23:41:20,605:57] p5
[2021-12-08 23:41:20,606:57] p5
[2021-12-08 23:41:20,606:55] p4
[2021-12-08 23:41:20,606:58] top3
