[2021-12-08 23:41:20,609:16] top1
[2021-12-08 23:41:20,610:18] p1
[2021-12-08 23:41:20,610:20] p1 and p2
[2021-12-08 23:41:20,610:22] p1 and p2 and p3
[2021-12-08 23:41:20,610:30] p1 and p2 and p3 and not p4
[2021-12-08 23:41:20,610:38] top2
[2021-12-08 23:41:20,610:41] p3
[2021-12-08 23:41:20,610:53] not p1
[2021-12-08 23:41:20,610:55] p4
[2021-12-08 23:41:20,610:57] p5
[2021-12-08 23:41:20,610:57] p5
[2021-12-08 23:41:20,610:57] p5
[2021-12-08 23:41:20,610:55] p4
[2021-12-08 23:41:20,610:55] p4
[2021-12-08 23:41:20,610:57] p5
[2021-12-08 23:41:20,610:57] p5
[2021-12-08 23:41:20,610:57] p5
[2021-12-08 23:41:20,610:55] p4
[2021-12-08 23:41:20,610:41] p3
[2021-12-08 23:41:20,610:43] p1
[2021-12-08 23:41:20,611:51] p1 and not p2
[2021-12-08 23:41:20,611:55] p4
[2021-12-08 23:41:20,611:57] p5
[2021-12-08 23:41:20,611:55] p4
[2021-12-08 23:41:20,611:57] p5
[2021-12-08 23:41:20,611:55] p4
[2021-12-08 23:41:20,611:57] p5
[2021-12-08 23:41:20,611:57] p5
[2021-12-08 23:41:20,611:58] top3
