[2021-12-08 23:41:20,625:16] top1
[2021-12-08 23:41:20,625:36] not p1
[2021-12-08 23:41:20,625:38] top2
[2021-12-08 23:41:20,626:41] p3
[2021-12-08 23:41:20,626:43] p1
[2021-12-08 23:41:20,626:51] p1 and not p2
[2021-12-08 23:41:20,626:41] p3
[2021-12-08 23:41:20,626:43] p1
[2021-12-08 23:41:20,627:45] p1 and p2
[2021-12-08 23:41:20,627:47] p1 and p2 and p3
[2021-12-08 23:41:20,627:41] p3
[2021-12-08 23:41:20,627:43] p1
[2021-12-08 23:41:20,627:51] p1 and not p2
[2021-12-08 23:41:20,627:55] p4
[2021-12-08 23:41:20,627:41] p3
[2021-12-08 23:41:20,627:53] not p1
[2021-12-08 23:41:20,627:41] p3
[2021-12-08 23:41:20,627:53] not p1
[2021-12-08 23:41:20,627:41] p3
[2021-12-08 23:41:20,627:43] p1
[2021-12-08 23:41:20,627:51] p1 and not p2
[2021-12-08 23:41:20,627:55] p4
[2021-12-08 23:41:20,627:57] p5
[2021-12-08 23:41:20,628:57] p5
[2021-12-08 23:41:20,628:57] p5
[2021-12-08 23:41:20,628:58] top3
