[2021-12-08 23:41:20,629:16] top1
[2021-12-08 23:41:20,629:18] p1
[2021-12-08 23:41:20,629:20] p1 and p2
[2021-12-08 23:41:20,629:22] p1 and p2 and p3
[2021-12-08 23:41:20,629:30] p1 and p2 and p3 and not p4
[2021-12-08 23:41:20,629:38] top2
[2021-12-08 23:41:20,629:41] p3
[2021-12-08 23:41:20,629:43] p1
[2021-12-08 23:41:20,629:45] p1 and p2
[2021-12-08 23:41:20,630:47] p1 and p2 and p3
[2021-12-08 23:41:20,630:55] p4
[2021-12-08 23:41:20,630:57] p5
[2021-12-08 23:41:20,630:57] p5
[2021-12-08 23:41:20,630:55] p4
[2021-12-08 23:41:20,630:57] p5
[2021-12-08 23:41:20,630:57] p5
[2021-12-08 23:41:20,630:57] p5
[2021-12-08 23:41:20,630:57] p5
[2021-12-08 23:41:20,630:57] p5
[2021-12-08 23:41:20,630:57] p5
[2021-12-08 23:41:20,630:57] p5
[2021-12-08 23:41:20,630:57] p5
[2021-12-08 23:41:20,630:55] p4
[2021-12-08 23:41:20,630:41] p3
[2021-12-08 23:41:20,630:53] not p1
[2021-12-08 23:41:20,630:58] top3
