[2021-12-08 23:41:20,631:16] top1
[2021-12-08 23:41:20,631:18] p1
[2021-12-08 23:41:20,631:20] p1 and p2
[2021-12-08 23:41:20,631:32] p1 and p2 and not p3
[2021-12-08 23:41:20,631:38] top2
[2021-12-08 23:41:20,631:41] p3
[2021-12-08 23:41:20,631:43] p1
[2021-12-08 23:41:20,631:51] p1 and not p2
[2021-12-08 23:41:20,631:55] p4
[2021-12-08 23:41:20,631:57] p5
[2021-12-08 23:41:20,631:55] p4
[2021-12-08 23:41:20,631:57] p5
[2021-12-08 23:41:20,631:55] p4
[2021-12-08 23:41:20,631:55] p4
[2021-12-08 23:41:20,631:41] p3
[2021-12-08 23:41:20,631:43] p1
[2021-12-08 23:41:20,632:45] p1 and p2
[2021-12-08 23:41:20,632:49] p1 and p2 and not p3
[2021-12-08 23:41:20,632:41] p3
[2021-12-08 23:41:20,632:43] p1
[2021-12-08 23:41:20,632:51] p1 and not p2
[2021-12-08 23:41:20,632:41] p3
[2021-12-08 23:41:20,632:53] not p1
[2021-12-08 23:41:20,632:55] p4
[2021-12-08 23:41:20,632:57] p5
[2021-12-08 23:41:20,632:55] p4
[2021-12-08 23:41:20,632:57] p5
[2021-12-08 23:41:20,632:57] p5
[2021-12-08 23:41:20,632:55] p4
[2021-12-08 23:41:20,632:55] p4
[2021-12-08 23:41:20,632:41] p3
[2021-12-08 23:41:20,632:43] p1
[2021-12-08 23:41:20,632:45] p1 and p2
[2021-12-08 23:41:20,632:47] p1 and p2 and p3
[2021-12-08 23:41:20,632:55] p4
[2021-12-08 23:41:20,632:55] p4
[2021-12-08 23:41:20,632:57] p5
[2021-12-08 23:41:20,633:57] p5
[2021-12-08 23:41:20,633:57] p5
[2021-12-08 23:41:20,633:57] p5
[2021-12-08 23:41:20,633:57] p5
[2021-12-08 23:41:20,633:58] top3
