[2021-12-08 23:41:20,658:16] top1
[2021-12-08 23:41:20,658:36] not p1
[2021-12-08 23:41:20,658:38] top2
[2021-12-08 23:41:20,658:41] p3
[2021-12-08 23:41:20,658:43] p1
[2021-12-08 23:41:20,658:45] p1 and p2
[2021-12-08 23:41:20,658:47] p1 and p2 and p3
[2021-12-08 23:41:20,658:41] p3
[2021-12-08 23:41:20,658:53] not p1
[2021-12-08 23:41:20,659:55] p4
[2021-12-08 23:41:20,659:57] p5
[2021-12-08 23:41:20,659:57] p5
[2021-12-08 23:41:20,659:57] p5
[2021-12-08 23:41:20,659:41] p3
[2021-12-08 23:41:20,659:53] not p1
[2021-12-08 23:41:20,659:55] p4
[2021-12-08 23:41:20,659:41] p3
[2021-12-08 23:41:20,660:53] not p1
[2021-12-08 23:41:20,660:55] p4
[2021-12-08 23:41:20,660:57] p5
[2021-12-08 23:41:20,660:57] p5
[2021-12-08 23:41:20,660:55] p4
[2021-12-08 23:41:20,660:58] top3
