[2021-12-08 23:41:20,678:16] top1
[2021-12-08 23:41:20,678:36] not p1
[2021-12-08 23:41:20,678:38] top2
[2021-12-08 23:41:20,678:41] p3
[2021-12-08 23:41:20,678:53] not p1
[2021-12-08 23:41:20,678:55] p4
[2021-12-08 23:41:20,678:57] p5
[2021-12-08 23:41:20,678:41] p3
[2021-12-08 23:41:20,678:53] not p1
[2021-12-08 23:41:20,678:55] p4
[2021-12-08 23:41:20,678:57] p5
[2021-12-08 23:41:20,679:41] p3
[2021-12-08 23:41:20,679:53] not p1
[2021-12-08 23:41:20,679:41] p3
[2021-12-08 23:41:20,679:43] p1
[2021-12-08 23:41:20,679:51] p1 and not p2
[2021-12-08 23:41:20,679:55] p4
[2021-12-08 23:41:20,679:55] p4
[2021-12-08 23:41:20,679:41] p3
[2021-12-08 23:41:20,679:43] p1
[2021-12-08 23:41:20,679:45] p1 and p2
[2021-12-08 23:41:20,679:49] p1 and p2 and not p3
[2021-12-08 23:41:20,679:58] top3
