[2021-12-08 23:41:20,680:16] top1
[2021-12-08 23:41:20,680:18] p1
[2021-12-08 23:41:20,680:20] p1 and p2
[2021-12-08 23:41:20,680:22] p1 and p2 and p3
[2021-12-08 23:41:20,681:24] p1 and p2 and p3 and p4
[2021-12-08 23:41:20,681:26] p1 and p2 and p3 and p4 and p5
[2021-12-08 23:41:20,681:38] top2
[2021-12-08 23:41:20,681:41] p3
[2021-12-08 23:41:20,681:43] p1
[2021-12-08 23:41:20,681:45] p1 and p2
[2021-12-08 23:41:20,681:49] p1 and p2 and not p3
[2021-12-08 23:41:20,681:41] p3
[2021-12-08 23:41:20,681:53] not p1
[2021-12-08 23:41:20,681:55] p4
[2021-12-08 23:41:20,681:57] p5
[2021-12-08 23:41:20,681:55] p4
[2021-12-08 23:41:20,681:57] p5
[2021-12-08 23:41:20,681:57] p5
[2021-12-08 23:41:20,681:57] p5
[2021-12-08 23:41:20,681:57] p5
[2021-12-08 23:41:20,681:57] p5
[2021-12-08 23:41:20,681:55] p4
[2021-12-08 23:41:20,681:58] top3
