[2021-12-08 23:41:20,725:16] top1
[2021-12-08 23:41:20,725:18] p1
[2021-12-08 23:41:20,726:20] p1 and p2
[2021-12-08 23:41:20,726:22] p1 and p2 and p3
[2021-12-08 23:41:20,726:30] p1 and p2 and p3 and not p4
[2021-12-08 23:41:20,726:38] top2
[2021-12-08 23:41:20,726:41] p3
[2021-12-08 23:41:20,726:53] not p1
[2021-12-08 23:41:20,726:41] p3
[2021-12-08 23:41:20,726:53] not p1
[2021-12-08 23:41:20,726:55] p4
[2021-12-08 23:41:20,726:57] p5
[2021-12-08 23:41:20,726:41] p3
[2021-12-08 23:41:20,726:43] p1
[2021-12-08 23:41:20,727:45] p1 and p2
[2021-12-08 23:41:20,727:47] p1 and p2 and p3
[2021-12-08 23:41:20,727:55] p4
[2021-12-08 23:41:20,727:41] p3
[2021-12-08 23:41:20,727:53] not p1
[2021-12-08 23:41:20,727:55] p4
[2021-12-08 23:41:20,727:55] p4
[2021-12-08 23:41:20,727:41] p3
[2021-12-08 23:41:20,727:43] p1
[2021-12-08 23:41:20,727:51] p1 and not p2
[2021-12-08 23:41:20,728:55] p4
[2021-12-08 23:41:20,728:55] p4
[2021-12-08 23:41:20,728:57] p5
[2021-12-08 23:41:20,729:58] top3
