[2021-12-08 23:41:20,739:16] top1
[2021-12-08 23:41:20,739:36] not p1
[2021-12-08 23:41:20,740:38] top2
[2021-12-08 23:41:20,740:41] p3
[2021-12-08 23:41:20,740:53] not p1
[2021-12-08 23:41:20,740:55] p4
[2021-12-08 23:41:20,740:41] p3
[2021-12-08 23:41:20,740:43] p1
[2021-12-08 23:41:20,740:45] p1 and p2
[2021-12-08 23:41:20,741:47] p1 and p2 and p3
[2021-12-08 23:41:20,741:41] p3
[2021-12-08 23:41:20,741:53] not p1
[2021-12-08 23:41:20,741:55] p4
[2021-12-08 23:41:20,741:57] p5
[2021-12-08 23:41:20,741:57] p5
[2021-12-08 23:41:20,741:57] p5
[2021-12-08 23:41:20,741:55] p4
[2021-12-08 23:41:20,741:55] p4
[2021-12-08 23:41:20,741:57] p5
[2021-12-08 23:41:20,741:57] p5
[2021-12-08 23:41:20,741:55] p4
[2021-12-08 23:41:20,741:57] p5
[2021-12-08 23:41:20,741:57] p5
[2021-12-08 23:41:20,741:57] p5
[2021-12-08 23:41:20,741:57] p5
[2021-12-08 23:41:20,741:41] p3
[2021-12-08 23:41:20,741:53] not p1
[2021-12-08 23:41:20,741:58] top3
