[2021-12-08 23:41:20,802:16] top1
[2021-12-08 23:41:20,802:18] p1
[2021-12-08 23:41:20,802:34] p1 and not p2
[2021-12-08 23:41:20,802:38] top2
[2021-12-08 23:41:20,802:41] p3
[2021-12-08 23:41:20,802:53] not p1
[2021-12-08 23:41:20,802:55] p4
[2021-12-08 23:41:20,802:57] p5
[2021-12-08 23:41:20,802:41] p3
[2021-12-08 23:41:20,802:43] p1
[2021-12-08 23:41:20,802:51] p1 and not p2
[2021-12-08 23:41:20,802:55] p4
[2021-12-08 23:41:20,802:57] p5
[2021-12-08 23:41:20,802:55] p4
[2021-12-08 23:41:20,802:57] p5
[2021-12-08 23:41:20,803:57] p5
[2021-12-08 23:41:20,803:57] p5
[2021-12-08 23:41:20,803:55] p4
[2021-12-08 23:41:20,803:55] p4
[2021-12-08 23:41:20,803:57] p5
[2021-12-08 23:41:20,803:55] p4
[2021-12-08 23:41:20,803:41] p3
[2021-12-08 23:41:20,803:43] p1
[2021-12-08 23:41:20,803:51] p1 and not p2
[2021-12-08 23:41:20,803:55] p4
[2021-12-08 23:41:20,803:55] p4
[2021-12-08 23:41:20,803:55] p4
[2021-12-08 23:41:20,803:41] p3
[2021-12-08 23:41:20,803:53] not p1
[2021-12-08 23:41:20,803:55] p4
[2021-12-08 23:41:20,803:41] p3
[2021-12-08 23:41:20,803:43] p1
[2021-12-08 23:41:20,803:45] p1 and p2
[2021-12-08 23:41:20,803:47] p1 and p2 and p3
[2021-12-08 23:41:20,804:41] p3
[2021-12-08 23:41:20,804:53] not p1
[2021-12-08 23:41:20,804:41] p3
[2021-12-08 23:41:20,804:53] not p1
[2021-12-08 23:41:20,804:41] p3
[2021-12-08 23:41:20,804:43] p1
[2021-12-08 23:41:20,804:51] p1 and not p2
[2021-12-08 23:41:20,804:58] top3
