[2021-12-08 23:41:20,820:16] top1
[2021-12-08 23:41:20,820:18] p1
[2021-12-08 23:41:20,820:34] p1 and not p2
[2021-12-08 23:41:20,820:38] top2
[2021-12-08 23:41:20,820:41] p3
[2021-12-08 23:41:20,820:43] p1
[2021-12-08 23:41:20,820:51] p1 and not p2
[2021-12-08 23:41:20,820:41] p3
[2021-12-08 23:41:20,820:53] not p1
[2021-12-08 23:41:20,820:41] p3
[2021-12-08 23:41:20,820:43] p1
[2021-12-08 23:41:20,820:45] p1 and p2
[2021-12-08 23:41:20,821:47] p1 and p2 and p3
[2021-12-08 23:41:20,821:55] p4
[2021-12-08 23:41:20,821:57] p5
[2021-12-08 23:41:20,821:55] p4
[2021-12-08 23:41:20,821:41] p3
[2021-12-08 23:41:20,821:53] not p1
[2021-12-08 23:41:20,821:55] p4
[2021-12-08 23:41:20,821:55] p4
[2021-12-08 23:41:20,821:57] p5
[2021-12-08 23:41:20,821:57] p5
[2021-12-08 23:41:20,821:57] p5
[2021-12-08 23:41:20,821:57] p5
[2021-12-08 23:41:20,821:41] p3
[2021-12-08 23:41:20,821:53] not p1
[2021-12-08 23:41:20,821:58] top3
