[2021-12-08 23:41:20,822:16] top1
[2021-12-08 23:41:20,822:36] not p1
[2021-12-08 23:41:20,822:38] top2
[2021-12-08 23:41:20,822:41] p3
[2021-12-08 23:41:20,822:43] p1
[2021-12-08 23:41:20,822:45] p1 and p2
[2021-12-08 23:41:20,822:49] p1 and p2 and not p3
[2021-12-08 23:41:20,822:55] p4
[2021-12-08 23:41:20,822:41] p3
[2021-12-08 23:41:20,822:53] not p1
[2021-12-08 23:41:20,822:55] p4
[2021-12-08 23:41:20,822:57] p5
[2021-12-08 23:41:20,823:57] p5
[2021-12-08 23:41:20,823:57] p5
[2021-12-08 23:41:20,823:41] p3
[2021-12-08 23:41:20,823:43] p1
[2021-12-08 23:41:20,823:51] p1 and not p2
[2021-12-08 23:41:20,823:55] p4
[2021-12-08 23:41:20,823:55] p4
[2021-12-08 23:41:20,823:41] p3
[2021-12-08 23:41:20,823:43] p1
[2021-12-08 23:41:20,823:45] p1 and p2
[2021-12-08 23:41:20,823:47] p1 and p2 and p3
[2021-12-08 23:41:20,824:58] top3
