[2021-12-08 23:41:20,854:16] top1
[2021-12-08 23:41:20,854:18] p1
[2021-12-08 23:41:20,854:20] p1 and p2
[2021-12-08 23:41:20,854:22] p1 and p2 and p3
[2021-12-08 23:41:20,854:24] p1 and p2 and p3 and p4
[2021-12-08 23:41:20,854:28] p1 and p2 and p3 and p4 and not p5
[2021-12-08 23:41:20,854:38] top2
[2021-12-08 23:41:20,854:41] p3
[2021-12-08 23:41:20,854:43] p1
[2021-12-08 23:41:20,854:51] p1 and not p2
[2021-12-08 23:41:20,854:41] p3
[2021-12-08 23:41:20,855:53] not p1
[2021-12-08 23:41:20,855:41] p3
[2021-12-08 23:41:20,855:53] not p1
[2021-12-08 23:41:20,855:55] p4
[2021-12-08 23:41:20,855:57] p5
[2021-12-08 23:41:20,855:41] p3
[2021-12-08 23:41:20,855:43] p1
[2021-12-08 23:41:20,855:51] p1 and not p2
[2021-12-08 23:41:20,855:55] p4
[2021-12-08 23:41:20,855:58] top3
