[2021-12-08 23:41:20,866:16] top1
[2021-12-08 23:41:20,866:18] p1
[2021-12-08 23:41:20,866:20] p1 and p2
[2021-12-08 23:41:20,866:22] p1 and p2 and p3
[2021-12-08 23:41:20,866:30] p1 and p2 and p3 and not p4
[2021-12-08 23:41:20,866:38] top2
[2021-12-08 23:41:20,866:41] p3
[2021-12-08 23:41:20,866:43] p1
[2021-12-08 23:41:20,866:45] p1 and p2
[2021-12-08 23:41:20,866:49] p1 and p2 and not p3
[2021-12-08 23:41:20,866:41] p3
[2021-12-08 23:41:20,867:43] p1
[2021-12-08 23:41:20,867:45] p1 and p2
[2021-12-08 23:41:20,867:49] p1 and p2 and not p3
[2021-12-08 23:41:20,867:55] p4
[2021-12-08 23:41:20,867:57] p5
[2021-12-08 23:41:20,867:57] p5
[2021-12-08 23:41:20,867:55] p4
[2021-12-08 23:41:20,867:57] p5
[2021-12-08 23:41:20,867:57] p5
[2021-12-08 23:41:20,867:57] p5
[2021-12-08 23:41:20,867:57] p5
[2021-12-08 23:41:20,867:55] p4
[2021-12-08 23:41:20,867:41] p3
[2021-12-08 23:41:20,867:43] p1
[2021-12-08 23:41:20,867:51] p1 and not p2
[2021-12-08 23:41:20,867:55] p4
[2021-12-08 23:41:20,867:57] p5
[2021-12-08 23:41:20,867:57] p5
[2021-12-08 23:41:20,867:57] p5
[2021-12-08 23:41:20,867:57] p5
[2021-12-08 23:41:20,867:57] p5
[2021-12-08 23:41:20,868:41] p3
[2021-12-08 23:41:20,868:43] p1
[2021-12-08 23:41:20,868:51] p1 and not p2
[2021-12-08 23:41:20,868:41] p3
[2021-12-08 23:41:20,868:53] not p1
[2021-12-08 23:41:20,868:41] p3
[2021-12-08 23:41:20,868:53] not p1
[2021-12-08 23:41:20,868:41] p3
[2021-12-08 23:41:20,868:43] p1
[2021-12-08 23:41:20,868:51] p1 and not p2
[2021-12-08 23:41:20,868:58] top3
