[2021-12-08 23:41:20,885:16] top1
[2021-12-08 23:41:20,885:18] p1
[2021-12-08 23:41:20,885:20] p1 and p2
[2021-12-08 23:41:20,886:32] p1 and p2 and not p3
[2021-12-08 23:41:20,886:38] top2
[2021-12-08 23:41:20,886:41] p3
[2021-12-08 23:41:20,886:43] p1
[2021-12-08 23:41:20,886:51] p1 and not p2
[2021-12-08 23:41:20,886:55] p4
[2021-12-08 23:41:20,886:55] p4
[2021-12-08 23:41:20,886:57] p5
[2021-12-08 23:41:20,886:41] p3
[2021-12-08 23:41:20,886:43] p1
[2021-12-08 23:41:20,886:45] p1 and p2
[2021-12-08 23:41:20,886:49] p1 and p2 and not p3
[2021-12-08 23:41:20,886:55] p4
[2021-12-08 23:41:20,886:41] p3
[2021-12-08 23:41:20,886:53] not p1
[2021-12-08 23:41:20,886:41] p3
[2021-12-08 23:41:20,886:53] not p1
[2021-12-08 23:41:20,886:55] p4
[2021-12-08 23:41:20,886:55] p4
[2021-12-08 23:41:20,886:57] p5
[2021-12-08 23:41:20,886:55] p4
[2021-12-08 23:41:20,886:41] p3
[2021-12-08 23:41:20,886:53] not p1
[2021-12-08 23:41:20,886:55] p4
[2021-12-08 23:41:20,887:58] top3
