[2021-12-08 23:41:20,908:16] top1
[2021-12-08 23:41:20,908:18] p1
[2021-12-08 23:41:20,908:20] p1 and p2
[2021-12-08 23:41:20,908:22] p1 and p2 and p3
[2021-12-08 23:41:20,908:24] p1 and p2 and p3 and p4
[2021-12-08 23:41:20,908:26] p1 and p2 and p3 and p4 and p5
[2021-12-08 23:41:20,908:38] top2
[2021-12-08 23:41:20,908:41] p3
[2021-12-08 23:41:20,908:43] p1
[2021-12-08 23:41:20,908:51] p1 and not p2
[2021-12-08 23:41:20,908:55] p4
[2021-12-08 23:41:20,908:57] p5
[2021-12-08 23:41:20,908:55] p4
[2021-12-08 23:41:20,908:57] p5
[2021-12-08 23:41:20,908:57] p5
[2021-12-08 23:41:20,908:41] p3
[2021-12-08 23:41:20,908:53] not p1
[2021-12-08 23:41:20,909:55] p4
[2021-12-08 23:41:20,909:57] p5
[2021-12-08 23:41:20,909:57] p5
[2021-12-08 23:41:20,909:55] p4
[2021-12-08 23:41:20,909:57] p5
[2021-12-08 23:41:20,909:57] p5
[2021-12-08 23:41:20,909:58] top3
