[2021-12-08 23:41:20,917:16] top1
[2021-12-08 23:41:20,917:36] not p1
[2021-12-08 23:41:20,917:38] top2
[2021-12-08 23:41:20,917:41] p3
[2021-12-08 23:41:20,917:53] not p1
[2021-12-08 23:41:20,917:55] p4
[2021-12-08 23:41:20,917:57] p5
[2021-12-08 23:41:20,917:41] p3
[2021-12-08 23:41:20,917:43] p1
[2021-12-08 23:41:20,917:45] p1 and p2
[2021-12-08 23:41:20,917:47] p1 and p2 and p3
[2021-12-08 23:41:20,917:55] p4
[2021-12-08 23:41:20,917:57] p5
[2021-12-08 23:41:20,918:55] p4
[2021-12-08 23:41:20,918:41] p3
[2021-12-08 23:41:20,918:43] p1
[2021-12-08 23:41:20,918:45] p1 and p2
[2021-12-08 23:41:20,918:47] p1 and p2 and p3
[2021-12-08 23:41:20,918:55] p4
[2021-12-08 23:41:20,918:55] p4
[2021-12-08 23:41:20,918:55] p4
[2021-12-08 23:41:20,918:55] p4
[2021-12-08 23:41:20,918:58] top3
