[2021-12-08 23:41:18,934:16] top1
[2021-12-08 23:41:18,934:36] not p1
[2021-12-08 23:41:18,934:38] top2
[2021-12-08 23:41:18,934:41] p3
[2021-12-08 23:41:18,934:53] not p1
[2021-12-08 23:41:18,934:41] p3
[2021-12-08 23:41:18,935:53] not p1
[2021-12-08 23:41:18,935:41] p3
[2021-12-08 23:41:18,935:43] p1
[2021-12-08 23:41:18,935:45] p1 and p2
[2021-12-08 23:41:18,935:49] p1 and p2 and not p3
[2021-12-08 23:41:18,935:41] p3
[2021-12-08 23:41:18,935:53] not p1
[2021-12-08 23:41:18,935:41] p3
[2021-12-08 23:41:18,935:43] p1
[2021-12-08 23:41:18,935:51] p1 and not p2
[2021-12-08 23:41:18,935:55] p4
[2021-12-08 23:41:18,935:55] p4
[2021-12-08 23:41:18,935:41] p3
[2021-12-08 23:41:18,936:53] not p1
[2021-12-08 23:41:18,936:55] p4
[2021-12-08 23:41:18,936:57] p5
[2021-12-08 23:41:18,936:57] p5
[2021-12-08 23:41:18,936:41] p3
[2021-12-08 23:41:18,936:53] not p1
[2021-12-08 23:41:18,936:41] p3
[2021-12-08 23:41:18,936:53] not p1
[2021-12-08 23:41:18,936:55] p4
[2021-12-08 23:41:18,936:55] p4
[2021-12-08 23:41:18,936:57] p5
[2021-12-08 23:41:18,936:57] p5
[2021-12-08 23:41:18,936:55] p4
[2021-12-08 23:41:18,936:57] p5
[2021-12-08 23:41:18,936:57] p5
[2021-12-08 23:41:18,936:41] p3
[2021-12-08 23:41:18,936:53] not p1
[2021-12-08 23:41:18,936:55] p4
[2021-12-08 23:41:18,936:57] p5
[2021-12-08 23:41:18,936:57] p5
[2021-12-08 23:41:18,937:57] p5
[2021-12-08 23:41:18,937:57] p5
[2021-12-08 23:41:18,937:57] p5
[2021-12-08 23:41:18,937:57] p5
[2021-12-08 23:41:18,937:57] p5
[2021-12-08 23:41:18,937:58] top3
