[2021-12-08 23:41:20,934:16] top1
[2021-12-08 23:41:20,934:18] p1
[2021-12-08 23:41:20,934:20] p1 and p2
[2021-12-08 23:41:20,934:32] p1 and p2 and not p3
[2021-12-08 23:41:20,934:38] top2
[2021-12-08 23:41:20,934:41] p3
[2021-12-08 23:41:20,934:53] not p1
[2021-12-08 23:41:20,934:55] p4
[2021-12-08 23:41:20,934:57] p5
[2021-12-08 23:41:20,934:41] p3
[2021-12-08 23:41:20,934:43] p1
[2021-12-08 23:41:20,934:51] p1 and not p2
[2021-12-08 23:41:20,934:55] p4
[2021-12-08 23:41:20,934:57] p5
[2021-12-08 23:41:20,934:57] p5
[2021-12-08 23:41:20,934:57] p5
[2021-12-08 23:41:20,934:55] p4
[2021-12-08 23:41:20,935:57] p5
[2021-12-08 23:41:20,935:57] p5
[2021-12-08 23:41:20,935:57] p5
[2021-12-08 23:41:20,935:55] p4
[2021-12-08 23:41:20,935:58] top3
