[2021-12-08 23:41:20,949:16] top1
[2021-12-08 23:41:20,949:36] not p1
[2021-12-08 23:41:20,949:38] top2
[2021-12-08 23:41:20,949:41] p3
[2021-12-08 23:41:20,949:43] p1
[2021-12-08 23:41:20,949:45] p1 and p2
[2021-12-08 23:41:20,949:49] p1 and p2 and not p3
[2021-12-08 23:41:20,949:41] p3
[2021-12-08 23:41:20,949:43] p1
[2021-12-08 23:41:20,949:45] p1 and p2
[2021-12-08 23:41:20,949:49] p1 and p2 and not p3
[2021-12-08 23:41:20,949:55] p4
[2021-12-08 23:41:20,949:41] p3
[2021-12-08 23:41:20,949:53] not p1
[2021-12-08 23:41:20,950:55] p4
[2021-12-08 23:41:20,950:57] p5
[2021-12-08 23:41:20,950:57] p5
[2021-12-08 23:41:20,950:55] p4
[2021-12-08 23:41:20,950:57] p5
[2021-12-08 23:41:20,950:57] p5
[2021-12-08 23:41:20,950:41] p3
[2021-12-08 23:41:20,950:53] not p1
[2021-12-08 23:41:20,950:41] p3
[2021-12-08 23:41:20,950:43] p1
[2021-12-08 23:41:20,950:45] p1 and p2
[2021-12-08 23:41:20,950:47] p1 and p2 and p3
[2021-12-08 23:41:20,950:41] p3
[2021-12-08 23:41:20,950:53] not p1
[2021-12-08 23:41:20,950:41] p3
[2021-12-08 23:41:20,950:53] not p1
[2021-12-08 23:41:20,950:58] top3
