[2021-12-08 23:41:20,963:16] top1
[2021-12-08 23:41:20,963:18] p1
[2021-12-08 23:41:20,963:20] p1 and p2
[2021-12-08 23:41:20,963:32] p1 and p2 and not p3
[2021-12-08 23:41:20,963:38] top2
[2021-12-08 23:41:20,963:41] p3
[2021-12-08 23:41:20,963:43] p1
[2021-12-08 23:41:20,963:51] p1 and not p2
[2021-12-08 23:41:20,964:41] p3
[2021-12-08 23:41:20,964:43] p1
[2021-12-08 23:41:20,964:45] p1 and p2
[2021-12-08 23:41:20,964:47] p1 and p2 and p3
[2021-12-08 23:41:20,964:41] p3
[2021-12-08 23:41:20,964:43] p1
[2021-12-08 23:41:20,964:45] p1 and p2
[2021-12-08 23:41:20,964:47] p1 and p2 and p3
[2021-12-08 23:41:20,964:55] p4
[2021-12-08 23:41:20,964:55] p4
[2021-12-08 23:41:20,964:55] p4
[2021-12-08 23:41:20,964:58] top3
