[2021-12-08 23:41:20,973:16] top1
[2021-12-08 23:41:20,973:18] p1
[2021-12-08 23:41:20,973:34] p1 and not p2
[2021-12-08 23:41:20,973:38] top2
[2021-12-08 23:41:20,973:41] p3
[2021-12-08 23:41:20,973:53] not p1
[2021-12-08 23:41:20,973:41] p3
[2021-12-08 23:41:20,974:53] not p1
[2021-12-08 23:41:20,974:55] p4
[2021-12-08 23:41:20,974:55] p4
[2021-12-08 23:41:20,974:55] p4
[2021-12-08 23:41:20,974:57] p5
[2021-12-08 23:41:20,974:57] p5
[2021-12-08 23:41:20,974:41] p3
[2021-12-08 23:41:20,974:43] p1
[2021-12-08 23:41:20,974:51] p1 and not p2
[2021-12-08 23:41:20,974:55] p4
[2021-12-08 23:41:20,974:41] p3
[2021-12-08 23:41:20,974:43] p1
[2021-12-08 23:41:20,974:51] p1 and not p2
[2021-12-08 23:41:20,974:55] p4
[2021-12-08 23:41:20,974:55] p4
[2021-12-08 23:41:20,974:55] p4
[2021-12-08 23:41:20,974:55] p4
[2021-12-08 23:41:20,974:57] p5
[2021-12-08 23:41:20,974:41] p3
[2021-12-08 23:41:20,974:43] p1
[2021-12-08 23:41:20,975:51] p1 and not p2
[2021-12-08 23:41:20,975:41] p3
[2021-12-08 23:41:20,975:43] p1
[2021-12-08 23:41:20,975:45] p1 and p2
[2021-12-08 23:41:20,975:49] p1 and p2 and not p3
[2021-12-08 23:41:20,975:41] p3
[2021-12-08 23:41:20,975:43] p1
[2021-12-08 23:41:20,975:51] p1 and not p2
[2021-12-08 23:41:20,975:41] p3
[2021-12-08 23:41:20,975:43] p1
[2021-12-08 23:41:20,975:45] p1 and p2
[2021-12-08 23:41:20,975:47] p1 and p2 and p3
[2021-12-08 23:41:20,975:55] p4
[2021-12-08 23:41:20,975:57] p5
[2021-12-08 23:41:20,975:57] p5
[2021-12-08 23:41:20,975:41] p3
[2021-12-08 23:41:20,975:43] p1
[2021-12-08 23:41:20,975:51] p1 and not p2
[2021-12-08 23:41:20,975:41] p3
[2021-12-08 23:41:20,975:53] not p1
[2021-12-08 23:41:20,975:55] p4
[2021-12-08 23:41:20,976:55] p4
[2021-12-08 23:41:20,976:55] p4
[2021-12-08 23:41:20,976:55] p4
[2021-12-08 23:41:20,976:55] p4
[2021-12-08 23:41:20,976:57] p5
[2021-12-08 23:41:20,976:55] p4
[2021-12-08 23:41:20,976:55] p4
[2021-12-08 23:41:20,976:57] p5
[2021-12-08 23:41:20,976:57] p5
[2021-12-08 23:41:20,976:57] p5
[2021-12-08 23:41:20,976:57] p5
[2021-12-08 23:41:20,976:55] p4
[2021-12-08 23:41:20,976:57] p5
[2021-12-08 23:41:20,976:55] p4
[2021-12-08 23:41:20,976:57] p5
[2021-12-08 23:41:20,976:58] top3
