[2021-12-08 23:41:20,982:16] top1
[2021-12-08 23:41:20,982:36] not p1
[2021-12-08 23:41:20,982:38] top2
[2021-12-08 23:41:20,982:41] p3
[2021-12-08 23:41:20,982:53] not p1
[2021-12-08 23:41:20,982:41] p3
[2021-12-08 23:41:20,982:53] not p1
[2021-12-08 23:41:20,982:41] p3
[2021-12-08 23:41:20,982:43] p1
[2021-12-08 23:41:20,982:51] p1 and not p2
[2021-12-08 23:41:20,982:41] p3
[2021-12-08 23:41:20,982:53] not p1
[2021-12-08 23:41:20,982:41] p3
[2021-12-08 23:41:20,982:43] p1
[2021-12-08 23:41:20,982:45] p1 and p2
[2021-12-08 23:41:20,983:49] p1 and p2 and not p3
[2021-12-08 23:41:20,983:41] p3
[2021-12-08 23:41:20,983:43] p1
[2021-12-08 23:41:20,983:51] p1 and not p2
[2021-12-08 23:41:20,983:41] p3
[2021-12-08 23:41:20,983:53] not p1
[2021-12-08 23:41:20,983:55] p4
[2021-12-08 23:41:20,983:55] p4
[2021-12-08 23:41:20,983:57] p5
[2021-12-08 23:41:20,983:57] p5
[2021-12-08 23:41:20,983:57] p5
[2021-12-08 23:41:20,983:57] p5
[2021-12-08 23:41:20,983:57] p5
[2021-12-08 23:41:20,983:57] p5
[2021-12-08 23:41:20,983:57] p5
[2021-12-08 23:41:20,983:57] p5
[2021-12-08 23:41:20,983:57] p5
[2021-12-08 23:41:20,983:57] p5
[2021-12-08 23:41:20,983:41] p3
[2021-12-08 23:41:20,983:43] p1
[2021-12-08 23:41:20,983:45] p1 and p2
[2021-12-08 23:41:20,983:49] p1 and p2 and not p3
[2021-12-08 23:41:20,983:55] p4
[2021-12-08 23:41:20,983:55] p4
[2021-12-08 23:41:20,984:57] p5
[2021-12-08 23:41:20,984:58] top3
