[2021-12-08 23:41:20,993:16] top1
[2021-12-08 23:41:20,993:36] not p1
[2021-12-08 23:41:20,993:38] top2
[2021-12-08 23:41:20,994:41] p3
[2021-12-08 23:41:20,994:43] p1
[2021-12-08 23:41:20,994:45] p1 and p2
[2021-12-08 23:41:20,994:49] p1 and p2 and not p3
[2021-12-08 23:41:20,994:55] p4
[2021-12-08 23:41:20,994:57] p5
[2021-12-08 23:41:20,994:57] p5
[2021-12-08 23:41:20,994:55] p4
[2021-12-08 23:41:20,994:55] p4
[2021-12-08 23:41:20,994:57] p5
[2021-12-08 23:41:20,994:41] p3
[2021-12-08 23:41:20,994:43] p1
[2021-12-08 23:41:20,994:45] p1 and p2
[2021-12-08 23:41:20,994:47] p1 and p2 and p3
[2021-12-08 23:41:20,994:41] p3
[2021-12-08 23:41:20,994:43] p1
[2021-12-08 23:41:20,994:45] p1 and p2
[2021-12-08 23:41:20,994:49] p1 and p2 and not p3
[2021-12-08 23:41:20,994:55] p4
[2021-12-08 23:41:20,994:58] top3
