[2021-12-08 23:41:21,000:16] top1
[2021-12-08 23:41:21,000:36] not p1
[2021-12-08 23:41:21,001:38] top2
[2021-12-08 23:41:21,001:41] p3
[2021-12-08 23:41:21,001:43] p1
[2021-12-08 23:41:21,001:45] p1 and p2
[2021-12-08 23:41:21,001:47] p1 and p2 and p3
[2021-12-08 23:41:21,001:41] p3
[2021-12-08 23:41:21,001:53] not p1
[2021-12-08 23:41:21,001:55] p4
[2021-12-08 23:41:21,001:57] p5
[2021-12-08 23:41:21,001:57] p5
[2021-12-08 23:41:21,001:55] p4
[2021-12-08 23:41:21,001:55] p4
[2021-12-08 23:41:21,001:57] p5
[2021-12-08 23:41:21,001:57] p5
[2021-12-08 23:41:21,001:57] p5
[2021-12-08 23:41:21,001:41] p3
[2021-12-08 23:41:21,001:43] p1
[2021-12-08 23:41:21,001:51] p1 and not p2
[2021-12-08 23:41:21,001:58] top3
