[2021-12-08 23:41:21,003:16] top1
[2021-12-08 23:41:21,003:36] not p1
[2021-12-08 23:41:21,003:38] top2
[2021-12-08 23:41:21,004:41] p3
[2021-12-08 23:41:21,004:43] p1
[2021-12-08 23:41:21,004:51] p1 and not p2
[2021-12-08 23:41:21,004:55] p4
[2021-12-08 23:41:21,004:41] p3
[2021-12-08 23:41:21,004:53] not p1
[2021-12-08 23:41:21,004:55] p4
[2021-12-08 23:41:21,004:57] p5
[2021-12-08 23:41:21,004:55] p4
[2021-12-08 23:41:21,004:57] p5
[2021-12-08 23:41:21,004:55] p4
[2021-12-08 23:41:21,004:57] p5
[2021-12-08 23:41:21,004:41] p3
[2021-12-08 23:41:21,004:43] p1
[2021-12-08 23:41:21,004:45] p1 and p2
[2021-12-08 23:41:21,004:47] p1 and p2 and p3
[2021-12-08 23:41:21,004:41] p3
[2021-12-08 23:41:21,004:43] p1
[2021-12-08 23:41:21,004:51] p1 and not p2
[2021-12-08 23:41:21,004:55] p4
[2021-12-08 23:41:21,004:55] p4
[2021-12-08 23:41:21,004:41] p3
[2021-12-08 23:41:21,005:43] p1
[2021-12-08 23:41:21,005:51] p1 and not p2
[2021-12-08 23:41:21,005:58] top3
