[2021-12-08 23:41:21,019:16] top1
[2021-12-08 23:41:21,019:36] not p1
[2021-12-08 23:41:21,019:38] top2
[2021-12-08 23:41:21,019:41] p3
[2021-12-08 23:41:21,019:43] p1
[2021-12-08 23:41:21,019:51] p1 and not p2
[2021-12-08 23:41:21,019:55] p4
[2021-12-08 23:41:21,019:57] p5
[2021-12-08 23:41:21,019:57] p5
[2021-12-08 23:41:21,019:57] p5
[2021-12-08 23:41:21,019:57] p5
[2021-12-08 23:41:21,019:57] p5
[2021-12-08 23:41:21,019:41] p3
[2021-12-08 23:41:21,019:53] not p1
[2021-12-08 23:41:21,019:41] p3
[2021-12-08 23:41:21,019:43] p1
[2021-12-08 23:41:21,019:45] p1 and p2
[2021-12-08 23:41:21,019:49] p1 and p2 and not p3
[2021-12-08 23:41:21,019:55] p4
[2021-12-08 23:41:21,020:57] p5
[2021-12-08 23:41:21,020:57] p5
[2021-12-08 23:41:21,020:58] top3
