[2021-12-08 23:41:21,021:16] top1
[2021-12-08 23:41:21,021:36] not p1
[2021-12-08 23:41:21,021:38] top2
[2021-12-08 23:41:21,022:41] p3
[2021-12-08 23:41:21,022:53] not p1
[2021-12-08 23:41:21,022:55] p4
[2021-12-08 23:41:21,022:57] p5
[2021-12-08 23:41:21,022:57] p5
[2021-12-08 23:41:21,022:57] p5
[2021-12-08 23:41:21,022:57] p5
[2021-12-08 23:41:21,022:57] p5
[2021-12-08 23:41:21,022:57] p5
[2021-12-08 23:41:21,022:55] p4
[2021-12-08 23:41:21,022:41] p3
[2021-12-08 23:41:21,022:53] not p1
[2021-12-08 23:41:21,022:41] p3
[2021-12-08 23:41:21,022:43] p1
[2021-12-08 23:41:21,022:45] p1 and p2
[2021-12-08 23:41:21,022:47] p1 and p2 and p3
[2021-12-08 23:41:21,022:41] p3
[2021-12-08 23:41:21,022:43] p1
[2021-12-08 23:41:21,022:51] p1 and not p2
[2021-12-08 23:41:21,022:55] p4
[2021-12-08 23:41:21,023:57] p5
[2021-12-08 23:41:21,023:57] p5
[2021-12-08 23:41:21,023:55] p4
[2021-12-08 23:41:21,023:55] p4
[2021-12-08 23:41:21,023:55] p4
[2021-12-08 23:41:21,023:58] top3
