[2021-12-08 23:41:18,948:16] top1
[2021-12-08 23:41:18,948:36] not p1
[2021-12-08 23:41:18,949:38] top2
[2021-12-08 23:41:18,949:41] p3
[2021-12-08 23:41:18,949:53] not p1
[2021-12-08 23:41:18,949:55] p4
[2021-12-08 23:41:18,949:41] p3
[2021-12-08 23:41:18,949:43] p1
[2021-12-08 23:41:18,949:45] p1 and p2
[2021-12-08 23:41:18,949:49] p1 and p2 and not p3
[2021-12-08 23:41:18,949:55] p4
[2021-12-08 23:41:18,949:57] p5
[2021-12-08 23:41:18,949:57] p5
[2021-12-08 23:41:18,949:57] p5
[2021-12-08 23:41:18,949:55] p4
[2021-12-08 23:41:18,949:55] p4
[2021-12-08 23:41:18,949:55] p4
[2021-12-08 23:41:18,949:55] p4
[2021-12-08 23:41:18,949:55] p4
[2021-12-08 23:41:18,949:41] p3
[2021-12-08 23:41:18,949:53] not p1
[2021-12-08 23:41:18,949:55] p4
[2021-12-08 23:41:18,950:57] p5
[2021-12-08 23:41:18,950:55] p4
[2021-12-08 23:41:18,950:57] p5
[2021-12-08 23:41:18,950:57] p5
[2021-12-08 23:41:18,950:55] p4
[2021-12-08 23:41:18,950:58] top3
