[2021-12-08 23:41:21,026:16] top1
[2021-12-08 23:41:21,026:18] p1
[2021-12-08 23:41:21,026:20] p1 and p2
[2021-12-08 23:41:21,026:22] p1 and p2 and p3
[2021-12-08 23:41:21,026:24] p1 and p2 and p3 and p4
[2021-12-08 23:41:21,026:26] p1 and p2 and p3 and p4 and p5
[2021-12-08 23:41:21,026:38] top2
[2021-12-08 23:41:21,026:41] p3
[2021-12-08 23:41:21,026:43] p1
[2021-12-08 23:41:21,026:45] p1 and p2
[2021-12-08 23:41:21,027:47] p1 and p2 and p3
[2021-12-08 23:41:21,027:41] p3
[2021-12-08 23:41:21,027:53] not p1
[2021-12-08 23:41:21,027:55] p4
[2021-12-08 23:41:21,027:55] p4
[2021-12-08 23:41:21,027:57] p5
[2021-12-08 23:41:21,027:57] p5
[2021-12-08 23:41:21,027:55] p4
[2021-12-08 23:41:21,027:57] p5
[2021-12-08 23:41:21,027:57] p5
[2021-12-08 23:41:21,027:57] p5
[2021-12-08 23:41:21,027:57] p5
[2021-12-08 23:41:21,027:58] top3
