[2021-12-08 23:41:21,061:16] top1
[2021-12-08 23:41:21,061:18] p1
[2021-12-08 23:41:21,061:20] p1 and p2
[2021-12-08 23:41:21,061:32] p1 and p2 and not p3
[2021-12-08 23:41:21,061:38] top2
[2021-12-08 23:41:21,061:41] p3
[2021-12-08 23:41:21,061:53] not p1
[2021-12-08 23:41:21,061:41] p3
[2021-12-08 23:41:21,061:43] p1
[2021-12-08 23:41:21,061:45] p1 and p2
[2021-12-08 23:41:21,061:47] p1 and p2 and p3
[2021-12-08 23:41:21,061:55] p4
[2021-12-08 23:41:21,061:57] p5
[2021-12-08 23:41:21,061:55] p4
[2021-12-08 23:41:21,062:57] p5
[2021-12-08 23:41:21,062:41] p3
[2021-12-08 23:41:21,062:43] p1
[2021-12-08 23:41:21,062:45] p1 and p2
[2021-12-08 23:41:21,062:47] p1 and p2 and p3
[2021-12-08 23:41:21,062:41] p3
[2021-12-08 23:41:21,062:43] p1
[2021-12-08 23:41:21,062:51] p1 and not p2
[2021-12-08 23:41:21,062:55] p4
[2021-12-08 23:41:21,062:57] p5
[2021-12-08 23:41:21,062:41] p3
[2021-12-08 23:41:21,062:43] p1
[2021-12-08 23:41:21,062:45] p1 and p2
[2021-12-08 23:41:21,062:49] p1 and p2 and not p3
[2021-12-08 23:41:21,062:58] top3
