[2021-12-08 23:41:21,063:16] top1
[2021-12-08 23:41:21,063:36] not p1
[2021-12-08 23:41:21,063:38] top2
[2021-12-08 23:41:21,063:41] p3
[2021-12-08 23:41:21,063:43] p1
[2021-12-08 23:41:21,064:45] p1 and p2
[2021-12-08 23:41:21,064:47] p1 and p2 and p3
[2021-12-08 23:41:21,064:55] p4
[2021-12-08 23:41:21,064:57] p5
[2021-12-08 23:41:21,064:57] p5
[2021-12-08 23:41:21,064:57] p5
[2021-12-08 23:41:21,064:41] p3
[2021-12-08 23:41:21,064:43] p1
[2021-12-08 23:41:21,064:45] p1 and p2
[2021-12-08 23:41:21,064:49] p1 and p2 and not p3
[2021-12-08 23:41:21,064:41] p3
[2021-12-08 23:41:21,064:53] not p1
[2021-12-08 23:41:21,064:55] p4
[2021-12-08 23:41:21,064:57] p5
[2021-12-08 23:41:21,064:41] p3
[2021-12-08 23:41:21,065:43] p1
[2021-12-08 23:41:21,065:45] p1 and p2
[2021-12-08 23:41:21,065:47] p1 and p2 and p3
[2021-12-08 23:41:21,065:55] p4
[2021-12-08 23:41:21,065:57] p5
[2021-12-08 23:41:21,065:57] p5
[2021-12-08 23:41:21,065:57] p5
[2021-12-08 23:41:21,065:57] p5
[2021-12-08 23:41:21,065:55] p4
[2021-12-08 23:41:21,065:55] p4
[2021-12-08 23:41:21,066:55] p4
[2021-12-08 23:41:21,066:55] p4
[2021-12-08 23:41:21,066:57] p5
[2021-12-08 23:41:21,066:41] p3
[2021-12-08 23:41:21,066:53] not p1
[2021-12-08 23:41:21,066:41] p3
[2021-12-08 23:41:21,066:43] p1
[2021-12-08 23:41:21,066:51] p1 and not p2
[2021-12-08 23:41:21,066:41] p3
[2021-12-08 23:41:21,066:53] not p1
[2021-12-08 23:41:21,066:55] p4
[2021-12-08 23:41:21,066:41] p3
[2021-12-08 23:41:21,066:43] p1
[2021-12-08 23:41:21,067:45] p1 and p2
[2021-12-08 23:41:21,067:47] p1 and p2 and p3
[2021-12-08 23:41:21,067:41] p3
[2021-12-08 23:41:21,067:53] not p1
[2021-12-08 23:41:21,067:58] top3
