[2021-12-08 23:41:21,085:16] top1
[2021-12-08 23:41:21,085:36] not p1
[2021-12-08 23:41:21,085:38] top2
[2021-12-08 23:41:21,085:41] p3
[2021-12-08 23:41:21,085:53] not p1
[2021-12-08 23:41:21,085:55] p4
[2021-12-08 23:41:21,085:55] p4
[2021-12-08 23:41:21,086:41] p3
[2021-12-08 23:41:21,086:43] p1
[2021-12-08 23:41:21,086:51] p1 and not p2
[2021-12-08 23:41:21,086:55] p4
[2021-12-08 23:41:21,086:41] p3
[2021-12-08 23:41:21,086:53] not p1
[2021-12-08 23:41:21,086:55] p4
[2021-12-08 23:41:21,086:55] p4
[2021-12-08 23:41:21,086:57] p5
[2021-12-08 23:41:21,086:41] p3
[2021-12-08 23:41:21,087:43] p1
[2021-12-08 23:41:21,087:51] p1 and not p2
[2021-12-08 23:41:21,087:41] p3
[2021-12-08 23:41:21,087:43] p1
[2021-12-08 23:41:21,088:45] p1 and p2
[2021-12-08 23:41:21,088:49] p1 and p2 and not p3
[2021-12-08 23:41:21,088:55] p4
[2021-12-08 23:41:21,088:57] p5
[2021-12-08 23:41:21,088:55] p4
[2021-12-08 23:41:21,092:57] p5
[2021-12-08 23:41:21,092:58] top3
