[2021-12-08 23:41:21,092:16] top1
[2021-12-08 23:41:21,093:36] not p1
[2021-12-08 23:41:21,093:38] top2
[2021-12-08 23:41:21,093:41] p3
[2021-12-08 23:41:21,093:43] p1
[2021-12-08 23:41:21,093:51] p1 and not p2
[2021-12-08 23:41:21,093:55] p4
[2021-12-08 23:41:21,093:55] p4
[2021-12-08 23:41:21,093:57] p5
[2021-12-08 23:41:21,093:41] p3
[2021-12-08 23:41:21,093:53] not p1
[2021-12-08 23:41:21,094:55] p4
[2021-12-08 23:41:21,094:57] p5
[2021-12-08 23:41:21,094:57] p5
[2021-12-08 23:41:21,094:55] p4
[2021-12-08 23:41:21,094:55] p4
[2021-12-08 23:41:21,094:57] p5
[2021-12-08 23:41:21,094:57] p5
[2021-12-08 23:41:21,094:57] p5
[2021-12-08 23:41:21,094:41] p3
[2021-12-08 23:41:21,094:43] p1
[2021-12-08 23:41:21,094:45] p1 and p2
[2021-12-08 23:41:21,095:47] p1 and p2 and p3
[2021-12-08 23:41:21,095:55] p4
[2021-12-08 23:41:21,095:57] p5
[2021-12-08 23:41:21,095:41] p3
[2021-12-08 23:41:21,095:53] not p1
[2021-12-08 23:41:21,095:58] top3
