[2021-12-08 23:41:18,957:16] top1
[2021-12-08 23:41:18,957:36] not p1
[2021-12-08 23:41:18,957:38] top2
[2021-12-08 23:41:18,957:41] p3
[2021-12-08 23:41:18,957:43] p1
[2021-12-08 23:41:18,957:51] p1 and not p2
[2021-12-08 23:41:18,957:41] p3
[2021-12-08 23:41:18,958:53] not p1
[2021-12-08 23:41:18,958:55] p4
[2021-12-08 23:41:18,958:55] p4
[2021-12-08 23:41:18,958:57] p5
[2021-12-08 23:41:18,958:57] p5
[2021-12-08 23:41:18,958:41] p3
[2021-12-08 23:41:18,958:53] not p1
[2021-12-08 23:41:18,958:41] p3
[2021-12-08 23:41:18,958:43] p1
[2021-12-08 23:41:18,958:51] p1 and not p2
[2021-12-08 23:41:18,958:55] p4
[2021-12-08 23:41:18,958:41] p3
[2021-12-08 23:41:18,958:43] p1
[2021-12-08 23:41:18,958:51] p1 and not p2
[2021-12-08 23:41:18,958:41] p3
[2021-12-08 23:41:18,958:43] p1
[2021-12-08 23:41:18,958:45] p1 and p2
[2021-12-08 23:41:18,958:49] p1 and p2 and not p3
[2021-12-08 23:41:18,958:55] p4
[2021-12-08 23:41:18,958:57] p5
[2021-12-08 23:41:18,958:57] p5
[2021-12-08 23:41:18,959:41] p3
[2021-12-08 23:41:18,959:43] p1
[2021-12-08 23:41:18,959:45] p1 and p2
[2021-12-08 23:41:18,959:47] p1 and p2 and p3
[2021-12-08 23:41:18,959:41] p3
[2021-12-08 23:41:18,959:53] not p1
[2021-12-08 23:41:18,959:55] p4
[2021-12-08 23:41:18,959:57] p5
[2021-12-08 23:41:18,959:57] p5
[2021-12-08 23:41:18,959:58] top3
