[2021-12-08 23:41:21,215:16] top1
[2021-12-08 23:41:21,216:18] p1
[2021-12-08 23:41:21,216:34] p1 and not p2
[2021-12-08 23:41:21,216:38] top2
[2021-12-08 23:41:21,216:41] p3
[2021-12-08 23:41:21,216:43] p1
[2021-12-08 23:41:21,216:45] p1 and p2
[2021-12-08 23:41:21,216:49] p1 and p2 and not p3
[2021-12-08 23:41:21,216:55] p4
[2021-12-08 23:41:21,216:41] p3
[2021-12-08 23:41:21,216:43] p1
[2021-12-08 23:41:21,216:45] p1 and p2
[2021-12-08 23:41:21,216:47] p1 and p2 and p3
[2021-12-08 23:41:21,216:41] p3
[2021-12-08 23:41:21,216:43] p1
[2021-12-08 23:41:21,216:45] p1 and p2
[2021-12-08 23:41:21,216:47] p1 and p2 and p3
[2021-12-08 23:41:21,216:41] p3
[2021-12-08 23:41:21,217:53] not p1
[2021-12-08 23:41:21,217:41] p3
[2021-12-08 23:41:21,217:43] p1
[2021-12-08 23:41:21,217:45] p1 and p2
[2021-12-08 23:41:21,217:47] p1 and p2 and p3
[2021-12-08 23:41:21,217:58] top3
