[2021-12-08 23:41:21,225:16] top1
[2021-12-08 23:41:21,225:18] p1
[2021-12-08 23:41:21,225:20] p1 and p2
[2021-12-08 23:41:21,225:32] p1 and p2 and not p3
[2021-12-08 23:41:21,225:38] top2
[2021-12-08 23:41:21,225:41] p3
[2021-12-08 23:41:21,225:43] p1
[2021-12-08 23:41:21,225:51] p1 and not p2
[2021-12-08 23:41:21,226:55] p4
[2021-12-08 23:41:21,226:57] p5
[2021-12-08 23:41:21,226:57] p5
[2021-12-08 23:41:21,226:57] p5
[2021-12-08 23:41:21,226:57] p5
[2021-12-08 23:41:21,226:57] p5
[2021-12-08 23:41:21,226:41] p3
[2021-12-08 23:41:21,226:43] p1
[2021-12-08 23:41:21,226:45] p1 and p2
[2021-12-08 23:41:21,226:49] p1 and p2 and not p3
[2021-12-08 23:41:21,226:41] p3
[2021-12-08 23:41:21,226:43] p1
[2021-12-08 23:41:21,226:51] p1 and not p2
[2021-12-08 23:41:21,226:41] p3
[2021-12-08 23:41:21,226:53] not p1
[2021-12-08 23:41:21,227:55] p4
[2021-12-08 23:41:21,227:57] p5
[2021-12-08 23:41:21,227:57] p5
[2021-12-08 23:41:21,227:57] p5
[2021-12-08 23:41:21,227:58] top3
