[2021-12-08 23:41:21,227:16] top1
[2021-12-08 23:41:21,227:36] not p1
[2021-12-08 23:41:21,227:38] top2
[2021-12-08 23:41:21,228:41] p3
[2021-12-08 23:41:21,228:43] p1
[2021-12-08 23:41:21,228:51] p1 and not p2
[2021-12-08 23:41:21,228:41] p3
[2021-12-08 23:41:21,228:53] not p1
[2021-12-08 23:41:21,228:55] p4
[2021-12-08 23:41:21,228:55] p4
[2021-12-08 23:41:21,228:55] p4
[2021-12-08 23:41:21,228:57] p5
[2021-12-08 23:41:21,228:57] p5
[2021-12-08 23:41:21,228:57] p5
[2021-12-08 23:41:21,228:57] p5
[2021-12-08 23:41:21,228:41] p3
[2021-12-08 23:41:21,228:43] p1
[2021-12-08 23:41:21,228:51] p1 and not p2
[2021-12-08 23:41:21,228:41] p3
[2021-12-08 23:41:21,228:43] p1
[2021-12-08 23:41:21,228:51] p1 and not p2
[2021-12-08 23:41:21,229:55] p4
[2021-12-08 23:41:21,229:41] p3
[2021-12-08 23:41:21,229:43] p1
[2021-12-08 23:41:21,229:45] p1 and p2
[2021-12-08 23:41:21,229:47] p1 and p2 and p3
[2021-12-08 23:41:21,229:55] p4
[2021-12-08 23:41:21,229:57] p5
[2021-12-08 23:41:21,229:57] p5
[2021-12-08 23:41:21,229:57] p5
[2021-12-08 23:41:21,229:57] p5
[2021-12-08 23:41:21,229:57] p5
[2021-12-08 23:41:21,229:57] p5
[2021-12-08 23:41:21,229:58] top3
