[2021-12-08 23:41:21,230:16] top1
[2021-12-08 23:41:21,230:18] p1
[2021-12-08 23:41:21,230:20] p1 and p2
[2021-12-08 23:41:21,230:32] p1 and p2 and not p3
[2021-12-08 23:41:21,230:38] top2
[2021-12-08 23:41:21,230:41] p3
[2021-12-08 23:41:21,231:53] not p1
[2021-12-08 23:41:21,231:55] p4
[2021-12-08 23:41:21,231:57] p5
[2021-12-08 23:41:21,231:57] p5
[2021-12-08 23:41:21,231:55] p4
[2021-12-08 23:41:21,231:55] p4
[2021-12-08 23:41:21,231:57] p5
[2021-12-08 23:41:21,231:57] p5
[2021-12-08 23:41:21,231:57] p5
[2021-12-08 23:41:21,231:55] p4
[2021-12-08 23:41:21,231:57] p5
[2021-12-08 23:41:21,231:57] p5
[2021-12-08 23:41:21,231:55] p4
[2021-12-08 23:41:21,231:55] p4
[2021-12-08 23:41:21,231:58] top3
