[2021-12-08 23:41:21,232:16] top1
[2021-12-08 23:41:21,232:18] p1
[2021-12-08 23:41:21,232:20] p1 and p2
[2021-12-08 23:41:21,232:22] p1 and p2 and p3
[2021-12-08 23:41:21,232:24] p1 and p2 and p3 and p4
[2021-12-08 23:41:21,232:28] p1 and p2 and p3 and p4 and not p5
[2021-12-08 23:41:21,232:38] top2
[2021-12-08 23:41:21,233:41] p3
[2021-12-08 23:41:21,233:53] not p1
[2021-12-08 23:41:21,233:55] p4
[2021-12-08 23:41:21,233:57] p5
[2021-12-08 23:41:21,233:57] p5
[2021-12-08 23:41:21,233:41] p3
[2021-12-08 23:41:21,233:53] not p1
[2021-12-08 23:41:21,234:55] p4
[2021-12-08 23:41:21,234:57] p5
[2021-12-08 23:41:21,234:57] p5
[2021-12-08 23:41:21,234:41] p3
[2021-12-08 23:41:21,234:53] not p1
[2021-12-08 23:41:21,234:55] p4
[2021-12-08 23:41:21,234:57] p5
[2021-12-08 23:41:21,234:57] p5
[2021-12-08 23:41:21,235:57] p5
[2021-12-08 23:41:21,235:57] p5
[2021-12-08 23:41:21,235:55] p4
[2021-12-08 23:41:21,235:58] top3
