[2021-12-08 23:41:21,244:16] top1
[2021-12-08 23:41:21,244:36] not p1
[2021-12-08 23:41:21,244:38] top2
[2021-12-08 23:41:21,244:41] p3
[2021-12-08 23:41:21,245:53] not p1
[2021-12-08 23:41:21,245:55] p4
[2021-12-08 23:41:21,245:55] p4
[2021-12-08 23:41:21,245:57] p5
[2021-12-08 23:41:21,245:57] p5
[2021-12-08 23:41:21,245:57] p5
[2021-12-08 23:41:21,246:41] p3
[2021-12-08 23:41:21,246:53] not p1
[2021-12-08 23:41:21,246:41] p3
[2021-12-08 23:41:21,246:43] p1
[2021-12-08 23:41:21,246:45] p1 and p2
[2021-12-08 23:41:21,246:47] p1 and p2 and p3
[2021-12-08 23:41:21,246:55] p4
[2021-12-08 23:41:21,246:57] p5
[2021-12-08 23:41:21,246:57] p5
[2021-12-08 23:41:21,246:58] top3
