[2021-12-08 23:41:21,248:16] top1
[2021-12-08 23:41:21,248:36] not p1
[2021-12-08 23:41:21,248:38] top2
[2021-12-08 23:41:21,248:41] p3
[2021-12-08 23:41:21,249:53] not p1
[2021-12-08 23:41:21,249:55] p4
[2021-12-08 23:41:21,249:55] p4
[2021-12-08 23:41:21,249:57] p5
[2021-12-08 23:41:21,249:57] p5
[2021-12-08 23:41:21,249:41] p3
[2021-12-08 23:41:21,249:53] not p1
[2021-12-08 23:41:21,249:55] p4
[2021-12-08 23:41:21,249:57] p5
[2021-12-08 23:41:21,249:41] p3
[2021-12-08 23:41:21,249:53] not p1
[2021-12-08 23:41:21,249:41] p3
[2021-12-08 23:41:21,249:43] p1
[2021-12-08 23:41:21,249:45] p1 and p2
[2021-12-08 23:41:21,249:47] p1 and p2 and p3
[2021-12-08 23:41:21,249:41] p3
[2021-12-08 23:41:21,249:43] p1
[2021-12-08 23:41:21,249:45] p1 and p2
[2021-12-08 23:41:21,250:49] p1 and p2 and not p3
[2021-12-08 23:41:21,250:41] p3
[2021-12-08 23:41:21,250:43] p1
[2021-12-08 23:41:21,250:45] p1 and p2
[2021-12-08 23:41:21,250:47] p1 and p2 and p3
[2021-12-08 23:41:21,250:41] p3
[2021-12-08 23:41:21,250:43] p1
[2021-12-08 23:41:21,250:51] p1 and not p2
[2021-12-08 23:41:21,250:55] p4
[2021-12-08 23:41:21,250:58] top3
