[2021-12-08 23:41:21,250:16] top1
[2021-12-08 23:41:21,250:36] not p1
[2021-12-08 23:41:21,250:38] top2
[2021-12-08 23:41:21,251:41] p3
[2021-12-08 23:41:21,251:53] not p1
[2021-12-08 23:41:21,251:41] p3
[2021-12-08 23:41:21,251:43] p1
[2021-12-08 23:41:21,251:45] p1 and p2
[2021-12-08 23:41:21,251:49] p1 and p2 and not p3
[2021-12-08 23:41:21,251:55] p4
[2021-12-08 23:41:21,251:55] p4
[2021-12-08 23:41:21,251:57] p5
[2021-12-08 23:41:21,251:55] p4
[2021-12-08 23:41:21,251:57] p5
[2021-12-08 23:41:21,251:57] p5
[2021-12-08 23:41:21,251:57] p5
[2021-12-08 23:41:21,251:55] p4
[2021-12-08 23:41:21,251:57] p5
[2021-12-08 23:41:21,251:57] p5
[2021-12-08 23:41:21,251:57] p5
[2021-12-08 23:41:21,251:55] p4
[2021-12-08 23:41:21,251:57] p5
[2021-12-08 23:41:21,252:55] p4
[2021-12-08 23:41:21,252:57] p5
[2021-12-08 23:41:21,252:55] p4
[2021-12-08 23:41:21,252:41] p3
[2021-12-08 23:41:21,252:43] p1
[2021-12-08 23:41:21,252:45] p1 and p2
[2021-12-08 23:41:21,252:47] p1 and p2 and p3
[2021-12-08 23:41:21,252:41] p3
[2021-12-08 23:41:21,252:53] not p1
[2021-12-08 23:41:21,252:55] p4
[2021-12-08 23:41:21,252:58] top3
