[2021-12-08 23:41:21,261:16] top1
[2021-12-08 23:41:21,261:18] p1
[2021-12-08 23:41:21,261:34] p1 and not p2
[2021-12-08 23:41:21,261:38] top2
[2021-12-08 23:41:21,262:41] p3
[2021-12-08 23:41:21,262:43] p1
[2021-12-08 23:41:21,262:45] p1 and p2
[2021-12-08 23:41:21,262:49] p1 and p2 and not p3
[2021-12-08 23:41:21,262:41] p3
[2021-12-08 23:41:21,262:53] not p1
[2021-12-08 23:41:21,262:55] p4
[2021-12-08 23:41:21,262:57] p5
[2021-12-08 23:41:21,262:55] p4
[2021-12-08 23:41:21,262:41] p3
[2021-12-08 23:41:21,262:43] p1
[2021-12-08 23:41:21,262:51] p1 and not p2
[2021-12-08 23:41:21,262:55] p4
[2021-12-08 23:41:21,262:57] p5
[2021-12-08 23:41:21,262:55] p4
[2021-12-08 23:41:21,262:57] p5
[2021-12-08 23:41:21,262:41] p3
[2021-12-08 23:41:21,263:53] not p1
[2021-12-08 23:41:21,263:55] p4
[2021-12-08 23:41:21,263:57] p5
[2021-12-08 23:41:21,263:57] p5
[2021-12-08 23:41:21,263:57] p5
[2021-12-08 23:41:21,263:57] p5
[2021-12-08 23:41:21,263:58] top3
