[2021-12-08 23:41:21,273:16] top1
[2021-12-08 23:41:21,273:18] p1
[2021-12-08 23:41:21,273:34] p1 and not p2
[2021-12-08 23:41:21,273:38] top2
[2021-12-08 23:41:21,273:41] p3
[2021-12-08 23:41:21,273:53] not p1
[2021-12-08 23:41:21,273:41] p3
[2021-12-08 23:41:21,273:53] not p1
[2021-12-08 23:41:21,273:55] p4
[2021-12-08 23:41:21,273:57] p5
[2021-12-08 23:41:21,273:55] p4
[2021-12-08 23:41:21,274:57] p5
[2021-12-08 23:41:21,274:55] p4
[2021-12-08 23:41:21,274:57] p5
[2021-12-08 23:41:21,274:55] p4
[2021-12-08 23:41:21,274:41] p3
[2021-12-08 23:41:21,274:43] p1
[2021-12-08 23:41:21,274:45] p1 and p2
[2021-12-08 23:41:21,274:49] p1 and p2 and not p3
[2021-12-08 23:41:21,274:41] p3
[2021-12-08 23:41:21,274:43] p1
[2021-12-08 23:41:21,274:51] p1 and not p2
[2021-12-08 23:41:21,274:58] top3
