[2021-12-08 23:41:21,281:16] top1
[2021-12-08 23:41:21,282:36] not p1
[2021-12-08 23:41:21,282:38] top2
[2021-12-08 23:41:21,282:41] p3
[2021-12-08 23:41:21,282:43] p1
[2021-12-08 23:41:21,282:45] p1 and p2
[2021-12-08 23:41:21,282:47] p1 and p2 and p3
[2021-12-08 23:41:21,282:41] p3
[2021-12-08 23:41:21,282:53] not p1
[2021-12-08 23:41:21,282:55] p4
[2021-12-08 23:41:21,282:57] p5
[2021-12-08 23:41:21,282:55] p4
[2021-12-08 23:41:21,282:57] p5
[2021-12-08 23:41:21,282:57] p5
[2021-12-08 23:41:21,282:55] p4
[2021-12-08 23:41:21,282:57] p5
[2021-12-08 23:41:21,282:57] p5
[2021-12-08 23:41:21,282:57] p5
[2021-12-08 23:41:21,283:57] p5
[2021-12-08 23:41:21,283:58] top3
