[2021-12-08 23:41:21,293:16] top1
[2021-12-08 23:41:21,293:18] p1
[2021-12-08 23:41:21,294:20] p1 and p2
[2021-12-08 23:41:21,294:22] p1 and p2 and p3
[2021-12-08 23:41:21,294:24] p1 and p2 and p3 and p4
[2021-12-08 23:41:21,294:28] p1 and p2 and p3 and p4 and not p5
[2021-12-08 23:41:21,294:38] top2
[2021-12-08 23:41:21,294:41] p3
[2021-12-08 23:41:21,294:43] p1
[2021-12-08 23:41:21,294:45] p1 and p2
[2021-12-08 23:41:21,294:49] p1 and p2 and not p3
[2021-12-08 23:41:21,294:55] p4
[2021-12-08 23:41:21,294:57] p5
[2021-12-08 23:41:21,294:57] p5
[2021-12-08 23:41:21,294:57] p5
[2021-12-08 23:41:21,294:57] p5
[2021-12-08 23:41:21,294:57] p5
[2021-12-08 23:41:21,294:57] p5
[2021-12-08 23:41:21,295:57] p5
[2021-12-08 23:41:21,295:58] top3
