[2021-12-08 23:41:21,299:16] top1
[2021-12-08 23:41:21,299:36] not p1
[2021-12-08 23:41:21,299:38] top2
[2021-12-08 23:41:21,299:41] p3
[2021-12-08 23:41:21,299:43] p1
[2021-12-08 23:41:21,299:45] p1 and p2
[2021-12-08 23:41:21,299:49] p1 and p2 and not p3
[2021-12-08 23:41:21,299:41] p3
[2021-12-08 23:41:21,299:53] not p1
[2021-12-08 23:41:21,300:41] p3
[2021-12-08 23:41:21,300:53] not p1
[2021-12-08 23:41:21,300:41] p3
[2021-12-08 23:41:21,300:53] not p1
[2021-12-08 23:41:21,300:55] p4
[2021-12-08 23:41:21,300:41] p3
[2021-12-08 23:41:21,300:53] not p1
[2021-12-08 23:41:21,300:55] p4
[2021-12-08 23:41:21,300:41] p3
[2021-12-08 23:41:21,300:43] p1
[2021-12-08 23:41:21,300:45] p1 and p2
[2021-12-08 23:41:21,300:49] p1 and p2 and not p3
[2021-12-08 23:41:21,300:55] p4
[2021-12-08 23:41:21,300:55] p4
[2021-12-08 23:41:21,300:55] p4
[2021-12-08 23:41:21,300:57] p5
[2021-12-08 23:41:21,300:57] p5
[2021-12-08 23:41:21,300:58] top3
