[2021-12-08 23:41:21,320:16] top1
[2021-12-08 23:41:21,321:36] not p1
[2021-12-08 23:41:21,321:38] top2
[2021-12-08 23:41:21,321:41] p3
[2021-12-08 23:41:21,321:53] not p1
[2021-12-08 23:41:21,321:41] p3
[2021-12-08 23:41:21,321:53] not p1
[2021-12-08 23:41:21,321:55] p4
[2021-12-08 23:41:21,321:55] p4
[2021-12-08 23:41:21,321:57] p5
[2021-12-08 23:41:21,321:57] p5
[2021-12-08 23:41:21,321:55] p4
[2021-12-08 23:41:21,321:41] p3
[2021-12-08 23:41:21,321:53] not p1
[2021-12-08 23:41:21,321:55] p4
[2021-12-08 23:41:21,321:57] p5
[2021-12-08 23:41:21,321:57] p5
[2021-12-08 23:41:21,321:57] p5
[2021-12-08 23:41:21,321:57] p5
[2021-12-08 23:41:21,321:57] p5
[2021-12-08 23:41:21,322:57] p5
[2021-12-08 23:41:21,322:57] p5
[2021-12-08 23:41:21,322:41] p3
[2021-12-08 23:41:21,322:53] not p1
[2021-12-08 23:41:21,322:55] p4
[2021-12-08 23:41:21,322:41] p3
[2021-12-08 23:41:21,322:43] p1
[2021-12-08 23:41:21,322:45] p1 and p2
[2021-12-08 23:41:21,322:49] p1 and p2 and not p3
[2021-12-08 23:41:21,322:55] p4
[2021-12-08 23:41:21,322:57] p5
[2021-12-08 23:41:21,322:58] top3
