[2021-12-08 23:41:21,352:16] top1
[2021-12-08 23:41:21,352:18] p1
[2021-12-08 23:41:21,352:20] p1 and p2
[2021-12-08 23:41:21,352:22] p1 and p2 and p3
[2021-12-08 23:41:21,352:24] p1 and p2 and p3 and p4
[2021-12-08 23:41:21,352:28] p1 and p2 and p3 and p4 and not p5
[2021-12-08 23:41:21,352:38] top2
[2021-12-08 23:41:21,352:41] p3
[2021-12-08 23:41:21,352:53] not p1
[2021-12-08 23:41:21,352:41] p3
[2021-12-08 23:41:21,352:43] p1
[2021-12-08 23:41:21,352:45] p1 and p2
[2021-12-08 23:41:21,352:49] p1 and p2 and not p3
[2021-12-08 23:41:21,353:55] p4
[2021-12-08 23:41:21,353:41] p3
[2021-12-08 23:41:21,353:53] not p1
[2021-12-08 23:41:21,353:41] p3
[2021-12-08 23:41:21,353:53] not p1
[2021-12-08 23:41:21,353:55] p4
[2021-12-08 23:41:21,353:57] p5
[2021-12-08 23:41:21,353:57] p5
[2021-12-08 23:41:21,353:41] p3
[2021-12-08 23:41:21,353:53] not p1
[2021-12-08 23:41:21,353:58] top3
