[2021-12-08 23:41:21,354:16] top1
[2021-12-08 23:41:21,354:18] p1
[2021-12-08 23:41:21,354:34] p1 and not p2
[2021-12-08 23:41:21,354:38] top2
[2021-12-08 23:41:21,354:41] p3
[2021-12-08 23:41:21,354:43] p1
[2021-12-08 23:41:21,354:51] p1 and not p2
[2021-12-08 23:41:21,354:55] p4
[2021-12-08 23:41:21,354:57] p5
[2021-12-08 23:41:21,354:55] p4
[2021-12-08 23:41:21,354:41] p3
[2021-12-08 23:41:21,355:43] p1
[2021-12-08 23:41:21,355:45] p1 and p2
[2021-12-08 23:41:21,355:49] p1 and p2 and not p3
[2021-12-08 23:41:21,355:55] p4
[2021-12-08 23:41:21,355:55] p4
[2021-12-08 23:41:21,355:57] p5
[2021-12-08 23:41:21,355:55] p4
[2021-12-08 23:41:21,355:57] p5
[2021-12-08 23:41:21,355:41] p3
[2021-12-08 23:41:21,355:43] p1
[2021-12-08 23:41:21,355:45] p1 and p2
[2021-12-08 23:41:21,355:49] p1 and p2 and not p3
[2021-12-08 23:41:21,355:55] p4
[2021-12-08 23:41:21,355:58] top3
