[2021-12-08 23:41:21,356:16] top1
[2021-12-08 23:41:21,356:18] p1
[2021-12-08 23:41:21,356:20] p1 and p2
[2021-12-08 23:41:21,356:22] p1 and p2 and p3
[2021-12-08 23:41:21,356:30] p1 and p2 and p3 and not p4
[2021-12-08 23:41:21,356:38] top2
[2021-12-08 23:41:21,356:41] p3
[2021-12-08 23:41:21,356:43] p1
[2021-12-08 23:41:21,356:45] p1 and p2
[2021-12-08 23:41:21,356:47] p1 and p2 and p3
[2021-12-08 23:41:21,356:55] p4
[2021-12-08 23:41:21,356:55] p4
[2021-12-08 23:41:21,357:57] p5
[2021-12-08 23:41:21,357:57] p5
[2021-12-08 23:41:21,357:55] p4
[2021-12-08 23:41:21,357:57] p5
[2021-12-08 23:41:21,357:55] p4
[2021-12-08 23:41:21,357:41] p3
[2021-12-08 23:41:21,357:43] p1
[2021-12-08 23:41:21,357:45] p1 and p2
[2021-12-08 23:41:21,357:47] p1 and p2 and p3
[2021-12-08 23:41:21,357:55] p4
[2021-12-08 23:41:21,357:57] p5
[2021-12-08 23:41:21,358:41] p3
[2021-12-08 23:41:21,358:43] p1
[2021-12-08 23:41:21,358:45] p1 and p2
[2021-12-08 23:41:21,358:47] p1 and p2 and p3
[2021-12-08 23:41:21,358:55] p4
[2021-12-08 23:41:21,358:57] p5
[2021-12-08 23:41:21,358:55] p4
[2021-12-08 23:41:21,358:57] p5
[2021-12-08 23:41:21,358:55] p4
[2021-12-08 23:41:21,358:57] p5
[2021-12-08 23:41:21,358:55] p4
[2021-12-08 23:41:21,358:57] p5
[2021-12-08 23:41:21,358:58] top3
