[2021-12-08 23:41:21,359:16] top1
[2021-12-08 23:41:21,359:36] not p1
[2021-12-08 23:41:21,359:38] top2
[2021-12-08 23:41:21,359:41] p3
[2021-12-08 23:41:21,359:53] not p1
[2021-12-08 23:41:21,359:41] p3
[2021-12-08 23:41:21,359:43] p1
[2021-12-08 23:41:21,359:45] p1 and p2
[2021-12-08 23:41:21,359:49] p1 and p2 and not p3
[2021-12-08 23:41:21,359:41] p3
[2021-12-08 23:41:21,359:53] not p1
[2021-12-08 23:41:21,359:55] p4
[2021-12-08 23:41:21,359:57] p5
[2021-12-08 23:41:21,359:57] p5
[2021-12-08 23:41:21,359:57] p5
[2021-12-08 23:41:21,360:57] p5
[2021-12-08 23:41:21,360:55] p4
[2021-12-08 23:41:21,360:57] p5
[2021-12-08 23:41:21,360:57] p5
[2021-12-08 23:41:21,360:58] top3
