[2021-12-08 23:41:21,369:16] top1
[2021-12-08 23:41:21,370:18] p1
[2021-12-08 23:41:21,370:20] p1 and p2
[2021-12-08 23:41:21,370:32] p1 and p2 and not p3
[2021-12-08 23:41:21,370:38] top2
[2021-12-08 23:41:21,370:41] p3
[2021-12-08 23:41:21,370:53] not p1
[2021-12-08 23:41:21,370:55] p4
[2021-12-08 23:41:21,370:57] p5
[2021-12-08 23:41:21,370:57] p5
[2021-12-08 23:41:21,370:57] p5
[2021-12-08 23:41:21,371:55] p4
[2021-12-08 23:41:21,371:41] p3
[2021-12-08 23:41:21,371:53] not p1
[2021-12-08 23:41:21,371:55] p4
[2021-12-08 23:41:21,371:41] p3
[2021-12-08 23:41:21,371:43] p1
[2021-12-08 23:41:21,371:45] p1 and p2
[2021-12-08 23:41:21,371:47] p1 and p2 and p3
[2021-12-08 23:41:21,371:41] p3
[2021-12-08 23:41:21,371:53] not p1
[2021-12-08 23:41:21,371:55] p4
[2021-12-08 23:41:21,371:58] top3
