[2021-12-08 23:41:21,395:16] top1
[2021-12-08 23:41:21,395:18] p1
[2021-12-08 23:41:21,395:20] p1 and p2
[2021-12-08 23:41:21,396:22] p1 and p2 and p3
[2021-12-08 23:41:21,396:30] p1 and p2 and p3 and not p4
[2021-12-08 23:41:21,396:38] top2
[2021-12-08 23:41:21,396:41] p3
[2021-12-08 23:41:21,396:53] not p1
[2021-12-08 23:41:21,396:41] p3
[2021-12-08 23:41:21,396:53] not p1
[2021-12-08 23:41:21,396:41] p3
[2021-12-08 23:41:21,396:43] p1
[2021-12-08 23:41:21,396:51] p1 and not p2
[2021-12-08 23:41:21,396:55] p4
[2021-12-08 23:41:21,397:41] p3
[2021-12-08 23:41:21,397:53] not p1
[2021-12-08 23:41:21,397:55] p4
[2021-12-08 23:41:21,397:57] p5
[2021-12-08 23:41:21,397:55] p4
[2021-12-08 23:41:21,397:57] p5
[2021-12-08 23:41:21,397:55] p4
[2021-12-08 23:41:21,397:57] p5
[2021-12-08 23:41:21,397:58] top3
