[2021-12-08 23:41:18,771:16] top1
[2021-12-08 23:41:18,771:36] not p1
[2021-12-08 23:41:18,771:38] top2
[2021-12-08 23:41:18,771:41] p3
[2021-12-08 23:41:18,771:53] not p1
[2021-12-08 23:41:18,771:41] p3
[2021-12-08 23:41:18,771:43] p1
[2021-12-08 23:41:18,771:45] p1 and p2
[2021-12-08 23:41:18,771:47] p1 and p2 and p3
[2021-12-08 23:41:18,772:41] p3
[2021-12-08 23:41:18,772:53] not p1
[2021-12-08 23:41:18,772:55] p4
[2021-12-08 23:41:18,772:41] p3
[2021-12-08 23:41:18,772:53] not p1
[2021-12-08 23:41:18,772:41] p3
[2021-12-08 23:41:18,772:53] not p1
[2021-12-08 23:41:18,772:41] p3
[2021-12-08 23:41:18,772:43] p1
[2021-12-08 23:41:18,772:51] p1 and not p2
[2021-12-08 23:41:18,772:55] p4
[2021-12-08 23:41:18,772:55] p4
[2021-12-08 23:41:18,772:57] p5
[2021-12-08 23:41:18,772:55] p4
[2021-12-08 23:41:18,772:57] p5
[2021-12-08 23:41:18,772:58] top3
