[2021-12-08 23:41:21,524:16] top1
[2021-12-08 23:41:21,524:36] not p1
[2021-12-08 23:41:21,524:38] top2
[2021-12-08 23:41:21,524:41] p3
[2021-12-08 23:41:21,524:43] p1
[2021-12-08 23:41:21,524:45] p1 and p2
[2021-12-08 23:41:21,524:47] p1 and p2 and p3
[2021-12-08 23:41:21,524:55] p4
[2021-12-08 23:41:21,525:55] p4
[2021-12-08 23:41:21,525:57] p5
[2021-12-08 23:41:21,525:55] p4
[2021-12-08 23:41:21,525:55] p4
[2021-12-08 23:41:21,525:57] p5
[2021-12-08 23:41:21,525:55] p4
[2021-12-08 23:41:21,525:41] p3
[2021-12-08 23:41:21,525:43] p1
[2021-12-08 23:41:21,525:45] p1 and p2
[2021-12-08 23:41:21,525:47] p1 and p2 and p3
[2021-12-08 23:41:21,525:41] p3
[2021-12-08 23:41:21,525:53] not p1
[2021-12-08 23:41:21,525:41] p3
[2021-12-08 23:41:21,526:53] not p1
[2021-12-08 23:41:21,526:41] p3
[2021-12-08 23:41:21,526:43] p1
[2021-12-08 23:41:21,526:45] p1 and p2
[2021-12-08 23:41:21,526:49] p1 and p2 and not p3
[2021-12-08 23:41:21,526:55] p4
[2021-12-08 23:41:21,526:57] p5
[2021-12-08 23:41:21,526:57] p5
[2021-12-08 23:41:21,526:57] p5
[2021-12-08 23:41:21,526:57] p5
[2021-12-08 23:41:21,526:57] p5
[2021-12-08 23:41:21,526:57] p5
[2021-12-08 23:41:21,527:55] p4
[2021-12-08 23:41:21,527:58] top3
