[2021-12-08 23:41:21,529:16] top1
[2021-12-08 23:41:21,529:36] not p1
[2021-12-08 23:41:21,529:38] top2
[2021-12-08 23:41:21,529:41] p3
[2021-12-08 23:41:21,529:43] p1
[2021-12-08 23:41:21,529:45] p1 and p2
[2021-12-08 23:41:21,530:49] p1 and p2 and not p3
[2021-12-08 23:41:21,530:55] p4
[2021-12-08 23:41:21,530:41] p3
[2021-12-08 23:41:21,530:53] not p1
[2021-12-08 23:41:21,530:55] p4
[2021-12-08 23:41:21,530:57] p5
[2021-12-08 23:41:21,530:41] p3
[2021-12-08 23:41:21,530:43] p1
[2021-12-08 23:41:21,530:51] p1 and not p2
[2021-12-08 23:41:21,530:55] p4
[2021-12-08 23:41:21,530:55] p4
[2021-12-08 23:41:21,530:55] p4
[2021-12-08 23:41:21,530:57] p5
[2021-12-08 23:41:21,530:55] p4
[2021-12-08 23:41:21,530:41] p3
[2021-12-08 23:41:21,531:53] not p1
[2021-12-08 23:41:21,531:58] top3
