[2021-12-08 23:41:21,541:16] top1
[2021-12-08 23:41:21,541:18] p1
[2021-12-08 23:41:21,541:34] p1 and not p2
[2021-12-08 23:41:21,541:38] top2
[2021-12-08 23:41:21,542:41] p3
[2021-12-08 23:41:21,542:43] p1
[2021-12-08 23:41:21,542:51] p1 and not p2
[2021-12-08 23:41:21,542:55] p4
[2021-12-08 23:41:21,542:55] p4
[2021-12-08 23:41:21,542:57] p5
[2021-12-08 23:41:21,542:57] p5
[2021-12-08 23:41:21,542:57] p5
[2021-12-08 23:41:21,542:41] p3
[2021-12-08 23:41:21,542:53] not p1
[2021-12-08 23:41:21,542:55] p4
[2021-12-08 23:41:21,542:41] p3
[2021-12-08 23:41:21,542:53] not p1
[2021-12-08 23:41:21,542:55] p4
[2021-12-08 23:41:21,542:41] p3
[2021-12-08 23:41:21,542:43] p1
[2021-12-08 23:41:21,542:51] p1 and not p2
[2021-12-08 23:41:21,542:55] p4
[2021-12-08 23:41:21,542:41] p3
[2021-12-08 23:41:21,543:43] p1
[2021-12-08 23:41:21,543:45] p1 and p2
[2021-12-08 23:41:21,543:49] p1 and p2 and not p3
[2021-12-08 23:41:21,543:55] p4
[2021-12-08 23:41:21,543:57] p5
[2021-12-08 23:41:21,543:41] p3
[2021-12-08 23:41:21,543:43] p1
[2021-12-08 23:41:21,543:45] p1 and p2
[2021-12-08 23:41:21,543:47] p1 and p2 and p3
[2021-12-08 23:41:21,543:55] p4
[2021-12-08 23:41:21,543:57] p5
[2021-12-08 23:41:21,543:55] p4
[2021-12-08 23:41:21,543:57] p5
[2021-12-08 23:41:21,543:55] p4
[2021-12-08 23:41:21,543:57] p5
[2021-12-08 23:41:21,543:57] p5
[2021-12-08 23:41:21,543:58] top3
