[2021-12-08 23:41:21,562:16] top1
[2021-12-08 23:41:21,562:18] p1
[2021-12-08 23:41:21,562:34] p1 and not p2
[2021-12-08 23:41:21,562:38] top2
[2021-12-08 23:41:21,562:41] p3
[2021-12-08 23:41:21,562:43] p1
[2021-12-08 23:41:21,563:45] p1 and p2
[2021-12-08 23:41:21,563:47] p1 and p2 and p3
[2021-12-08 23:41:21,563:55] p4
[2021-12-08 23:41:21,563:57] p5
[2021-12-08 23:41:21,563:57] p5
[2021-12-08 23:41:21,563:57] p5
[2021-12-08 23:41:21,563:57] p5
[2021-12-08 23:41:21,563:57] p5
[2021-12-08 23:41:21,563:55] p4
[2021-12-08 23:41:21,563:57] p5
[2021-12-08 23:41:21,563:41] p3
[2021-12-08 23:41:21,563:43] p1
[2021-12-08 23:41:21,563:51] p1 and not p2
[2021-12-08 23:41:21,563:58] top3
