[2021-12-08 23:41:21,566:16] top1
[2021-12-08 23:41:21,566:18] p1
[2021-12-08 23:41:21,567:20] p1 and p2
[2021-12-08 23:41:21,567:22] p1 and p2 and p3
[2021-12-08 23:41:21,567:30] p1 and p2 and p3 and not p4
[2021-12-08 23:41:21,567:38] top2
[2021-12-08 23:41:21,567:41] p3
[2021-12-08 23:41:21,567:43] p1
[2021-12-08 23:41:21,567:45] p1 and p2
[2021-12-08 23:41:21,567:49] p1 and p2 and not p3
[2021-12-08 23:41:21,567:55] p4
[2021-12-08 23:41:21,567:57] p5
[2021-12-08 23:41:21,567:57] p5
[2021-12-08 23:41:21,567:55] p4
[2021-12-08 23:41:21,567:57] p5
[2021-12-08 23:41:21,567:57] p5
[2021-12-08 23:41:21,567:57] p5
[2021-12-08 23:41:21,567:55] p4
[2021-12-08 23:41:21,567:57] p5
[2021-12-08 23:41:21,567:41] p3
[2021-12-08 23:41:21,567:53] not p1
[2021-12-08 23:41:21,567:55] p4
[2021-12-08 23:41:21,568:41] p3
[2021-12-08 23:41:21,568:43] p1
[2021-12-08 23:41:21,568:51] p1 and not p2
[2021-12-08 23:41:21,568:55] p4
[2021-12-08 23:41:21,568:58] top3
