[2021-12-08 23:41:21,569:16] top1
[2021-12-08 23:41:21,569:36] not p1
[2021-12-08 23:41:21,569:38] top2
[2021-12-08 23:41:21,569:41] p3
[2021-12-08 23:41:21,569:43] p1
[2021-12-08 23:41:21,569:51] p1 and not p2
[2021-12-08 23:41:21,569:55] p4
[2021-12-08 23:41:21,570:57] p5
[2021-12-08 23:41:21,570:41] p3
[2021-12-08 23:41:21,570:43] p1
[2021-12-08 23:41:21,570:45] p1 and p2
[2021-12-08 23:41:21,570:49] p1 and p2 and not p3
[2021-12-08 23:41:21,570:55] p4
[2021-12-08 23:41:21,570:55] p4
[2021-12-08 23:41:21,570:57] p5
[2021-12-08 23:41:21,570:57] p5
[2021-12-08 23:41:21,570:57] p5
[2021-12-08 23:41:21,570:41] p3
[2021-12-08 23:41:21,570:53] not p1
[2021-12-08 23:41:21,570:58] top3
