[2021-12-08 23:41:21,573:16] top1
[2021-12-08 23:41:21,573:36] not p1
[2021-12-08 23:41:21,573:38] top2
[2021-12-08 23:41:21,573:41] p3
[2021-12-08 23:41:21,573:43] p1
[2021-12-08 23:41:21,573:51] p1 and not p2
[2021-12-08 23:41:21,573:41] p3
[2021-12-08 23:41:21,573:43] p1
[2021-12-08 23:41:21,574:45] p1 and p2
[2021-12-08 23:41:21,574:49] p1 and p2 and not p3
[2021-12-08 23:41:21,574:55] p4
[2021-12-08 23:41:21,574:57] p5
[2021-12-08 23:41:21,574:55] p4
[2021-12-08 23:41:21,574:57] p5
[2021-12-08 23:41:21,575:41] p3
[2021-12-08 23:41:21,575:43] p1
[2021-12-08 23:41:21,575:45] p1 and p2
[2021-12-08 23:41:21,575:49] p1 and p2 and not p3
[2021-12-08 23:41:21,575:55] p4
[2021-12-08 23:41:21,575:55] p4
[2021-12-08 23:41:21,575:55] p4
[2021-12-08 23:41:21,575:55] p4
[2021-12-08 23:41:21,575:57] p5
[2021-12-08 23:41:21,575:57] p5
[2021-12-08 23:41:21,575:55] p4
[2021-12-08 23:41:21,575:57] p5
[2021-12-08 23:41:21,575:55] p4
[2021-12-08 23:41:21,575:55] p4
[2021-12-08 23:41:21,575:41] p3
[2021-12-08 23:41:21,576:43] p1
[2021-12-08 23:41:21,576:51] p1 and not p2
[2021-12-08 23:41:21,576:41] p3
[2021-12-08 23:41:21,576:53] not p1
[2021-12-08 23:41:21,576:58] top3
