[2021-12-08 23:41:21,603:16] top1
[2021-12-08 23:41:21,603:36] not p1
[2021-12-08 23:41:21,603:38] top2
[2021-12-08 23:41:21,603:41] p3
[2021-12-08 23:41:21,603:43] p1
[2021-12-08 23:41:21,603:51] p1 and not p2
[2021-12-08 23:41:21,603:55] p4
[2021-12-08 23:41:21,603:41] p3
[2021-12-08 23:41:21,604:43] p1
[2021-12-08 23:41:21,604:51] p1 and not p2
[2021-12-08 23:41:21,604:55] p4
[2021-12-08 23:41:21,604:57] p5
[2021-12-08 23:41:21,604:41] p3
[2021-12-08 23:41:21,604:43] p1
[2021-12-08 23:41:21,604:45] p1 and p2
[2021-12-08 23:41:21,604:47] p1 and p2 and p3
[2021-12-08 23:41:21,604:55] p4
[2021-12-08 23:41:21,604:41] p3
[2021-12-08 23:41:21,604:53] not p1
[2021-12-08 23:41:21,604:55] p4
[2021-12-08 23:41:21,604:57] p5
[2021-12-08 23:41:21,604:57] p5
[2021-12-08 23:41:21,604:57] p5
[2021-12-08 23:41:21,604:57] p5
[2021-12-08 23:41:21,604:57] p5
[2021-12-08 23:41:21,604:55] p4
[2021-12-08 23:41:21,604:57] p5
[2021-12-08 23:41:21,604:55] p4
[2021-12-08 23:41:21,605:41] p3
[2021-12-08 23:41:21,605:43] p1
[2021-12-08 23:41:21,605:45] p1 and p2
[2021-12-08 23:41:21,605:47] p1 and p2 and p3
[2021-12-08 23:41:21,605:55] p4
[2021-12-08 23:41:21,605:41] p3
[2021-12-08 23:41:21,605:53] not p1
[2021-12-08 23:41:21,605:41] p3
[2021-12-08 23:41:21,605:53] not p1
[2021-12-08 23:41:21,605:55] p4
[2021-12-08 23:41:21,605:58] top3
