[2021-12-08 23:41:21,621:16] top1
[2021-12-08 23:41:21,621:18] p1
[2021-12-08 23:41:21,621:34] p1 and not p2
[2021-12-08 23:41:21,621:38] top2
[2021-12-08 23:41:21,621:41] p3
[2021-12-08 23:41:21,621:43] p1
[2021-12-08 23:41:21,621:45] p1 and p2
[2021-12-08 23:41:21,621:47] p1 and p2 and p3
[2021-12-08 23:41:21,621:55] p4
[2021-12-08 23:41:21,621:57] p5
[2021-12-08 23:41:21,621:57] p5
[2021-12-08 23:41:21,621:55] p4
[2021-12-08 23:41:21,621:57] p5
[2021-12-08 23:41:21,621:55] p4
[2021-12-08 23:41:21,622:57] p5
[2021-12-08 23:41:21,622:57] p5
[2021-12-08 23:41:21,622:57] p5
[2021-12-08 23:41:21,622:57] p5
[2021-12-08 23:41:21,622:41] p3
[2021-12-08 23:41:21,622:43] p1
[2021-12-08 23:41:21,622:45] p1 and p2
[2021-12-08 23:41:21,622:47] p1 and p2 and p3
[2021-12-08 23:41:21,622:55] p4
[2021-12-08 23:41:21,622:55] p4
[2021-12-08 23:41:21,622:57] p5
[2021-12-08 23:41:21,622:57] p5
[2021-12-08 23:41:21,622:57] p5
[2021-12-08 23:41:21,622:55] p4
[2021-12-08 23:41:21,622:57] p5
[2021-12-08 23:41:21,622:57] p5
[2021-12-08 23:41:21,622:55] p4
[2021-12-08 23:41:21,622:58] top3
