[2021-12-08 23:41:21,636:16] top1
[2021-12-08 23:41:21,636:36] not p1
[2021-12-08 23:41:21,636:38] top2
[2021-12-08 23:41:21,636:41] p3
[2021-12-08 23:41:21,637:43] p1
[2021-12-08 23:41:21,637:51] p1 and not p2
[2021-12-08 23:41:21,637:41] p3
[2021-12-08 23:41:21,637:43] p1
[2021-12-08 23:41:21,637:45] p1 and p2
[2021-12-08 23:41:21,637:47] p1 and p2 and p3
[2021-12-08 23:41:21,637:41] p3
[2021-12-08 23:41:21,637:43] p1
[2021-12-08 23:41:21,637:45] p1 and p2
[2021-12-08 23:41:21,637:47] p1 and p2 and p3
[2021-12-08 23:41:21,637:41] p3
[2021-12-08 23:41:21,637:53] not p1
[2021-12-08 23:41:21,637:55] p4
[2021-12-08 23:41:21,637:55] p4
[2021-12-08 23:41:21,637:57] p5
[2021-12-08 23:41:21,637:57] p5
[2021-12-08 23:41:21,637:57] p5
[2021-12-08 23:41:21,637:55] p4
[2021-12-08 23:41:21,637:41] p3
[2021-12-08 23:41:21,637:53] not p1
[2021-12-08 23:41:21,638:41] p3
[2021-12-08 23:41:21,638:43] p1
[2021-12-08 23:41:21,638:51] p1 and not p2
[2021-12-08 23:41:21,638:58] top3
