[2021-12-08 23:41:21,653:16] top1
[2021-12-08 23:41:21,653:18] p1
[2021-12-08 23:41:21,654:20] p1 and p2
[2021-12-08 23:41:21,654:32] p1 and p2 and not p3
[2021-12-08 23:41:21,654:38] top2
[2021-12-08 23:41:21,654:41] p3
[2021-12-08 23:41:21,654:53] not p1
[2021-12-08 23:41:21,654:55] p4
[2021-12-08 23:41:21,654:57] p5
[2021-12-08 23:41:21,654:57] p5
[2021-12-08 23:41:21,654:55] p4
[2021-12-08 23:41:21,654:57] p5
[2021-12-08 23:41:21,654:57] p5
[2021-12-08 23:41:21,654:57] p5
[2021-12-08 23:41:21,654:55] p4
[2021-12-08 23:41:21,654:57] p5
[2021-12-08 23:41:21,654:41] p3
[2021-12-08 23:41:21,654:53] not p1
[2021-12-08 23:41:21,654:55] p4
[2021-12-08 23:41:21,654:57] p5
[2021-12-08 23:41:21,654:55] p4
[2021-12-08 23:41:21,655:57] p5
[2021-12-08 23:41:21,655:57] p5
[2021-12-08 23:41:21,655:58] top3
