[2021-12-08 23:41:21,663:16] top1
[2021-12-08 23:41:21,663:36] not p1
[2021-12-08 23:41:21,663:38] top2
[2021-12-08 23:41:21,663:41] p3
[2021-12-08 23:41:21,663:53] not p1
[2021-12-08 23:41:21,663:55] p4
[2021-12-08 23:41:21,663:55] p4
[2021-12-08 23:41:21,663:41] p3
[2021-12-08 23:41:21,663:43] p1
[2021-12-08 23:41:21,663:45] p1 and p2
[2021-12-08 23:41:21,663:47] p1 and p2 and p3
[2021-12-08 23:41:21,663:41] p3
[2021-12-08 23:41:21,663:43] p1
[2021-12-08 23:41:21,663:51] p1 and not p2
[2021-12-08 23:41:21,663:55] p4
[2021-12-08 23:41:21,664:41] p3
[2021-12-08 23:41:21,664:43] p1
[2021-12-08 23:41:21,664:51] p1 and not p2
[2021-12-08 23:41:21,664:41] p3
[2021-12-08 23:41:21,664:43] p1
[2021-12-08 23:41:21,664:51] p1 and not p2
[2021-12-08 23:41:21,664:55] p4
[2021-12-08 23:41:21,664:57] p5
[2021-12-08 23:41:21,664:41] p3
[2021-12-08 23:41:21,664:43] p1
[2021-12-08 23:41:21,664:45] p1 and p2
[2021-12-08 23:41:21,664:47] p1 and p2 and p3
[2021-12-08 23:41:21,664:55] p4
[2021-12-08 23:41:21,664:57] p5
[2021-12-08 23:41:21,664:57] p5
[2021-12-08 23:41:21,664:55] p4
[2021-12-08 23:41:21,664:55] p4
[2021-12-08 23:41:21,664:57] p5
[2021-12-08 23:41:21,664:55] p4
[2021-12-08 23:41:21,664:58] top3
