[2021-12-08 23:41:21,688:16] top1
[2021-12-08 23:41:21,688:18] p1
[2021-12-08 23:41:21,688:34] p1 and not p2
[2021-12-08 23:41:21,688:38] top2
[2021-12-08 23:41:21,688:41] p3
[2021-12-08 23:41:21,688:43] p1
[2021-12-08 23:41:21,688:45] p1 and p2
[2021-12-08 23:41:21,688:47] p1 and p2 and p3
[2021-12-08 23:41:21,688:55] p4
[2021-12-08 23:41:21,688:57] p5
[2021-12-08 23:41:21,688:41] p3
[2021-12-08 23:41:21,688:43] p1
[2021-12-08 23:41:21,689:51] p1 and not p2
[2021-12-08 23:41:21,689:55] p4
[2021-12-08 23:41:21,689:57] p5
[2021-12-08 23:41:21,689:55] p4
[2021-12-08 23:41:21,689:57] p5
[2021-12-08 23:41:21,689:57] p5
[2021-12-08 23:41:21,689:41] p3
[2021-12-08 23:41:21,689:53] not p1
[2021-12-08 23:41:21,689:55] p4
[2021-12-08 23:41:21,689:58] top3
