[2021-12-08 23:41:21,692:16] top1
[2021-12-08 23:41:21,693:36] not p1
[2021-12-08 23:41:21,693:38] top2
[2021-12-08 23:41:21,693:41] p3
[2021-12-08 23:41:21,693:43] p1
[2021-12-08 23:41:21,693:51] p1 and not p2
[2021-12-08 23:41:21,693:55] p4
[2021-12-08 23:41:21,693:57] p5
[2021-12-08 23:41:21,693:57] p5
[2021-12-08 23:41:21,693:57] p5
[2021-12-08 23:41:21,693:57] p5
[2021-12-08 23:41:21,693:57] p5
[2021-12-08 23:41:21,693:55] p4
[2021-12-08 23:41:21,693:41] p3
[2021-12-08 23:41:21,693:53] not p1
[2021-12-08 23:41:21,694:55] p4
[2021-12-08 23:41:21,694:41] p3
[2021-12-08 23:41:21,694:53] not p1
[2021-12-08 23:41:21,694:55] p4
[2021-12-08 23:41:21,694:55] p4
[2021-12-08 23:41:21,694:57] p5
[2021-12-08 23:41:21,694:55] p4
[2021-12-08 23:41:21,694:41] p3
[2021-12-08 23:41:21,694:53] not p1
[2021-12-08 23:41:21,694:55] p4
[2021-12-08 23:41:21,694:57] p5
[2021-12-08 23:41:21,694:57] p5
[2021-12-08 23:41:21,694:55] p4
[2021-12-08 23:41:21,694:41] p3
[2021-12-08 23:41:21,694:53] not p1
[2021-12-08 23:41:21,694:55] p4
[2021-12-08 23:41:21,695:57] p5
[2021-12-08 23:41:21,695:57] p5
[2021-12-08 23:41:21,695:41] p3
[2021-12-08 23:41:21,695:53] not p1
[2021-12-08 23:41:21,695:55] p4
[2021-12-08 23:41:21,695:55] p4
[2021-12-08 23:41:21,695:57] p5
[2021-12-08 23:41:21,695:57] p5
[2021-12-08 23:41:21,695:41] p3
[2021-12-08 23:41:21,695:43] p1
[2021-12-08 23:41:21,695:45] p1 and p2
[2021-12-08 23:41:21,695:47] p1 and p2 and p3
[2021-12-08 23:41:21,696:58] top3
