[2021-12-08 23:41:21,707:16] top1
[2021-12-08 23:41:21,707:36] not p1
[2021-12-08 23:41:21,707:38] top2
[2021-12-08 23:41:21,707:41] p3
[2021-12-08 23:41:21,707:53] not p1
[2021-12-08 23:41:21,707:55] p4
[2021-12-08 23:41:21,707:57] p5
[2021-12-08 23:41:21,707:55] p4
[2021-12-08 23:41:21,707:41] p3
[2021-12-08 23:41:21,707:53] not p1
[2021-12-08 23:41:21,707:41] p3
[2021-12-08 23:41:21,708:53] not p1
[2021-12-08 23:41:21,708:41] p3
[2021-12-08 23:41:21,708:43] p1
[2021-12-08 23:41:21,708:45] p1 and p2
[2021-12-08 23:41:21,708:49] p1 and p2 and not p3
[2021-12-08 23:41:21,708:55] p4
[2021-12-08 23:41:21,708:55] p4
[2021-12-08 23:41:21,708:55] p4
[2021-12-08 23:41:21,708:55] p4
[2021-12-08 23:41:21,708:57] p5
[2021-12-08 23:41:21,708:57] p5
[2021-12-08 23:41:21,708:55] p4
[2021-12-08 23:41:21,709:58] top3
