[2021-12-08 23:41:21,725:16] top1
[2021-12-08 23:41:21,725:36] not p1
[2021-12-08 23:41:21,725:38] top2
[2021-12-08 23:41:21,726:41] p3
[2021-12-08 23:41:21,726:43] p1
[2021-12-08 23:41:21,726:45] p1 and p2
[2021-12-08 23:41:21,726:49] p1 and p2 and not p3
[2021-12-08 23:41:21,726:41] p3
[2021-12-08 23:41:21,726:43] p1
[2021-12-08 23:41:21,726:51] p1 and not p2
[2021-12-08 23:41:21,726:55] p4
[2021-12-08 23:41:21,726:57] p5
[2021-12-08 23:41:21,726:57] p5
[2021-12-08 23:41:21,726:41] p3
[2021-12-08 23:41:21,726:43] p1
[2021-12-08 23:41:21,726:51] p1 and not p2
[2021-12-08 23:41:21,726:55] p4
[2021-12-08 23:41:21,726:55] p4
[2021-12-08 23:41:21,726:57] p5
[2021-12-08 23:41:21,726:58] top3
