[2021-12-08 23:41:21,734:16] top1
[2021-12-08 23:41:21,734:18] p1
[2021-12-08 23:41:21,734:34] p1 and not p2
[2021-12-08 23:41:21,734:38] top2
[2021-12-08 23:41:21,734:41] p3
[2021-12-08 23:41:21,734:43] p1
[2021-12-08 23:41:21,734:45] p1 and p2
[2021-12-08 23:41:21,734:49] p1 and p2 and not p3
[2021-12-08 23:41:21,734:41] p3
[2021-12-08 23:41:21,734:53] not p1
[2021-12-08 23:41:21,734:55] p4
[2021-12-08 23:41:21,734:55] p4
[2021-12-08 23:41:21,734:55] p4
[2021-12-08 23:41:21,734:57] p5
[2021-12-08 23:41:21,734:55] p4
[2021-12-08 23:41:21,734:57] p5
[2021-12-08 23:41:21,735:57] p5
[2021-12-08 23:41:21,735:57] p5
[2021-12-08 23:41:21,735:57] p5
[2021-12-08 23:41:21,735:41] p3
[2021-12-08 23:41:21,735:53] not p1
[2021-12-08 23:41:21,735:58] top3
