[2021-12-08 23:41:21,745:16] top1
[2021-12-08 23:41:21,746:18] p1
[2021-12-08 23:41:21,746:20] p1 and p2
[2021-12-08 23:41:21,746:32] p1 and p2 and not p3
[2021-12-08 23:41:21,746:38] top2
[2021-12-08 23:41:21,746:41] p3
[2021-12-08 23:41:21,746:53] not p1
[2021-12-08 23:41:21,746:41] p3
[2021-12-08 23:41:21,746:43] p1
[2021-12-08 23:41:21,746:45] p1 and p2
[2021-12-08 23:41:21,746:49] p1 and p2 and not p3
[2021-12-08 23:41:21,746:55] p4
[2021-12-08 23:41:21,746:41] p3
[2021-12-08 23:41:21,746:53] not p1
[2021-12-08 23:41:21,746:55] p4
[2021-12-08 23:41:21,746:55] p4
[2021-12-08 23:41:21,746:57] p5
[2021-12-08 23:41:21,746:57] p5
[2021-12-08 23:41:21,746:57] p5
[2021-12-08 23:41:21,746:57] p5
[2021-12-08 23:41:21,747:41] p3
[2021-12-08 23:41:21,747:43] p1
[2021-12-08 23:41:21,747:51] p1 and not p2
[2021-12-08 23:41:21,747:55] p4
[2021-12-08 23:41:21,747:55] p4
[2021-12-08 23:41:21,747:57] p5
[2021-12-08 23:41:21,747:55] p4
[2021-12-08 23:41:21,747:57] p5
[2021-12-08 23:41:21,747:57] p5
[2021-12-08 23:41:21,747:41] p3
[2021-12-08 23:41:21,747:53] not p1
[2021-12-08 23:41:21,747:41] p3
[2021-12-08 23:41:21,747:53] not p1
[2021-12-08 23:41:21,747:55] p4
[2021-12-08 23:41:21,747:58] top3
