[2021-12-08 23:41:21,753:16] top1
[2021-12-08 23:41:21,753:18] p1
[2021-12-08 23:41:21,753:20] p1 and p2
[2021-12-08 23:41:21,753:22] p1 and p2 and p3
[2021-12-08 23:41:21,753:24] p1 and p2 and p3 and p4
[2021-12-08 23:41:21,753:26] p1 and p2 and p3 and p4 and p5
[2021-12-08 23:41:21,753:38] top2
[2021-12-08 23:41:21,753:41] p3
[2021-12-08 23:41:21,754:53] not p1
[2021-12-08 23:41:21,754:41] p3
[2021-12-08 23:41:21,754:53] not p1
[2021-12-08 23:41:21,754:41] p3
[2021-12-08 23:41:21,754:53] not p1
[2021-12-08 23:41:21,754:55] p4
[2021-12-08 23:41:21,754:55] p4
[2021-12-08 23:41:21,754:41] p3
[2021-12-08 23:41:21,754:43] p1
[2021-12-08 23:41:21,754:45] p1 and p2
[2021-12-08 23:41:21,754:49] p1 and p2 and not p3
[2021-12-08 23:41:21,754:58] top3
