[2021-12-08 23:41:21,760:16] top1
[2021-12-08 23:41:21,760:36] not p1
[2021-12-08 23:41:21,760:38] top2
[2021-12-08 23:41:21,760:41] p3
[2021-12-08 23:41:21,760:53] not p1
[2021-12-08 23:41:21,760:55] p4
[2021-12-08 23:41:21,760:57] p5
[2021-12-08 23:41:21,760:57] p5
[2021-12-08 23:41:21,760:55] p4
[2021-12-08 23:41:21,760:55] p4
[2021-12-08 23:41:21,761:41] p3
[2021-12-08 23:41:21,761:53] not p1
[2021-12-08 23:41:21,761:55] p4
[2021-12-08 23:41:21,761:57] p5
[2021-12-08 23:41:21,761:41] p3
[2021-12-08 23:41:21,761:43] p1
[2021-12-08 23:41:21,761:51] p1 and not p2
[2021-12-08 23:41:21,761:41] p3
[2021-12-08 23:41:21,761:43] p1
[2021-12-08 23:41:21,761:45] p1 and p2
[2021-12-08 23:41:21,761:47] p1 and p2 and p3
[2021-12-08 23:41:21,761:41] p3
[2021-12-08 23:41:21,761:53] not p1
[2021-12-08 23:41:21,761:55] p4
[2021-12-08 23:41:21,761:55] p4
[2021-12-08 23:41:21,761:55] p4
[2021-12-08 23:41:21,761:55] p4
[2021-12-08 23:41:21,761:55] p4
[2021-12-08 23:41:21,761:55] p4
[2021-12-08 23:41:21,761:57] p5
[2021-12-08 23:41:21,762:57] p5
[2021-12-08 23:41:21,762:57] p5
[2021-12-08 23:41:21,762:57] p5
[2021-12-08 23:41:21,762:58] top3
