[2021-12-08 23:41:21,773:16] top1
[2021-12-08 23:41:21,773:36] not p1
[2021-12-08 23:41:21,773:38] top2
[2021-12-08 23:41:21,774:41] p3
[2021-12-08 23:41:21,774:53] not p1
[2021-12-08 23:41:21,774:41] p3
[2021-12-08 23:41:21,774:53] not p1
[2021-12-08 23:41:21,774:41] p3
[2021-12-08 23:41:21,775:53] not p1
[2021-12-08 23:41:21,775:55] p4
[2021-12-08 23:41:21,775:57] p5
[2021-12-08 23:41:21,775:57] p5
[2021-12-08 23:41:21,775:55] p4
[2021-12-08 23:41:21,775:57] p5
[2021-12-08 23:41:21,775:55] p4
[2021-12-08 23:41:21,775:57] p5
[2021-12-08 23:41:21,775:57] p5
[2021-12-08 23:41:21,775:57] p5
[2021-12-08 23:41:21,775:57] p5
[2021-12-08 23:41:21,775:57] p5
[2021-12-08 23:41:21,775:57] p5
[2021-12-08 23:41:21,776:57] p5
[2021-12-08 23:41:21,776:57] p5
[2021-12-08 23:41:21,776:41] p3
[2021-12-08 23:41:21,776:43] p1
[2021-12-08 23:41:21,776:45] p1 and p2
[2021-12-08 23:41:21,776:47] p1 and p2 and p3
[2021-12-08 23:41:21,776:55] p4
[2021-12-08 23:41:21,776:57] p5
[2021-12-08 23:41:21,776:58] top3
