[2021-12-08 23:41:21,800:16] top1
[2021-12-08 23:41:21,800:18] p1
[2021-12-08 23:41:21,800:20] p1 and p2
[2021-12-08 23:41:21,800:32] p1 and p2 and not p3
[2021-12-08 23:41:21,800:38] top2
[2021-12-08 23:41:21,800:41] p3
[2021-12-08 23:41:21,800:43] p1
[2021-12-08 23:41:21,801:51] p1 and not p2
[2021-12-08 23:41:21,801:41] p3
[2021-12-08 23:41:21,801:53] not p1
[2021-12-08 23:41:21,801:55] p4
[2021-12-08 23:41:21,801:57] p5
[2021-12-08 23:41:21,801:41] p3
[2021-12-08 23:41:21,801:43] p1
[2021-12-08 23:41:21,801:45] p1 and p2
[2021-12-08 23:41:21,801:49] p1 and p2 and not p3
[2021-12-08 23:41:21,801:55] p4
[2021-12-08 23:41:21,801:57] p5
[2021-12-08 23:41:21,801:57] p5
[2021-12-08 23:41:21,801:57] p5
[2021-12-08 23:41:21,801:57] p5
[2021-12-08 23:41:21,801:57] p5
[2021-12-08 23:41:21,801:57] p5
[2021-12-08 23:41:21,802:57] p5
[2021-12-08 23:41:21,802:41] p3
[2021-12-08 23:41:21,802:43] p1
[2021-12-08 23:41:21,802:45] p1 and p2
[2021-12-08 23:41:21,802:49] p1 and p2 and not p3
[2021-12-08 23:41:21,802:55] p4
[2021-12-08 23:41:21,802:58] top3
