[2021-12-08 23:41:21,803:16] top1
[2021-12-08 23:41:21,804:36] not p1
[2021-12-08 23:41:21,804:38] top2
[2021-12-08 23:41:21,804:41] p3
[2021-12-08 23:41:21,804:53] not p1
[2021-12-08 23:41:21,804:55] p4
[2021-12-08 23:41:21,804:57] p5
[2021-12-08 23:41:21,804:55] p4
[2021-12-08 23:41:21,804:57] p5
[2021-12-08 23:41:21,804:55] p4
[2021-12-08 23:41:21,804:57] p5
[2021-12-08 23:41:21,804:57] p5
[2021-12-08 23:41:21,804:41] p3
[2021-12-08 23:41:21,804:43] p1
[2021-12-08 23:41:21,804:45] p1 and p2
[2021-12-08 23:41:21,804:49] p1 and p2 and not p3
[2021-12-08 23:41:21,805:55] p4
[2021-12-08 23:41:21,805:57] p5
[2021-12-08 23:41:21,805:55] p4
[2021-12-08 23:41:21,805:41] p3
[2021-12-08 23:41:21,805:43] p1
[2021-12-08 23:41:21,805:51] p1 and not p2
[2021-12-08 23:41:21,805:55] p4
[2021-12-08 23:41:21,805:57] p5
[2021-12-08 23:41:21,805:57] p5
[2021-12-08 23:41:21,805:57] p5
[2021-12-08 23:41:21,805:57] p5
[2021-12-08 23:41:21,805:57] p5
[2021-12-08 23:41:21,805:41] p3
[2021-12-08 23:41:21,805:53] not p1
[2021-12-08 23:41:21,805:41] p3
[2021-12-08 23:41:21,806:53] not p1
[2021-12-08 23:41:21,806:58] top3
