[2021-12-08 23:41:21,825:16] top1
[2021-12-08 23:41:21,825:18] p1
[2021-12-08 23:41:21,825:20] p1 and p2
[2021-12-08 23:41:21,825:32] p1 and p2 and not p3
[2021-12-08 23:41:21,825:38] top2
[2021-12-08 23:41:21,825:41] p3
[2021-12-08 23:41:21,826:53] not p1
[2021-12-08 23:41:21,826:55] p4
[2021-12-08 23:41:21,826:55] p4
[2021-12-08 23:41:21,826:55] p4
[2021-12-08 23:41:21,826:55] p4
[2021-12-08 23:41:21,826:55] p4
[2021-12-08 23:41:21,826:57] p5
[2021-12-08 23:41:21,826:57] p5
[2021-12-08 23:41:21,826:41] p3
[2021-12-08 23:41:21,826:43] p1
[2021-12-08 23:41:21,826:45] p1 and p2
[2021-12-08 23:41:21,826:49] p1 and p2 and not p3
[2021-12-08 23:41:21,826:55] p4
[2021-12-08 23:41:21,827:57] p5
[2021-12-08 23:41:21,827:55] p4
[2021-12-08 23:41:21,827:57] p5
[2021-12-08 23:41:21,827:57] p5
[2021-12-08 23:41:21,827:57] p5
[2021-12-08 23:41:21,827:55] p4
[2021-12-08 23:41:21,827:55] p4
[2021-12-08 23:41:21,827:57] p5
[2021-12-08 23:41:21,827:57] p5
[2021-12-08 23:41:21,827:57] p5
[2021-12-08 23:41:21,827:55] p4
[2021-12-08 23:41:21,827:55] p4
[2021-12-08 23:41:21,827:55] p4
[2021-12-08 23:41:21,827:58] top3
