[2021-12-08 23:41:21,845:16] top1
[2021-12-08 23:41:21,845:18] p1
[2021-12-08 23:41:21,846:20] p1 and p2
[2021-12-08 23:41:21,846:22] p1 and p2 and p3
[2021-12-08 23:41:21,846:30] p1 and p2 and p3 and not p4
[2021-12-08 23:41:21,846:38] top2
[2021-12-08 23:41:21,846:41] p3
[2021-12-08 23:41:21,846:53] not p1
[2021-12-08 23:41:21,846:55] p4
[2021-12-08 23:41:21,846:55] p4
[2021-12-08 23:41:21,846:41] p3
[2021-12-08 23:41:21,846:53] not p1
[2021-12-08 23:41:21,847:55] p4
[2021-12-08 23:41:21,847:41] p3
[2021-12-08 23:41:21,847:53] not p1
[2021-12-08 23:41:21,847:55] p4
[2021-12-08 23:41:21,847:41] p3
[2021-12-08 23:41:21,847:53] not p1
[2021-12-08 23:41:21,847:41] p3
[2021-12-08 23:41:21,847:43] p1
[2021-12-08 23:41:21,847:51] p1 and not p2
[2021-12-08 23:41:21,847:55] p4
[2021-12-08 23:41:21,847:57] p5
[2021-12-08 23:41:21,847:57] p5
[2021-12-08 23:41:21,847:57] p5
[2021-12-08 23:41:21,848:57] p5
[2021-12-08 23:41:21,848:55] p4
[2021-12-08 23:41:21,848:57] p5
[2021-12-08 23:41:21,848:57] p5
[2021-12-08 23:41:21,848:57] p5
[2021-12-08 23:41:21,848:57] p5
[2021-12-08 23:41:21,848:58] top3
