[2021-12-08 23:41:21,852:16] top1
[2021-12-08 23:41:21,852:18] p1
[2021-12-08 23:41:21,852:34] p1 and not p2
[2021-12-08 23:41:21,853:38] top2
[2021-12-08 23:41:21,853:41] p3
[2021-12-08 23:41:21,853:53] not p1
[2021-12-08 23:41:21,853:55] p4
[2021-12-08 23:41:21,853:57] p5
[2021-12-08 23:41:21,853:57] p5
[2021-12-08 23:41:21,853:57] p5
[2021-12-08 23:41:21,853:57] p5
[2021-12-08 23:41:21,853:57] p5
[2021-12-08 23:41:21,853:57] p5
[2021-12-08 23:41:21,854:57] p5
[2021-12-08 23:41:21,854:41] p3
[2021-12-08 23:41:21,854:43] p1
[2021-12-08 23:41:21,854:51] p1 and not p2
[2021-12-08 23:41:21,854:41] p3
[2021-12-08 23:41:21,854:43] p1
[2021-12-08 23:41:21,854:45] p1 and p2
[2021-12-08 23:41:21,854:49] p1 and p2 and not p3
[2021-12-08 23:41:21,854:41] p3
[2021-12-08 23:41:21,854:53] not p1
[2021-12-08 23:41:21,854:55] p4
[2021-12-08 23:41:21,855:58] top3
