[2021-12-08 23:41:21,865:16] top1
[2021-12-08 23:41:21,865:18] p1
[2021-12-08 23:41:21,865:20] p1 and p2
[2021-12-08 23:41:21,865:32] p1 and p2 and not p3
[2021-12-08 23:41:21,866:38] top2
[2021-12-08 23:41:21,866:41] p3
[2021-12-08 23:41:21,866:43] p1
[2021-12-08 23:41:21,866:45] p1 and p2
[2021-12-08 23:41:21,866:49] p1 and p2 and not p3
[2021-12-08 23:41:21,866:41] p3
[2021-12-08 23:41:21,866:43] p1
[2021-12-08 23:41:21,866:51] p1 and not p2
[2021-12-08 23:41:21,866:55] p4
[2021-12-08 23:41:21,866:57] p5
[2021-12-08 23:41:21,866:55] p4
[2021-12-08 23:41:21,866:57] p5
[2021-12-08 23:41:21,866:57] p5
[2021-12-08 23:41:21,866:55] p4
[2021-12-08 23:41:21,866:41] p3
[2021-12-08 23:41:21,867:43] p1
[2021-12-08 23:41:21,867:45] p1 and p2
[2021-12-08 23:41:21,867:47] p1 and p2 and p3
[2021-12-08 23:41:21,867:55] p4
[2021-12-08 23:41:21,867:57] p5
[2021-12-08 23:41:21,867:57] p5
[2021-12-08 23:41:21,867:57] p5
[2021-12-08 23:41:21,867:55] p4
[2021-12-08 23:41:21,867:57] p5
[2021-12-08 23:41:21,867:57] p5
[2021-12-08 23:41:21,867:41] p3
[2021-12-08 23:41:21,867:53] not p1
[2021-12-08 23:41:21,867:55] p4
[2021-12-08 23:41:21,867:55] p4
[2021-12-08 23:41:21,867:57] p5
[2021-12-08 23:41:21,868:57] p5
[2021-12-08 23:41:21,868:57] p5
[2021-12-08 23:41:21,868:41] p3
[2021-12-08 23:41:21,868:53] not p1
[2021-12-08 23:41:21,868:55] p4
[2021-12-08 23:41:21,868:57] p5
[2021-12-08 23:41:21,868:57] p5
[2021-12-08 23:41:21,868:57] p5
[2021-12-08 23:41:21,868:41] p3
[2021-12-08 23:41:21,868:53] not p1
[2021-12-08 23:41:21,868:55] p4
[2021-12-08 23:41:21,868:55] p4
[2021-12-08 23:41:21,868:57] p5
[2021-12-08 23:41:21,868:55] p4
[2021-12-08 23:41:21,868:57] p5
[2021-12-08 23:41:21,868:58] top3
