[2021-12-08 23:41:21,904:16] top1
[2021-12-08 23:41:21,904:36] not p1
[2021-12-08 23:41:21,904:38] top2
[2021-12-08 23:41:21,904:41] p3
[2021-12-08 23:41:21,904:53] not p1
[2021-12-08 23:41:21,904:41] p3
[2021-12-08 23:41:21,904:43] p1
[2021-12-08 23:41:21,904:51] p1 and not p2
[2021-12-08 23:41:21,904:55] p4
[2021-12-08 23:41:21,904:41] p3
[2021-12-08 23:41:21,904:53] not p1
[2021-12-08 23:41:21,905:55] p4
[2021-12-08 23:41:21,905:57] p5
[2021-12-08 23:41:21,905:55] p4
[2021-12-08 23:41:21,905:57] p5
[2021-12-08 23:41:21,905:41] p3
[2021-12-08 23:41:21,905:53] not p1
[2021-12-08 23:41:21,905:41] p3
[2021-12-08 23:41:21,905:43] p1
[2021-12-08 23:41:21,905:45] p1 and p2
[2021-12-08 23:41:21,905:49] p1 and p2 and not p3
[2021-12-08 23:41:21,905:41] p3
[2021-12-08 23:41:21,905:43] p1
[2021-12-08 23:41:21,905:51] p1 and not p2
[2021-12-08 23:41:21,905:55] p4
[2021-12-08 23:41:21,905:55] p4
[2021-12-08 23:41:21,905:58] top3
