[2021-12-08 23:41:21,910:16] top1
[2021-12-08 23:41:21,910:36] not p1
[2021-12-08 23:41:21,910:38] top2
[2021-12-08 23:41:21,910:41] p3
[2021-12-08 23:41:21,910:53] not p1
[2021-12-08 23:41:21,910:55] p4
[2021-12-08 23:41:21,910:41] p3
[2021-12-08 23:41:21,910:43] p1
[2021-12-08 23:41:21,911:45] p1 and p2
[2021-12-08 23:41:21,911:49] p1 and p2 and not p3
[2021-12-08 23:41:21,911:55] p4
[2021-12-08 23:41:21,911:55] p4
[2021-12-08 23:41:21,911:57] p5
[2021-12-08 23:41:21,911:57] p5
[2021-12-08 23:41:21,911:55] p4
[2021-12-08 23:41:21,911:41] p3
[2021-12-08 23:41:21,911:43] p1
[2021-12-08 23:41:21,911:51] p1 and not p2
[2021-12-08 23:41:21,911:55] p4
[2021-12-08 23:41:21,911:41] p3
[2021-12-08 23:41:21,912:53] not p1
[2021-12-08 23:41:21,912:55] p4
[2021-12-08 23:41:21,912:55] p4
[2021-12-08 23:41:21,912:41] p3
[2021-12-08 23:41:21,912:43] p1
[2021-12-08 23:41:21,912:51] p1 and not p2
[2021-12-08 23:41:21,912:41] p3
[2021-12-08 23:41:21,912:43] p1
[2021-12-08 23:41:21,912:51] p1 and not p2
[2021-12-08 23:41:21,912:55] p4
[2021-12-08 23:41:21,912:57] p5
[2021-12-08 23:41:21,912:57] p5
[2021-12-08 23:41:21,912:57] p5
[2021-12-08 23:41:21,912:57] p5
[2021-12-08 23:41:21,912:57] p5
[2021-12-08 23:41:21,912:57] p5
[2021-12-08 23:41:21,912:57] p5
[2021-12-08 23:41:21,912:58] top3
