[2021-12-08 23:41:21,918:16] top1
[2021-12-08 23:41:21,918:18] p1
[2021-12-08 23:41:21,918:20] p1 and p2
[2021-12-08 23:41:21,918:32] p1 and p2 and not p3
[2021-12-08 23:41:21,918:38] top2
[2021-12-08 23:41:21,918:41] p3
[2021-12-08 23:41:21,918:53] not p1
[2021-12-08 23:41:21,918:55] p4
[2021-12-08 23:41:21,918:57] p5
[2021-12-08 23:41:21,918:57] p5
[2021-12-08 23:41:21,918:55] p4
[2021-12-08 23:41:21,918:55] p4
[2021-12-08 23:41:21,918:55] p4
[2021-12-08 23:41:21,918:57] p5
[2021-12-08 23:41:21,918:55] p4
[2021-12-08 23:41:21,918:57] p5
[2021-12-08 23:41:21,918:57] p5
[2021-12-08 23:41:21,918:57] p5
[2021-12-08 23:41:21,919:55] p4
[2021-12-08 23:41:21,919:55] p4
[2021-12-08 23:41:21,919:55] p4
[2021-12-08 23:41:21,919:57] p5
[2021-12-08 23:41:21,919:57] p5
[2021-12-08 23:41:21,919:58] top3
