[2021-12-08 23:41:21,938:16] top1
[2021-12-08 23:41:21,938:36] not p1
[2021-12-08 23:41:21,938:38] top2
[2021-12-08 23:41:21,938:41] p3
[2021-12-08 23:41:21,938:53] not p1
[2021-12-08 23:41:21,938:55] p4
[2021-12-08 23:41:21,938:57] p5
[2021-12-08 23:41:21,938:57] p5
[2021-12-08 23:41:21,938:41] p3
[2021-12-08 23:41:21,938:53] not p1
[2021-12-08 23:41:21,939:41] p3
[2021-12-08 23:41:21,939:43] p1
[2021-12-08 23:41:21,939:51] p1 and not p2
[2021-12-08 23:41:21,939:41] p3
[2021-12-08 23:41:21,939:53] not p1
[2021-12-08 23:41:21,939:41] p3
[2021-12-08 23:41:21,939:43] p1
[2021-12-08 23:41:21,939:45] p1 and p2
[2021-12-08 23:41:21,939:49] p1 and p2 and not p3
[2021-12-08 23:41:21,939:41] p3
[2021-12-08 23:41:21,939:53] not p1
[2021-12-08 23:41:21,939:55] p4
[2021-12-08 23:41:21,939:57] p5
[2021-12-08 23:41:21,939:41] p3
[2021-12-08 23:41:21,939:53] not p1
[2021-12-08 23:41:21,939:55] p4
[2021-12-08 23:41:21,939:58] top3
