[2021-12-08 23:41:19,049:16] top1
[2021-12-08 23:41:19,049:18] p1
[2021-12-08 23:41:19,049:20] p1 and p2
[2021-12-08 23:41:19,049:22] p1 and p2 and p3
[2021-12-08 23:41:19,049:24] p1 and p2 and p3 and p4
[2021-12-08 23:41:19,049:28] p1 and p2 and p3 and p4 and not p5
[2021-12-08 23:41:19,049:38] top2
[2021-12-08 23:41:19,049:41] p3
[2021-12-08 23:41:19,049:43] p1
[2021-12-08 23:41:19,049:51] p1 and not p2
[2021-12-08 23:41:19,050:55] p4
[2021-12-08 23:41:19,050:41] p3
[2021-12-08 23:41:19,050:43] p1
[2021-12-08 23:41:19,050:45] p1 and p2
[2021-12-08 23:41:19,050:49] p1 and p2 and not p3
[2021-12-08 23:41:19,050:55] p4
[2021-12-08 23:41:19,050:55] p4
[2021-12-08 23:41:19,050:57] p5
[2021-12-08 23:41:19,050:55] p4
[2021-12-08 23:41:19,050:41] p3
[2021-12-08 23:41:19,050:53] not p1
[2021-12-08 23:41:19,050:41] p3
[2021-12-08 23:41:19,050:43] p1
[2021-12-08 23:41:19,051:51] p1 and not p2
[2021-12-08 23:41:19,051:55] p4
[2021-12-08 23:41:19,051:41] p3
[2021-12-08 23:41:19,051:43] p1
[2021-12-08 23:41:19,051:45] p1 and p2
[2021-12-08 23:41:19,051:49] p1 and p2 and not p3
[2021-12-08 23:41:19,051:55] p4
[2021-12-08 23:41:19,051:57] p5
[2021-12-08 23:41:19,051:57] p5
[2021-12-08 23:41:19,051:58] top3
