[2021-12-08 23:41:21,995:16] top1
[2021-12-08 23:41:21,995:18] p1
[2021-12-08 23:41:21,995:20] p1 and p2
[2021-12-08 23:41:21,995:32] p1 and p2 and not p3
[2021-12-08 23:41:21,995:38] top2
[2021-12-08 23:41:21,995:41] p3
[2021-12-08 23:41:21,995:43] p1
[2021-12-08 23:41:21,995:45] p1 and p2
[2021-12-08 23:41:21,995:49] p1 and p2 and not p3
[2021-12-08 23:41:21,995:55] p4
[2021-12-08 23:41:21,995:41] p3
[2021-12-08 23:41:21,995:53] not p1
[2021-12-08 23:41:21,995:55] p4
[2021-12-08 23:41:21,995:41] p3
[2021-12-08 23:41:21,995:43] p1
[2021-12-08 23:41:21,995:51] p1 and not p2
[2021-12-08 23:41:21,995:41] p3
[2021-12-08 23:41:21,996:53] not p1
[2021-12-08 23:41:21,996:55] p4
[2021-12-08 23:41:21,996:57] p5
[2021-12-08 23:41:21,996:55] p4
[2021-12-08 23:41:21,996:55] p4
[2021-12-08 23:41:21,996:58] top3
