[2021-12-08 23:41:22,001:16] top1
[2021-12-08 23:41:22,001:18] p1
[2021-12-08 23:41:22,001:34] p1 and not p2
[2021-12-08 23:41:22,001:38] top2
[2021-12-08 23:41:22,001:41] p3
[2021-12-08 23:41:22,001:43] p1
[2021-12-08 23:41:22,001:45] p1 and p2
[2021-12-08 23:41:22,001:49] p1 and p2 and not p3
[2021-12-08 23:41:22,001:41] p3
[2021-12-08 23:41:22,001:43] p1
[2021-12-08 23:41:22,001:51] p1 and not p2
[2021-12-08 23:41:22,001:55] p4
[2021-12-08 23:41:22,001:57] p5
[2021-12-08 23:41:22,001:57] p5
[2021-12-08 23:41:22,001:55] p4
[2021-12-08 23:41:22,001:57] p5
[2021-12-08 23:41:22,001:55] p4
[2021-12-08 23:41:22,001:57] p5
[2021-12-08 23:41:22,002:55] p4
[2021-12-08 23:41:22,002:55] p4
[2021-12-08 23:41:22,002:41] p3
[2021-12-08 23:41:22,002:43] p1
[2021-12-08 23:41:22,002:45] p1 and p2
[2021-12-08 23:41:22,002:47] p1 and p2 and p3
[2021-12-08 23:41:22,002:55] p4
[2021-12-08 23:41:22,002:57] p5
[2021-12-08 23:41:22,002:55] p4
[2021-12-08 23:41:22,002:57] p5
[2021-12-08 23:41:22,002:57] p5
[2021-12-08 23:41:22,002:55] p4
[2021-12-08 23:41:22,002:55] p4
[2021-12-08 23:41:22,002:57] p5
[2021-12-08 23:41:22,002:41] p3
[2021-12-08 23:41:22,002:43] p1
[2021-12-08 23:41:22,002:51] p1 and not p2
[2021-12-08 23:41:22,002:55] p4
[2021-12-08 23:41:22,002:57] p5
[2021-12-08 23:41:22,002:58] top3
