[2021-12-08 23:41:22,003:16] top1
[2021-12-08 23:41:22,003:18] p1
[2021-12-08 23:41:22,003:20] p1 and p2
[2021-12-08 23:41:22,003:32] p1 and p2 and not p3
[2021-12-08 23:41:22,003:38] top2
[2021-12-08 23:41:22,003:41] p3
[2021-12-08 23:41:22,003:53] not p1
[2021-12-08 23:41:22,003:55] p4
[2021-12-08 23:41:22,003:41] p3
[2021-12-08 23:41:22,003:53] not p1
[2021-12-08 23:41:22,003:41] p3
[2021-12-08 23:41:22,003:53] not p1
[2021-12-08 23:41:22,004:55] p4
[2021-12-08 23:41:22,004:55] p4
[2021-12-08 23:41:22,004:57] p5
[2021-12-08 23:41:22,004:41] p3
[2021-12-08 23:41:22,004:43] p1
[2021-12-08 23:41:22,004:51] p1 and not p2
[2021-12-08 23:41:22,004:55] p4
[2021-12-08 23:41:22,004:58] top3
