[2021-12-08 23:41:22,004:16] top1
[2021-12-08 23:41:22,004:36] not p1
[2021-12-08 23:41:22,004:38] top2
[2021-12-08 23:41:22,004:41] p3
[2021-12-08 23:41:22,005:53] not p1
[2021-12-08 23:41:22,005:55] p4
[2021-12-08 23:41:22,005:57] p5
[2021-12-08 23:41:22,005:55] p4
[2021-12-08 23:41:22,005:55] p4
[2021-12-08 23:41:22,005:55] p4
[2021-12-08 23:41:22,005:55] p4
[2021-12-08 23:41:22,005:55] p4
[2021-12-08 23:41:22,005:55] p4
[2021-12-08 23:41:22,005:41] p3
[2021-12-08 23:41:22,005:53] not p1
[2021-12-08 23:41:22,005:41] p3
[2021-12-08 23:41:22,005:43] p1
[2021-12-08 23:41:22,005:51] p1 and not p2
[2021-12-08 23:41:22,005:41] p3
[2021-12-08 23:41:22,005:43] p1
[2021-12-08 23:41:22,005:45] p1 and p2
[2021-12-08 23:41:22,005:47] p1 and p2 and p3
[2021-12-08 23:41:22,005:41] p3
[2021-12-08 23:41:22,005:53] not p1
[2021-12-08 23:41:22,006:55] p4
[2021-12-08 23:41:22,006:55] p4
[2021-12-08 23:41:22,006:57] p5
[2021-12-08 23:41:22,006:58] top3
