[2021-12-08 23:41:22,027:16] top1
[2021-12-08 23:41:22,027:18] p1
[2021-12-08 23:41:22,027:20] p1 and p2
[2021-12-08 23:41:22,028:32] p1 and p2 and not p3
[2021-12-08 23:41:22,028:38] top2
[2021-12-08 23:41:22,028:41] p3
[2021-12-08 23:41:22,028:43] p1
[2021-12-08 23:41:22,028:51] p1 and not p2
[2021-12-08 23:41:22,028:55] p4
[2021-12-08 23:41:22,028:57] p5
[2021-12-08 23:41:22,028:57] p5
[2021-12-08 23:41:22,028:57] p5
[2021-12-08 23:41:22,028:41] p3
[2021-12-08 23:41:22,028:53] not p1
[2021-12-08 23:41:22,028:55] p4
[2021-12-08 23:41:22,028:57] p5
[2021-12-08 23:41:22,028:55] p4
[2021-12-08 23:41:22,028:57] p5
[2021-12-08 23:41:22,028:57] p5
[2021-12-08 23:41:22,028:57] p5
[2021-12-08 23:41:22,028:57] p5
[2021-12-08 23:41:22,028:57] p5
[2021-12-08 23:41:22,028:55] p4
[2021-12-08 23:41:22,029:41] p3
[2021-12-08 23:41:22,029:53] not p1
[2021-12-08 23:41:22,029:58] top3
