[2021-12-08 23:41:22,069:16] top1
[2021-12-08 23:41:22,069:18] p1
[2021-12-08 23:41:22,069:20] p1 and p2
[2021-12-08 23:41:22,069:32] p1 and p2 and not p3
[2021-12-08 23:41:22,069:38] top2
[2021-12-08 23:41:22,069:41] p3
[2021-12-08 23:41:22,069:53] not p1
[2021-12-08 23:41:22,069:55] p4
[2021-12-08 23:41:22,070:57] p5
[2021-12-08 23:41:22,070:57] p5
[2021-12-08 23:41:22,070:57] p5
[2021-12-08 23:41:22,070:57] p5
[2021-12-08 23:41:22,070:55] p4
[2021-12-08 23:41:22,070:55] p4
[2021-12-08 23:41:22,070:57] p5
[2021-12-08 23:41:22,070:57] p5
[2021-12-08 23:41:22,070:57] p5
[2021-12-08 23:41:22,070:57] p5
[2021-12-08 23:41:22,070:41] p3
[2021-12-08 23:41:22,070:53] not p1
[2021-12-08 23:41:22,070:41] p3
[2021-12-08 23:41:22,070:53] not p1
[2021-12-08 23:41:22,070:55] p4
[2021-12-08 23:41:22,070:57] p5
[2021-12-08 23:41:22,070:41] p3
[2021-12-08 23:41:22,070:43] p1
[2021-12-08 23:41:22,070:45] p1 and p2
[2021-12-08 23:41:22,070:47] p1 and p2 and p3
[2021-12-08 23:41:22,070:55] p4
[2021-12-08 23:41:22,070:55] p4
[2021-12-08 23:41:22,070:57] p5
[2021-12-08 23:41:22,071:41] p3
[2021-12-08 23:41:22,071:43] p1
[2021-12-08 23:41:22,071:51] p1 and not p2
[2021-12-08 23:41:22,071:41] p3
[2021-12-08 23:41:22,071:43] p1
[2021-12-08 23:41:22,071:51] p1 and not p2
[2021-12-08 23:41:22,071:41] p3
[2021-12-08 23:41:22,071:43] p1
[2021-12-08 23:41:22,071:51] p1 and not p2
[2021-12-08 23:41:22,071:58] top3
