[2021-12-08 23:41:22,098:16] top1
[2021-12-08 23:41:22,098:36] not p1
[2021-12-08 23:41:22,098:38] top2
[2021-12-08 23:41:22,098:41] p3
[2021-12-08 23:41:22,098:53] not p1
[2021-12-08 23:41:22,098:55] p4
[2021-12-08 23:41:22,098:55] p4
[2021-12-08 23:41:22,099:57] p5
[2021-12-08 23:41:22,099:41] p3
[2021-12-08 23:41:22,099:53] not p1
[2021-12-08 23:41:22,099:41] p3
[2021-12-08 23:41:22,099:43] p1
[2021-12-08 23:41:22,099:45] p1 and p2
[2021-12-08 23:41:22,099:49] p1 and p2 and not p3
[2021-12-08 23:41:22,099:55] p4
[2021-12-08 23:41:22,099:55] p4
[2021-12-08 23:41:22,100:57] p5
[2021-12-08 23:41:22,100:57] p5
[2021-12-08 23:41:22,100:55] p4
[2021-12-08 23:41:22,100:57] p5
[2021-12-08 23:41:22,100:57] p5
[2021-12-08 23:41:22,100:57] p5
[2021-12-08 23:41:22,100:41] p3
[2021-12-08 23:41:22,100:43] p1
[2021-12-08 23:41:22,100:45] p1 and p2
[2021-12-08 23:41:22,100:47] p1 and p2 and p3
[2021-12-08 23:41:22,100:55] p4
[2021-12-08 23:41:22,100:41] p3
[2021-12-08 23:41:22,100:43] p1
[2021-12-08 23:41:22,101:51] p1 and not p2
[2021-12-08 23:41:22,101:41] p3
[2021-12-08 23:41:22,101:43] p1
[2021-12-08 23:41:22,101:51] p1 and not p2
[2021-12-08 23:41:22,101:55] p4
[2021-12-08 23:41:22,101:58] top3
