[2021-12-08 23:41:22,112:16] top1
[2021-12-08 23:41:22,112:18] p1
[2021-12-08 23:41:22,112:34] p1 and not p2
[2021-12-08 23:41:22,112:38] top2
[2021-12-08 23:41:22,112:41] p3
[2021-12-08 23:41:22,112:43] p1
[2021-12-08 23:41:22,112:45] p1 and p2
[2021-12-08 23:41:22,112:47] p1 and p2 and p3
[2021-12-08 23:41:22,112:41] p3
[2021-12-08 23:41:22,112:43] p1
[2021-12-08 23:41:22,113:51] p1 and not p2
[2021-12-08 23:41:22,113:55] p4
[2021-12-08 23:41:22,113:57] p5
[2021-12-08 23:41:22,113:57] p5
[2021-12-08 23:41:22,113:55] p4
[2021-12-08 23:41:22,113:41] p3
[2021-12-08 23:41:22,113:43] p1
[2021-12-08 23:41:22,113:51] p1 and not p2
[2021-12-08 23:41:22,113:55] p4
[2021-12-08 23:41:22,113:55] p4
[2021-12-08 23:41:22,113:57] p5
[2021-12-08 23:41:22,113:55] p4
[2021-12-08 23:41:22,113:57] p5
[2021-12-08 23:41:22,113:57] p5
[2021-12-08 23:41:22,113:57] p5
[2021-12-08 23:41:22,113:57] p5
[2021-12-08 23:41:22,113:57] p5
[2021-12-08 23:41:22,114:55] p4
[2021-12-08 23:41:22,114:57] p5
[2021-12-08 23:41:22,114:41] p3
[2021-12-08 23:41:22,114:53] not p1
[2021-12-08 23:41:22,114:55] p4
[2021-12-08 23:41:22,114:57] p5
[2021-12-08 23:41:22,114:58] top3
