[2021-12-08 23:41:22,122:16] top1
[2021-12-08 23:41:22,122:36] not p1
[2021-12-08 23:41:22,122:38] top2
[2021-12-08 23:41:22,122:41] p3
[2021-12-08 23:41:22,122:43] p1
[2021-12-08 23:41:22,122:45] p1 and p2
[2021-12-08 23:41:22,122:47] p1 and p2 and p3
[2021-12-08 23:41:22,122:55] p4
[2021-12-08 23:41:22,122:57] p5
[2021-12-08 23:41:22,122:41] p3
[2021-12-08 23:41:22,122:43] p1
[2021-12-08 23:41:22,122:45] p1 and p2
[2021-12-08 23:41:22,122:49] p1 and p2 and not p3
[2021-12-08 23:41:22,122:55] p4
[2021-12-08 23:41:22,122:55] p4
[2021-12-08 23:41:22,122:55] p4
[2021-12-08 23:41:22,123:57] p5
[2021-12-08 23:41:22,123:57] p5
[2021-12-08 23:41:22,123:55] p4
[2021-12-08 23:41:22,123:58] top3
