[2021-12-08 23:41:22,127:16] top1
[2021-12-08 23:41:22,127:18] p1
[2021-12-08 23:41:22,128:20] p1 and p2
[2021-12-08 23:41:22,128:22] p1 and p2 and p3
[2021-12-08 23:41:22,128:24] p1 and p2 and p3 and p4
[2021-12-08 23:41:22,128:28] p1 and p2 and p3 and p4 and not p5
[2021-12-08 23:41:22,128:38] top2
[2021-12-08 23:41:22,128:41] p3
[2021-12-08 23:41:22,128:53] not p1
[2021-12-08 23:41:22,128:55] p4
[2021-12-08 23:41:22,128:55] p4
[2021-12-08 23:41:22,128:57] p5
[2021-12-08 23:41:22,128:55] p4
[2021-12-08 23:41:22,128:57] p5
[2021-12-08 23:41:22,128:55] p4
[2021-12-08 23:41:22,128:57] p5
[2021-12-08 23:41:22,128:57] p5
[2021-12-08 23:41:22,128:57] p5
[2021-12-08 23:41:22,128:41] p3
[2021-12-08 23:41:22,128:53] not p1
[2021-12-08 23:41:22,128:41] p3
[2021-12-08 23:41:22,128:43] p1
[2021-12-08 23:41:22,128:45] p1 and p2
[2021-12-08 23:41:22,129:47] p1 and p2 and p3
[2021-12-08 23:41:22,129:41] p3
[2021-12-08 23:41:22,129:43] p1
[2021-12-08 23:41:22,129:51] p1 and not p2
[2021-12-08 23:41:22,129:58] top3
