[2021-12-08 23:41:22,131:16] top1
[2021-12-08 23:41:22,131:18] p1
[2021-12-08 23:41:22,131:20] p1 and p2
[2021-12-08 23:41:22,131:22] p1 and p2 and p3
[2021-12-08 23:41:22,131:30] p1 and p2 and p3 and not p4
[2021-12-08 23:41:22,131:38] top2
[2021-12-08 23:41:22,132:41] p3
[2021-12-08 23:41:22,132:43] p1
[2021-12-08 23:41:22,132:51] p1 and not p2
[2021-12-08 23:41:22,132:55] p4
[2021-12-08 23:41:22,132:57] p5
[2021-12-08 23:41:22,132:55] p4
[2021-12-08 23:41:22,132:55] p4
[2021-12-08 23:41:22,132:55] p4
[2021-12-08 23:41:22,132:55] p4
[2021-12-08 23:41:22,132:57] p5
[2021-12-08 23:41:22,132:55] p4
[2021-12-08 23:41:22,132:57] p5
[2021-12-08 23:41:22,132:55] p4
[2021-12-08 23:41:22,132:58] top3
