[2021-12-08 23:41:19,090:16] top1
[2021-12-08 23:41:19,090:18] p1
[2021-12-08 23:41:19,091:34] p1 and not p2
[2021-12-08 23:41:19,091:38] top2
[2021-12-08 23:41:19,093:41] p3
[2021-12-08 23:41:19,093:43] p1
[2021-12-08 23:41:19,093:51] p1 and not p2
[2021-12-08 23:41:19,093:55] p4
[2021-12-08 23:41:19,093:57] p5
[2021-12-08 23:41:19,094:55] p4
[2021-12-08 23:41:19,094:41] p3
[2021-12-08 23:41:19,096:43] p1
[2021-12-08 23:41:19,096:45] p1 and p2
[2021-12-08 23:41:19,096:49] p1 and p2 and not p3
[2021-12-08 23:41:19,096:55] p4
[2021-12-08 23:41:19,096:57] p5
[2021-12-08 23:41:19,096:55] p4
[2021-12-08 23:41:19,097:55] p4
[2021-12-08 23:41:19,097:57] p5
[2021-12-08 23:41:19,097:58] top3
