[2021-12-08 23:41:22,145:16] top1
[2021-12-08 23:41:22,145:36] not p1
[2021-12-08 23:41:22,145:38] top2
[2021-12-08 23:41:22,145:41] p3
[2021-12-08 23:41:22,145:43] p1
[2021-12-08 23:41:22,145:45] p1 and p2
[2021-12-08 23:41:22,145:47] p1 and p2 and p3
[2021-12-08 23:41:22,145:55] p4
[2021-12-08 23:41:22,145:57] p5
[2021-12-08 23:41:22,145:57] p5
[2021-12-08 23:41:22,145:57] p5
[2021-12-08 23:41:22,145:57] p5
[2021-12-08 23:41:22,145:57] p5
[2021-12-08 23:41:22,145:57] p5
[2021-12-08 23:41:22,146:55] p4
[2021-12-08 23:41:22,146:41] p3
[2021-12-08 23:41:22,146:43] p1
[2021-12-08 23:41:22,146:45] p1 and p2
[2021-12-08 23:41:22,146:47] p1 and p2 and p3
[2021-12-08 23:41:22,146:58] top3
