[2021-12-08 23:41:22,153:16] top1
[2021-12-08 23:41:22,154:18] p1
[2021-12-08 23:41:22,154:20] p1 and p2
[2021-12-08 23:41:22,154:22] p1 and p2 and p3
[2021-12-08 23:41:22,154:24] p1 and p2 and p3 and p4
[2021-12-08 23:41:22,154:28] p1 and p2 and p3 and p4 and not p5
[2021-12-08 23:41:22,154:38] top2
[2021-12-08 23:41:22,154:41] p3
[2021-12-08 23:41:22,154:53] not p1
[2021-12-08 23:41:22,154:41] p3
[2021-12-08 23:41:22,154:43] p1
[2021-12-08 23:41:22,154:51] p1 and not p2
[2021-12-08 23:41:22,154:55] p4
[2021-12-08 23:41:22,154:57] p5
[2021-12-08 23:41:22,154:57] p5
[2021-12-08 23:41:22,154:55] p4
[2021-12-08 23:41:22,154:55] p4
[2021-12-08 23:41:22,155:57] p5
[2021-12-08 23:41:22,155:57] p5
[2021-12-08 23:41:22,155:57] p5
[2021-12-08 23:41:22,155:57] p5
[2021-12-08 23:41:22,155:57] p5
[2021-12-08 23:41:22,155:58] top3
