[2021-12-08 23:41:22,155:16] top1
[2021-12-08 23:41:22,155:18] p1
[2021-12-08 23:41:22,156:20] p1 and p2
[2021-12-08 23:41:22,156:22] p1 and p2 and p3
[2021-12-08 23:41:22,156:24] p1 and p2 and p3 and p4
[2021-12-08 23:41:22,156:26] p1 and p2 and p3 and p4 and p5
[2021-12-08 23:41:22,156:38] top2
[2021-12-08 23:41:22,156:41] p3
[2021-12-08 23:41:22,156:43] p1
[2021-12-08 23:41:22,156:45] p1 and p2
[2021-12-08 23:41:22,156:47] p1 and p2 and p3
[2021-12-08 23:41:22,156:55] p4
[2021-12-08 23:41:22,156:57] p5
[2021-12-08 23:41:22,156:55] p4
[2021-12-08 23:41:22,156:57] p5
[2021-12-08 23:41:22,156:57] p5
[2021-12-08 23:41:22,156:57] p5
[2021-12-08 23:41:22,156:57] p5
[2021-12-08 23:41:22,156:57] p5
[2021-12-08 23:41:22,156:55] p4
[2021-12-08 23:41:22,156:58] top3
