[2021-12-08 23:41:22,163:16] top1
[2021-12-08 23:41:22,163:36] not p1
[2021-12-08 23:41:22,163:38] top2
[2021-12-08 23:41:22,163:41] p3
[2021-12-08 23:41:22,164:43] p1
[2021-12-08 23:41:22,164:51] p1 and not p2
[2021-12-08 23:41:22,164:55] p4
[2021-12-08 23:41:22,164:55] p4
[2021-12-08 23:41:22,164:55] p4
[2021-12-08 23:41:22,164:57] p5
[2021-12-08 23:41:22,164:55] p4
[2021-12-08 23:41:22,164:57] p5
[2021-12-08 23:41:22,164:41] p3
[2021-12-08 23:41:22,164:43] p1
[2021-12-08 23:41:22,164:51] p1 and not p2
[2021-12-08 23:41:22,164:55] p4
[2021-12-08 23:41:22,164:41] p3
[2021-12-08 23:41:22,164:43] p1
[2021-12-08 23:41:22,165:45] p1 and p2
[2021-12-08 23:41:22,165:49] p1 and p2 and not p3
[2021-12-08 23:41:22,165:55] p4
[2021-12-08 23:41:22,165:41] p3
[2021-12-08 23:41:22,165:43] p1
[2021-12-08 23:41:22,165:51] p1 and not p2
[2021-12-08 23:41:22,165:58] top3
