[2021-12-08 23:41:19,101:16] top1
[2021-12-08 23:41:19,102:36] not p1
[2021-12-08 23:41:19,102:38] top2
[2021-12-08 23:41:19,102:41] p3
[2021-12-08 23:41:19,102:43] p1
[2021-12-08 23:41:19,102:45] p1 and p2
[2021-12-08 23:41:19,102:49] p1 and p2 and not p3
[2021-12-08 23:41:19,102:55] p4
[2021-12-08 23:41:19,102:57] p5
[2021-12-08 23:41:19,102:55] p4
[2021-12-08 23:41:19,102:57] p5
[2021-12-08 23:41:19,102:57] p5
[2021-12-08 23:41:19,102:57] p5
[2021-12-08 23:41:19,102:57] p5
[2021-12-08 23:41:19,102:57] p5
[2021-12-08 23:41:19,102:57] p5
[2021-12-08 23:41:19,102:55] p4
[2021-12-08 23:41:19,102:55] p4
[2021-12-08 23:41:19,103:41] p3
[2021-12-08 23:41:19,103:43] p1
[2021-12-08 23:41:19,103:45] p1 and p2
[2021-12-08 23:41:19,103:47] p1 and p2 and p3
[2021-12-08 23:41:19,103:55] p4
[2021-12-08 23:41:19,103:57] p5
[2021-12-08 23:41:19,103:57] p5
[2021-12-08 23:41:19,103:55] p4
[2021-12-08 23:41:19,103:57] p5
[2021-12-08 23:41:19,103:57] p5
[2021-12-08 23:41:19,103:57] p5
[2021-12-08 23:41:19,103:41] p3
[2021-12-08 23:41:19,103:43] p1
[2021-12-08 23:41:19,104:45] p1 and p2
[2021-12-08 23:41:19,104:47] p1 and p2 and p3
[2021-12-08 23:41:19,104:58] top3
