[2021-12-08 23:41:22,181:16] top1
[2021-12-08 23:41:22,181:18] p1
[2021-12-08 23:41:22,181:20] p1 and p2
[2021-12-08 23:41:22,181:32] p1 and p2 and not p3
[2021-12-08 23:41:22,181:38] top2
[2021-12-08 23:41:22,181:41] p3
[2021-12-08 23:41:22,181:43] p1
[2021-12-08 23:41:22,181:45] p1 and p2
[2021-12-08 23:41:22,181:49] p1 and p2 and not p3
[2021-12-08 23:41:22,182:55] p4
[2021-12-08 23:41:22,182:57] p5
[2021-12-08 23:41:22,182:57] p5
[2021-12-08 23:41:22,182:57] p5
[2021-12-08 23:41:22,182:55] p4
[2021-12-08 23:41:22,182:57] p5
[2021-12-08 23:41:22,182:41] p3
[2021-12-08 23:41:22,182:43] p1
[2021-12-08 23:41:22,182:51] p1 and not p2
[2021-12-08 23:41:22,182:55] p4
[2021-12-08 23:41:22,182:57] p5
[2021-12-08 23:41:22,182:58] top3
