[2021-12-08 23:41:22,217:16] top1
[2021-12-08 23:41:22,217:18] p1
[2021-12-08 23:41:22,217:34] p1 and not p2
[2021-12-08 23:41:22,217:38] top2
[2021-12-08 23:41:22,217:41] p3
[2021-12-08 23:41:22,217:53] not p1
[2021-12-08 23:41:22,217:55] p4
[2021-12-08 23:41:22,217:57] p5
[2021-12-08 23:41:22,217:41] p3
[2021-12-08 23:41:22,217:43] p1
[2021-12-08 23:41:22,217:45] p1 and p2
[2021-12-08 23:41:22,218:47] p1 and p2 and p3
[2021-12-08 23:41:22,218:55] p4
[2021-12-08 23:41:22,218:55] p4
[2021-12-08 23:41:22,218:41] p3
[2021-12-08 23:41:22,218:53] not p1
[2021-12-08 23:41:22,218:41] p3
[2021-12-08 23:41:22,218:43] p1
[2021-12-08 23:41:22,218:45] p1 and p2
[2021-12-08 23:41:22,218:49] p1 and p2 and not p3
[2021-12-08 23:41:22,218:55] p4
[2021-12-08 23:41:22,218:57] p5
[2021-12-08 23:41:22,218:57] p5
[2021-12-08 23:41:22,218:57] p5
[2021-12-08 23:41:22,218:58] top3
