[2021-12-08 23:41:22,284:16] top1
[2021-12-08 23:41:22,284:18] p1
[2021-12-08 23:41:22,284:34] p1 and not p2
[2021-12-08 23:41:22,284:38] top2
[2021-12-08 23:41:22,284:41] p3
[2021-12-08 23:41:22,284:43] p1
[2021-12-08 23:41:22,285:51] p1 and not p2
[2021-12-08 23:41:22,285:55] p4
[2021-12-08 23:41:22,285:57] p5
[2021-12-08 23:41:22,285:41] p3
[2021-12-08 23:41:22,285:43] p1
[2021-12-08 23:41:22,285:45] p1 and p2
[2021-12-08 23:41:22,285:49] p1 and p2 and not p3
[2021-12-08 23:41:22,285:55] p4
[2021-12-08 23:41:22,285:57] p5
[2021-12-08 23:41:22,285:55] p4
[2021-12-08 23:41:22,285:57] p5
[2021-12-08 23:41:22,285:55] p4
[2021-12-08 23:41:22,285:55] p4
[2021-12-08 23:41:22,285:57] p5
[2021-12-08 23:41:22,286:57] p5
[2021-12-08 23:41:22,286:57] p5
[2021-12-08 23:41:22,286:58] top3
