[2021-12-08 23:41:22,299:16] top1
[2021-12-08 23:41:22,299:18] p1
[2021-12-08 23:41:22,299:20] p1 and p2
[2021-12-08 23:41:22,299:32] p1 and p2 and not p3
[2021-12-08 23:41:22,299:38] top2
[2021-12-08 23:41:22,299:41] p3
[2021-12-08 23:41:22,299:53] not p1
[2021-12-08 23:41:22,299:41] p3
[2021-12-08 23:41:22,299:53] not p1
[2021-12-08 23:41:22,299:55] p4
[2021-12-08 23:41:22,300:41] p3
[2021-12-08 23:41:22,300:53] not p1
[2021-12-08 23:41:22,300:55] p4
[2021-12-08 23:41:22,300:57] p5
[2021-12-08 23:41:22,300:57] p5
[2021-12-08 23:41:22,300:55] p4
[2021-12-08 23:41:22,300:57] p5
[2021-12-08 23:41:22,300:55] p4
[2021-12-08 23:41:22,300:57] p5
[2021-12-08 23:41:22,300:57] p5
[2021-12-08 23:41:22,300:41] p3
[2021-12-08 23:41:22,303:53] not p1
[2021-12-08 23:41:22,303:55] p4
[2021-12-08 23:41:22,304:57] p5
[2021-12-08 23:41:22,304:57] p5
[2021-12-08 23:41:22,304:57] p5
[2021-12-08 23:41:22,304:55] p4
[2021-12-08 23:41:22,304:41] p3
[2021-12-08 23:41:22,304:53] not p1
[2021-12-08 23:41:22,304:55] p4
[2021-12-08 23:41:22,304:57] p5
[2021-12-08 23:41:22,304:55] p4
[2021-12-08 23:41:22,304:57] p5
[2021-12-08 23:41:22,304:55] p4
[2021-12-08 23:41:22,305:57] p5
[2021-12-08 23:41:22,306:57] p5
[2021-12-08 23:41:22,306:57] p5
[2021-12-08 23:41:22,306:55] p4
[2021-12-08 23:41:22,306:57] p5
[2021-12-08 23:41:22,306:57] p5
[2021-12-08 23:41:22,306:55] p4
[2021-12-08 23:41:22,306:57] p5
[2021-12-08 23:41:22,307:57] p5
[2021-12-08 23:41:22,307:55] p4
[2021-12-08 23:41:22,307:41] p3
[2021-12-08 23:41:22,307:43] p1
[2021-12-08 23:41:22,307:51] p1 and not p2
[2021-12-08 23:41:22,307:58] top3
