[2021-12-08 23:41:19,117:16] top1
[2021-12-08 23:41:19,117:18] p1
[2021-12-08 23:41:19,117:20] p1 and p2
[2021-12-08 23:41:19,117:32] p1 and p2 and not p3
[2021-12-08 23:41:19,117:38] top2
[2021-12-08 23:41:19,118:41] p3
[2021-12-08 23:41:19,118:53] not p1
[2021-12-08 23:41:19,118:55] p4
[2021-12-08 23:41:19,118:57] p5
[2021-12-08 23:41:19,118:41] p3
[2021-12-08 23:41:19,118:43] p1
[2021-12-08 23:41:19,118:51] p1 and not p2
[2021-12-08 23:41:19,118:41] p3
[2021-12-08 23:41:19,118:53] not p1
[2021-12-08 23:41:19,118:55] p4
[2021-12-08 23:41:19,119:57] p5
[2021-12-08 23:41:19,119:55] p4
[2021-12-08 23:41:19,119:41] p3
[2021-12-08 23:41:19,119:53] not p1
[2021-12-08 23:41:19,119:58] top3
