[2021-12-08 23:41:22,331:16] top1
[2021-12-08 23:41:22,331:36] not p1
[2021-12-08 23:41:22,331:38] top2
[2021-12-08 23:41:22,332:41] p3
[2021-12-08 23:41:22,332:43] p1
[2021-12-08 23:41:22,333:51] p1 and not p2
[2021-12-08 23:41:22,333:55] p4
[2021-12-08 23:41:22,333:41] p3
[2021-12-08 23:41:22,333:43] p1
[2021-12-08 23:41:22,333:45] p1 and p2
[2021-12-08 23:41:22,333:49] p1 and p2 and not p3
[2021-12-08 23:41:22,333:41] p3
[2021-12-08 23:41:22,333:53] not p1
[2021-12-08 23:41:22,333:55] p4
[2021-12-08 23:41:22,333:57] p5
[2021-12-08 23:41:22,334:57] p5
[2021-12-08 23:41:22,334:41] p3
[2021-12-08 23:41:22,334:43] p1
[2021-12-08 23:41:22,334:45] p1 and p2
[2021-12-08 23:41:22,334:49] p1 and p2 and not p3
[2021-12-08 23:41:22,334:55] p4
[2021-12-08 23:41:22,334:57] p5
[2021-12-08 23:41:22,334:57] p5
[2021-12-08 23:41:22,334:57] p5
[2021-12-08 23:41:22,334:55] p4
[2021-12-08 23:41:22,334:55] p4
[2021-12-08 23:41:22,334:55] p4
[2021-12-08 23:41:22,335:57] p5
[2021-12-08 23:41:22,335:55] p4
[2021-12-08 23:41:22,335:57] p5
[2021-12-08 23:41:22,335:57] p5
[2021-12-08 23:41:22,335:41] p3
[2021-12-08 23:41:22,335:43] p1
[2021-12-08 23:41:22,335:51] p1 and not p2
[2021-12-08 23:41:22,336:58] top3
