[2021-12-08 23:41:22,356:16] top1
[2021-12-08 23:41:22,356:36] not p1
[2021-12-08 23:41:22,356:38] top2
[2021-12-08 23:41:22,357:41] p3
[2021-12-08 23:41:22,357:43] p1
[2021-12-08 23:41:22,357:45] p1 and p2
[2021-12-08 23:41:22,357:47] p1 and p2 and p3
[2021-12-08 23:41:22,357:55] p4
[2021-12-08 23:41:22,357:57] p5
[2021-12-08 23:41:22,357:57] p5
[2021-12-08 23:41:22,357:55] p4
[2021-12-08 23:41:22,357:57] p5
[2021-12-08 23:41:22,357:41] p3
[2021-12-08 23:41:22,357:43] p1
[2021-12-08 23:41:22,357:51] p1 and not p2
[2021-12-08 23:41:22,357:55] p4
[2021-12-08 23:41:22,358:57] p5
[2021-12-08 23:41:22,358:55] p4
[2021-12-08 23:41:22,358:55] p4
[2021-12-08 23:41:22,358:57] p5
[2021-12-08 23:41:22,358:58] top3
