[2021-12-08 23:41:22,367:16] top1
[2021-12-08 23:41:22,367:18] p1
[2021-12-08 23:41:22,367:34] p1 and not p2
[2021-12-08 23:41:22,367:38] top2
[2021-12-08 23:41:22,367:41] p3
[2021-12-08 23:41:22,367:43] p1
[2021-12-08 23:41:22,367:51] p1 and not p2
[2021-12-08 23:41:22,367:41] p3
[2021-12-08 23:41:22,367:43] p1
[2021-12-08 23:41:22,368:51] p1 and not p2
[2021-12-08 23:41:22,368:41] p3
[2021-12-08 23:41:22,368:43] p1
[2021-12-08 23:41:22,368:45] p1 and p2
[2021-12-08 23:41:22,368:49] p1 and p2 and not p3
[2021-12-08 23:41:22,368:55] p4
[2021-12-08 23:41:22,368:57] p5
[2021-12-08 23:41:22,368:55] p4
[2021-12-08 23:41:22,368:55] p4
[2021-12-08 23:41:22,368:57] p5
[2021-12-08 23:41:22,368:57] p5
[2021-12-08 23:41:22,368:55] p4
[2021-12-08 23:41:22,368:57] p5
[2021-12-08 23:41:22,368:57] p5
[2021-12-08 23:41:22,368:55] p4
[2021-12-08 23:41:22,368:57] p5
[2021-12-08 23:41:22,368:58] top3
