[2021-12-08 23:41:22,416:16] top1
[2021-12-08 23:41:22,417:18] p1
[2021-12-08 23:41:22,417:34] p1 and not p2
[2021-12-08 23:41:22,417:38] top2
[2021-12-08 23:41:22,417:41] p3
[2021-12-08 23:41:22,417:43] p1
[2021-12-08 23:41:22,417:45] p1 and p2
[2021-12-08 23:41:22,417:47] p1 and p2 and p3
[2021-12-08 23:41:22,417:55] p4
[2021-12-08 23:41:22,417:57] p5
[2021-12-08 23:41:22,417:57] p5
[2021-12-08 23:41:22,417:55] p4
[2021-12-08 23:41:22,417:57] p5
[2021-12-08 23:41:22,417:57] p5
[2021-12-08 23:41:22,417:41] p3
[2021-12-08 23:41:22,418:53] not p1
[2021-12-08 23:41:22,418:55] p4
[2021-12-08 23:41:22,418:55] p4
[2021-12-08 23:41:22,418:41] p3
[2021-12-08 23:41:22,418:43] p1
[2021-12-08 23:41:22,418:51] p1 and not p2
[2021-12-08 23:41:22,418:55] p4
[2021-12-08 23:41:22,419:57] p5
[2021-12-08 23:41:22,419:57] p5
[2021-12-08 23:41:22,419:41] p3
[2021-12-08 23:41:22,419:53] not p1
[2021-12-08 23:41:22,419:58] top3
