[2021-12-08 23:41:22,424:16] top1
[2021-12-08 23:41:22,424:18] p1
[2021-12-08 23:41:22,424:20] p1 and p2
[2021-12-08 23:41:22,424:32] p1 and p2 and not p3
[2021-12-08 23:41:22,424:38] top2
[2021-12-08 23:41:22,425:41] p3
[2021-12-08 23:41:22,425:53] not p1
[2021-12-08 23:41:22,425:55] p4
[2021-12-08 23:41:22,425:57] p5
[2021-12-08 23:41:22,425:57] p5
[2021-12-08 23:41:22,425:57] p5
[2021-12-08 23:41:22,425:55] p4
[2021-12-08 23:41:22,425:57] p5
[2021-12-08 23:41:22,425:57] p5
[2021-12-08 23:41:22,425:55] p4
[2021-12-08 23:41:22,425:55] p4
[2021-12-08 23:41:22,425:57] p5
[2021-12-08 23:41:22,425:57] p5
[2021-12-08 23:41:22,425:57] p5
[2021-12-08 23:41:22,425:57] p5
[2021-12-08 23:41:22,425:57] p5
[2021-12-08 23:41:22,426:57] p5
[2021-12-08 23:41:22,426:57] p5
[2021-12-08 23:41:22,426:57] p5
[2021-12-08 23:41:22,426:55] p4
[2021-12-08 23:41:22,426:55] p4
[2021-12-08 23:41:22,426:57] p5
[2021-12-08 23:41:22,426:57] p5
[2021-12-08 23:41:22,426:57] p5
[2021-12-08 23:41:22,426:58] top3
