[2021-12-08 23:41:22,475:16] top1
[2021-12-08 23:41:22,475:36] not p1
[2021-12-08 23:41:22,476:38] top2
[2021-12-08 23:41:22,476:41] p3
[2021-12-08 23:41:22,476:43] p1
[2021-12-08 23:41:22,476:45] p1 and p2
[2021-12-08 23:41:22,476:47] p1 and p2 and p3
[2021-12-08 23:41:22,476:41] p3
[2021-12-08 23:41:22,476:43] p1
[2021-12-08 23:41:22,476:51] p1 and not p2
[2021-12-08 23:41:22,476:55] p4
[2021-12-08 23:41:22,476:57] p5
[2021-12-08 23:41:22,476:55] p4
[2021-12-08 23:41:22,476:41] p3
[2021-12-08 23:41:22,476:43] p1
[2021-12-08 23:41:22,476:45] p1 and p2
[2021-12-08 23:41:22,476:47] p1 and p2 and p3
[2021-12-08 23:41:22,477:55] p4
[2021-12-08 23:41:22,477:55] p4
[2021-12-08 23:41:22,477:58] top3
