[2021-12-08 23:41:22,499:16] top1
[2021-12-08 23:41:22,499:18] p1
[2021-12-08 23:41:22,499:20] p1 and p2
[2021-12-08 23:41:22,499:22] p1 and p2 and p3
[2021-12-08 23:41:22,499:24] p1 and p2 and p3 and p4
[2021-12-08 23:41:22,499:26] p1 and p2 and p3 and p4 and p5
[2021-12-08 23:41:22,499:38] top2
[2021-12-08 23:41:22,499:41] p3
[2021-12-08 23:41:22,499:43] p1
[2021-12-08 23:41:22,500:45] p1 and p2
[2021-12-08 23:41:22,500:47] p1 and p2 and p3
[2021-12-08 23:41:22,500:55] p4
[2021-12-08 23:41:22,500:57] p5
[2021-12-08 23:41:22,500:57] p5
[2021-12-08 23:41:22,500:41] p3
[2021-12-08 23:41:22,500:43] p1
[2021-12-08 23:41:22,500:51] p1 and not p2
[2021-12-08 23:41:22,500:55] p4
[2021-12-08 23:41:22,500:55] p4
[2021-12-08 23:41:22,501:55] p4
[2021-12-08 23:41:22,501:57] p5
[2021-12-08 23:41:22,501:41] p3
[2021-12-08 23:41:22,501:43] p1
[2021-12-08 23:41:22,501:51] p1 and not p2
[2021-12-08 23:41:22,501:41] p3
[2021-12-08 23:41:22,501:53] not p1
[2021-12-08 23:41:22,501:58] top3
