[2021-12-08 23:41:22,503:16] top1
[2021-12-08 23:41:22,503:36] not p1
[2021-12-08 23:41:22,504:38] top2
[2021-12-08 23:41:22,504:41] p3
[2021-12-08 23:41:22,504:53] not p1
[2021-12-08 23:41:22,504:41] p3
[2021-12-08 23:41:22,504:43] p1
[2021-12-08 23:41:22,504:45] p1 and p2
[2021-12-08 23:41:22,504:49] p1 and p2 and not p3
[2021-12-08 23:41:22,504:55] p4
[2021-12-08 23:41:22,505:57] p5
[2021-12-08 23:41:22,505:57] p5
[2021-12-08 23:41:22,505:55] p4
[2021-12-08 23:41:22,505:57] p5
[2021-12-08 23:41:22,505:57] p5
[2021-12-08 23:41:22,505:57] p5
[2021-12-08 23:41:22,505:41] p3
[2021-12-08 23:41:22,506:43] p1
[2021-12-08 23:41:22,506:45] p1 and p2
[2021-12-08 23:41:22,506:47] p1 and p2 and p3
[2021-12-08 23:41:22,506:41] p3
[2021-12-08 23:41:22,506:53] not p1
[2021-12-08 23:41:22,506:41] p3
[2021-12-08 23:41:22,506:43] p1
[2021-12-08 23:41:22,506:45] p1 and p2
[2021-12-08 23:41:22,506:49] p1 and p2 and not p3
[2021-12-08 23:41:22,507:55] p4
[2021-12-08 23:41:22,507:55] p4
[2021-12-08 23:41:22,507:57] p5
[2021-12-08 23:41:22,507:55] p4
[2021-12-08 23:41:22,507:55] p4
[2021-12-08 23:41:22,507:55] p4
[2021-12-08 23:41:22,507:55] p4
[2021-12-08 23:41:22,507:55] p4
[2021-12-08 23:41:22,508:41] p3
[2021-12-08 23:41:22,508:53] not p1
[2021-12-08 23:41:22,508:55] p4
[2021-12-08 23:41:22,508:41] p3
[2021-12-08 23:41:22,508:53] not p1
[2021-12-08 23:41:22,508:55] p4
[2021-12-08 23:41:22,508:41] p3
[2021-12-08 23:41:22,508:53] not p1
[2021-12-08 23:41:22,509:58] top3
