[2021-12-08 23:41:22,511:16] top1
[2021-12-08 23:41:22,511:18] p1
[2021-12-08 23:41:22,511:20] p1 and p2
[2021-12-08 23:41:22,511:32] p1 and p2 and not p3
[2021-12-08 23:41:22,511:38] top2
[2021-12-08 23:41:22,511:41] p3
[2021-12-08 23:41:22,511:53] not p1
[2021-12-08 23:41:22,511:55] p4
[2021-12-08 23:41:22,511:57] p5
[2021-12-08 23:41:22,511:57] p5
[2021-12-08 23:41:22,512:55] p4
[2021-12-08 23:41:22,512:57] p5
[2021-12-08 23:41:22,512:55] p4
[2021-12-08 23:41:22,512:55] p4
[2021-12-08 23:41:22,512:57] p5
[2021-12-08 23:41:22,512:57] p5
[2021-12-08 23:41:22,512:57] p5
[2021-12-08 23:41:22,512:57] p5
[2021-12-08 23:41:22,512:55] p4
[2021-12-08 23:41:22,512:55] p4
[2021-12-08 23:41:22,513:57] p5
[2021-12-08 23:41:22,513:57] p5
[2021-12-08 23:41:22,513:41] p3
[2021-12-08 23:41:22,513:53] not p1
[2021-12-08 23:41:22,513:58] top3
