[2021-12-08 23:41:22,519:16] top1
[2021-12-08 23:41:22,520:36] not p1
[2021-12-08 23:41:22,520:38] top2
[2021-12-08 23:41:22,520:41] p3
[2021-12-08 23:41:22,520:43] p1
[2021-12-08 23:41:22,520:45] p1 and p2
[2021-12-08 23:41:22,520:49] p1 and p2 and not p3
[2021-12-08 23:41:22,520:55] p4
[2021-12-08 23:41:22,520:57] p5
[2021-12-08 23:41:22,520:57] p5
[2021-12-08 23:41:22,520:57] p5
[2021-12-08 23:41:22,520:55] p4
[2021-12-08 23:41:22,520:57] p5
[2021-12-08 23:41:22,520:57] p5
[2021-12-08 23:41:22,520:57] p5
[2021-12-08 23:41:22,520:57] p5
[2021-12-08 23:41:22,520:57] p5
[2021-12-08 23:41:22,520:57] p5
[2021-12-08 23:41:22,520:57] p5
[2021-12-08 23:41:22,520:57] p5
[2021-12-08 23:41:22,520:41] p3
[2021-12-08 23:41:22,521:43] p1
[2021-12-08 23:41:22,521:51] p1 and not p2
[2021-12-08 23:41:22,521:41] p3
[2021-12-08 23:41:22,521:53] not p1
[2021-12-08 23:41:22,521:55] p4
[2021-12-08 23:41:22,521:41] p3
[2021-12-08 23:41:22,521:43] p1
[2021-12-08 23:41:22,521:51] p1 and not p2
[2021-12-08 23:41:22,521:41] p3
[2021-12-08 23:41:22,521:53] not p1
[2021-12-08 23:41:22,521:55] p4
[2021-12-08 23:41:22,521:57] p5
[2021-12-08 23:41:22,521:57] p5
[2021-12-08 23:41:22,521:57] p5
[2021-12-08 23:41:22,521:57] p5
[2021-12-08 23:41:22,521:57] p5
[2021-12-08 23:41:22,522:58] top3
