[2021-12-08 23:41:22,537:16] top1
[2021-12-08 23:41:22,537:18] p1
[2021-12-08 23:41:22,537:20] p1 and p2
[2021-12-08 23:41:22,537:32] p1 and p2 and not p3
[2021-12-08 23:41:22,537:38] top2
[2021-12-08 23:41:22,537:41] p3
[2021-12-08 23:41:22,537:43] p1
[2021-12-08 23:41:22,537:51] p1 and not p2
[2021-12-08 23:41:22,537:55] p4
[2021-12-08 23:41:22,537:57] p5
[2021-12-08 23:41:22,538:57] p5
[2021-12-08 23:41:22,538:57] p5
[2021-12-08 23:41:22,538:57] p5
[2021-12-08 23:41:22,538:41] p3
[2021-12-08 23:41:22,538:53] not p1
[2021-12-08 23:41:22,538:55] p4
[2021-12-08 23:41:22,538:55] p4
[2021-12-08 23:41:22,539:55] p4
[2021-12-08 23:41:22,539:41] p3
[2021-12-08 23:41:22,539:53] not p1
[2021-12-08 23:41:22,539:58] top3
