[2021-12-08 23:41:22,554:16] top1
[2021-12-08 23:41:22,554:36] not p1
[2021-12-08 23:41:22,554:38] top2
[2021-12-08 23:41:22,554:41] p3
[2021-12-08 23:41:22,555:43] p1
[2021-12-08 23:41:22,555:51] p1 and not p2
[2021-12-08 23:41:22,555:55] p4
[2021-12-08 23:41:22,555:41] p3
[2021-12-08 23:41:22,555:43] p1
[2021-12-08 23:41:22,555:45] p1 and p2
[2021-12-08 23:41:22,555:49] p1 and p2 and not p3
[2021-12-08 23:41:22,555:41] p3
[2021-12-08 23:41:22,555:53] not p1
[2021-12-08 23:41:22,555:41] p3
[2021-12-08 23:41:22,555:43] p1
[2021-12-08 23:41:22,556:51] p1 and not p2
[2021-12-08 23:41:22,556:55] p4
[2021-12-08 23:41:22,556:57] p5
[2021-12-08 23:41:22,556:55] p4
[2021-12-08 23:41:22,556:57] p5
[2021-12-08 23:41:22,556:57] p5
[2021-12-08 23:41:22,556:55] p4
[2021-12-08 23:41:22,556:57] p5
[2021-12-08 23:41:22,556:55] p4
[2021-12-08 23:41:22,556:55] p4
[2021-12-08 23:41:22,556:57] p5
[2021-12-08 23:41:22,556:55] p4
[2021-12-08 23:41:22,556:55] p4
[2021-12-08 23:41:22,557:57] p5
[2021-12-08 23:41:22,557:55] p4
[2021-12-08 23:41:22,557:57] p5
[2021-12-08 23:41:22,557:41] p3
[2021-12-08 23:41:22,557:53] not p1
[2021-12-08 23:41:22,557:55] p4
[2021-12-08 23:41:22,557:55] p4
[2021-12-08 23:41:22,557:55] p4
[2021-12-08 23:41:22,557:41] p3
[2021-12-08 23:41:22,557:43] p1
[2021-12-08 23:41:22,557:51] p1 and not p2
[2021-12-08 23:41:22,557:55] p4
[2021-12-08 23:41:22,558:55] p4
[2021-12-08 23:41:22,558:55] p4
[2021-12-08 23:41:22,558:57] p5
[2021-12-08 23:41:22,558:41] p3
[2021-12-08 23:41:22,558:43] p1
[2021-12-08 23:41:22,558:51] p1 and not p2
[2021-12-08 23:41:22,558:58] top3
