[2021-12-08 23:41:22,561:16] top1
[2021-12-08 23:41:22,561:18] p1
[2021-12-08 23:41:22,561:20] p1 and p2
[2021-12-08 23:41:22,561:22] p1 and p2 and p3
[2021-12-08 23:41:22,561:24] p1 and p2 and p3 and p4
[2021-12-08 23:41:22,562:28] p1 and p2 and p3 and p4 and not p5
[2021-12-08 23:41:22,562:38] top2
[2021-12-08 23:41:22,562:41] p3
[2021-12-08 23:41:22,562:43] p1
[2021-12-08 23:41:22,562:45] p1 and p2
[2021-12-08 23:41:22,562:49] p1 and p2 and not p3
[2021-12-08 23:41:22,562:55] p4
[2021-12-08 23:41:22,562:57] p5
[2021-12-08 23:41:22,562:57] p5
[2021-12-08 23:41:22,562:41] p3
[2021-12-08 23:41:22,563:53] not p1
[2021-12-08 23:41:22,563:55] p4
[2021-12-08 23:41:22,563:57] p5
[2021-12-08 23:41:22,563:57] p5
[2021-12-08 23:41:22,563:57] p5
[2021-12-08 23:41:22,563:57] p5
[2021-12-08 23:41:22,563:57] p5
[2021-12-08 23:41:22,563:57] p5
[2021-12-08 23:41:22,563:58] top3
