[2021-12-08 23:41:19,136:16] top1
[2021-12-08 23:41:19,137:18] p1
[2021-12-08 23:41:19,137:34] p1 and not p2
[2021-12-08 23:41:19,137:38] top2
[2021-12-08 23:41:19,137:41] p3
[2021-12-08 23:41:19,137:53] not p1
[2021-12-08 23:41:19,137:41] p3
[2021-12-08 23:41:19,137:43] p1
[2021-12-08 23:41:19,137:45] p1 and p2
[2021-12-08 23:41:19,137:49] p1 and p2 and not p3
[2021-12-08 23:41:19,137:41] p3
[2021-12-08 23:41:19,137:43] p1
[2021-12-08 23:41:19,137:51] p1 and not p2
[2021-12-08 23:41:19,137:55] p4
[2021-12-08 23:41:19,137:55] p4
[2021-12-08 23:41:19,137:55] p4
[2021-12-08 23:41:19,137:57] p5
[2021-12-08 23:41:19,138:55] p4
[2021-12-08 23:41:19,138:41] p3
[2021-12-08 23:41:19,138:43] p1
[2021-12-08 23:41:19,138:51] p1 and not p2
[2021-12-08 23:41:19,138:55] p4
[2021-12-08 23:41:19,138:57] p5
[2021-12-08 23:41:19,138:57] p5
[2021-12-08 23:41:19,138:57] p5
[2021-12-08 23:41:19,138:55] p4
[2021-12-08 23:41:19,138:57] p5
[2021-12-08 23:41:19,138:57] p5
[2021-12-08 23:41:19,138:58] top3
