[2021-12-08 23:41:22,589:16] top1
[2021-12-08 23:41:22,590:36] not p1
[2021-12-08 23:41:22,590:38] top2
[2021-12-08 23:41:22,590:41] p3
[2021-12-08 23:41:22,590:43] p1
[2021-12-08 23:41:22,590:45] p1 and p2
[2021-12-08 23:41:22,590:47] p1 and p2 and p3
[2021-12-08 23:41:22,591:41] p3
[2021-12-08 23:41:22,591:53] not p1
[2021-12-08 23:41:22,591:55] p4
[2021-12-08 23:41:22,591:57] p5
[2021-12-08 23:41:22,591:55] p4
[2021-12-08 23:41:22,591:57] p5
[2021-12-08 23:41:22,591:55] p4
[2021-12-08 23:41:22,591:55] p4
[2021-12-08 23:41:22,591:57] p5
[2021-12-08 23:41:22,592:55] p4
[2021-12-08 23:41:22,592:55] p4
[2021-12-08 23:41:22,592:57] p5
[2021-12-08 23:41:22,592:57] p5
[2021-12-08 23:41:22,592:41] p3
[2021-12-08 23:41:22,592:43] p1
[2021-12-08 23:41:22,592:51] p1 and not p2
[2021-12-08 23:41:22,592:55] p4
[2021-12-08 23:41:22,592:58] top3
