[2021-12-08 23:41:22,633:16] top1
[2021-12-08 23:41:22,634:18] p1
[2021-12-08 23:41:22,634:20] p1 and p2
[2021-12-08 23:41:22,634:22] p1 and p2 and p3
[2021-12-08 23:41:22,634:24] p1 and p2 and p3 and p4
[2021-12-08 23:41:22,634:28] p1 and p2 and p3 and p4 and not p5
[2021-12-08 23:41:22,634:38] top2
[2021-12-08 23:41:22,634:41] p3
[2021-12-08 23:41:22,634:43] p1
[2021-12-08 23:41:22,634:45] p1 and p2
[2021-12-08 23:41:22,634:49] p1 and p2 and not p3
[2021-12-08 23:41:22,634:55] p4
[2021-12-08 23:41:22,634:57] p5
[2021-12-08 23:41:22,634:57] p5
[2021-12-08 23:41:22,634:55] p4
[2021-12-08 23:41:22,635:55] p4
[2021-12-08 23:41:22,635:57] p5
[2021-12-08 23:41:22,635:41] p3
[2021-12-08 23:41:22,635:43] p1
[2021-12-08 23:41:22,635:45] p1 and p2
[2021-12-08 23:41:22,635:47] p1 and p2 and p3
[2021-12-08 23:41:22,635:55] p4
[2021-12-08 23:41:22,635:55] p4
[2021-12-08 23:41:22,635:57] p5
[2021-12-08 23:41:22,635:57] p5
[2021-12-08 23:41:22,635:57] p5
[2021-12-08 23:41:22,635:57] p5
[2021-12-08 23:41:22,635:58] top3
