[2021-12-08 23:41:22,638:16] top1
[2021-12-08 23:41:22,638:18] p1
[2021-12-08 23:41:22,639:20] p1 and p2
[2021-12-08 23:41:22,639:32] p1 and p2 and not p3
[2021-12-08 23:41:22,639:38] top2
[2021-12-08 23:41:22,639:41] p3
[2021-12-08 23:41:22,639:43] p1
[2021-12-08 23:41:22,639:51] p1 and not p2
[2021-12-08 23:41:22,639:55] p4
[2021-12-08 23:41:22,639:57] p5
[2021-12-08 23:41:22,639:55] p4
[2021-12-08 23:41:22,639:57] p5
[2021-12-08 23:41:22,639:55] p4
[2021-12-08 23:41:22,639:55] p4
[2021-12-08 23:41:22,639:41] p3
[2021-12-08 23:41:22,640:53] not p1
[2021-12-08 23:41:22,640:55] p4
[2021-12-08 23:41:22,640:55] p4
[2021-12-08 23:41:22,640:57] p5
[2021-12-08 23:41:22,640:58] top3
