[2021-12-08 23:41:22,711:16] top1
[2021-12-08 23:41:22,711:18] p1
[2021-12-08 23:41:22,711:20] p1 and p2
[2021-12-08 23:41:22,712:32] p1 and p2 and not p3
[2021-12-08 23:41:22,712:38] top2
[2021-12-08 23:41:22,712:41] p3
[2021-12-08 23:41:22,712:43] p1
[2021-12-08 23:41:22,712:45] p1 and p2
[2021-12-08 23:41:22,712:47] p1 and p2 and p3
[2021-12-08 23:41:22,712:55] p4
[2021-12-08 23:41:22,712:57] p5
[2021-12-08 23:41:22,712:57] p5
[2021-12-08 23:41:22,712:55] p4
[2021-12-08 23:41:22,713:55] p4
[2021-12-08 23:41:22,713:57] p5
[2021-12-08 23:41:22,713:57] p5
[2021-12-08 23:41:22,713:55] p4
[2021-12-08 23:41:22,713:57] p5
[2021-12-08 23:41:22,713:41] p3
[2021-12-08 23:41:22,713:53] not p1
[2021-12-08 23:41:22,713:55] p4
[2021-12-08 23:41:22,713:57] p5
[2021-12-08 23:41:22,713:55] p4
[2021-12-08 23:41:22,714:55] p4
[2021-12-08 23:41:22,714:57] p5
[2021-12-08 23:41:22,714:57] p5
[2021-12-08 23:41:22,714:57] p5
[2021-12-08 23:41:22,714:57] p5
[2021-12-08 23:41:22,714:58] top3
