[2021-12-08 23:41:22,739:16] top1
[2021-12-08 23:41:22,739:18] p1
[2021-12-08 23:41:22,739:34] p1 and not p2
[2021-12-08 23:41:22,739:38] top2
[2021-12-08 23:41:22,739:41] p3
[2021-12-08 23:41:22,740:53] not p1
[2021-12-08 23:41:22,740:55] p4
[2021-12-08 23:41:22,740:57] p5
[2021-12-08 23:41:22,740:57] p5
[2021-12-08 23:41:22,740:41] p3
[2021-12-08 23:41:22,740:53] not p1
[2021-12-08 23:41:22,740:55] p4
[2021-12-08 23:41:22,740:57] p5
[2021-12-08 23:41:22,740:57] p5
[2021-12-08 23:41:22,740:57] p5
[2021-12-08 23:41:22,740:41] p3
[2021-12-08 23:41:22,740:43] p1
[2021-12-08 23:41:22,740:51] p1 and not p2
[2021-12-08 23:41:22,741:41] p3
[2021-12-08 23:41:22,741:53] not p1
[2021-12-08 23:41:22,741:55] p4
[2021-12-08 23:41:22,741:41] p3
[2021-12-08 23:41:22,741:43] p1
[2021-12-08 23:41:22,741:45] p1 and p2
[2021-12-08 23:41:22,741:49] p1 and p2 and not p3
[2021-12-08 23:41:22,741:41] p3
[2021-12-08 23:41:22,741:43] p1
[2021-12-08 23:41:22,741:51] p1 and not p2
[2021-12-08 23:41:22,741:58] top3
