[2021-12-08 23:41:22,753:16] top1
[2021-12-08 23:41:22,753:18] p1
[2021-12-08 23:41:22,753:20] p1 and p2
[2021-12-08 23:41:22,753:32] p1 and p2 and not p3
[2021-12-08 23:41:22,753:38] top2
[2021-12-08 23:41:22,753:41] p3
[2021-12-08 23:41:22,753:43] p1
[2021-12-08 23:41:22,753:51] p1 and not p2
[2021-12-08 23:41:22,753:55] p4
[2021-12-08 23:41:22,753:57] p5
[2021-12-08 23:41:22,753:55] p4
[2021-12-08 23:41:22,753:57] p5
[2021-12-08 23:41:22,753:57] p5
[2021-12-08 23:41:22,753:57] p5
[2021-12-08 23:41:22,753:57] p5
[2021-12-08 23:41:22,753:57] p5
[2021-12-08 23:41:22,754:57] p5
[2021-12-08 23:41:22,754:57] p5
[2021-12-08 23:41:22,754:57] p5
[2021-12-08 23:41:22,754:55] p4
[2021-12-08 23:41:22,754:57] p5
[2021-12-08 23:41:22,754:57] p5
[2021-12-08 23:41:22,754:57] p5
[2021-12-08 23:41:22,754:55] p4
[2021-12-08 23:41:22,754:55] p4
[2021-12-08 23:41:22,754:55] p4
[2021-12-08 23:41:22,754:57] p5
[2021-12-08 23:41:22,754:57] p5
[2021-12-08 23:41:22,754:41] p3
[2021-12-08 23:41:22,754:43] p1
[2021-12-08 23:41:22,754:45] p1 and p2
[2021-12-08 23:41:22,754:49] p1 and p2 and not p3
[2021-12-08 23:41:22,755:55] p4
[2021-12-08 23:41:22,755:41] p3
[2021-12-08 23:41:22,755:53] not p1
[2021-12-08 23:41:22,755:55] p4
[2021-12-08 23:41:22,755:57] p5
[2021-12-08 23:41:22,755:57] p5
[2021-12-08 23:41:22,755:55] p4
[2021-12-08 23:41:22,755:57] p5
[2021-12-08 23:41:22,755:55] p4
[2021-12-08 23:41:22,755:57] p5
[2021-12-08 23:41:22,755:58] top3
