[2021-12-08 23:41:22,777:16] top1
[2021-12-08 23:41:22,777:18] p1
[2021-12-08 23:41:22,777:20] p1 and p2
[2021-12-08 23:41:22,777:22] p1 and p2 and p3
[2021-12-08 23:41:22,777:24] p1 and p2 and p3 and p4
[2021-12-08 23:41:22,777:28] p1 and p2 and p3 and p4 and not p5
[2021-12-08 23:41:22,777:38] top2
[2021-12-08 23:41:22,777:41] p3
[2021-12-08 23:41:22,778:53] not p1
[2021-12-08 23:41:22,778:55] p4
[2021-12-08 23:41:22,778:57] p5
[2021-12-08 23:41:22,778:57] p5
[2021-12-08 23:41:22,778:57] p5
[2021-12-08 23:41:22,778:57] p5
[2021-12-08 23:41:22,778:41] p3
[2021-12-08 23:41:22,778:43] p1
[2021-12-08 23:41:22,778:45] p1 and p2
[2021-12-08 23:41:22,778:47] p1 and p2 and p3
[2021-12-08 23:41:22,778:41] p3
[2021-12-08 23:41:22,778:43] p1
[2021-12-08 23:41:22,778:51] p1 and not p2
[2021-12-08 23:41:22,778:58] top3
