[2021-12-08 23:41:22,796:16] top1
[2021-12-08 23:41:22,796:18] p1
[2021-12-08 23:41:22,796:20] p1 and p2
[2021-12-08 23:41:22,796:22] p1 and p2 and p3
[2021-12-08 23:41:22,796:30] p1 and p2 and p3 and not p4
[2021-12-08 23:41:22,796:38] top2
[2021-12-08 23:41:22,797:41] p3
[2021-12-08 23:41:22,797:53] not p1
[2021-12-08 23:41:22,797:41] p3
[2021-12-08 23:41:22,797:43] p1
[2021-12-08 23:41:22,797:45] p1 and p2
[2021-12-08 23:41:22,797:47] p1 and p2 and p3
[2021-12-08 23:41:22,797:41] p3
[2021-12-08 23:41:22,797:43] p1
[2021-12-08 23:41:22,797:51] p1 and not p2
[2021-12-08 23:41:22,797:55] p4
[2021-12-08 23:41:22,797:57] p5
[2021-12-08 23:41:22,797:57] p5
[2021-12-08 23:41:22,797:57] p5
[2021-12-08 23:41:22,798:58] top3
