[2021-12-08 23:41:22,817:16] top1
[2021-12-08 23:41:22,817:18] p1
[2021-12-08 23:41:22,817:20] p1 and p2
[2021-12-08 23:41:22,817:22] p1 and p2 and p3
[2021-12-08 23:41:22,817:24] p1 and p2 and p3 and p4
[2021-12-08 23:41:22,817:28] p1 and p2 and p3 and p4 and not p5
[2021-12-08 23:41:22,817:38] top2
[2021-12-08 23:41:22,817:41] p3
[2021-12-08 23:41:22,818:43] p1
[2021-12-08 23:41:22,818:51] p1 and not p2
[2021-12-08 23:41:22,818:41] p3
[2021-12-08 23:41:22,818:53] not p1
[2021-12-08 23:41:22,818:55] p4
[2021-12-08 23:41:22,818:41] p3
[2021-12-08 23:41:22,818:43] p1
[2021-12-08 23:41:22,818:51] p1 and not p2
[2021-12-08 23:41:22,818:41] p3
[2021-12-08 23:41:22,818:43] p1
[2021-12-08 23:41:22,818:51] p1 and not p2
[2021-12-08 23:41:22,818:41] p3
[2021-12-08 23:41:22,818:53] not p1
[2021-12-08 23:41:22,819:41] p3
[2021-12-08 23:41:22,819:53] not p1
[2021-12-08 23:41:22,819:55] p4
[2021-12-08 23:41:22,819:55] p4
[2021-12-08 23:41:22,819:58] top3
