[2021-12-08 23:41:22,826:16] top1
[2021-12-08 23:41:22,826:18] p1
[2021-12-08 23:41:22,826:20] p1 and p2
[2021-12-08 23:41:22,826:22] p1 and p2 and p3
[2021-12-08 23:41:22,826:30] p1 and p2 and p3 and not p4
[2021-12-08 23:41:22,826:38] top2
[2021-12-08 23:41:22,826:41] p3
[2021-12-08 23:41:22,826:53] not p1
[2021-12-08 23:41:22,826:41] p3
[2021-12-08 23:41:22,826:53] not p1
[2021-12-08 23:41:22,827:55] p4
[2021-12-08 23:41:22,827:55] p4
[2021-12-08 23:41:22,827:57] p5
[2021-12-08 23:41:22,827:57] p5
[2021-12-08 23:41:22,827:55] p4
[2021-12-08 23:41:22,827:57] p5
[2021-12-08 23:41:22,827:57] p5
[2021-12-08 23:41:22,827:57] p5
[2021-12-08 23:41:22,827:57] p5
[2021-12-08 23:41:22,827:41] p3
[2021-12-08 23:41:22,827:43] p1
[2021-12-08 23:41:22,827:51] p1 and not p2
[2021-12-08 23:41:22,827:58] top3
