[2021-12-08 23:41:19,155:16] top1
[2021-12-08 23:41:19,155:18] p1
[2021-12-08 23:41:19,155:20] p1 and p2
[2021-12-08 23:41:19,155:32] p1 and p2 and not p3
[2021-12-08 23:41:19,155:38] top2
[2021-12-08 23:41:19,156:41] p3
[2021-12-08 23:41:19,156:43] p1
[2021-12-08 23:41:19,156:45] p1 and p2
[2021-12-08 23:41:19,156:47] p1 and p2 and p3
[2021-12-08 23:41:19,156:55] p4
[2021-12-08 23:41:19,156:55] p4
[2021-12-08 23:41:19,156:57] p5
[2021-12-08 23:41:19,156:55] p4
[2021-12-08 23:41:19,156:55] p4
[2021-12-08 23:41:19,156:41] p3
[2021-12-08 23:41:19,156:53] not p1
[2021-12-08 23:41:19,156:55] p4
[2021-12-08 23:41:19,156:57] p5
[2021-12-08 23:41:19,156:55] p4
[2021-12-08 23:41:19,156:57] p5
[2021-12-08 23:41:19,156:41] p3
[2021-12-08 23:41:19,156:53] not p1
[2021-12-08 23:41:19,156:55] p4
[2021-12-08 23:41:19,156:57] p5
[2021-12-08 23:41:19,157:55] p4
[2021-12-08 23:41:19,157:57] p5
[2021-12-08 23:41:19,157:41] p3
[2021-12-08 23:41:19,157:43] p1
[2021-12-08 23:41:19,157:45] p1 and p2
[2021-12-08 23:41:19,157:47] p1 and p2 and p3
[2021-12-08 23:41:19,157:55] p4
[2021-12-08 23:41:19,157:55] p4
[2021-12-08 23:41:19,157:57] p5
[2021-12-08 23:41:19,157:55] p4
[2021-12-08 23:41:19,157:57] p5
[2021-12-08 23:41:19,157:55] p4
[2021-12-08 23:41:19,157:57] p5
[2021-12-08 23:41:19,157:57] p5
[2021-12-08 23:41:19,157:57] p5
[2021-12-08 23:41:19,157:58] top3
