[2021-12-08 23:41:19,158:16] top1
[2021-12-08 23:41:19,159:18] p1
[2021-12-08 23:41:19,159:20] p1 and p2
[2021-12-08 23:41:19,159:32] p1 and p2 and not p3
[2021-12-08 23:41:19,159:38] top2
[2021-12-08 23:41:19,159:41] p3
[2021-12-08 23:41:19,159:53] not p1
[2021-12-08 23:41:19,159:55] p4
[2021-12-08 23:41:19,159:57] p5
[2021-12-08 23:41:19,159:57] p5
[2021-12-08 23:41:19,159:57] p5
[2021-12-08 23:41:19,159:57] p5
[2021-12-08 23:41:19,159:57] p5
[2021-12-08 23:41:19,159:57] p5
[2021-12-08 23:41:19,159:55] p4
[2021-12-08 23:41:19,159:57] p5
[2021-12-08 23:41:19,159:57] p5
[2021-12-08 23:41:19,159:57] p5
[2021-12-08 23:41:19,159:57] p5
[2021-12-08 23:41:19,160:57] p5
[2021-12-08 23:41:19,160:57] p5
[2021-12-08 23:41:19,160:57] p5
[2021-12-08 23:41:19,160:57] p5
[2021-12-08 23:41:19,160:57] p5
[2021-12-08 23:41:19,160:58] top3
