[2021-12-08 23:41:22,869:16] top1
[2021-12-08 23:41:22,869:18] p1
[2021-12-08 23:41:22,869:34] p1 and not p2
[2021-12-08 23:41:22,869:38] top2
[2021-12-08 23:41:22,869:41] p3
[2021-12-08 23:41:22,869:43] p1
[2021-12-08 23:41:22,869:51] p1 and not p2
[2021-12-08 23:41:22,869:55] p4
[2021-12-08 23:41:22,869:55] p4
[2021-12-08 23:41:22,869:41] p3
[2021-12-08 23:41:22,869:43] p1
[2021-12-08 23:41:22,869:45] p1 and p2
[2021-12-08 23:41:22,869:47] p1 and p2 and p3
[2021-12-08 23:41:22,869:41] p3
[2021-12-08 23:41:22,869:53] not p1
[2021-12-08 23:41:22,869:41] p3
[2021-12-08 23:41:22,870:43] p1
[2021-12-08 23:41:22,870:45] p1 and p2
[2021-12-08 23:41:22,870:49] p1 and p2 and not p3
[2021-12-08 23:41:22,870:58] top3
