[2021-12-08 23:41:22,875:16] top1
[2021-12-08 23:41:22,876:36] not p1
[2021-12-08 23:41:22,876:38] top2
[2021-12-08 23:41:22,876:41] p3
[2021-12-08 23:41:22,876:53] not p1
[2021-12-08 23:41:22,876:55] p4
[2021-12-08 23:41:22,876:55] p4
[2021-12-08 23:41:22,876:55] p4
[2021-12-08 23:41:22,876:57] p5
[2021-12-08 23:41:22,876:57] p5
[2021-12-08 23:41:22,876:57] p5
[2021-12-08 23:41:22,876:41] p3
[2021-12-08 23:41:22,876:43] p1
[2021-12-08 23:41:22,876:45] p1 and p2
[2021-12-08 23:41:22,877:47] p1 and p2 and p3
[2021-12-08 23:41:22,877:41] p3
[2021-12-08 23:41:22,877:43] p1
[2021-12-08 23:41:22,877:45] p1 and p2
[2021-12-08 23:41:22,877:47] p1 and p2 and p3
[2021-12-08 23:41:22,877:58] top3
