[2021-12-08 23:41:22,877:16] top1
[2021-12-08 23:41:22,878:36] not p1
[2021-12-08 23:41:22,878:38] top2
[2021-12-08 23:41:22,878:41] p3
[2021-12-08 23:41:22,878:53] not p1
[2021-12-08 23:41:22,878:55] p4
[2021-12-08 23:41:22,878:55] p4
[2021-12-08 23:41:22,878:57] p5
[2021-12-08 23:41:22,878:55] p4
[2021-12-08 23:41:22,878:55] p4
[2021-12-08 23:41:22,878:41] p3
[2021-12-08 23:41:22,878:43] p1
[2021-12-08 23:41:22,878:45] p1 and p2
[2021-12-08 23:41:22,878:47] p1 and p2 and p3
[2021-12-08 23:41:22,879:41] p3
[2021-12-08 23:41:22,879:53] not p1
[2021-12-08 23:41:22,879:55] p4
[2021-12-08 23:41:22,879:55] p4
[2021-12-08 23:41:22,879:57] p5
[2021-12-08 23:41:22,879:57] p5
[2021-12-08 23:41:22,879:57] p5
[2021-12-08 23:41:22,879:55] p4
[2021-12-08 23:41:22,879:55] p4
[2021-12-08 23:41:22,879:57] p5
[2021-12-08 23:41:22,879:58] top3
