[2021-12-08 23:41:22,893:16] top1
[2021-12-08 23:41:22,893:18] p1
[2021-12-08 23:41:22,893:34] p1 and not p2
[2021-12-08 23:41:22,893:38] top2
[2021-12-08 23:41:22,893:41] p3
[2021-12-08 23:41:22,893:43] p1
[2021-12-08 23:41:22,893:45] p1 and p2
[2021-12-08 23:41:22,893:49] p1 and p2 and not p3
[2021-12-08 23:41:22,893:55] p4
[2021-12-08 23:41:22,893:41] p3
[2021-12-08 23:41:22,893:43] p1
[2021-12-08 23:41:22,893:45] p1 and p2
[2021-12-08 23:41:22,893:49] p1 and p2 and not p3
[2021-12-08 23:41:22,893:55] p4
[2021-12-08 23:41:22,894:57] p5
[2021-12-08 23:41:22,894:57] p5
[2021-12-08 23:41:22,894:57] p5
[2021-12-08 23:41:22,894:57] p5
[2021-12-08 23:41:22,894:57] p5
[2021-12-08 23:41:22,894:58] top3
