[2021-12-08 23:41:22,903:16] top1
[2021-12-08 23:41:22,903:36] not p1
[2021-12-08 23:41:22,903:38] top2
[2021-12-08 23:41:22,903:41] p3
[2021-12-08 23:41:22,903:53] not p1
[2021-12-08 23:41:22,903:55] p4
[2021-12-08 23:41:22,903:57] p5
[2021-12-08 23:41:22,903:41] p3
[2021-12-08 23:41:22,903:43] p1
[2021-12-08 23:41:22,903:45] p1 and p2
[2021-12-08 23:41:22,904:47] p1 and p2 and p3
[2021-12-08 23:41:22,904:55] p4
[2021-12-08 23:41:22,904:55] p4
[2021-12-08 23:41:22,904:55] p4
[2021-12-08 23:41:22,904:57] p5
[2021-12-08 23:41:22,904:55] p4
[2021-12-08 23:41:22,904:57] p5
[2021-12-08 23:41:22,904:55] p4
[2021-12-08 23:41:22,904:57] p5
[2021-12-08 23:41:22,904:55] p4
[2021-12-08 23:41:22,904:57] p5
[2021-12-08 23:41:22,904:55] p4
[2021-12-08 23:41:22,904:55] p4
[2021-12-08 23:41:22,904:57] p5
[2021-12-08 23:41:22,904:57] p5
[2021-12-08 23:41:22,904:58] top3
