[2021-12-08 23:41:22,906:16] top1
[2021-12-08 23:41:22,906:18] p1
[2021-12-08 23:41:22,906:20] p1 and p2
[2021-12-08 23:41:22,906:22] p1 and p2 and p3
[2021-12-08 23:41:22,906:24] p1 and p2 and p3 and p4
[2021-12-08 23:41:22,906:28] p1 and p2 and p3 and p4 and not p5
[2021-12-08 23:41:22,906:38] top2
[2021-12-08 23:41:22,906:41] p3
[2021-12-08 23:41:22,906:43] p1
[2021-12-08 23:41:22,906:45] p1 and p2
[2021-12-08 23:41:22,906:47] p1 and p2 and p3
[2021-12-08 23:41:22,906:41] p3
[2021-12-08 23:41:22,906:43] p1
[2021-12-08 23:41:22,906:45] p1 and p2
[2021-12-08 23:41:22,906:47] p1 and p2 and p3
[2021-12-08 23:41:22,906:55] p4
[2021-12-08 23:41:22,906:57] p5
[2021-12-08 23:41:22,906:57] p5
[2021-12-08 23:41:22,906:55] p4
[2021-12-08 23:41:22,907:41] p3
[2021-12-08 23:41:22,907:43] p1
[2021-12-08 23:41:22,907:45] p1 and p2
[2021-12-08 23:41:22,907:49] p1 and p2 and not p3
[2021-12-08 23:41:22,907:41] p3
[2021-12-08 23:41:22,907:43] p1
[2021-12-08 23:41:22,907:45] p1 and p2
[2021-12-08 23:41:22,907:49] p1 and p2 and not p3
[2021-12-08 23:41:22,907:41] p3
[2021-12-08 23:41:22,907:53] not p1
[2021-12-08 23:41:22,907:55] p4
[2021-12-08 23:41:22,907:58] top3
