[2021-12-08 23:41:22,919:16] top1
[2021-12-08 23:41:22,919:18] p1
[2021-12-08 23:41:22,919:20] p1 and p2
[2021-12-08 23:41:22,919:22] p1 and p2 and p3
[2021-12-08 23:41:22,919:24] p1 and p2 and p3 and p4
[2021-12-08 23:41:22,919:28] p1 and p2 and p3 and p4 and not p5
[2021-12-08 23:41:22,919:38] top2
[2021-12-08 23:41:22,919:41] p3
[2021-12-08 23:41:22,919:53] not p1
[2021-12-08 23:41:22,919:55] p4
[2021-12-08 23:41:22,919:57] p5
[2021-12-08 23:41:22,919:55] p4
[2021-12-08 23:41:22,919:55] p4
[2021-12-08 23:41:22,919:57] p5
[2021-12-08 23:41:22,919:41] p3
[2021-12-08 23:41:22,920:43] p1
[2021-12-08 23:41:22,920:45] p1 and p2
[2021-12-08 23:41:22,920:49] p1 and p2 and not p3
[2021-12-08 23:41:22,920:55] p4
[2021-12-08 23:41:22,920:57] p5
[2021-12-08 23:41:22,920:57] p5
[2021-12-08 23:41:22,920:57] p5
[2021-12-08 23:41:22,920:57] p5
[2021-12-08 23:41:22,920:57] p5
[2021-12-08 23:41:22,920:57] p5
[2021-12-08 23:41:22,920:57] p5
[2021-12-08 23:41:22,920:57] p5
[2021-12-08 23:41:22,920:57] p5
[2021-12-08 23:41:22,920:57] p5
[2021-12-08 23:41:22,920:41] p3
[2021-12-08 23:41:22,920:43] p1
[2021-12-08 23:41:22,920:45] p1 and p2
[2021-12-08 23:41:22,920:47] p1 and p2 and p3
[2021-12-08 23:41:22,920:58] top3
