[2021-12-08 23:41:22,925:16] top1
[2021-12-08 23:41:22,926:18] p1
[2021-12-08 23:41:22,926:34] p1 and not p2
[2021-12-08 23:41:22,926:38] top2
[2021-12-08 23:41:22,926:41] p3
[2021-12-08 23:41:22,926:53] not p1
[2021-12-08 23:41:22,926:55] p4
[2021-12-08 23:41:22,926:41] p3
[2021-12-08 23:41:22,926:43] p1
[2021-12-08 23:41:22,926:51] p1 and not p2
[2021-12-08 23:41:22,926:41] p3
[2021-12-08 23:41:22,926:53] not p1
[2021-12-08 23:41:22,926:41] p3
[2021-12-08 23:41:22,926:43] p1
[2021-12-08 23:41:22,926:45] p1 and p2
[2021-12-08 23:41:22,926:49] p1 and p2 and not p3
[2021-12-08 23:41:22,927:41] p3
[2021-12-08 23:41:22,927:43] p1
[2021-12-08 23:41:22,927:45] p1 and p2
[2021-12-08 23:41:22,927:49] p1 and p2 and not p3
[2021-12-08 23:41:22,927:55] p4
[2021-12-08 23:41:22,927:41] p3
[2021-12-08 23:41:22,927:53] not p1
[2021-12-08 23:41:22,927:55] p4
[2021-12-08 23:41:22,927:57] p5
[2021-12-08 23:41:22,927:41] p3
[2021-12-08 23:41:22,927:53] not p1
[2021-12-08 23:41:22,927:55] p4
[2021-12-08 23:41:22,927:57] p5
[2021-12-08 23:41:22,927:41] p3
[2021-12-08 23:41:22,927:53] not p1
[2021-12-08 23:41:22,927:55] p4
[2021-12-08 23:41:22,927:57] p5
[2021-12-08 23:41:22,927:57] p5
[2021-12-08 23:41:22,927:55] p4
[2021-12-08 23:41:22,927:58] top3
