[2021-12-08 23:41:22,934:16] top1
[2021-12-08 23:41:22,934:36] not p1
[2021-12-08 23:41:22,934:38] top2
[2021-12-08 23:41:22,934:41] p3
[2021-12-08 23:41:22,934:43] p1
[2021-12-08 23:41:22,934:51] p1 and not p2
[2021-12-08 23:41:22,934:55] p4
[2021-12-08 23:41:22,934:57] p5
[2021-12-08 23:41:22,934:57] p5
[2021-12-08 23:41:22,934:41] p3
[2021-12-08 23:41:22,934:43] p1
[2021-12-08 23:41:22,934:45] p1 and p2
[2021-12-08 23:41:22,934:47] p1 and p2 and p3
[2021-12-08 23:41:22,934:55] p4
[2021-12-08 23:41:22,935:55] p4
[2021-12-08 23:41:22,935:41] p3
[2021-12-08 23:41:22,935:43] p1
[2021-12-08 23:41:22,935:51] p1 and not p2
[2021-12-08 23:41:22,935:41] p3
[2021-12-08 23:41:22,935:43] p1
[2021-12-08 23:41:22,935:51] p1 and not p2
[2021-12-08 23:41:22,935:41] p3
[2021-12-08 23:41:22,935:53] not p1
[2021-12-08 23:41:22,935:41] p3
[2021-12-08 23:41:22,935:43] p1
[2021-12-08 23:41:22,935:51] p1 and not p2
[2021-12-08 23:41:22,935:58] top3
