[2021-12-08 23:41:22,944:16] top1
[2021-12-08 23:41:22,944:18] p1
[2021-12-08 23:41:22,944:34] p1 and not p2
[2021-12-08 23:41:22,944:38] top2
[2021-12-08 23:41:22,944:41] p3
[2021-12-08 23:41:22,944:43] p1
[2021-12-08 23:41:22,944:45] p1 and p2
[2021-12-08 23:41:22,944:49] p1 and p2 and not p3
[2021-12-08 23:41:22,944:41] p3
[2021-12-08 23:41:22,944:53] not p1
[2021-12-08 23:41:22,945:55] p4
[2021-12-08 23:41:22,945:55] p4
[2021-12-08 23:41:22,945:55] p4
[2021-12-08 23:41:22,945:57] p5
[2021-12-08 23:41:22,945:57] p5
[2021-12-08 23:41:22,945:55] p4
[2021-12-08 23:41:22,945:41] p3
[2021-12-08 23:41:22,945:53] not p1
[2021-12-08 23:41:22,945:41] p3
[2021-12-08 23:41:22,945:53] not p1
[2021-12-08 23:41:22,945:58] top3
