[2021-12-08 23:41:22,949:16] top1
[2021-12-08 23:41:22,949:18] p1
[2021-12-08 23:41:22,949:34] p1 and not p2
[2021-12-08 23:41:22,949:38] top2
[2021-12-08 23:41:22,950:41] p3
[2021-12-08 23:41:22,950:43] p1
[2021-12-08 23:41:22,950:51] p1 and not p2
[2021-12-08 23:41:22,950:55] p4
[2021-12-08 23:41:22,950:41] p3
[2021-12-08 23:41:22,950:43] p1
[2021-12-08 23:41:22,950:45] p1 and p2
[2021-12-08 23:41:22,950:49] p1 and p2 and not p3
[2021-12-08 23:41:22,950:41] p3
[2021-12-08 23:41:22,950:53] not p1
[2021-12-08 23:41:22,950:55] p4
[2021-12-08 23:41:22,950:57] p5
[2021-12-08 23:41:22,950:55] p4
[2021-12-08 23:41:22,950:55] p4
[2021-12-08 23:41:22,950:55] p4
[2021-12-08 23:41:22,950:55] p4
[2021-12-08 23:41:22,950:41] p3
[2021-12-08 23:41:22,950:53] not p1
[2021-12-08 23:41:22,950:55] p4
[2021-12-08 23:41:22,950:55] p4
[2021-12-08 23:41:22,950:57] p5
[2021-12-08 23:41:22,950:57] p5
[2021-12-08 23:41:22,951:58] top3
