[2021-12-08 23:41:22,969:16] top1
[2021-12-08 23:41:22,969:18] p1
[2021-12-08 23:41:22,969:20] p1 and p2
[2021-12-08 23:41:22,969:22] p1 and p2 and p3
[2021-12-08 23:41:22,969:30] p1 and p2 and p3 and not p4
[2021-12-08 23:41:22,969:38] top2
[2021-12-08 23:41:22,969:41] p3
[2021-12-08 23:41:22,969:53] not p1
[2021-12-08 23:41:22,969:41] p3
[2021-12-08 23:41:22,969:43] p1
[2021-12-08 23:41:22,969:45] p1 and p2
[2021-12-08 23:41:22,969:47] p1 and p2 and p3
[2021-12-08 23:41:22,970:41] p3
[2021-12-08 23:41:22,970:43] p1
[2021-12-08 23:41:22,970:51] p1 and not p2
[2021-12-08 23:41:22,970:41] p3
[2021-12-08 23:41:22,970:43] p1
[2021-12-08 23:41:22,970:45] p1 and p2
[2021-12-08 23:41:22,970:49] p1 and p2 and not p3
[2021-12-08 23:41:22,970:41] p3
[2021-12-08 23:41:22,970:53] not p1
[2021-12-08 23:41:22,970:55] p4
[2021-12-08 23:41:22,970:58] top3
