[2021-12-08 23:41:22,970:16] top1
[2021-12-08 23:41:22,970:18] p1
[2021-12-08 23:41:22,971:20] p1 and p2
[2021-12-08 23:41:22,971:32] p1 and p2 and not p3
[2021-12-08 23:41:22,971:38] top2
[2021-12-08 23:41:22,971:41] p3
[2021-12-08 23:41:22,971:53] not p1
[2021-12-08 23:41:22,971:55] p4
[2021-12-08 23:41:22,971:41] p3
[2021-12-08 23:41:22,971:43] p1
[2021-12-08 23:41:22,971:45] p1 and p2
[2021-12-08 23:41:22,971:49] p1 and p2 and not p3
[2021-12-08 23:41:22,971:55] p4
[2021-12-08 23:41:22,971:57] p5
[2021-12-08 23:41:22,971:57] p5
[2021-12-08 23:41:22,971:41] p3
[2021-12-08 23:41:22,971:43] p1
[2021-12-08 23:41:22,971:51] p1 and not p2
[2021-12-08 23:41:22,971:55] p4
[2021-12-08 23:41:22,971:57] p5
[2021-12-08 23:41:22,971:55] p4
[2021-12-08 23:41:22,971:57] p5
[2021-12-08 23:41:22,971:55] p4
[2021-12-08 23:41:22,971:58] top3
