[2021-12-08 23:41:22,972:16] top1
[2021-12-08 23:41:22,972:36] not p1
[2021-12-08 23:41:22,972:38] top2
[2021-12-08 23:41:22,972:41] p3
[2021-12-08 23:41:22,972:43] p1
[2021-12-08 23:41:22,972:45] p1 and p2
[2021-12-08 23:41:22,972:47] p1 and p2 and p3
[2021-12-08 23:41:22,972:55] p4
[2021-12-08 23:41:22,972:57] p5
[2021-12-08 23:41:22,972:55] p4
[2021-12-08 23:41:22,972:55] p4
[2021-12-08 23:41:22,972:57] p5
[2021-12-08 23:41:22,972:55] p4
[2021-12-08 23:41:22,972:57] p5
[2021-12-08 23:41:22,972:55] p4
[2021-12-08 23:41:22,972:55] p4
[2021-12-08 23:41:22,973:55] p4
[2021-12-08 23:41:22,973:41] p3
[2021-12-08 23:41:22,973:43] p1
[2021-12-08 23:41:22,973:45] p1 and p2
[2021-12-08 23:41:22,973:49] p1 and p2 and not p3
[2021-12-08 23:41:22,973:41] p3
[2021-12-08 23:41:22,973:43] p1
[2021-12-08 23:41:22,973:51] p1 and not p2
[2021-12-08 23:41:22,973:55] p4
[2021-12-08 23:41:22,973:55] p4
[2021-12-08 23:41:22,973:57] p5
[2021-12-08 23:41:22,973:55] p4
[2021-12-08 23:41:22,973:57] p5
[2021-12-08 23:41:22,973:55] p4
[2021-12-08 23:41:22,973:57] p5
[2021-12-08 23:41:22,973:57] p5
[2021-12-08 23:41:22,973:57] p5
[2021-12-08 23:41:22,973:55] p4
[2021-12-08 23:41:22,973:57] p5
[2021-12-08 23:41:22,973:57] p5
[2021-12-08 23:41:22,973:57] p5
[2021-12-08 23:41:22,973:55] p4
[2021-12-08 23:41:22,974:57] p5
[2021-12-08 23:41:22,974:58] top3
