[2021-12-08 23:41:22,979:16] top1
[2021-12-08 23:41:22,980:36] not p1
[2021-12-08 23:41:22,980:38] top2
[2021-12-08 23:41:22,980:41] p3
[2021-12-08 23:41:22,980:53] not p1
[2021-12-08 23:41:22,980:55] p4
[2021-12-08 23:41:22,980:57] p5
[2021-12-08 23:41:22,980:57] p5
[2021-12-08 23:41:22,980:57] p5
[2021-12-08 23:41:22,980:41] p3
[2021-12-08 23:41:22,980:53] not p1
[2021-12-08 23:41:22,980:55] p4
[2021-12-08 23:41:22,980:57] p5
[2021-12-08 23:41:22,980:57] p5
[2021-12-08 23:41:22,980:57] p5
[2021-12-08 23:41:22,980:57] p5
[2021-12-08 23:41:22,980:41] p3
[2021-12-08 23:41:22,980:43] p1
[2021-12-08 23:41:22,980:45] p1 and p2
[2021-12-08 23:41:22,981:49] p1 and p2 and not p3
[2021-12-08 23:41:22,981:58] top3
