[2021-12-08 23:41:22,984:16] top1
[2021-12-08 23:41:22,984:18] p1
[2021-12-08 23:41:22,985:20] p1 and p2
[2021-12-08 23:41:22,985:32] p1 and p2 and not p3
[2021-12-08 23:41:22,985:38] top2
[2021-12-08 23:41:22,985:41] p3
[2021-12-08 23:41:22,985:53] not p1
[2021-12-08 23:41:22,985:55] p4
[2021-12-08 23:41:22,985:41] p3
[2021-12-08 23:41:22,985:43] p1
[2021-12-08 23:41:22,985:51] p1 and not p2
[2021-12-08 23:41:22,985:55] p4
[2021-12-08 23:41:22,985:57] p5
[2021-12-08 23:41:22,985:55] p4
[2021-12-08 23:41:22,985:57] p5
[2021-12-08 23:41:22,985:57] p5
[2021-12-08 23:41:22,986:55] p4
[2021-12-08 23:41:22,986:55] p4
[2021-12-08 23:41:22,986:57] p5
[2021-12-08 23:41:22,986:41] p3
[2021-12-08 23:41:22,986:53] not p1
[2021-12-08 23:41:22,986:55] p4
[2021-12-08 23:41:22,986:55] p4
[2021-12-08 23:41:22,986:57] p5
[2021-12-08 23:41:22,986:55] p4
[2021-12-08 23:41:22,986:55] p4
[2021-12-08 23:41:22,986:55] p4
[2021-12-08 23:41:22,986:41] p3
[2021-12-08 23:41:22,986:43] p1
[2021-12-08 23:41:22,986:51] p1 and not p2
[2021-12-08 23:41:22,987:55] p4
[2021-12-08 23:41:22,987:55] p4
[2021-12-08 23:41:22,987:57] p5
[2021-12-08 23:41:22,987:57] p5
[2021-12-08 23:41:22,987:57] p5
[2021-12-08 23:41:22,987:57] p5
[2021-12-08 23:41:22,987:41] p3
[2021-12-08 23:41:22,987:53] not p1
[2021-12-08 23:41:22,987:55] p4
[2021-12-08 23:41:22,987:57] p5
[2021-12-08 23:41:22,987:41] p3
[2021-12-08 23:41:22,987:53] not p1
[2021-12-08 23:41:22,987:41] p3
[2021-12-08 23:41:22,987:43] p1
[2021-12-08 23:41:22,988:51] p1 and not p2
[2021-12-08 23:41:22,988:41] p3
[2021-12-08 23:41:22,988:53] not p1
[2021-12-08 23:41:22,988:55] p4
[2021-12-08 23:41:22,988:57] p5
[2021-12-08 23:41:22,988:57] p5
[2021-12-08 23:41:22,988:57] p5
[2021-12-08 23:41:22,988:57] p5
[2021-12-08 23:41:22,988:57] p5
[2021-12-08 23:41:22,988:57] p5
[2021-12-08 23:41:22,988:55] p4
[2021-12-08 23:41:22,989:57] p5
[2021-12-08 23:41:22,989:58] top3
