[2021-12-08 23:41:22,992:16] top1
[2021-12-08 23:41:22,992:36] not p1
[2021-12-08 23:41:22,992:38] top2
[2021-12-08 23:41:22,992:41] p3
[2021-12-08 23:41:22,992:53] not p1
[2021-12-08 23:41:22,992:55] p4
[2021-12-08 23:41:22,992:55] p4
[2021-12-08 23:41:22,992:57] p5
[2021-12-08 23:41:22,992:57] p5
[2021-12-08 23:41:22,993:57] p5
[2021-12-08 23:41:22,993:41] p3
[2021-12-08 23:41:22,993:43] p1
[2021-12-08 23:41:22,993:45] p1 and p2
[2021-12-08 23:41:22,993:47] p1 and p2 and p3
[2021-12-08 23:41:22,993:41] p3
[2021-12-08 23:41:22,993:43] p1
[2021-12-08 23:41:22,993:51] p1 and not p2
[2021-12-08 23:41:22,993:55] p4
[2021-12-08 23:41:22,993:57] p5
[2021-12-08 23:41:22,993:57] p5
[2021-12-08 23:41:22,993:55] p4
[2021-12-08 23:41:22,993:58] top3
