[2021-12-08 23:41:23,005:16] top1
[2021-12-08 23:41:23,006:36] not p1
[2021-12-08 23:41:23,006:38] top2
[2021-12-08 23:41:23,006:41] p3
[2021-12-08 23:41:23,006:43] p1
[2021-12-08 23:41:23,006:51] p1 and not p2
[2021-12-08 23:41:23,006:41] p3
[2021-12-08 23:41:23,006:53] not p1
[2021-12-08 23:41:23,006:41] p3
[2021-12-08 23:41:23,007:43] p1
[2021-12-08 23:41:23,007:45] p1 and p2
[2021-12-08 23:41:23,007:47] p1 and p2 and p3
[2021-12-08 23:41:23,007:55] p4
[2021-12-08 23:41:23,007:57] p5
[2021-12-08 23:41:23,007:57] p5
[2021-12-08 23:41:23,007:57] p5
[2021-12-08 23:41:23,007:55] p4
[2021-12-08 23:41:23,007:55] p4
[2021-12-08 23:41:23,007:57] p5
[2021-12-08 23:41:23,007:57] p5
[2021-12-08 23:41:23,007:55] p4
[2021-12-08 23:41:23,007:58] top3
