[2021-12-08 23:41:23,011:16] top1
[2021-12-08 23:41:23,011:18] p1
[2021-12-08 23:41:23,011:20] p1 and p2
[2021-12-08 23:41:23,011:32] p1 and p2 and not p3
[2021-12-08 23:41:23,011:38] top2
[2021-12-08 23:41:23,011:41] p3
[2021-12-08 23:41:23,011:53] not p1
[2021-12-08 23:41:23,011:55] p4
[2021-12-08 23:41:23,011:57] p5
[2021-12-08 23:41:23,011:41] p3
[2021-12-08 23:41:23,012:53] not p1
[2021-12-08 23:41:23,012:55] p4
[2021-12-08 23:41:23,012:55] p4
[2021-12-08 23:41:23,012:57] p5
[2021-12-08 23:41:23,012:55] p4
[2021-12-08 23:41:23,012:57] p5
[2021-12-08 23:41:23,012:57] p5
[2021-12-08 23:41:23,012:57] p5
[2021-12-08 23:41:23,012:57] p5
[2021-12-08 23:41:23,012:41] p3
[2021-12-08 23:41:23,012:53] not p1
[2021-12-08 23:41:23,012:41] p3
[2021-12-08 23:41:23,013:43] p1
[2021-12-08 23:41:23,013:45] p1 and p2
[2021-12-08 23:41:23,013:47] p1 and p2 and p3
[2021-12-08 23:41:23,013:41] p3
[2021-12-08 23:41:23,013:43] p1
[2021-12-08 23:41:23,013:51] p1 and not p2
[2021-12-08 23:41:23,013:58] top3
