[2021-12-08 23:41:23,013:16] top1
[2021-12-08 23:41:23,014:18] p1
[2021-12-08 23:41:23,014:20] p1 and p2
[2021-12-08 23:41:23,014:22] p1 and p2 and p3
[2021-12-08 23:41:23,014:24] p1 and p2 and p3 and p4
[2021-12-08 23:41:23,014:28] p1 and p2 and p3 and p4 and not p5
[2021-12-08 23:41:23,014:38] top2
[2021-12-08 23:41:23,014:41] p3
[2021-12-08 23:41:23,014:53] not p1
[2021-12-08 23:41:23,014:41] p3
[2021-12-08 23:41:23,014:53] not p1
[2021-12-08 23:41:23,014:41] p3
[2021-12-08 23:41:23,014:43] p1
[2021-12-08 23:41:23,015:51] p1 and not p2
[2021-12-08 23:41:23,015:55] p4
[2021-12-08 23:41:23,015:57] p5
[2021-12-08 23:41:23,015:57] p5
[2021-12-08 23:41:23,015:41] p3
[2021-12-08 23:41:23,015:43] p1
[2021-12-08 23:41:23,015:45] p1 and p2
[2021-12-08 23:41:23,015:49] p1 and p2 and not p3
[2021-12-08 23:41:23,015:41] p3
[2021-12-08 23:41:23,015:43] p1
[2021-12-08 23:41:23,015:45] p1 and p2
[2021-12-08 23:41:23,016:49] p1 and p2 and not p3
[2021-12-08 23:41:23,016:55] p4
[2021-12-08 23:41:23,016:57] p5
[2021-12-08 23:41:23,016:55] p4
[2021-12-08 23:41:23,016:55] p4
[2021-12-08 23:41:23,016:55] p4
[2021-12-08 23:41:23,017:55] p4
[2021-12-08 23:41:23,017:41] p3
[2021-12-08 23:41:23,017:43] p1
[2021-12-08 23:41:23,017:45] p1 and p2
[2021-12-08 23:41:23,017:47] p1 and p2 and p3
[2021-12-08 23:41:23,017:41] p3
[2021-12-08 23:41:23,017:43] p1
[2021-12-08 23:41:23,017:51] p1 and not p2
[2021-12-08 23:41:23,017:41] p3
[2021-12-08 23:41:23,017:53] not p1
[2021-12-08 23:41:23,017:58] top3
