[2021-12-08 23:41:23,029:16] top1
[2021-12-08 23:41:23,030:18] p1
[2021-12-08 23:41:23,030:20] p1 and p2
[2021-12-08 23:41:23,030:32] p1 and p2 and not p3
[2021-12-08 23:41:23,030:38] top2
[2021-12-08 23:41:23,030:41] p3
[2021-12-08 23:41:23,030:43] p1
[2021-12-08 23:41:23,030:45] p1 and p2
[2021-12-08 23:41:23,030:47] p1 and p2 and p3
[2021-12-08 23:41:23,030:41] p3
[2021-12-08 23:41:23,030:53] not p1
[2021-12-08 23:41:23,030:41] p3
[2021-12-08 23:41:23,030:53] not p1
[2021-12-08 23:41:23,030:55] p4
[2021-12-08 23:41:23,030:55] p4
[2021-12-08 23:41:23,030:57] p5
[2021-12-08 23:41:23,030:57] p5
[2021-12-08 23:41:23,030:57] p5
[2021-12-08 23:41:23,030:57] p5
[2021-12-08 23:41:23,030:55] p4
[2021-12-08 23:41:23,031:58] top3
