[2021-12-08 23:41:23,067:16] top1
[2021-12-08 23:41:23,067:36] not p1
[2021-12-08 23:41:23,067:38] top2
[2021-12-08 23:41:23,067:41] p3
[2021-12-08 23:41:23,067:43] p1
[2021-12-08 23:41:23,067:51] p1 and not p2
[2021-12-08 23:41:23,067:41] p3
[2021-12-08 23:41:23,067:53] not p1
[2021-12-08 23:41:23,067:41] p3
[2021-12-08 23:41:23,068:53] not p1
[2021-12-08 23:41:23,068:55] p4
[2021-12-08 23:41:23,068:57] p5
[2021-12-08 23:41:23,068:57] p5
[2021-12-08 23:41:23,068:57] p5
[2021-12-08 23:41:23,068:57] p5
[2021-12-08 23:41:23,068:41] p3
[2021-12-08 23:41:23,068:43] p1
[2021-12-08 23:41:23,068:45] p1 and p2
[2021-12-08 23:41:23,068:49] p1 and p2 and not p3
[2021-12-08 23:41:23,068:58] top3
