[2021-12-08 23:41:23,114:16] top1
[2021-12-08 23:41:23,114:18] p1
[2021-12-08 23:41:23,114:34] p1 and not p2
[2021-12-08 23:41:23,114:38] top2
[2021-12-08 23:41:23,114:41] p3
[2021-12-08 23:41:23,114:43] p1
[2021-12-08 23:41:23,114:45] p1 and p2
[2021-12-08 23:41:23,114:47] p1 and p2 and p3
[2021-12-08 23:41:23,114:55] p4
[2021-12-08 23:41:23,115:57] p5
[2021-12-08 23:41:23,115:57] p5
[2021-12-08 23:41:23,115:41] p3
[2021-12-08 23:41:23,115:43] p1
[2021-12-08 23:41:23,115:51] p1 and not p2
[2021-12-08 23:41:23,115:41] p3
[2021-12-08 23:41:23,115:43] p1
[2021-12-08 23:41:23,115:51] p1 and not p2
[2021-12-08 23:41:23,115:55] p4
[2021-12-08 23:41:23,115:57] p5
[2021-12-08 23:41:23,115:55] p4
[2021-12-08 23:41:23,115:58] top3
