[2021-12-08 23:41:19,179:16] top1
[2021-12-08 23:41:19,180:36] not p1
[2021-12-08 23:41:19,180:38] top2
[2021-12-08 23:41:19,180:41] p3
[2021-12-08 23:41:19,180:43] p1
[2021-12-08 23:41:19,180:45] p1 and p2
[2021-12-08 23:41:19,180:47] p1 and p2 and p3
[2021-12-08 23:41:19,180:55] p4
[2021-12-08 23:41:19,180:55] p4
[2021-12-08 23:41:19,180:57] p5
[2021-12-08 23:41:19,180:55] p4
[2021-12-08 23:41:19,180:57] p5
[2021-12-08 23:41:19,180:55] p4
[2021-12-08 23:41:19,180:57] p5
[2021-12-08 23:41:19,180:57] p5
[2021-12-08 23:41:19,180:57] p5
[2021-12-08 23:41:19,180:41] p3
[2021-12-08 23:41:19,180:53] not p1
[2021-12-08 23:41:19,180:55] p4
[2021-12-08 23:41:19,180:55] p4
[2021-12-08 23:41:19,180:55] p4
[2021-12-08 23:41:19,180:57] p5
[2021-12-08 23:41:19,181:57] p5
[2021-12-08 23:41:19,181:57] p5
[2021-12-08 23:41:19,181:57] p5
[2021-12-08 23:41:19,181:57] p5
[2021-12-08 23:41:19,181:55] p4
[2021-12-08 23:41:19,181:41] p3
[2021-12-08 23:41:19,181:43] p1
[2021-12-08 23:41:19,181:45] p1 and p2
[2021-12-08 23:41:19,181:49] p1 and p2 and not p3
[2021-12-08 23:41:19,181:41] p3
[2021-12-08 23:41:19,181:53] not p1
[2021-12-08 23:41:19,181:58] top3
