[2021-12-08 23:41:23,152:16] top1
[2021-12-08 23:41:23,152:18] p1
[2021-12-08 23:41:23,152:34] p1 and not p2
[2021-12-08 23:41:23,152:38] top2
[2021-12-08 23:41:23,152:41] p3
[2021-12-08 23:41:23,152:43] p1
[2021-12-08 23:41:23,152:51] p1 and not p2
[2021-12-08 23:41:23,152:41] p3
[2021-12-08 23:41:23,152:53] not p1
[2021-12-08 23:41:23,152:55] p4
[2021-12-08 23:41:23,152:57] p5
[2021-12-08 23:41:23,152:55] p4
[2021-12-08 23:41:23,152:41] p3
[2021-12-08 23:41:23,153:53] not p1
[2021-12-08 23:41:23,153:41] p3
[2021-12-08 23:41:23,153:43] p1
[2021-12-08 23:41:23,153:45] p1 and p2
[2021-12-08 23:41:23,153:47] p1 and p2 and p3
[2021-12-08 23:41:23,153:55] p4
[2021-12-08 23:41:23,153:58] top3
