[2021-12-08 23:41:23,171:16] top1
[2021-12-08 23:41:23,171:18] p1
[2021-12-08 23:41:23,171:34] p1 and not p2
[2021-12-08 23:41:23,171:38] top2
[2021-12-08 23:41:23,172:41] p3
[2021-12-08 23:41:23,172:43] p1
[2021-12-08 23:41:23,172:45] p1 and p2
[2021-12-08 23:41:23,172:49] p1 and p2 and not p3
[2021-12-08 23:41:23,172:55] p4
[2021-12-08 23:41:23,172:41] p3
[2021-12-08 23:41:23,172:43] p1
[2021-12-08 23:41:23,172:51] p1 and not p2
[2021-12-08 23:41:23,172:55] p4
[2021-12-08 23:41:23,172:55] p4
[2021-12-08 23:41:23,172:57] p5
[2021-12-08 23:41:23,172:57] p5
[2021-12-08 23:41:23,172:55] p4
[2021-12-08 23:41:23,172:57] p5
[2021-12-08 23:41:23,172:41] p3
[2021-12-08 23:41:23,172:53] not p1
[2021-12-08 23:41:23,172:55] p4
[2021-12-08 23:41:23,172:57] p5
[2021-12-08 23:41:23,172:57] p5
[2021-12-08 23:41:23,172:57] p5
[2021-12-08 23:41:23,172:57] p5
[2021-12-08 23:41:23,172:57] p5
[2021-12-08 23:41:23,172:57] p5
[2021-12-08 23:41:23,172:41] p3
[2021-12-08 23:41:23,173:53] not p1
[2021-12-08 23:41:23,173:58] top3
