[2021-12-08 23:41:23,192:16] top1
[2021-12-08 23:41:23,192:18] p1
[2021-12-08 23:41:23,192:34] p1 and not p2
[2021-12-08 23:41:23,193:38] top2
[2021-12-08 23:41:23,193:41] p3
[2021-12-08 23:41:23,193:53] not p1
[2021-12-08 23:41:23,193:41] p3
[2021-12-08 23:41:23,193:53] not p1
[2021-12-08 23:41:23,193:55] p4
[2021-12-08 23:41:23,193:55] p4
[2021-12-08 23:41:23,193:57] p5
[2021-12-08 23:41:23,193:55] p4
[2021-12-08 23:41:23,193:41] p3
[2021-12-08 23:41:23,193:53] not p1
[2021-12-08 23:41:23,193:41] p3
[2021-12-08 23:41:23,193:43] p1
[2021-12-08 23:41:23,193:51] p1 and not p2
[2021-12-08 23:41:23,193:55] p4
[2021-12-08 23:41:23,193:57] p5
[2021-12-08 23:41:23,193:55] p4
[2021-12-08 23:41:23,193:55] p4
[2021-12-08 23:41:23,193:55] p4
[2021-12-08 23:41:23,193:57] p5
[2021-12-08 23:41:23,193:57] p5
[2021-12-08 23:41:23,193:41] p3
[2021-12-08 23:41:23,193:43] p1
[2021-12-08 23:41:23,194:51] p1 and not p2
[2021-12-08 23:41:23,194:55] p4
[2021-12-08 23:41:23,194:41] p3
[2021-12-08 23:41:23,194:43] p1
[2021-12-08 23:41:23,194:45] p1 and p2
[2021-12-08 23:41:23,194:47] p1 and p2 and p3
[2021-12-08 23:41:23,194:58] top3
