[2021-12-08 23:41:23,230:16] top1
[2021-12-08 23:41:23,230:18] p1
[2021-12-08 23:41:23,230:20] p1 and p2
[2021-12-08 23:41:23,230:22] p1 and p2 and p3
[2021-12-08 23:41:23,231:24] p1 and p2 and p3 and p4
[2021-12-08 23:41:23,231:26] p1 and p2 and p3 and p4 and p5
[2021-12-08 23:41:23,231:38] top2
[2021-12-08 23:41:23,231:41] p3
[2021-12-08 23:41:23,231:43] p1
[2021-12-08 23:41:23,231:45] p1 and p2
[2021-12-08 23:41:23,231:47] p1 and p2 and p3
[2021-12-08 23:41:23,231:41] p3
[2021-12-08 23:41:23,231:53] not p1
[2021-12-08 23:41:23,231:41] p3
[2021-12-08 23:41:23,231:53] not p1
[2021-12-08 23:41:23,231:55] p4
[2021-12-08 23:41:23,231:57] p5
[2021-12-08 23:41:23,231:55] p4
[2021-12-08 23:41:23,231:57] p5
[2021-12-08 23:41:23,231:57] p5
[2021-12-08 23:41:23,231:57] p5
[2021-12-08 23:41:23,231:41] p3
[2021-12-08 23:41:23,231:43] p1
[2021-12-08 23:41:23,231:51] p1 and not p2
[2021-12-08 23:41:23,231:41] p3
[2021-12-08 23:41:23,231:53] not p1
[2021-12-08 23:41:23,231:55] p4
[2021-12-08 23:41:23,231:55] p4
[2021-12-08 23:41:23,232:55] p4
[2021-12-08 23:41:23,232:58] top3
