[2021-12-08 23:41:23,263:16] top1
[2021-12-08 23:41:23,263:36] not p1
[2021-12-08 23:41:23,263:38] top2
[2021-12-08 23:41:23,263:41] p3
[2021-12-08 23:41:23,263:53] not p1
[2021-12-08 23:41:23,263:41] p3
[2021-12-08 23:41:23,263:53] not p1
[2021-12-08 23:41:23,263:41] p3
[2021-12-08 23:41:23,263:43] p1
[2021-12-08 23:41:23,263:51] p1 and not p2
[2021-12-08 23:41:23,263:55] p4
[2021-12-08 23:41:23,263:57] p5
[2021-12-08 23:41:23,263:41] p3
[2021-12-08 23:41:23,263:43] p1
[2021-12-08 23:41:23,263:51] p1 and not p2
[2021-12-08 23:41:23,263:41] p3
[2021-12-08 23:41:23,263:43] p1
[2021-12-08 23:41:23,263:45] p1 and p2
[2021-12-08 23:41:23,264:49] p1 and p2 and not p3
[2021-12-08 23:41:23,264:55] p4
[2021-12-08 23:41:23,264:41] p3
[2021-12-08 23:41:23,264:43] p1
[2021-12-08 23:41:23,264:45] p1 and p2
[2021-12-08 23:41:23,264:49] p1 and p2 and not p3
[2021-12-08 23:41:23,264:55] p4
[2021-12-08 23:41:23,264:57] p5
[2021-12-08 23:41:23,264:41] p3
[2021-12-08 23:41:23,264:43] p1
[2021-12-08 23:41:23,264:51] p1 and not p2
[2021-12-08 23:41:23,264:55] p4
[2021-12-08 23:41:23,264:55] p4
[2021-12-08 23:41:23,264:57] p5
[2021-12-08 23:41:23,264:55] p4
[2021-12-08 23:41:23,264:57] p5
[2021-12-08 23:41:23,264:57] p5
[2021-12-08 23:41:23,264:41] p3
[2021-12-08 23:41:23,264:43] p1
[2021-12-08 23:41:23,264:51] p1 and not p2
[2021-12-08 23:41:23,264:58] top3
