[2021-12-08 23:41:23,267:16] top1
[2021-12-08 23:41:23,267:36] not p1
[2021-12-08 23:41:23,267:38] top2
[2021-12-08 23:41:23,267:41] p3
[2021-12-08 23:41:23,267:53] not p1
[2021-12-08 23:41:23,267:55] p4
[2021-12-08 23:41:23,267:57] p5
[2021-12-08 23:41:23,267:57] p5
[2021-12-08 23:41:23,267:57] p5
[2021-12-08 23:41:23,267:57] p5
[2021-12-08 23:41:23,267:41] p3
[2021-12-08 23:41:23,268:43] p1
[2021-12-08 23:41:23,268:45] p1 and p2
[2021-12-08 23:41:23,268:49] p1 and p2 and not p3
[2021-12-08 23:41:23,268:55] p4
[2021-12-08 23:41:23,268:57] p5
[2021-12-08 23:41:23,268:57] p5
[2021-12-08 23:41:23,268:55] p4
[2021-12-08 23:41:23,268:57] p5
[2021-12-08 23:41:23,268:55] p4
[2021-12-08 23:41:23,268:57] p5
[2021-12-08 23:41:23,268:55] p4
[2021-12-08 23:41:23,268:57] p5
[2021-12-08 23:41:23,268:57] p5
[2021-12-08 23:41:23,268:57] p5
[2021-12-08 23:41:23,268:57] p5
[2021-12-08 23:41:23,268:57] p5
[2021-12-08 23:41:23,268:55] p4
[2021-12-08 23:41:23,268:55] p4
[2021-12-08 23:41:23,268:57] p5
[2021-12-08 23:41:23,268:55] p4
[2021-12-08 23:41:23,268:55] p4
[2021-12-08 23:41:23,268:57] p5
[2021-12-08 23:41:23,268:57] p5
[2021-12-08 23:41:23,269:57] p5
[2021-12-08 23:41:23,269:57] p5
[2021-12-08 23:41:23,269:41] p3
[2021-12-08 23:41:23,269:53] not p1
[2021-12-08 23:41:23,269:55] p4
[2021-12-08 23:41:23,269:41] p3
[2021-12-08 23:41:23,269:53] not p1
[2021-12-08 23:41:23,269:55] p4
[2021-12-08 23:41:23,269:57] p5
[2021-12-08 23:41:23,269:57] p5
[2021-12-08 23:41:23,269:55] p4
[2021-12-08 23:41:23,269:57] p5
[2021-12-08 23:41:23,269:55] p4
[2021-12-08 23:41:23,269:57] p5
[2021-12-08 23:41:23,269:57] p5
[2021-12-08 23:41:23,269:58] top3
