[2021-12-08 23:41:18,750:16] top1
[2021-12-08 23:41:18,750:36] not p1
[2021-12-08 23:41:18,750:38] top2
[2021-12-08 23:41:18,750:41] p3
[2021-12-08 23:41:18,750:53] not p1
[2021-12-08 23:41:18,750:55] p4
[2021-12-08 23:41:18,751:57] p5
[2021-12-08 23:41:18,751:55] p4
[2021-12-08 23:41:18,751:57] p5
[2021-12-08 23:41:18,751:57] p5
[2021-12-08 23:41:18,751:41] p3
[2021-12-08 23:41:18,751:53] not p1
[2021-12-08 23:41:18,751:41] p3
[2021-12-08 23:41:18,751:43] p1
[2021-12-08 23:41:18,751:45] p1 and p2
[2021-12-08 23:41:18,751:47] p1 and p2 and p3
[2021-12-08 23:41:18,751:55] p4
[2021-12-08 23:41:18,751:57] p5
[2021-12-08 23:41:18,751:41] p3
[2021-12-08 23:41:18,751:43] p1
[2021-12-08 23:41:18,751:45] p1 and p2
[2021-12-08 23:41:18,751:47] p1 and p2 and p3
[2021-12-08 23:41:18,751:55] p4
[2021-12-08 23:41:18,752:57] p5
[2021-12-08 23:41:18,752:55] p4
[2021-12-08 23:41:18,752:41] p3
[2021-12-08 23:41:18,752:53] not p1
[2021-12-08 23:41:18,752:41] p3
[2021-12-08 23:41:18,752:53] not p1
[2021-12-08 23:41:18,752:58] top3
