[2021-12-08 23:41:18,786:16] top1
[2021-12-08 23:41:18,786:36] not p1
[2021-12-08 23:41:18,786:38] top2
[2021-12-08 23:41:18,786:41] p3
[2021-12-08 23:41:18,786:53] not p1
[2021-12-08 23:41:18,786:55] p4
[2021-12-08 23:41:18,786:57] p5
[2021-12-08 23:41:18,786:57] p5
[2021-12-08 23:41:18,786:57] p5
[2021-12-08 23:41:18,786:57] p5
[2021-12-08 23:41:18,786:57] p5
[2021-12-08 23:41:18,786:57] p5
[2021-12-08 23:41:18,786:55] p4
[2021-12-08 23:41:18,787:55] p4
[2021-12-08 23:41:18,787:55] p4
[2021-12-08 23:41:18,787:41] p3
[2021-12-08 23:41:18,787:53] not p1
[2021-12-08 23:41:18,787:55] p4
[2021-12-08 23:41:18,787:57] p5
[2021-12-08 23:41:18,787:41] p3
[2021-12-08 23:41:18,787:43] p1
[2021-12-08 23:41:18,787:45] p1 and p2
[2021-12-08 23:41:18,787:47] p1 and p2 and p3
[2021-12-08 23:41:18,787:58] top3
