[2021-12-08 23:41:23,324:16] top1
[2021-12-08 23:41:23,324:18] p1
[2021-12-08 23:41:23,324:34] p1 and not p2
[2021-12-08 23:41:23,324:38] top2
[2021-12-08 23:41:23,324:41] p3
[2021-12-08 23:41:23,324:43] p1
[2021-12-08 23:41:23,324:45] p1 and p2
[2021-12-08 23:41:23,324:47] p1 and p2 and p3
[2021-12-08 23:41:23,324:41] p3
[2021-12-08 23:41:23,324:53] not p1
[2021-12-08 23:41:23,324:55] p4
[2021-12-08 23:41:23,324:41] p3
[2021-12-08 23:41:23,324:53] not p1
[2021-12-08 23:41:23,324:55] p4
[2021-12-08 23:41:23,324:41] p3
[2021-12-08 23:41:23,324:53] not p1
[2021-12-08 23:41:23,324:55] p4
[2021-12-08 23:41:23,324:41] p3
[2021-12-08 23:41:23,324:53] not p1
[2021-12-08 23:41:23,324:55] p4
[2021-12-08 23:41:23,325:57] p5
[2021-12-08 23:41:23,325:57] p5
[2021-12-08 23:41:23,325:58] top3
