[2021-12-08 23:41:23,325:16] top1
[2021-12-08 23:41:23,325:36] not p1
[2021-12-08 23:41:23,325:38] top2
[2021-12-08 23:41:23,325:41] p3
[2021-12-08 23:41:23,325:43] p1
[2021-12-08 23:41:23,325:45] p1 and p2
[2021-12-08 23:41:23,326:49] p1 and p2 and not p3
[2021-12-08 23:41:23,326:41] p3
[2021-12-08 23:41:23,326:43] p1
[2021-12-08 23:41:23,326:51] p1 and not p2
[2021-12-08 23:41:23,326:55] p4
[2021-12-08 23:41:23,326:55] p4
[2021-12-08 23:41:23,326:41] p3
[2021-12-08 23:41:23,326:43] p1
[2021-12-08 23:41:23,326:45] p1 and p2
[2021-12-08 23:41:23,326:47] p1 and p2 and p3
[2021-12-08 23:41:23,326:55] p4
[2021-12-08 23:41:23,327:55] p4
[2021-12-08 23:41:23,327:41] p3
[2021-12-08 23:41:23,327:53] not p1
[2021-12-08 23:41:23,327:41] p3
[2021-12-08 23:41:23,327:53] not p1
[2021-12-08 23:41:23,327:41] p3
[2021-12-08 23:41:23,327:43] p1
[2021-12-08 23:41:23,327:51] p1 and not p2
[2021-12-08 23:41:23,327:55] p4
[2021-12-08 23:41:23,327:57] p5
[2021-12-08 23:41:23,327:57] p5
[2021-12-08 23:41:23,328:57] p5
[2021-12-08 23:41:23,328:41] p3
[2021-12-08 23:41:23,328:53] not p1
[2021-12-08 23:41:23,328:55] p4
[2021-12-08 23:41:23,328:41] p3
[2021-12-08 23:41:23,328:43] p1
[2021-12-08 23:41:23,328:45] p1 and p2
[2021-12-08 23:41:23,328:47] p1 and p2 and p3
[2021-12-08 23:41:23,328:55] p4
[2021-12-08 23:41:23,328:57] p5
[2021-12-08 23:41:23,328:57] p5
[2021-12-08 23:41:23,329:55] p4
[2021-12-08 23:41:23,329:55] p4
[2021-12-08 23:41:23,329:57] p5
[2021-12-08 23:41:23,329:57] p5
[2021-12-08 23:41:23,329:41] p3
[2021-12-08 23:41:23,329:53] not p1
[2021-12-08 23:41:23,329:55] p4
[2021-12-08 23:41:23,329:55] p4
[2021-12-08 23:41:23,329:55] p4
[2021-12-08 23:41:23,329:57] p5
[2021-12-08 23:41:23,329:57] p5
[2021-12-08 23:41:23,329:55] p4
[2021-12-08 23:41:23,329:57] p5
[2021-12-08 23:41:23,329:58] top3
