[2021-12-08 23:41:23,365:16] top1
[2021-12-08 23:41:23,365:18] p1
[2021-12-08 23:41:23,365:20] p1 and p2
[2021-12-08 23:41:23,366:32] p1 and p2 and not p3
[2021-12-08 23:41:23,366:38] top2
[2021-12-08 23:41:23,366:41] p3
[2021-12-08 23:41:23,366:53] not p1
[2021-12-08 23:41:23,366:55] p4
[2021-12-08 23:41:23,366:57] p5
[2021-12-08 23:41:23,366:41] p3
[2021-12-08 23:41:23,366:53] not p1
[2021-12-08 23:41:23,366:41] p3
[2021-12-08 23:41:23,366:43] p1
[2021-12-08 23:41:23,366:51] p1 and not p2
[2021-12-08 23:41:23,366:55] p4
[2021-12-08 23:41:23,366:41] p3
[2021-12-08 23:41:23,366:53] not p1
[2021-12-08 23:41:23,366:55] p4
[2021-12-08 23:41:23,366:57] p5
[2021-12-08 23:41:23,366:55] p4
[2021-12-08 23:41:23,366:55] p4
[2021-12-08 23:41:23,366:57] p5
[2021-12-08 23:41:23,366:57] p5
[2021-12-08 23:41:23,366:57] p5
[2021-12-08 23:41:23,367:57] p5
[2021-12-08 23:41:23,367:57] p5
[2021-12-08 23:41:23,367:57] p5
[2021-12-08 23:41:23,367:57] p5
[2021-12-08 23:41:23,367:58] top3
