[2021-12-08 23:41:23,383:16] top1
[2021-12-08 23:41:23,383:36] not p1
[2021-12-08 23:41:23,384:38] top2
[2021-12-08 23:41:23,384:41] p3
[2021-12-08 23:41:23,384:43] p1
[2021-12-08 23:41:23,384:45] p1 and p2
[2021-12-08 23:41:23,384:47] p1 and p2 and p3
[2021-12-08 23:41:23,384:41] p3
[2021-12-08 23:41:23,384:43] p1
[2021-12-08 23:41:23,384:45] p1 and p2
[2021-12-08 23:41:23,384:47] p1 and p2 and p3
[2021-12-08 23:41:23,384:55] p4
[2021-12-08 23:41:23,384:57] p5
[2021-12-08 23:41:23,384:57] p5
[2021-12-08 23:41:23,384:57] p5
[2021-12-08 23:41:23,384:57] p5
[2021-12-08 23:41:23,384:41] p3
[2021-12-08 23:41:23,384:43] p1
[2021-12-08 23:41:23,384:45] p1 and p2
[2021-12-08 23:41:23,384:49] p1 and p2 and not p3
[2021-12-08 23:41:23,384:55] p4
[2021-12-08 23:41:23,385:57] p5
[2021-12-08 23:41:23,385:57] p5
[2021-12-08 23:41:23,385:57] p5
[2021-12-08 23:41:23,385:41] p3
[2021-12-08 23:41:23,385:53] not p1
[2021-12-08 23:41:23,385:41] p3
[2021-12-08 23:41:23,385:43] p1
[2021-12-08 23:41:23,385:51] p1 and not p2
[2021-12-08 23:41:23,385:58] top3
