[2021-12-08 23:41:23,393:16] top1
[2021-12-08 23:41:23,393:18] p1
[2021-12-08 23:41:23,394:20] p1 and p2
[2021-12-08 23:41:23,394:32] p1 and p2 and not p3
[2021-12-08 23:41:23,394:38] top2
[2021-12-08 23:41:23,394:41] p3
[2021-12-08 23:41:23,394:53] not p1
[2021-12-08 23:41:23,394:55] p4
[2021-12-08 23:41:23,394:55] p4
[2021-12-08 23:41:23,394:55] p4
[2021-12-08 23:41:23,394:57] p5
[2021-12-08 23:41:23,394:57] p5
[2021-12-08 23:41:23,394:55] p4
[2021-12-08 23:41:23,394:57] p5
[2021-12-08 23:41:23,394:41] p3
[2021-12-08 23:41:23,394:53] not p1
[2021-12-08 23:41:23,394:41] p3
[2021-12-08 23:41:23,394:53] not p1
[2021-12-08 23:41:23,394:55] p4
[2021-12-08 23:41:23,394:41] p3
[2021-12-08 23:41:23,394:43] p1
[2021-12-08 23:41:23,394:45] p1 and p2
[2021-12-08 23:41:23,394:47] p1 and p2 and p3
[2021-12-08 23:41:23,395:58] top3
