[2021-12-08 23:41:23,399:16] top1
[2021-12-08 23:41:23,399:36] not p1
[2021-12-08 23:41:23,400:38] top2
[2021-12-08 23:41:23,400:41] p3
[2021-12-08 23:41:23,400:43] p1
[2021-12-08 23:41:23,400:45] p1 and p2
[2021-12-08 23:41:23,400:47] p1 and p2 and p3
[2021-12-08 23:41:23,400:55] p4
[2021-12-08 23:41:23,400:57] p5
[2021-12-08 23:41:23,400:41] p3
[2021-12-08 23:41:23,400:53] not p1
[2021-12-08 23:41:23,400:55] p4
[2021-12-08 23:41:23,400:57] p5
[2021-12-08 23:41:23,400:41] p3
[2021-12-08 23:41:23,400:53] not p1
[2021-12-08 23:41:23,400:55] p4
[2021-12-08 23:41:23,400:57] p5
[2021-12-08 23:41:23,400:57] p5
[2021-12-08 23:41:23,400:41] p3
[2021-12-08 23:41:23,400:43] p1
[2021-12-08 23:41:23,400:51] p1 and not p2
[2021-12-08 23:41:23,400:58] top3
