[2021-12-08 23:41:23,415:16] top1
[2021-12-08 23:41:23,415:18] p1
[2021-12-08 23:41:23,415:20] p1 and p2
[2021-12-08 23:41:23,415:32] p1 and p2 and not p3
[2021-12-08 23:41:23,415:38] top2
[2021-12-08 23:41:23,415:41] p3
[2021-12-08 23:41:23,415:53] not p1
[2021-12-08 23:41:23,416:55] p4
[2021-12-08 23:41:23,416:55] p4
[2021-12-08 23:41:23,416:57] p5
[2021-12-08 23:41:23,416:55] p4
[2021-12-08 23:41:23,416:57] p5
[2021-12-08 23:41:23,416:41] p3
[2021-12-08 23:41:23,416:53] not p1
[2021-12-08 23:41:23,416:41] p3
[2021-12-08 23:41:23,416:53] not p1
[2021-12-08 23:41:23,416:55] p4
[2021-12-08 23:41:23,416:57] p5
[2021-12-08 23:41:23,416:57] p5
[2021-12-08 23:41:23,416:57] p5
[2021-12-08 23:41:23,416:58] top3
