[2021-12-08 23:41:23,424:16] top1
[2021-12-08 23:41:23,424:36] not p1
[2021-12-08 23:41:23,425:38] top2
[2021-12-08 23:41:23,425:41] p3
[2021-12-08 23:41:23,425:53] not p1
[2021-12-08 23:41:23,425:41] p3
[2021-12-08 23:41:23,425:53] not p1
[2021-12-08 23:41:23,425:41] p3
[2021-12-08 23:41:23,425:43] p1
[2021-12-08 23:41:23,425:45] p1 and p2
[2021-12-08 23:41:23,425:47] p1 and p2 and p3
[2021-12-08 23:41:23,425:41] p3
[2021-12-08 23:41:23,425:53] not p1
[2021-12-08 23:41:23,425:55] p4
[2021-12-08 23:41:23,426:57] p5
[2021-12-08 23:41:23,426:41] p3
[2021-12-08 23:41:23,426:43] p1
[2021-12-08 23:41:23,426:45] p1 and p2
[2021-12-08 23:41:23,426:49] p1 and p2 and not p3
[2021-12-08 23:41:23,426:55] p4
[2021-12-08 23:41:23,426:57] p5
[2021-12-08 23:41:23,426:57] p5
[2021-12-08 23:41:23,426:57] p5
[2021-12-08 23:41:23,426:57] p5
[2021-12-08 23:41:23,426:58] top3
