[2021-12-08 23:41:23,426:16] top1
[2021-12-08 23:41:23,427:18] p1
[2021-12-08 23:41:23,427:34] p1 and not p2
[2021-12-08 23:41:23,427:38] top2
[2021-12-08 23:41:23,427:41] p3
[2021-12-08 23:41:23,427:53] not p1
[2021-12-08 23:41:23,427:41] p3
[2021-12-08 23:41:23,427:53] not p1
[2021-12-08 23:41:23,427:55] p4
[2021-12-08 23:41:23,427:57] p5
[2021-12-08 23:41:23,427:57] p5
[2021-12-08 23:41:23,427:57] p5
[2021-12-08 23:41:23,427:57] p5
[2021-12-08 23:41:23,427:55] p4
[2021-12-08 23:41:23,427:57] p5
[2021-12-08 23:41:23,427:57] p5
[2021-12-08 23:41:23,428:41] p3
[2021-12-08 23:41:23,428:43] p1
[2021-12-08 23:41:23,428:51] p1 and not p2
[2021-12-08 23:41:23,428:55] p4
[2021-12-08 23:41:23,428:57] p5
[2021-12-08 23:41:23,428:41] p3
[2021-12-08 23:41:23,428:43] p1
[2021-12-08 23:41:23,428:45] p1 and p2
[2021-12-08 23:41:23,428:47] p1 and p2 and p3
[2021-12-08 23:41:23,428:55] p4
[2021-12-08 23:41:23,428:55] p4
[2021-12-08 23:41:23,428:55] p4
[2021-12-08 23:41:23,428:57] p5
[2021-12-08 23:41:23,428:57] p5
[2021-12-08 23:41:23,428:57] p5
[2021-12-08 23:41:23,428:55] p4
[2021-12-08 23:41:23,428:57] p5
[2021-12-08 23:41:23,428:55] p4
[2021-12-08 23:41:23,428:57] p5
[2021-12-08 23:41:23,428:57] p5
[2021-12-08 23:41:23,428:57] p5
[2021-12-08 23:41:23,428:41] p3
[2021-12-08 23:41:23,428:53] not p1
[2021-12-08 23:41:23,429:55] p4
[2021-12-08 23:41:23,429:58] top3
