[2021-12-08 23:41:23,449:16] top1
[2021-12-08 23:41:23,449:18] p1
[2021-12-08 23:41:23,449:34] p1 and not p2
[2021-12-08 23:41:23,449:38] top2
[2021-12-08 23:41:23,449:41] p3
[2021-12-08 23:41:23,449:43] p1
[2021-12-08 23:41:23,449:45] p1 and p2
[2021-12-08 23:41:23,449:49] p1 and p2 and not p3
[2021-12-08 23:41:23,450:41] p3
[2021-12-08 23:41:23,450:53] not p1
[2021-12-08 23:41:23,450:55] p4
[2021-12-08 23:41:23,450:41] p3
[2021-12-08 23:41:23,450:53] not p1
[2021-12-08 23:41:23,450:55] p4
[2021-12-08 23:41:23,450:55] p4
[2021-12-08 23:41:23,450:57] p5
[2021-12-08 23:41:23,450:55] p4
[2021-12-08 23:41:23,450:55] p4
[2021-12-08 23:41:23,450:57] p5
[2021-12-08 23:41:23,450:57] p5
[2021-12-08 23:41:23,450:57] p5
[2021-12-08 23:41:23,450:41] p3
[2021-12-08 23:41:23,450:53] not p1
[2021-12-08 23:41:23,450:55] p4
[2021-12-08 23:41:23,450:57] p5
[2021-12-08 23:41:23,450:57] p5
[2021-12-08 23:41:23,450:55] p4
[2021-12-08 23:41:23,450:41] p3
[2021-12-08 23:41:23,450:43] p1
[2021-12-08 23:41:23,450:45] p1 and p2
[2021-12-08 23:41:23,451:49] p1 and p2 and not p3
[2021-12-08 23:41:23,451:55] p4
[2021-12-08 23:41:23,451:57] p5
[2021-12-08 23:41:23,451:55] p4
[2021-12-08 23:41:23,451:58] top3
