[2021-12-08 23:41:23,478:16] top1
[2021-12-08 23:41:23,478:18] p1
[2021-12-08 23:41:23,478:34] p1 and not p2
[2021-12-08 23:41:23,478:38] top2
[2021-12-08 23:41:23,478:41] p3
[2021-12-08 23:41:23,478:43] p1
[2021-12-08 23:41:23,478:45] p1 and p2
[2021-12-08 23:41:23,478:47] p1 and p2 and p3
[2021-12-08 23:41:23,478:55] p4
[2021-12-08 23:41:23,479:57] p5
[2021-12-08 23:41:23,479:55] p4
[2021-12-08 23:41:23,479:41] p3
[2021-12-08 23:41:23,479:53] not p1
[2021-12-08 23:41:23,479:55] p4
[2021-12-08 23:41:23,479:57] p5
[2021-12-08 23:41:23,479:55] p4
[2021-12-08 23:41:23,479:57] p5
[2021-12-08 23:41:23,479:57] p5
[2021-12-08 23:41:23,479:55] p4
[2021-12-08 23:41:23,479:55] p4
[2021-12-08 23:41:23,479:57] p5
[2021-12-08 23:41:23,479:41] p3
[2021-12-08 23:41:23,479:53] not p1
[2021-12-08 23:41:23,479:55] p4
[2021-12-08 23:41:23,479:57] p5
[2021-12-08 23:41:23,479:55] p4
[2021-12-08 23:41:23,479:57] p5
[2021-12-08 23:41:23,479:58] top3
