[2021-12-08 23:41:23,482:16] top1
[2021-12-08 23:41:23,482:18] p1
[2021-12-08 23:41:23,482:34] p1 and not p2
[2021-12-08 23:41:23,482:38] top2
[2021-12-08 23:41:23,482:41] p3
[2021-12-08 23:41:23,482:53] not p1
[2021-12-08 23:41:23,482:55] p4
[2021-12-08 23:41:23,482:57] p5
[2021-12-08 23:41:23,482:55] p4
[2021-12-08 23:41:23,482:57] p5
[2021-12-08 23:41:23,482:41] p3
[2021-12-08 23:41:23,482:43] p1
[2021-12-08 23:41:23,482:45] p1 and p2
[2021-12-08 23:41:23,482:49] p1 and p2 and not p3
[2021-12-08 23:41:23,482:55] p4
[2021-12-08 23:41:23,482:57] p5
[2021-12-08 23:41:23,482:55] p4
[2021-12-08 23:41:23,482:57] p5
[2021-12-08 23:41:23,482:57] p5
[2021-12-08 23:41:23,483:57] p5
[2021-12-08 23:41:23,483:57] p5
[2021-12-08 23:41:23,483:55] p4
[2021-12-08 23:41:23,483:57] p5
[2021-12-08 23:41:23,483:55] p4
[2021-12-08 23:41:23,483:55] p4
[2021-12-08 23:41:23,483:57] p5
[2021-12-08 23:41:23,483:58] top3
