[2021-12-08 23:41:23,516:16] top1
[2021-12-08 23:41:23,516:18] p1
[2021-12-08 23:41:23,516:34] p1 and not p2
[2021-12-08 23:41:23,516:38] top2
[2021-12-08 23:41:23,516:41] p3
[2021-12-08 23:41:23,516:53] not p1
[2021-12-08 23:41:23,516:55] p4
[2021-12-08 23:41:23,517:57] p5
[2021-12-08 23:41:23,517:41] p3
[2021-12-08 23:41:23,517:43] p1
[2021-12-08 23:41:23,517:51] p1 and not p2
[2021-12-08 23:41:23,517:41] p3
[2021-12-08 23:41:23,517:43] p1
[2021-12-08 23:41:23,517:51] p1 and not p2
[2021-12-08 23:41:23,517:55] p4
[2021-12-08 23:41:23,517:55] p4
[2021-12-08 23:41:23,517:41] p3
[2021-12-08 23:41:23,517:43] p1
[2021-12-08 23:41:23,517:45] p1 and p2
[2021-12-08 23:41:23,517:49] p1 and p2 and not p3
[2021-12-08 23:41:23,517:55] p4
[2021-12-08 23:41:23,517:57] p5
[2021-12-08 23:41:23,517:55] p4
[2021-12-08 23:41:23,517:41] p3
[2021-12-08 23:41:23,517:53] not p1
[2021-12-08 23:41:23,517:55] p4
[2021-12-08 23:41:23,517:57] p5
[2021-12-08 23:41:23,517:57] p5
[2021-12-08 23:41:23,517:55] p4
[2021-12-08 23:41:23,517:55] p4
[2021-12-08 23:41:23,518:57] p5
[2021-12-08 23:41:23,518:55] p4
[2021-12-08 23:41:23,518:55] p4
[2021-12-08 23:41:23,518:57] p5
[2021-12-08 23:41:23,518:57] p5
[2021-12-08 23:41:23,518:57] p5
[2021-12-08 23:41:23,518:55] p4
[2021-12-08 23:41:23,518:41] p3
[2021-12-08 23:41:23,518:53] not p1
[2021-12-08 23:41:23,518:55] p4
[2021-12-08 23:41:23,518:57] p5
[2021-12-08 23:41:23,518:55] p4
[2021-12-08 23:41:23,518:57] p5
[2021-12-08 23:41:23,518:58] top3
