[2021-12-08 23:41:23,526:16] top1
[2021-12-08 23:41:23,526:18] p1
[2021-12-08 23:41:23,526:34] p1 and not p2
[2021-12-08 23:41:23,526:38] top2
[2021-12-08 23:41:23,526:41] p3
[2021-12-08 23:41:23,526:43] p1
[2021-12-08 23:41:23,526:45] p1 and p2
[2021-12-08 23:41:23,526:49] p1 and p2 and not p3
[2021-12-08 23:41:23,526:55] p4
[2021-12-08 23:41:23,527:55] p4
[2021-12-08 23:41:23,527:57] p5
[2021-12-08 23:41:23,527:41] p3
[2021-12-08 23:41:23,527:43] p1
[2021-12-08 23:41:23,527:45] p1 and p2
[2021-12-08 23:41:23,527:49] p1 and p2 and not p3
[2021-12-08 23:41:23,527:55] p4
[2021-12-08 23:41:23,527:57] p5
[2021-12-08 23:41:23,527:57] p5
[2021-12-08 23:41:23,527:55] p4
[2021-12-08 23:41:23,527:55] p4
[2021-12-08 23:41:23,527:58] top3
