[2021-12-08 23:41:23,527:16] top1
[2021-12-08 23:41:23,527:18] p1
[2021-12-08 23:41:23,528:34] p1 and not p2
[2021-12-08 23:41:23,528:38] top2
[2021-12-08 23:41:23,528:41] p3
[2021-12-08 23:41:23,528:53] not p1
[2021-12-08 23:41:23,528:55] p4
[2021-12-08 23:41:23,528:57] p5
[2021-12-08 23:41:23,528:57] p5
[2021-12-08 23:41:23,528:57] p5
[2021-12-08 23:41:23,528:57] p5
[2021-12-08 23:41:23,528:55] p4
[2021-12-08 23:41:23,528:41] p3
[2021-12-08 23:41:23,528:43] p1
[2021-12-08 23:41:23,528:51] p1 and not p2
[2021-12-08 23:41:23,528:41] p3
[2021-12-08 23:41:23,528:43] p1
[2021-12-08 23:41:23,528:45] p1 and p2
[2021-12-08 23:41:23,528:47] p1 and p2 and p3
[2021-12-08 23:41:23,528:55] p4
[2021-12-08 23:41:23,528:57] p5
[2021-12-08 23:41:23,528:57] p5
[2021-12-08 23:41:23,529:55] p4
[2021-12-08 23:41:23,529:57] p5
[2021-12-08 23:41:23,529:57] p5
[2021-12-08 23:41:23,529:55] p4
[2021-12-08 23:41:23,529:57] p5
[2021-12-08 23:41:23,529:57] p5
[2021-12-08 23:41:23,529:57] p5
[2021-12-08 23:41:23,529:57] p5
[2021-12-08 23:41:23,529:55] p4
[2021-12-08 23:41:23,529:55] p4
[2021-12-08 23:41:23,529:57] p5
[2021-12-08 23:41:23,529:58] top3
