[2021-12-08 23:41:23,551:16] top1
[2021-12-08 23:41:23,551:36] not p1
[2021-12-08 23:41:23,552:38] top2
[2021-12-08 23:41:23,552:41] p3
[2021-12-08 23:41:23,552:43] p1
[2021-12-08 23:41:23,552:51] p1 and not p2
[2021-12-08 23:41:23,552:41] p3
[2021-12-08 23:41:23,552:43] p1
[2021-12-08 23:41:23,552:45] p1 and p2
[2021-12-08 23:41:23,552:47] p1 and p2 and p3
[2021-12-08 23:41:23,552:55] p4
[2021-12-08 23:41:23,552:41] p3
[2021-12-08 23:41:23,552:53] not p1
[2021-12-08 23:41:23,552:41] p3
[2021-12-08 23:41:23,553:53] not p1
[2021-12-08 23:41:23,553:55] p4
[2021-12-08 23:41:23,553:57] p5
[2021-12-08 23:41:23,553:57] p5
[2021-12-08 23:41:23,553:55] p4
[2021-12-08 23:41:23,553:55] p4
[2021-12-08 23:41:23,553:57] p5
[2021-12-08 23:41:23,553:57] p5
[2021-12-08 23:41:23,553:55] p4
[2021-12-08 23:41:23,553:57] p5
[2021-12-08 23:41:23,553:57] p5
[2021-12-08 23:41:23,553:57] p5
[2021-12-08 23:41:23,553:57] p5
[2021-12-08 23:41:23,554:55] p4
[2021-12-08 23:41:23,554:58] top3
