[2021-12-08 23:41:23,564:16] top1
[2021-12-08 23:41:23,564:18] p1
[2021-12-08 23:41:23,564:20] p1 and p2
[2021-12-08 23:41:23,564:32] p1 and p2 and not p3
[2021-12-08 23:41:23,564:38] top2
[2021-12-08 23:41:23,564:41] p3
[2021-12-08 23:41:23,564:53] not p1
[2021-12-08 23:41:23,564:55] p4
[2021-12-08 23:41:23,564:57] p5
[2021-12-08 23:41:23,564:41] p3
[2021-12-08 23:41:23,564:43] p1
[2021-12-08 23:41:23,564:51] p1 and not p2
[2021-12-08 23:41:23,564:55] p4
[2021-12-08 23:41:23,564:55] p4
[2021-12-08 23:41:23,564:55] p4
[2021-12-08 23:41:23,564:55] p4
[2021-12-08 23:41:23,565:55] p4
[2021-12-08 23:41:23,565:57] p5
[2021-12-08 23:41:23,565:41] p3
[2021-12-08 23:41:23,565:43] p1
[2021-12-08 23:41:23,565:45] p1 and p2
[2021-12-08 23:41:23,565:49] p1 and p2 and not p3
[2021-12-08 23:41:23,565:58] top3
