[2021-12-08 23:41:23,567:16] top1
[2021-12-08 23:41:23,567:18] p1
[2021-12-08 23:41:23,567:34] p1 and not p2
[2021-12-08 23:41:23,567:38] top2
[2021-12-08 23:41:23,567:41] p3
[2021-12-08 23:41:23,567:43] p1
[2021-12-08 23:41:23,568:45] p1 and p2
[2021-12-08 23:41:23,568:49] p1 and p2 and not p3
[2021-12-08 23:41:23,568:55] p4
[2021-12-08 23:41:23,568:57] p5
[2021-12-08 23:41:23,568:55] p4
[2021-12-08 23:41:23,568:57] p5
[2021-12-08 23:41:23,568:57] p5
[2021-12-08 23:41:23,568:57] p5
[2021-12-08 23:41:23,568:57] p5
[2021-12-08 23:41:23,568:57] p5
[2021-12-08 23:41:23,568:57] p5
[2021-12-08 23:41:23,568:57] p5
[2021-12-08 23:41:23,568:57] p5
[2021-12-08 23:41:23,568:41] p3
[2021-12-08 23:41:23,568:53] not p1
[2021-12-08 23:41:23,568:55] p4
[2021-12-08 23:41:23,568:55] p4
[2021-12-08 23:41:23,568:57] p5
[2021-12-08 23:41:23,568:41] p3
[2021-12-08 23:41:23,568:43] p1
[2021-12-08 23:41:23,568:45] p1 and p2
[2021-12-08 23:41:23,569:49] p1 and p2 and not p3
[2021-12-08 23:41:23,569:41] p3
[2021-12-08 23:41:23,569:53] not p1
[2021-12-08 23:41:23,569:55] p4
[2021-12-08 23:41:23,569:57] p5
[2021-12-08 23:41:23,569:41] p3
[2021-12-08 23:41:23,569:53] not p1
[2021-12-08 23:41:23,569:55] p4
[2021-12-08 23:41:23,569:57] p5
[2021-12-08 23:41:23,569:58] top3
