[2021-12-08 23:41:23,571:16] top1
[2021-12-08 23:41:23,571:36] not p1
[2021-12-08 23:41:23,571:38] top2
[2021-12-08 23:41:23,571:41] p3
[2021-12-08 23:41:23,571:53] not p1
[2021-12-08 23:41:23,571:55] p4
[2021-12-08 23:41:23,572:55] p4
[2021-12-08 23:41:23,572:57] p5
[2021-12-08 23:41:23,572:57] p5
[2021-12-08 23:41:23,572:57] p5
[2021-12-08 23:41:23,572:55] p4
[2021-12-08 23:41:23,572:55] p4
[2021-12-08 23:41:23,572:57] p5
[2021-12-08 23:41:23,572:55] p4
[2021-12-08 23:41:23,572:41] p3
[2021-12-08 23:41:23,572:43] p1
[2021-12-08 23:41:23,572:45] p1 and p2
[2021-12-08 23:41:23,572:49] p1 and p2 and not p3
[2021-12-08 23:41:23,572:55] p4
[2021-12-08 23:41:23,572:57] p5
[2021-12-08 23:41:23,572:55] p4
[2021-12-08 23:41:23,572:57] p5
[2021-12-08 23:41:23,572:55] p4
[2021-12-08 23:41:23,572:57] p5
[2021-12-08 23:41:23,573:41] p3
[2021-12-08 23:41:23,573:43] p1
[2021-12-08 23:41:23,573:45] p1 and p2
[2021-12-08 23:41:23,573:49] p1 and p2 and not p3
[2021-12-08 23:41:23,573:41] p3
[2021-12-08 23:41:23,573:53] not p1
[2021-12-08 23:41:23,573:55] p4
[2021-12-08 23:41:23,573:55] p4
[2021-12-08 23:41:23,573:57] p5
[2021-12-08 23:41:23,573:55] p4
[2021-12-08 23:41:23,573:55] p4
[2021-12-08 23:41:23,573:55] p4
[2021-12-08 23:41:23,573:55] p4
[2021-12-08 23:41:23,573:41] p3
[2021-12-08 23:41:23,573:53] not p1
[2021-12-08 23:41:23,573:55] p4
[2021-12-08 23:41:23,573:58] top3
