[2021-12-08 23:41:19,229:16] top1
[2021-12-08 23:41:19,229:36] not p1
[2021-12-08 23:41:19,229:38] top2
[2021-12-08 23:41:19,229:41] p3
[2021-12-08 23:41:19,230:43] p1
[2021-12-08 23:41:19,230:45] p1 and p2
[2021-12-08 23:41:19,230:47] p1 and p2 and p3
[2021-12-08 23:41:19,230:55] p4
[2021-12-08 23:41:19,230:41] p3
[2021-12-08 23:41:19,230:53] not p1
[2021-12-08 23:41:19,230:41] p3
[2021-12-08 23:41:19,230:53] not p1
[2021-12-08 23:41:19,230:41] p3
[2021-12-08 23:41:19,230:43] p1
[2021-12-08 23:41:19,230:51] p1 and not p2
[2021-12-08 23:41:19,230:41] p3
[2021-12-08 23:41:19,230:53] not p1
[2021-12-08 23:41:19,230:41] p3
[2021-12-08 23:41:19,231:53] not p1
[2021-12-08 23:41:19,231:41] p3
[2021-12-08 23:41:19,231:53] not p1
[2021-12-08 23:41:19,231:55] p4
[2021-12-08 23:41:19,231:57] p5
[2021-12-08 23:41:19,231:41] p3
[2021-12-08 23:41:19,231:53] not p1
[2021-12-08 23:41:19,231:55] p4
[2021-12-08 23:41:19,231:57] p5
[2021-12-08 23:41:19,232:57] p5
[2021-12-08 23:41:19,232:55] p4
[2021-12-08 23:41:19,232:57] p5
[2021-12-08 23:41:19,232:57] p5
[2021-12-08 23:41:19,232:57] p5
[2021-12-08 23:41:19,232:57] p5
[2021-12-08 23:41:19,232:55] p4
[2021-12-08 23:41:19,232:57] p5
[2021-12-08 23:41:19,232:57] p5
[2021-12-08 23:41:19,233:55] p4
[2021-12-08 23:41:19,233:57] p5
[2021-12-08 23:41:19,233:57] p5
[2021-12-08 23:41:19,233:55] p4
[2021-12-08 23:41:19,233:57] p5
[2021-12-08 23:41:19,233:57] p5
[2021-12-08 23:41:19,233:55] p4
[2021-12-08 23:41:19,233:57] p5
[2021-12-08 23:41:19,233:55] p4
[2021-12-08 23:41:19,233:57] p5
[2021-12-08 23:41:19,233:41] p3
[2021-12-08 23:41:19,233:53] not p1
[2021-12-08 23:41:19,233:55] p4
[2021-12-08 23:41:19,233:55] p4
[2021-12-08 23:41:19,233:55] p4
[2021-12-08 23:41:19,233:55] p4
[2021-12-08 23:41:19,233:57] p5
[2021-12-08 23:41:19,234:41] p3
[2021-12-08 23:41:19,234:43] p1
[2021-12-08 23:41:19,234:45] p1 and p2
[2021-12-08 23:41:19,234:49] p1 and p2 and not p3
[2021-12-08 23:41:19,234:55] p4
[2021-12-08 23:41:19,234:41] p3
[2021-12-08 23:41:19,234:53] not p1
[2021-12-08 23:41:19,234:55] p4
[2021-12-08 23:41:19,234:57] p5
[2021-12-08 23:41:19,234:55] p4
[2021-12-08 23:41:19,234:57] p5
[2021-12-08 23:41:19,234:58] top3
