[2021-12-08 23:41:23,587:16] top1
[2021-12-08 23:41:23,587:36] not p1
[2021-12-08 23:41:23,587:38] top2
[2021-12-08 23:41:23,587:41] p3
[2021-12-08 23:41:23,587:53] not p1
[2021-12-08 23:41:23,587:41] p3
[2021-12-08 23:41:23,587:43] p1
[2021-12-08 23:41:23,587:45] p1 and p2
[2021-12-08 23:41:23,587:49] p1 and p2 and not p3
[2021-12-08 23:41:23,588:55] p4
[2021-12-08 23:41:23,588:55] p4
[2021-12-08 23:41:23,588:57] p5
[2021-12-08 23:41:23,588:57] p5
[2021-12-08 23:41:23,588:55] p4
[2021-12-08 23:41:23,588:41] p3
[2021-12-08 23:41:23,588:43] p1
[2021-12-08 23:41:23,588:45] p1 and p2
[2021-12-08 23:41:23,588:47] p1 and p2 and p3
[2021-12-08 23:41:23,588:41] p3
[2021-12-08 23:41:23,588:53] not p1
[2021-12-08 23:41:23,588:41] p3
[2021-12-08 23:41:23,588:43] p1
[2021-12-08 23:41:23,588:51] p1 and not p2
[2021-12-08 23:41:23,588:58] top3
