[2021-12-08 23:41:18,789:16] top1
[2021-12-08 23:41:18,789:18] p1
[2021-12-08 23:41:18,789:20] p1 and p2
[2021-12-08 23:41:18,789:32] p1 and p2 and not p3
[2021-12-08 23:41:18,789:38] top2
[2021-12-08 23:41:18,789:41] p3
[2021-12-08 23:41:18,790:43] p1
[2021-12-08 23:41:18,790:51] p1 and not p2
[2021-12-08 23:41:18,790:55] p4
[2021-12-08 23:41:18,790:55] p4
[2021-12-08 23:41:18,790:57] p5
[2021-12-08 23:41:18,790:55] p4
[2021-12-08 23:41:18,790:55] p4
[2021-12-08 23:41:18,790:41] p3
[2021-12-08 23:41:18,790:43] p1
[2021-12-08 23:41:18,790:51] p1 and not p2
[2021-12-08 23:41:18,790:41] p3
[2021-12-08 23:41:18,790:43] p1
[2021-12-08 23:41:18,790:51] p1 and not p2
[2021-12-08 23:41:18,790:58] top3
