[2021-12-08 23:41:23,597:16] top1
[2021-12-08 23:41:23,597:36] not p1
[2021-12-08 23:41:23,597:38] top2
[2021-12-08 23:41:23,597:41] p3
[2021-12-08 23:41:23,597:53] not p1
[2021-12-08 23:41:23,597:55] p4
[2021-12-08 23:41:23,597:55] p4
[2021-12-08 23:41:23,597:57] p5
[2021-12-08 23:41:23,597:57] p5
[2021-12-08 23:41:23,597:41] p3
[2021-12-08 23:41:23,597:43] p1
[2021-12-08 23:41:23,597:45] p1 and p2
[2021-12-08 23:41:23,597:47] p1 and p2 and p3
[2021-12-08 23:41:23,597:41] p3
[2021-12-08 23:41:23,598:53] not p1
[2021-12-08 23:41:23,598:55] p4
[2021-12-08 23:41:23,598:41] p3
[2021-12-08 23:41:23,598:53] not p1
[2021-12-08 23:41:23,598:55] p4
[2021-12-08 23:41:23,598:57] p5
[2021-12-08 23:41:23,598:55] p4
[2021-12-08 23:41:23,598:41] p3
[2021-12-08 23:41:23,598:43] p1
[2021-12-08 23:41:23,598:45] p1 and p2
[2021-12-08 23:41:23,598:49] p1 and p2 and not p3
[2021-12-08 23:41:23,598:58] top3
