[2021-12-08 23:41:23,608:16] top1
[2021-12-08 23:41:23,608:18] p1
[2021-12-08 23:41:23,608:20] p1 and p2
[2021-12-08 23:41:23,608:32] p1 and p2 and not p3
[2021-12-08 23:41:23,608:38] top2
[2021-12-08 23:41:23,608:41] p3
[2021-12-08 23:41:23,608:43] p1
[2021-12-08 23:41:23,608:45] p1 and p2
[2021-12-08 23:41:23,608:47] p1 and p2 and p3
[2021-12-08 23:41:23,608:55] p4
[2021-12-08 23:41:23,608:57] p5
[2021-12-08 23:41:23,608:57] p5
[2021-12-08 23:41:23,608:55] p4
[2021-12-08 23:41:23,608:57] p5
[2021-12-08 23:41:23,608:57] p5
[2021-12-08 23:41:23,608:57] p5
[2021-12-08 23:41:23,608:57] p5
[2021-12-08 23:41:23,608:57] p5
[2021-12-08 23:41:23,609:57] p5
[2021-12-08 23:41:23,609:57] p5
[2021-12-08 23:41:23,609:55] p4
[2021-12-08 23:41:23,609:55] p4
[2021-12-08 23:41:23,609:57] p5
[2021-12-08 23:41:23,609:58] top3
