[2021-12-08 23:41:23,609:16] top1
[2021-12-08 23:41:23,609:18] p1
[2021-12-08 23:41:23,610:20] p1 and p2
[2021-12-08 23:41:23,610:32] p1 and p2 and not p3
[2021-12-08 23:41:23,610:38] top2
[2021-12-08 23:41:23,610:41] p3
[2021-12-08 23:41:23,610:53] not p1
[2021-12-08 23:41:23,610:55] p4
[2021-12-08 23:41:23,610:57] p5
[2021-12-08 23:41:23,610:57] p5
[2021-12-08 23:41:23,610:57] p5
[2021-12-08 23:41:23,610:57] p5
[2021-12-08 23:41:23,610:57] p5
[2021-12-08 23:41:23,610:57] p5
[2021-12-08 23:41:23,610:41] p3
[2021-12-08 23:41:23,610:43] p1
[2021-12-08 23:41:23,610:45] p1 and p2
[2021-12-08 23:41:23,610:49] p1 and p2 and not p3
[2021-12-08 23:41:23,611:55] p4
[2021-12-08 23:41:23,611:57] p5
[2021-12-08 23:41:23,611:41] p3
[2021-12-08 23:41:23,611:43] p1
[2021-12-08 23:41:23,611:51] p1 and not p2
[2021-12-08 23:41:23,611:58] top3
