[2021-12-08 23:41:23,622:16] top1
[2021-12-08 23:41:23,623:36] not p1
[2021-12-08 23:41:23,623:38] top2
[2021-12-08 23:41:23,623:41] p3
[2021-12-08 23:41:23,623:43] p1
[2021-12-08 23:41:23,623:51] p1 and not p2
[2021-12-08 23:41:23,623:41] p3
[2021-12-08 23:41:23,623:43] p1
[2021-12-08 23:41:23,623:45] p1 and p2
[2021-12-08 23:41:23,623:49] p1 and p2 and not p3
[2021-12-08 23:41:23,623:55] p4
[2021-12-08 23:41:23,623:57] p5
[2021-12-08 23:41:23,623:41] p3
[2021-12-08 23:41:23,623:53] not p1
[2021-12-08 23:41:23,623:41] p3
[2021-12-08 23:41:23,623:43] p1
[2021-12-08 23:41:23,623:51] p1 and not p2
[2021-12-08 23:41:23,623:55] p4
[2021-12-08 23:41:23,623:57] p5
[2021-12-08 23:41:23,623:55] p4
[2021-12-08 23:41:23,623:57] p5
[2021-12-08 23:41:23,624:55] p4
[2021-12-08 23:41:23,624:57] p5
[2021-12-08 23:41:23,624:58] top3
