[2021-12-08 23:41:23,635:16] top1
[2021-12-08 23:41:23,635:18] p1
[2021-12-08 23:41:23,635:20] p1 and p2
[2021-12-08 23:41:23,636:22] p1 and p2 and p3
[2021-12-08 23:41:23,636:24] p1 and p2 and p3 and p4
[2021-12-08 23:41:23,636:28] p1 and p2 and p3 and p4 and not p5
[2021-12-08 23:41:23,636:38] top2
[2021-12-08 23:41:23,636:41] p3
[2021-12-08 23:41:23,636:53] not p1
[2021-12-08 23:41:23,636:55] p4
[2021-12-08 23:41:23,636:55] p4
[2021-12-08 23:41:23,636:55] p4
[2021-12-08 23:41:23,636:55] p4
[2021-12-08 23:41:23,636:55] p4
[2021-12-08 23:41:23,636:57] p5
[2021-12-08 23:41:23,636:57] p5
[2021-12-08 23:41:23,636:55] p4
[2021-12-08 23:41:23,636:57] p5
[2021-12-08 23:41:23,636:55] p4
[2021-12-08 23:41:23,636:58] top3
