[2021-12-08 23:41:23,646:16] top1
[2021-12-08 23:41:23,646:18] p1
[2021-12-08 23:41:23,646:20] p1 and p2
[2021-12-08 23:41:23,646:22] p1 and p2 and p3
[2021-12-08 23:41:23,646:24] p1 and p2 and p3 and p4
[2021-12-08 23:41:23,646:28] p1 and p2 and p3 and p4 and not p5
[2021-12-08 23:41:23,646:38] top2
[2021-12-08 23:41:23,646:41] p3
[2021-12-08 23:41:23,646:43] p1
[2021-12-08 23:41:23,646:45] p1 and p2
[2021-12-08 23:41:23,646:47] p1 and p2 and p3
[2021-12-08 23:41:23,647:55] p4
[2021-12-08 23:41:23,647:55] p4
[2021-12-08 23:41:23,647:57] p5
[2021-12-08 23:41:23,647:41] p3
[2021-12-08 23:41:23,647:53] not p1
[2021-12-08 23:41:23,647:41] p3
[2021-12-08 23:41:23,647:43] p1
[2021-12-08 23:41:23,647:45] p1 and p2
[2021-12-08 23:41:23,647:49] p1 and p2 and not p3
[2021-12-08 23:41:23,647:55] p4
[2021-12-08 23:41:23,647:55] p4
[2021-12-08 23:41:23,647:58] top3
