[2021-12-08 23:41:19,239:16] top1
[2021-12-08 23:41:19,239:36] not p1
[2021-12-08 23:41:19,239:38] top2
[2021-12-08 23:41:19,239:41] p3
[2021-12-08 23:41:19,239:43] p1
[2021-12-08 23:41:19,239:51] p1 and not p2
[2021-12-08 23:41:19,239:55] p4
[2021-12-08 23:41:19,239:57] p5
[2021-12-08 23:41:19,239:57] p5
[2021-12-08 23:41:19,240:55] p4
[2021-12-08 23:41:19,240:57] p5
[2021-12-08 23:41:19,240:57] p5
[2021-12-08 23:41:19,240:55] p4
[2021-12-08 23:41:19,240:57] p5
[2021-12-08 23:41:19,240:57] p5
[2021-12-08 23:41:19,240:41] p3
[2021-12-08 23:41:19,240:43] p1
[2021-12-08 23:41:19,240:45] p1 and p2
[2021-12-08 23:41:19,240:47] p1 and p2 and p3
[2021-12-08 23:41:19,240:58] top3
