[2021-12-08 23:41:23,648:16] top1
[2021-12-08 23:41:23,648:18] p1
[2021-12-08 23:41:23,648:34] p1 and not p2
[2021-12-08 23:41:23,648:38] top2
[2021-12-08 23:41:23,648:41] p3
[2021-12-08 23:41:23,648:43] p1
[2021-12-08 23:41:23,648:51] p1 and not p2
[2021-12-08 23:41:23,648:55] p4
[2021-12-08 23:41:23,648:55] p4
[2021-12-08 23:41:23,648:57] p5
[2021-12-08 23:41:23,648:57] p5
[2021-12-08 23:41:23,648:57] p5
[2021-12-08 23:41:23,648:57] p5
[2021-12-08 23:41:23,648:55] p4
[2021-12-08 23:41:23,649:55] p4
[2021-12-08 23:41:23,649:57] p5
[2021-12-08 23:41:23,649:41] p3
[2021-12-08 23:41:23,649:43] p1
[2021-12-08 23:41:23,649:45] p1 and p2
[2021-12-08 23:41:23,649:47] p1 and p2 and p3
[2021-12-08 23:41:23,649:55] p4
[2021-12-08 23:41:23,649:55] p4
[2021-12-08 23:41:23,649:41] p3
[2021-12-08 23:41:23,649:43] p1
[2021-12-08 23:41:23,649:45] p1 and p2
[2021-12-08 23:41:23,649:49] p1 and p2 and not p3
[2021-12-08 23:41:23,649:55] p4
[2021-12-08 23:41:23,649:57] p5
[2021-12-08 23:41:23,649:55] p4
[2021-12-08 23:41:23,649:55] p4
[2021-12-08 23:41:23,649:41] p3
[2021-12-08 23:41:23,649:43] p1
[2021-12-08 23:41:23,649:51] p1 and not p2
[2021-12-08 23:41:23,649:41] p3
[2021-12-08 23:41:23,649:53] not p1
[2021-12-08 23:41:23,650:55] p4
[2021-12-08 23:41:23,650:57] p5
[2021-12-08 23:41:23,650:58] top3
