[2021-12-08 23:41:23,668:16] top1
[2021-12-08 23:41:23,668:36] not p1
[2021-12-08 23:41:23,668:38] top2
[2021-12-08 23:41:23,668:41] p3
[2021-12-08 23:41:23,668:53] not p1
[2021-12-08 23:41:23,668:55] p4
[2021-12-08 23:41:23,668:57] p5
[2021-12-08 23:41:23,668:57] p5
[2021-12-08 23:41:23,668:57] p5
[2021-12-08 23:41:23,668:57] p5
[2021-12-08 23:41:23,668:57] p5
[2021-12-08 23:41:23,668:57] p5
[2021-12-08 23:41:23,668:57] p5
[2021-12-08 23:41:23,669:57] p5
[2021-12-08 23:41:23,669:55] p4
[2021-12-08 23:41:23,669:57] p5
[2021-12-08 23:41:23,669:57] p5
[2021-12-08 23:41:23,669:41] p3
[2021-12-08 23:41:23,669:43] p1
[2021-12-08 23:41:23,669:51] p1 and not p2
[2021-12-08 23:41:23,669:55] p4
[2021-12-08 23:41:23,669:57] p5
[2021-12-08 23:41:23,669:57] p5
[2021-12-08 23:41:23,669:41] p3
[2021-12-08 23:41:23,669:43] p1
[2021-12-08 23:41:23,669:45] p1 and p2
[2021-12-08 23:41:23,669:47] p1 and p2 and p3
[2021-12-08 23:41:23,669:58] top3
