[2021-12-08 23:41:23,687:16] top1
[2021-12-08 23:41:23,687:18] p1
[2021-12-08 23:41:23,687:20] p1 and p2
[2021-12-08 23:41:23,687:22] p1 and p2 and p3
[2021-12-08 23:41:23,687:24] p1 and p2 and p3 and p4
[2021-12-08 23:41:23,687:26] p1 and p2 and p3 and p4 and p5
[2021-12-08 23:41:23,687:38] top2
[2021-12-08 23:41:23,687:41] p3
[2021-12-08 23:41:23,687:43] p1
[2021-12-08 23:41:23,688:51] p1 and not p2
[2021-12-08 23:41:23,688:41] p3
[2021-12-08 23:41:23,688:43] p1
[2021-12-08 23:41:23,688:51] p1 and not p2
[2021-12-08 23:41:23,688:55] p4
[2021-12-08 23:41:23,688:55] p4
[2021-12-08 23:41:23,688:57] p5
[2021-12-08 23:41:23,688:57] p5
[2021-12-08 23:41:23,688:57] p5
[2021-12-08 23:41:23,688:57] p5
[2021-12-08 23:41:23,688:57] p5
[2021-12-08 23:41:23,688:58] top3
