[2021-12-08 23:41:23,688:16] top1
[2021-12-08 23:41:23,688:18] p1
[2021-12-08 23:41:23,689:20] p1 and p2
[2021-12-08 23:41:23,689:22] p1 and p2 and p3
[2021-12-08 23:41:23,689:24] p1 and p2 and p3 and p4
[2021-12-08 23:41:23,689:26] p1 and p2 and p3 and p4 and p5
[2021-12-08 23:41:23,689:38] top2
[2021-12-08 23:41:23,689:41] p3
[2021-12-08 23:41:23,689:43] p1
[2021-12-08 23:41:23,689:51] p1 and not p2
[2021-12-08 23:41:23,689:55] p4
[2021-12-08 23:41:23,689:55] p4
[2021-12-08 23:41:23,689:55] p4
[2021-12-08 23:41:23,689:55] p4
[2021-12-08 23:41:23,689:57] p5
[2021-12-08 23:41:23,689:41] p3
[2021-12-08 23:41:23,689:53] not p1
[2021-12-08 23:41:23,689:41] p3
[2021-12-08 23:41:23,689:53] not p1
[2021-12-08 23:41:23,689:55] p4
[2021-12-08 23:41:23,689:57] p5
[2021-12-08 23:41:23,689:58] top3
