[2021-12-08 23:41:23,703:16] top1
[2021-12-08 23:41:23,704:36] not p1
[2021-12-08 23:41:23,704:38] top2
[2021-12-08 23:41:23,704:41] p3
[2021-12-08 23:41:23,704:53] not p1
[2021-12-08 23:41:23,704:41] p3
[2021-12-08 23:41:23,704:53] not p1
[2021-12-08 23:41:23,704:55] p4
[2021-12-08 23:41:23,704:55] p4
[2021-12-08 23:41:23,704:57] p5
[2021-12-08 23:41:23,704:55] p4
[2021-12-08 23:41:23,705:41] p3
[2021-12-08 23:41:23,705:53] not p1
[2021-12-08 23:41:23,705:55] p4
[2021-12-08 23:41:23,705:57] p5
[2021-12-08 23:41:23,705:41] p3
[2021-12-08 23:41:23,705:43] p1
[2021-12-08 23:41:23,705:45] p1 and p2
[2021-12-08 23:41:23,705:47] p1 and p2 and p3
[2021-12-08 23:41:23,705:55] p4
[2021-12-08 23:41:23,705:57] p5
[2021-12-08 23:41:23,705:57] p5
[2021-12-08 23:41:23,705:57] p5
[2021-12-08 23:41:23,706:55] p4
[2021-12-08 23:41:23,706:57] p5
[2021-12-08 23:41:23,706:57] p5
[2021-12-08 23:41:23,706:57] p5
[2021-12-08 23:41:23,706:55] p4
[2021-12-08 23:41:23,706:55] p4
[2021-12-08 23:41:23,706:55] p4
[2021-12-08 23:41:23,706:57] p5
[2021-12-08 23:41:23,706:55] p4
[2021-12-08 23:41:23,706:57] p5
[2021-12-08 23:41:23,707:57] p5
[2021-12-08 23:41:23,707:58] top3
