[2021-12-08 23:41:23,716:16] top1
[2021-12-08 23:41:23,716:18] p1
[2021-12-08 23:41:23,716:34] p1 and not p2
[2021-12-08 23:41:23,716:38] top2
[2021-12-08 23:41:23,716:41] p3
[2021-12-08 23:41:23,716:43] p1
[2021-12-08 23:41:23,716:45] p1 and p2
[2021-12-08 23:41:23,717:49] p1 and p2 and not p3
[2021-12-08 23:41:23,717:55] p4
[2021-12-08 23:41:23,717:57] p5
[2021-12-08 23:41:23,717:41] p3
[2021-12-08 23:41:23,717:53] not p1
[2021-12-08 23:41:23,717:41] p3
[2021-12-08 23:41:23,717:53] not p1
[2021-12-08 23:41:23,717:55] p4
[2021-12-08 23:41:23,717:57] p5
[2021-12-08 23:41:23,717:57] p5
[2021-12-08 23:41:23,717:55] p4
[2021-12-08 23:41:23,717:57] p5
[2021-12-08 23:41:23,718:57] p5
[2021-12-08 23:41:23,718:55] p4
[2021-12-08 23:41:23,718:57] p5
[2021-12-08 23:41:23,718:57] p5
[2021-12-08 23:41:23,718:55] p4
[2021-12-08 23:41:23,718:55] p4
[2021-12-08 23:41:23,718:57] p5
[2021-12-08 23:41:23,718:57] p5
[2021-12-08 23:41:23,718:57] p5
[2021-12-08 23:41:23,718:57] p5
[2021-12-08 23:41:23,718:57] p5
[2021-12-08 23:41:23,718:57] p5
[2021-12-08 23:41:23,718:57] p5
[2021-12-08 23:41:23,719:57] p5
[2021-12-08 23:41:23,719:58] top3
