[2021-12-08 23:41:23,759:16] top1
[2021-12-08 23:41:23,759:18] p1
[2021-12-08 23:41:23,759:34] p1 and not p2
[2021-12-08 23:41:23,759:38] top2
[2021-12-08 23:41:23,759:41] p3
[2021-12-08 23:41:23,759:43] p1
[2021-12-08 23:41:23,759:45] p1 and p2
[2021-12-08 23:41:23,759:49] p1 and p2 and not p3
[2021-12-08 23:41:23,759:55] p4
[2021-12-08 23:41:23,759:57] p5
[2021-12-08 23:41:23,760:41] p3
[2021-12-08 23:41:23,760:43] p1
[2021-12-08 23:41:23,760:45] p1 and p2
[2021-12-08 23:41:23,760:49] p1 and p2 and not p3
[2021-12-08 23:41:23,760:55] p4
[2021-12-08 23:41:23,760:57] p5
[2021-12-08 23:41:23,760:55] p4
[2021-12-08 23:41:23,760:41] p3
[2021-12-08 23:41:23,760:53] not p1
[2021-12-08 23:41:23,760:41] p3
[2021-12-08 23:41:23,760:53] not p1
[2021-12-08 23:41:23,760:41] p3
[2021-12-08 23:41:23,760:43] p1
[2021-12-08 23:41:23,760:45] p1 and p2
[2021-12-08 23:41:23,760:47] p1 and p2 and p3
[2021-12-08 23:41:23,760:55] p4
[2021-12-08 23:41:23,760:57] p5
[2021-12-08 23:41:23,760:58] top3
