[2021-12-08 23:41:23,780:16] top1
[2021-12-08 23:41:23,780:18] p1
[2021-12-08 23:41:23,780:34] p1 and not p2
[2021-12-08 23:41:23,780:38] top2
[2021-12-08 23:41:23,780:41] p3
[2021-12-08 23:41:23,780:43] p1
[2021-12-08 23:41:23,780:45] p1 and p2
[2021-12-08 23:41:23,780:47] p1 and p2 and p3
[2021-12-08 23:41:23,780:41] p3
[2021-12-08 23:41:23,780:43] p1
[2021-12-08 23:41:23,780:51] p1 and not p2
[2021-12-08 23:41:23,780:55] p4
[2021-12-08 23:41:23,780:57] p5
[2021-12-08 23:41:23,780:57] p5
[2021-12-08 23:41:23,780:57] p5
[2021-12-08 23:41:23,780:57] p5
[2021-12-08 23:41:23,780:57] p5
[2021-12-08 23:41:23,780:57] p5
[2021-12-08 23:41:23,780:57] p5
[2021-12-08 23:41:23,781:57] p5
[2021-12-08 23:41:23,781:57] p5
[2021-12-08 23:41:23,781:57] p5
[2021-12-08 23:41:23,781:57] p5
[2021-12-08 23:41:23,781:57] p5
[2021-12-08 23:41:23,781:58] top3
