[2021-12-08 23:41:23,790:16] top1
[2021-12-08 23:41:23,790:36] not p1
[2021-12-08 23:41:23,790:38] top2
[2021-12-08 23:41:23,790:41] p3
[2021-12-08 23:41:23,790:53] not p1
[2021-12-08 23:41:23,790:55] p4
[2021-12-08 23:41:23,790:55] p4
[2021-12-08 23:41:23,790:57] p5
[2021-12-08 23:41:23,790:57] p5
[2021-12-08 23:41:23,790:57] p5
[2021-12-08 23:41:23,790:57] p5
[2021-12-08 23:41:23,790:57] p5
[2021-12-08 23:41:23,790:57] p5
[2021-12-08 23:41:23,790:55] p4
[2021-12-08 23:41:23,790:57] p5
[2021-12-08 23:41:23,790:55] p4
[2021-12-08 23:41:23,790:57] p5
[2021-12-08 23:41:23,791:57] p5
[2021-12-08 23:41:23,791:57] p5
[2021-12-08 23:41:23,791:57] p5
[2021-12-08 23:41:23,791:57] p5
[2021-12-08 23:41:23,791:55] p4
[2021-12-08 23:41:23,791:57] p5
[2021-12-08 23:41:23,791:57] p5
[2021-12-08 23:41:23,791:41] p3
[2021-12-08 23:41:23,791:43] p1
[2021-12-08 23:41:23,791:45] p1 and p2
[2021-12-08 23:41:23,791:49] p1 and p2 and not p3
[2021-12-08 23:41:23,791:55] p4
[2021-12-08 23:41:23,791:57] p5
[2021-12-08 23:41:23,791:57] p5
[2021-12-08 23:41:23,791:55] p4
[2021-12-08 23:41:23,791:55] p4
[2021-12-08 23:41:23,791:57] p5
[2021-12-08 23:41:23,791:41] p3
[2021-12-08 23:41:23,791:53] not p1
[2021-12-08 23:41:23,791:58] top3
