[2021-12-08 23:41:23,806:16] top1
[2021-12-08 23:41:23,806:18] p1
[2021-12-08 23:41:23,807:34] p1 and not p2
[2021-12-08 23:41:23,807:38] top2
[2021-12-08 23:41:23,807:41] p3
[2021-12-08 23:41:23,807:53] not p1
[2021-12-08 23:41:23,807:55] p4
[2021-12-08 23:41:23,807:57] p5
[2021-12-08 23:41:23,807:57] p5
[2021-12-08 23:41:23,807:41] p3
[2021-12-08 23:41:23,807:53] not p1
[2021-12-08 23:41:23,807:55] p4
[2021-12-08 23:41:23,807:57] p5
[2021-12-08 23:41:23,807:57] p5
[2021-12-08 23:41:23,807:55] p4
[2021-12-08 23:41:23,807:55] p4
[2021-12-08 23:41:23,807:55] p4
[2021-12-08 23:41:23,807:41] p3
[2021-12-08 23:41:23,807:43] p1
[2021-12-08 23:41:23,807:45] p1 and p2
[2021-12-08 23:41:23,807:47] p1 and p2 and p3
[2021-12-08 23:41:23,807:55] p4
[2021-12-08 23:41:23,807:55] p4
[2021-12-08 23:41:23,807:58] top3
