[2021-12-08 23:41:23,812:16] top1
[2021-12-08 23:41:23,812:36] not p1
[2021-12-08 23:41:23,812:38] top2
[2021-12-08 23:41:23,812:41] p3
[2021-12-08 23:41:23,812:43] p1
[2021-12-08 23:41:23,812:51] p1 and not p2
[2021-12-08 23:41:23,812:55] p4
[2021-12-08 23:41:23,812:57] p5
[2021-12-08 23:41:23,812:57] p5
[2021-12-08 23:41:23,812:57] p5
[2021-12-08 23:41:23,812:57] p5
[2021-12-08 23:41:23,812:41] p3
[2021-12-08 23:41:23,812:53] not p1
[2021-12-08 23:41:23,813:55] p4
[2021-12-08 23:41:23,813:55] p4
[2021-12-08 23:41:23,813:57] p5
[2021-12-08 23:41:23,813:57] p5
[2021-12-08 23:41:23,813:55] p4
[2021-12-08 23:41:23,813:57] p5
[2021-12-08 23:41:23,813:41] p3
[2021-12-08 23:41:23,813:43] p1
[2021-12-08 23:41:23,813:45] p1 and p2
[2021-12-08 23:41:23,813:49] p1 and p2 and not p3
[2021-12-08 23:41:23,813:55] p4
[2021-12-08 23:41:23,813:55] p4
[2021-12-08 23:41:23,813:55] p4
[2021-12-08 23:41:23,813:57] p5
[2021-12-08 23:41:23,813:58] top3
