[2021-12-08 23:41:23,825:16] top1
[2021-12-08 23:41:23,825:18] p1
[2021-12-08 23:41:23,825:34] p1 and not p2
[2021-12-08 23:41:23,825:38] top2
[2021-12-08 23:41:23,825:41] p3
[2021-12-08 23:41:23,825:43] p1
[2021-12-08 23:41:23,825:45] p1 and p2
[2021-12-08 23:41:23,825:47] p1 and p2 and p3
[2021-12-08 23:41:23,826:55] p4
[2021-12-08 23:41:23,826:57] p5
[2021-12-08 23:41:23,826:55] p4
[2021-12-08 23:41:23,826:57] p5
[2021-12-08 23:41:23,826:57] p5
[2021-12-08 23:41:23,826:57] p5
[2021-12-08 23:41:23,826:57] p5
[2021-12-08 23:41:23,826:57] p5
[2021-12-08 23:41:23,826:57] p5
[2021-12-08 23:41:23,826:57] p5
[2021-12-08 23:41:23,826:57] p5
[2021-12-08 23:41:23,826:57] p5
[2021-12-08 23:41:23,826:41] p3
[2021-12-08 23:41:23,826:53] not p1
[2021-12-08 23:41:23,826:41] p3
[2021-12-08 23:41:23,826:53] not p1
[2021-12-08 23:41:23,826:55] p4
[2021-12-08 23:41:23,826:57] p5
[2021-12-08 23:41:23,826:55] p4
[2021-12-08 23:41:23,826:57] p5
[2021-12-08 23:41:23,826:55] p4
[2021-12-08 23:41:23,826:58] top3
