[2021-12-08 23:41:23,827:16] top1
[2021-12-08 23:41:23,828:18] p1
[2021-12-08 23:41:23,828:34] p1 and not p2
[2021-12-08 23:41:23,828:38] top2
[2021-12-08 23:41:23,828:41] p3
[2021-12-08 23:41:23,828:53] not p1
[2021-12-08 23:41:23,828:55] p4
[2021-12-08 23:41:23,828:55] p4
[2021-12-08 23:41:23,828:57] p5
[2021-12-08 23:41:23,828:57] p5
[2021-12-08 23:41:23,828:57] p5
[2021-12-08 23:41:23,828:55] p4
[2021-12-08 23:41:23,828:57] p5
[2021-12-08 23:41:23,828:41] p3
[2021-12-08 23:41:23,828:43] p1
[2021-12-08 23:41:23,828:45] p1 and p2
[2021-12-08 23:41:23,828:49] p1 and p2 and not p3
[2021-12-08 23:41:23,828:55] p4
[2021-12-08 23:41:23,828:57] p5
[2021-12-08 23:41:23,828:57] p5
[2021-12-08 23:41:23,828:58] top3
