[2021-12-08 23:41:23,829:16] top1
[2021-12-08 23:41:23,829:18] p1
[2021-12-08 23:41:23,829:20] p1 and p2
[2021-12-08 23:41:23,829:22] p1 and p2 and p3
[2021-12-08 23:41:23,829:30] p1 and p2 and p3 and not p4
[2021-12-08 23:41:23,829:38] top2
[2021-12-08 23:41:23,829:41] p3
[2021-12-08 23:41:23,829:43] p1
[2021-12-08 23:41:23,829:45] p1 and p2
[2021-12-08 23:41:23,829:47] p1 and p2 and p3
[2021-12-08 23:41:23,829:55] p4
[2021-12-08 23:41:23,829:57] p5
[2021-12-08 23:41:23,829:57] p5
[2021-12-08 23:41:23,829:55] p4
[2021-12-08 23:41:23,829:41] p3
[2021-12-08 23:41:23,829:53] not p1
[2021-12-08 23:41:23,830:55] p4
[2021-12-08 23:41:23,830:57] p5
[2021-12-08 23:41:23,830:41] p3
[2021-12-08 23:41:23,830:43] p1
[2021-12-08 23:41:23,830:45] p1 and p2
[2021-12-08 23:41:23,830:47] p1 and p2 and p3
[2021-12-08 23:41:23,830:55] p4
[2021-12-08 23:41:23,830:41] p3
[2021-12-08 23:41:23,830:43] p1
[2021-12-08 23:41:23,830:45] p1 and p2
[2021-12-08 23:41:23,830:47] p1 and p2 and p3
[2021-12-08 23:41:23,830:58] top3
