[2021-12-08 23:41:23,917:16] top1
[2021-12-08 23:41:23,917:36] not p1
[2021-12-08 23:41:23,917:38] top2
[2021-12-08 23:41:23,917:41] p3
[2021-12-08 23:41:23,917:53] not p1
[2021-12-08 23:41:23,917:41] p3
[2021-12-08 23:41:23,917:43] p1
[2021-12-08 23:41:23,917:45] p1 and p2
[2021-12-08 23:41:23,917:49] p1 and p2 and not p3
[2021-12-08 23:41:23,917:55] p4
[2021-12-08 23:41:23,917:57] p5
[2021-12-08 23:41:23,917:55] p4
[2021-12-08 23:41:23,917:55] p4
[2021-12-08 23:41:23,918:55] p4
[2021-12-08 23:41:23,918:57] p5
[2021-12-08 23:41:23,918:57] p5
[2021-12-08 23:41:23,918:41] p3
[2021-12-08 23:41:23,918:43] p1
[2021-12-08 23:41:23,918:45] p1 and p2
[2021-12-08 23:41:23,918:49] p1 and p2 and not p3
[2021-12-08 23:41:23,918:55] p4
[2021-12-08 23:41:23,918:41] p3
[2021-12-08 23:41:23,918:43] p1
[2021-12-08 23:41:23,918:51] p1 and not p2
[2021-12-08 23:41:23,918:58] top3
