[2021-12-08 23:41:23,925:16] top1
[2021-12-08 23:41:23,925:18] p1
[2021-12-08 23:41:23,925:20] p1 and p2
[2021-12-08 23:41:23,925:32] p1 and p2 and not p3
[2021-12-08 23:41:23,925:38] top2
[2021-12-08 23:41:23,925:41] p3
[2021-12-08 23:41:23,926:43] p1
[2021-12-08 23:41:23,926:45] p1 and p2
[2021-12-08 23:41:23,926:47] p1 and p2 and p3
[2021-12-08 23:41:23,926:55] p4
[2021-12-08 23:41:23,926:55] p4
[2021-12-08 23:41:23,926:57] p5
[2021-12-08 23:41:23,926:57] p5
[2021-12-08 23:41:23,926:57] p5
[2021-12-08 23:41:23,926:57] p5
[2021-12-08 23:41:23,926:41] p3
[2021-12-08 23:41:23,926:53] not p1
[2021-12-08 23:41:23,926:55] p4
[2021-12-08 23:41:23,926:57] p5
[2021-12-08 23:41:23,926:57] p5
[2021-12-08 23:41:23,926:58] top3
