[2021-12-08 23:41:23,986:16] top1
[2021-12-08 23:41:23,986:36] not p1
[2021-12-08 23:41:23,986:38] top2
[2021-12-08 23:41:23,987:41] p3
[2021-12-08 23:41:23,987:53] not p1
[2021-12-08 23:41:23,987:41] p3
[2021-12-08 23:41:23,987:43] p1
[2021-12-08 23:41:23,987:51] p1 and not p2
[2021-12-08 23:41:23,987:55] p4
[2021-12-08 23:41:23,987:57] p5
[2021-12-08 23:41:23,987:41] p3
[2021-12-08 23:41:23,987:43] p1
[2021-12-08 23:41:23,987:45] p1 and p2
[2021-12-08 23:41:23,987:47] p1 and p2 and p3
[2021-12-08 23:41:23,987:55] p4
[2021-12-08 23:41:23,987:41] p3
[2021-12-08 23:41:23,987:53] not p1
[2021-12-08 23:41:23,987:41] p3
[2021-12-08 23:41:23,987:43] p1
[2021-12-08 23:41:23,987:45] p1 and p2
[2021-12-08 23:41:23,987:49] p1 and p2 and not p3
[2021-12-08 23:41:23,987:55] p4
[2021-12-08 23:41:23,987:57] p5
[2021-12-08 23:41:23,988:57] p5
[2021-12-08 23:41:23,988:57] p5
[2021-12-08 23:41:23,988:57] p5
[2021-12-08 23:41:23,988:55] p4
[2021-12-08 23:41:23,988:57] p5
[2021-12-08 23:41:23,988:57] p5
[2021-12-08 23:41:23,988:55] p4
[2021-12-08 23:41:23,988:57] p5
[2021-12-08 23:41:23,988:41] p3
[2021-12-08 23:41:23,988:53] not p1
[2021-12-08 23:41:23,988:55] p4
[2021-12-08 23:41:23,988:57] p5
[2021-12-08 23:41:23,988:57] p5
[2021-12-08 23:41:23,988:57] p5
[2021-12-08 23:41:23,988:57] p5
[2021-12-08 23:41:23,988:57] p5
[2021-12-08 23:41:23,988:55] p4
[2021-12-08 23:41:23,988:57] p5
[2021-12-08 23:41:23,988:57] p5
[2021-12-08 23:41:23,988:41] p3
[2021-12-08 23:41:23,988:53] not p1
[2021-12-08 23:41:23,989:55] p4
[2021-12-08 23:41:23,989:57] p5
[2021-12-08 23:41:23,989:57] p5
[2021-12-08 23:41:23,989:57] p5
[2021-12-08 23:41:23,989:55] p4
[2021-12-08 23:41:23,989:57] p5
[2021-12-08 23:41:23,989:57] p5
[2021-12-08 23:41:23,989:57] p5
[2021-12-08 23:41:23,989:57] p5
[2021-12-08 23:41:23,989:57] p5
[2021-12-08 23:41:23,989:58] top3
