[2021-12-08 23:41:24,020:16] top1
[2021-12-08 23:41:24,020:18] p1
[2021-12-08 23:41:24,020:20] p1 and p2
[2021-12-08 23:41:24,021:32] p1 and p2 and not p3
[2021-12-08 23:41:24,021:38] top2
[2021-12-08 23:41:24,021:41] p3
[2021-12-08 23:41:24,021:53] not p1
[2021-12-08 23:41:24,021:41] p3
[2021-12-08 23:41:24,021:43] p1
[2021-12-08 23:41:24,021:45] p1 and p2
[2021-12-08 23:41:24,021:47] p1 and p2 and p3
[2021-12-08 23:41:24,021:41] p3
[2021-12-08 23:41:24,021:53] not p1
[2021-12-08 23:41:24,021:55] p4
[2021-12-08 23:41:24,021:55] p4
[2021-12-08 23:41:24,021:55] p4
[2021-12-08 23:41:24,021:55] p4
[2021-12-08 23:41:24,021:57] p5
[2021-12-08 23:41:24,021:57] p5
[2021-12-08 23:41:24,021:57] p5
[2021-12-08 23:41:24,021:57] p5
[2021-12-08 23:41:24,021:57] p5
[2021-12-08 23:41:24,022:57] p5
[2021-12-08 23:41:24,022:57] p5
[2021-12-08 23:41:24,022:55] p4
[2021-12-08 23:41:24,022:41] p3
[2021-12-08 23:41:24,022:53] not p1
[2021-12-08 23:41:24,022:41] p3
[2021-12-08 23:41:24,022:43] p1
[2021-12-08 23:41:24,022:45] p1 and p2
[2021-12-08 23:41:24,022:49] p1 and p2 and not p3
[2021-12-08 23:41:24,022:55] p4
[2021-12-08 23:41:24,022:55] p4
[2021-12-08 23:41:24,022:57] p5
[2021-12-08 23:41:24,022:58] top3
