[2021-12-08 23:41:24,026:16] top1
[2021-12-08 23:41:24,027:18] p1
[2021-12-08 23:41:24,027:20] p1 and p2
[2021-12-08 23:41:24,027:32] p1 and p2 and not p3
[2021-12-08 23:41:24,027:38] top2
[2021-12-08 23:41:24,027:41] p3
[2021-12-08 23:41:24,027:43] p1
[2021-12-08 23:41:24,027:45] p1 and p2
[2021-12-08 23:41:24,027:47] p1 and p2 and p3
[2021-12-08 23:41:24,027:55] p4
[2021-12-08 23:41:24,027:57] p5
[2021-12-08 23:41:24,027:41] p3
[2021-12-08 23:41:24,027:43] p1
[2021-12-08 23:41:24,027:51] p1 and not p2
[2021-12-08 23:41:24,027:41] p3
[2021-12-08 23:41:24,027:53] not p1
[2021-12-08 23:41:24,027:55] p4
[2021-12-08 23:41:24,027:57] p5
[2021-12-08 23:41:24,027:57] p5
[2021-12-08 23:41:24,028:57] p5
[2021-12-08 23:41:24,028:57] p5
[2021-12-08 23:41:24,028:41] p3
[2021-12-08 23:41:24,028:53] not p1
[2021-12-08 23:41:24,028:41] p3
[2021-12-08 23:41:24,028:43] p1
[2021-12-08 23:41:24,028:45] p1 and p2
[2021-12-08 23:41:24,028:47] p1 and p2 and p3
[2021-12-08 23:41:24,028:55] p4
[2021-12-08 23:41:24,028:55] p4
[2021-12-08 23:41:24,028:41] p3
[2021-12-08 23:41:24,028:43] p1
[2021-12-08 23:41:24,028:45] p1 and p2
[2021-12-08 23:41:24,028:47] p1 and p2 and p3
[2021-12-08 23:41:24,028:58] top3
