[2021-12-08 23:41:24,033:16] top1
[2021-12-08 23:41:24,033:18] p1
[2021-12-08 23:41:24,033:34] p1 and not p2
[2021-12-08 23:41:24,033:38] top2
[2021-12-08 23:41:24,033:41] p3
[2021-12-08 23:41:24,033:43] p1
[2021-12-08 23:41:24,033:45] p1 and p2
[2021-12-08 23:41:24,033:49] p1 and p2 and not p3
[2021-12-08 23:41:24,033:55] p4
[2021-12-08 23:41:24,034:57] p5
[2021-12-08 23:41:24,034:55] p4
[2021-12-08 23:41:24,034:57] p5
[2021-12-08 23:41:24,034:57] p5
[2021-12-08 23:41:24,034:57] p5
[2021-12-08 23:41:24,034:57] p5
[2021-12-08 23:41:24,034:57] p5
[2021-12-08 23:41:24,034:57] p5
[2021-12-08 23:41:24,034:57] p5
[2021-12-08 23:41:24,034:57] p5
[2021-12-08 23:41:24,034:55] p4
[2021-12-08 23:41:24,034:57] p5
[2021-12-08 23:41:24,034:57] p5
[2021-12-08 23:41:24,034:41] p3
[2021-12-08 23:41:24,035:43] p1
[2021-12-08 23:41:24,035:45] p1 and p2
[2021-12-08 23:41:24,035:49] p1 and p2 and not p3
[2021-12-08 23:41:24,035:58] top3
