[2021-12-08 23:41:24,053:16] top1
[2021-12-08 23:41:24,053:36] not p1
[2021-12-08 23:41:24,053:38] top2
[2021-12-08 23:41:24,053:41] p3
[2021-12-08 23:41:24,053:43] p1
[2021-12-08 23:41:24,053:45] p1 and p2
[2021-12-08 23:41:24,053:47] p1 and p2 and p3
[2021-12-08 23:41:24,053:55] p4
[2021-12-08 23:41:24,053:57] p5
[2021-12-08 23:41:24,053:57] p5
[2021-12-08 23:41:24,053:57] p5
[2021-12-08 23:41:24,053:57] p5
[2021-12-08 23:41:24,053:41] p3
[2021-12-08 23:41:24,054:43] p1
[2021-12-08 23:41:24,054:51] p1 and not p2
[2021-12-08 23:41:24,054:55] p4
[2021-12-08 23:41:24,054:55] p4
[2021-12-08 23:41:24,054:57] p5
[2021-12-08 23:41:24,054:57] p5
[2021-12-08 23:41:24,054:57] p5
[2021-12-08 23:41:24,054:57] p5
[2021-12-08 23:41:24,054:57] p5
[2021-12-08 23:41:24,054:57] p5
[2021-12-08 23:41:24,054:41] p3
[2021-12-08 23:41:24,054:53] not p1
[2021-12-08 23:41:24,054:55] p4
[2021-12-08 23:41:24,054:55] p4
[2021-12-08 23:41:24,054:41] p3
[2021-12-08 23:41:24,054:53] not p1
[2021-12-08 23:41:24,054:58] top3
