[2021-12-08 23:41:24,064:16] top1
[2021-12-08 23:41:24,064:18] p1
[2021-12-08 23:41:24,064:20] p1 and p2
[2021-12-08 23:41:24,064:32] p1 and p2 and not p3
[2021-12-08 23:41:24,064:38] top2
[2021-12-08 23:41:24,064:41] p3
[2021-12-08 23:41:24,064:43] p1
[2021-12-08 23:41:24,064:51] p1 and not p2
[2021-12-08 23:41:24,064:55] p4
[2021-12-08 23:41:24,065:57] p5
[2021-12-08 23:41:24,065:57] p5
[2021-12-08 23:41:24,065:41] p3
[2021-12-08 23:41:24,065:53] not p1
[2021-12-08 23:41:24,065:41] p3
[2021-12-08 23:41:24,065:53] not p1
[2021-12-08 23:41:24,065:41] p3
[2021-12-08 23:41:24,065:43] p1
[2021-12-08 23:41:24,065:45] p1 and p2
[2021-12-08 23:41:24,065:47] p1 and p2 and p3
[2021-12-08 23:41:24,065:55] p4
[2021-12-08 23:41:24,065:57] p5
[2021-12-08 23:41:24,065:55] p4
[2021-12-08 23:41:24,065:57] p5
[2021-12-08 23:41:24,065:58] top3
