[2021-12-08 23:41:24,083:16] top1
[2021-12-08 23:41:24,083:18] p1
[2021-12-08 23:41:24,083:20] p1 and p2
[2021-12-08 23:41:24,083:32] p1 and p2 and not p3
[2021-12-08 23:41:24,083:38] top2
[2021-12-08 23:41:24,083:41] p3
[2021-12-08 23:41:24,083:43] p1
[2021-12-08 23:41:24,083:51] p1 and not p2
[2021-12-08 23:41:24,083:55] p4
[2021-12-08 23:41:24,083:57] p5
[2021-12-08 23:41:24,084:41] p3
[2021-12-08 23:41:24,084:53] not p1
[2021-12-08 23:41:24,084:55] p4
[2021-12-08 23:41:24,084:57] p5
[2021-12-08 23:41:24,084:57] p5
[2021-12-08 23:41:24,084:55] p4
[2021-12-08 23:41:24,084:41] p3
[2021-12-08 23:41:24,084:43] p1
[2021-12-08 23:41:24,084:51] p1 and not p2
[2021-12-08 23:41:24,084:55] p4
[2021-12-08 23:41:24,084:57] p5
[2021-12-08 23:41:24,084:57] p5
[2021-12-08 23:41:24,084:41] p3
[2021-12-08 23:41:24,084:53] not p1
[2021-12-08 23:41:24,084:55] p4
[2021-12-08 23:41:24,084:58] top3
