[2021-12-08 23:41:24,086:16] top1
[2021-12-08 23:41:24,086:18] p1
[2021-12-08 23:41:24,086:20] p1 and p2
[2021-12-08 23:41:24,086:22] p1 and p2 and p3
[2021-12-08 23:41:24,086:24] p1 and p2 and p3 and p4
[2021-12-08 23:41:24,086:26] p1 and p2 and p3 and p4 and p5
[2021-12-08 23:41:24,086:38] top2
[2021-12-08 23:41:24,086:41] p3
[2021-12-08 23:41:24,086:53] not p1
[2021-12-08 23:41:24,087:55] p4
[2021-12-08 23:41:24,087:57] p5
[2021-12-08 23:41:24,087:57] p5
[2021-12-08 23:41:24,087:55] p4
[2021-12-08 23:41:24,087:57] p5
[2021-12-08 23:41:24,087:55] p4
[2021-12-08 23:41:24,087:57] p5
[2021-12-08 23:41:24,087:57] p5
[2021-12-08 23:41:24,087:55] p4
[2021-12-08 23:41:24,087:57] p5
[2021-12-08 23:41:24,087:55] p4
[2021-12-08 23:41:24,087:57] p5
[2021-12-08 23:41:24,087:55] p4
[2021-12-08 23:41:24,087:58] top3
