[2021-12-08 23:41:19,296:16] top1
[2021-12-08 23:41:19,296:18] p1
[2021-12-08 23:41:19,296:20] p1 and p2
[2021-12-08 23:41:19,296:22] p1 and p2 and p3
[2021-12-08 23:41:19,296:24] p1 and p2 and p3 and p4
[2021-12-08 23:41:19,296:28] p1 and p2 and p3 and p4 and not p5
[2021-12-08 23:41:19,296:38] top2
[2021-12-08 23:41:19,297:41] p3
[2021-12-08 23:41:19,297:53] not p1
[2021-12-08 23:41:19,297:55] p4
[2021-12-08 23:41:19,297:55] p4
[2021-12-08 23:41:19,297:57] p5
[2021-12-08 23:41:19,297:41] p3
[2021-12-08 23:41:19,297:43] p1
[2021-12-08 23:41:19,297:45] p1 and p2
[2021-12-08 23:41:19,297:47] p1 and p2 and p3
[2021-12-08 23:41:19,297:41] p3
[2021-12-08 23:41:19,297:53] not p1
[2021-12-08 23:41:19,297:55] p4
[2021-12-08 23:41:19,298:55] p4
[2021-12-08 23:41:19,298:55] p4
[2021-12-08 23:41:19,298:55] p4
[2021-12-08 23:41:19,298:57] p5
[2021-12-08 23:41:19,298:57] p5
[2021-12-08 23:41:19,298:58] top3
