[2021-12-08 23:41:24,130:16] top1
[2021-12-08 23:41:24,130:18] p1
[2021-12-08 23:41:24,130:20] p1 and p2
[2021-12-08 23:41:24,130:32] p1 and p2 and not p3
[2021-12-08 23:41:24,130:38] top2
[2021-12-08 23:41:24,130:41] p3
[2021-12-08 23:41:24,130:43] p1
[2021-12-08 23:41:24,130:45] p1 and p2
[2021-12-08 23:41:24,130:49] p1 and p2 and not p3
[2021-12-08 23:41:24,130:55] p4
[2021-12-08 23:41:24,130:55] p4
[2021-12-08 23:41:24,130:57] p5
[2021-12-08 23:41:24,130:57] p5
[2021-12-08 23:41:24,131:57] p5
[2021-12-08 23:41:24,131:57] p5
[2021-12-08 23:41:24,131:55] p4
[2021-12-08 23:41:24,131:41] p3
[2021-12-08 23:41:24,131:53] not p1
[2021-12-08 23:41:24,131:41] p3
[2021-12-08 23:41:24,131:43] p1
[2021-12-08 23:41:24,131:45] p1 and p2
[2021-12-08 23:41:24,131:47] p1 and p2 and p3
[2021-12-08 23:41:24,131:55] p4
[2021-12-08 23:41:24,131:58] top3
