[2021-12-08 23:41:24,138:16] top1
[2021-12-08 23:41:24,138:18] p1
[2021-12-08 23:41:24,138:20] p1 and p2
[2021-12-08 23:41:24,138:22] p1 and p2 and p3
[2021-12-08 23:41:24,138:24] p1 and p2 and p3 and p4
[2021-12-08 23:41:24,139:26] p1 and p2 and p3 and p4 and p5
[2021-12-08 23:41:24,139:38] top2
[2021-12-08 23:41:24,139:41] p3
[2021-12-08 23:41:24,139:43] p1
[2021-12-08 23:41:24,139:45] p1 and p2
[2021-12-08 23:41:24,139:49] p1 and p2 and not p3
[2021-12-08 23:41:24,139:55] p4
[2021-12-08 23:41:24,139:57] p5
[2021-12-08 23:41:24,139:55] p4
[2021-12-08 23:41:24,139:57] p5
[2021-12-08 23:41:24,139:57] p5
[2021-12-08 23:41:24,139:41] p3
[2021-12-08 23:41:24,139:53] not p1
[2021-12-08 23:41:24,139:55] p4
[2021-12-08 23:41:24,139:57] p5
[2021-12-08 23:41:24,139:57] p5
[2021-12-08 23:41:24,139:57] p5
[2021-12-08 23:41:24,139:57] p5
[2021-12-08 23:41:24,139:58] top3
