[2021-12-08 23:41:24,144:16] top1
[2021-12-08 23:41:24,144:36] not p1
[2021-12-08 23:41:24,144:38] top2
[2021-12-08 23:41:24,144:41] p3
[2021-12-08 23:41:24,144:43] p1
[2021-12-08 23:41:24,144:45] p1 and p2
[2021-12-08 23:41:24,144:49] p1 and p2 and not p3
[2021-12-08 23:41:24,144:55] p4
[2021-12-08 23:41:24,144:57] p5
[2021-12-08 23:41:24,144:55] p4
[2021-12-08 23:41:24,144:57] p5
[2021-12-08 23:41:24,144:41] p3
[2021-12-08 23:41:24,145:43] p1
[2021-12-08 23:41:24,145:51] p1 and not p2
[2021-12-08 23:41:24,145:55] p4
[2021-12-08 23:41:24,145:55] p4
[2021-12-08 23:41:24,145:57] p5
[2021-12-08 23:41:24,145:57] p5
[2021-12-08 23:41:24,145:55] p4
[2021-12-08 23:41:24,145:57] p5
[2021-12-08 23:41:24,145:57] p5
[2021-12-08 23:41:24,145:57] p5
[2021-12-08 23:41:24,145:57] p5
[2021-12-08 23:41:24,145:57] p5
[2021-12-08 23:41:24,145:57] p5
[2021-12-08 23:41:24,145:55] p4
[2021-12-08 23:41:24,145:57] p5
[2021-12-08 23:41:24,145:55] p4
[2021-12-08 23:41:24,145:58] top3
