[2021-12-08 23:41:24,149:16] top1
[2021-12-08 23:41:24,149:18] p1
[2021-12-08 23:41:24,150:20] p1 and p2
[2021-12-08 23:41:24,150:22] p1 and p2 and p3
[2021-12-08 23:41:24,150:24] p1 and p2 and p3 and p4
[2021-12-08 23:41:24,150:26] p1 and p2 and p3 and p4 and p5
[2021-12-08 23:41:24,150:38] top2
[2021-12-08 23:41:24,150:41] p3
[2021-12-08 23:41:24,150:43] p1
[2021-12-08 23:41:24,150:51] p1 and not p2
[2021-12-08 23:41:24,150:55] p4
[2021-12-08 23:41:24,150:55] p4
[2021-12-08 23:41:24,150:57] p5
[2021-12-08 23:41:24,150:57] p5
[2021-12-08 23:41:24,150:41] p3
[2021-12-08 23:41:24,150:43] p1
[2021-12-08 23:41:24,150:45] p1 and p2
[2021-12-08 23:41:24,150:49] p1 and p2 and not p3
[2021-12-08 23:41:24,150:55] p4
[2021-12-08 23:41:24,150:58] top3
