[2021-12-08 23:41:24,160:16] top1
[2021-12-08 23:41:24,160:18] p1
[2021-12-08 23:41:24,160:34] p1 and not p2
[2021-12-08 23:41:24,160:38] top2
[2021-12-08 23:41:24,160:41] p3
[2021-12-08 23:41:24,160:53] not p1
[2021-12-08 23:41:24,160:41] p3
[2021-12-08 23:41:24,160:43] p1
[2021-12-08 23:41:24,160:51] p1 and not p2
[2021-12-08 23:41:24,161:55] p4
[2021-12-08 23:41:24,161:57] p5
[2021-12-08 23:41:24,161:55] p4
[2021-12-08 23:41:24,161:57] p5
[2021-12-08 23:41:24,161:57] p5
[2021-12-08 23:41:24,161:55] p4
[2021-12-08 23:41:24,161:55] p4
[2021-12-08 23:41:24,161:55] p4
[2021-12-08 23:41:24,161:57] p5
[2021-12-08 23:41:24,161:41] p3
[2021-12-08 23:41:24,161:53] not p1
[2021-12-08 23:41:24,162:41] p3
[2021-12-08 23:41:24,162:53] not p1
[2021-12-08 23:41:24,162:55] p4
[2021-12-08 23:41:24,162:55] p4
[2021-12-08 23:41:24,162:55] p4
[2021-12-08 23:41:24,162:57] p5
[2021-12-08 23:41:24,162:57] p5
[2021-12-08 23:41:24,162:57] p5
[2021-12-08 23:41:24,162:57] p5
[2021-12-08 23:41:24,162:57] p5
[2021-12-08 23:41:24,162:57] p5
[2021-12-08 23:41:24,162:55] p4
[2021-12-08 23:41:24,163:41] p3
[2021-12-08 23:41:24,163:53] not p1
[2021-12-08 23:41:24,163:41] p3
[2021-12-08 23:41:24,163:43] p1
[2021-12-08 23:41:24,163:51] p1 and not p2
[2021-12-08 23:41:24,163:55] p4
[2021-12-08 23:41:24,163:41] p3
[2021-12-08 23:41:24,163:43] p1
[2021-12-08 23:41:24,163:45] p1 and p2
[2021-12-08 23:41:24,164:49] p1 and p2 and not p3
[2021-12-08 23:41:24,164:41] p3
[2021-12-08 23:41:24,164:43] p1
[2021-12-08 23:41:24,164:45] p1 and p2
[2021-12-08 23:41:24,164:49] p1 and p2 and not p3
[2021-12-08 23:41:24,164:41] p3
[2021-12-08 23:41:24,164:43] p1
[2021-12-08 23:41:24,164:51] p1 and not p2
[2021-12-08 23:41:24,164:55] p4
[2021-12-08 23:41:24,164:41] p3
[2021-12-08 23:41:24,164:53] not p1
[2021-12-08 23:41:24,165:58] top3
