[2021-12-08 23:41:24,170:16] top1
[2021-12-08 23:41:24,170:18] p1
[2021-12-08 23:41:24,170:34] p1 and not p2
[2021-12-08 23:41:24,170:38] top2
[2021-12-08 23:41:24,170:41] p3
[2021-12-08 23:41:24,170:43] p1
[2021-12-08 23:41:24,170:51] p1 and not p2
[2021-12-08 23:41:24,170:55] p4
[2021-12-08 23:41:24,170:55] p4
[2021-12-08 23:41:24,170:57] p5
[2021-12-08 23:41:24,171:41] p3
[2021-12-08 23:41:24,171:53] not p1
[2021-12-08 23:41:24,171:55] p4
[2021-12-08 23:41:24,171:41] p3
[2021-12-08 23:41:24,171:43] p1
[2021-12-08 23:41:24,171:45] p1 and p2
[2021-12-08 23:41:24,171:47] p1 and p2 and p3
[2021-12-08 23:41:24,171:55] p4
[2021-12-08 23:41:24,171:55] p4
[2021-12-08 23:41:24,171:58] top3
