[2021-12-08 23:41:24,187:16] top1
[2021-12-08 23:41:24,187:18] p1
[2021-12-08 23:41:24,187:20] p1 and p2
[2021-12-08 23:41:24,187:32] p1 and p2 and not p3
[2021-12-08 23:41:24,187:38] top2
[2021-12-08 23:41:24,187:41] p3
[2021-12-08 23:41:24,187:53] not p1
[2021-12-08 23:41:24,188:41] p3
[2021-12-08 23:41:24,188:43] p1
[2021-12-08 23:41:24,188:45] p1 and p2
[2021-12-08 23:41:24,188:49] p1 and p2 and not p3
[2021-12-08 23:41:24,188:55] p4
[2021-12-08 23:41:24,188:57] p5
[2021-12-08 23:41:24,188:57] p5
[2021-12-08 23:41:24,188:57] p5
[2021-12-08 23:41:24,188:55] p4
[2021-12-08 23:41:24,188:57] p5
[2021-12-08 23:41:24,188:41] p3
[2021-12-08 23:41:24,188:53] not p1
[2021-12-08 23:41:24,188:41] p3
[2021-12-08 23:41:24,188:53] not p1
[2021-12-08 23:41:24,188:55] p4
[2021-12-08 23:41:24,188:55] p4
[2021-12-08 23:41:24,188:57] p5
[2021-12-08 23:41:24,188:55] p4
[2021-12-08 23:41:24,188:57] p5
[2021-12-08 23:41:24,188:55] p4
[2021-12-08 23:41:24,188:57] p5
[2021-12-08 23:41:24,189:58] top3
