[2021-12-08 23:41:24,205:16] top1
[2021-12-08 23:41:24,205:36] not p1
[2021-12-08 23:41:24,205:38] top2
[2021-12-08 23:41:24,205:41] p3
[2021-12-08 23:41:24,205:43] p1
[2021-12-08 23:41:24,205:45] p1 and p2
[2021-12-08 23:41:24,205:47] p1 and p2 and p3
[2021-12-08 23:41:24,205:55] p4
[2021-12-08 23:41:24,205:57] p5
[2021-12-08 23:41:24,205:55] p4
[2021-12-08 23:41:24,205:57] p5
[2021-12-08 23:41:24,205:57] p5
[2021-12-08 23:41:24,205:57] p5
[2021-12-08 23:41:24,205:57] p5
[2021-12-08 23:41:24,205:57] p5
[2021-12-08 23:41:24,205:57] p5
[2021-12-08 23:41:24,205:41] p3
[2021-12-08 23:41:24,205:53] not p1
[2021-12-08 23:41:24,205:41] p3
[2021-12-08 23:41:24,205:53] not p1
[2021-12-08 23:41:24,206:58] top3
