[2021-12-08 23:41:24,229:16] top1
[2021-12-08 23:41:24,229:18] p1
[2021-12-08 23:41:24,229:20] p1 and p2
[2021-12-08 23:41:24,229:22] p1 and p2 and p3
[2021-12-08 23:41:24,230:24] p1 and p2 and p3 and p4
[2021-12-08 23:41:24,230:28] p1 and p2 and p3 and p4 and not p5
[2021-12-08 23:41:24,230:38] top2
[2021-12-08 23:41:24,230:41] p3
[2021-12-08 23:41:24,230:43] p1
[2021-12-08 23:41:24,230:45] p1 and p2
[2021-12-08 23:41:24,230:47] p1 and p2 and p3
[2021-12-08 23:41:24,230:55] p4
[2021-12-08 23:41:24,230:55] p4
[2021-12-08 23:41:24,230:41] p3
[2021-12-08 23:41:24,230:53] not p1
[2021-12-08 23:41:24,230:55] p4
[2021-12-08 23:41:24,230:55] p4
[2021-12-08 23:41:24,230:57] p5
[2021-12-08 23:41:24,230:55] p4
[2021-12-08 23:41:24,230:58] top3
