[2021-12-08 23:41:24,233:16] top1
[2021-12-08 23:41:24,233:18] p1
[2021-12-08 23:41:24,233:20] p1 and p2
[2021-12-08 23:41:24,233:32] p1 and p2 and not p3
[2021-12-08 23:41:24,233:38] top2
[2021-12-08 23:41:24,233:41] p3
[2021-12-08 23:41:24,233:43] p1
[2021-12-08 23:41:24,233:45] p1 and p2
[2021-12-08 23:41:24,233:47] p1 and p2 and p3
[2021-12-08 23:41:24,233:55] p4
[2021-12-08 23:41:24,233:57] p5
[2021-12-08 23:41:24,234:41] p3
[2021-12-08 23:41:24,234:53] not p1
[2021-12-08 23:41:24,234:55] p4
[2021-12-08 23:41:24,234:55] p4
[2021-12-08 23:41:24,234:57] p5
[2021-12-08 23:41:24,234:41] p3
[2021-12-08 23:41:24,234:53] not p1
[2021-12-08 23:41:24,234:55] p4
[2021-12-08 23:41:24,234:58] top3
