[2021-12-08 23:41:24,235:16] top1
[2021-12-08 23:41:24,235:18] p1
[2021-12-08 23:41:24,235:34] p1 and not p2
[2021-12-08 23:41:24,235:38] top2
[2021-12-08 23:41:24,235:41] p3
[2021-12-08 23:41:24,235:53] not p1
[2021-12-08 23:41:24,235:55] p4
[2021-12-08 23:41:24,235:57] p5
[2021-12-08 23:41:24,235:57] p5
[2021-12-08 23:41:24,235:41] p3
[2021-12-08 23:41:24,235:43] p1
[2021-12-08 23:41:24,235:45] p1 and p2
[2021-12-08 23:41:24,235:49] p1 and p2 and not p3
[2021-12-08 23:41:24,235:55] p4
[2021-12-08 23:41:24,235:55] p4
[2021-12-08 23:41:24,235:55] p4
[2021-12-08 23:41:24,235:57] p5
[2021-12-08 23:41:24,236:57] p5
[2021-12-08 23:41:24,236:41] p3
[2021-12-08 23:41:24,236:43] p1
[2021-12-08 23:41:24,236:45] p1 and p2
[2021-12-08 23:41:24,236:47] p1 and p2 and p3
[2021-12-08 23:41:24,236:55] p4
[2021-12-08 23:41:24,236:55] p4
[2021-12-08 23:41:24,236:57] p5
[2021-12-08 23:41:24,236:57] p5
[2021-12-08 23:41:24,236:57] p5
[2021-12-08 23:41:24,236:57] p5
[2021-12-08 23:41:24,236:41] p3
[2021-12-08 23:41:24,236:43] p1
[2021-12-08 23:41:24,236:45] p1 and p2
[2021-12-08 23:41:24,236:47] p1 and p2 and p3
[2021-12-08 23:41:24,236:55] p4
[2021-12-08 23:41:24,236:57] p5
[2021-12-08 23:41:24,236:55] p4
[2021-12-08 23:41:24,236:58] top3
