[2021-12-08 23:41:24,253:16] top1
[2021-12-08 23:41:24,253:18] p1
[2021-12-08 23:41:24,253:34] p1 and not p2
[2021-12-08 23:41:24,253:38] top2
[2021-12-08 23:41:24,253:41] p3
[2021-12-08 23:41:24,253:53] not p1
[2021-12-08 23:41:24,253:55] p4
[2021-12-08 23:41:24,253:41] p3
[2021-12-08 23:41:24,253:53] not p1
[2021-12-08 23:41:24,253:55] p4
[2021-12-08 23:41:24,253:41] p3
[2021-12-08 23:41:24,253:53] not p1
[2021-12-08 23:41:24,253:55] p4
[2021-12-08 23:41:24,253:41] p3
[2021-12-08 23:41:24,253:43] p1
[2021-12-08 23:41:24,253:51] p1 and not p2
[2021-12-08 23:41:24,254:55] p4
[2021-12-08 23:41:24,254:57] p5
[2021-12-08 23:41:24,254:57] p5
[2021-12-08 23:41:24,254:57] p5
[2021-12-08 23:41:24,254:57] p5
[2021-12-08 23:41:24,254:57] p5
[2021-12-08 23:41:24,254:57] p5
[2021-12-08 23:41:24,254:55] p4
[2021-12-08 23:41:24,254:57] p5
[2021-12-08 23:41:24,254:57] p5
[2021-12-08 23:41:24,254:55] p4
[2021-12-08 23:41:24,254:57] p5
[2021-12-08 23:41:24,254:57] p5
[2021-12-08 23:41:24,254:57] p5
[2021-12-08 23:41:24,254:55] p4
[2021-12-08 23:41:24,254:57] p5
[2021-12-08 23:41:24,254:57] p5
[2021-12-08 23:41:24,254:41] p3
[2021-12-08 23:41:24,254:43] p1
[2021-12-08 23:41:24,254:45] p1 and p2
[2021-12-08 23:41:24,255:49] p1 and p2 and not p3
[2021-12-08 23:41:24,255:58] top3
