[2021-12-08 23:41:24,256:16] top1
[2021-12-08 23:41:24,256:36] not p1
[2021-12-08 23:41:24,256:38] top2
[2021-12-08 23:41:24,256:41] p3
[2021-12-08 23:41:24,256:53] not p1
[2021-12-08 23:41:24,256:41] p3
[2021-12-08 23:41:24,257:53] not p1
[2021-12-08 23:41:24,257:41] p3
[2021-12-08 23:41:24,257:43] p1
[2021-12-08 23:41:24,257:45] p1 and p2
[2021-12-08 23:41:24,257:47] p1 and p2 and p3
[2021-12-08 23:41:24,257:55] p4
[2021-12-08 23:41:24,257:57] p5
[2021-12-08 23:41:24,257:57] p5
[2021-12-08 23:41:24,257:41] p3
[2021-12-08 23:41:24,257:53] not p1
[2021-12-08 23:41:24,257:55] p4
[2021-12-08 23:41:24,257:55] p4
[2021-12-08 23:41:24,257:57] p5
[2021-12-08 23:41:24,257:41] p3
[2021-12-08 23:41:24,257:43] p1
[2021-12-08 23:41:24,257:51] p1 and not p2
[2021-12-08 23:41:24,257:41] p3
[2021-12-08 23:41:24,257:53] not p1
[2021-12-08 23:41:24,257:55] p4
[2021-12-08 23:41:24,257:57] p5
[2021-12-08 23:41:24,258:41] p3
[2021-12-08 23:41:24,258:53] not p1
[2021-12-08 23:41:24,258:41] p3
[2021-12-08 23:41:24,258:53] not p1
[2021-12-08 23:41:24,258:41] p3
[2021-12-08 23:41:24,258:43] p1
[2021-12-08 23:41:24,258:45] p1 and p2
[2021-12-08 23:41:24,258:47] p1 and p2 and p3
[2021-12-08 23:41:24,258:55] p4
[2021-12-08 23:41:24,258:41] p3
[2021-12-08 23:41:24,258:43] p1
[2021-12-08 23:41:24,258:45] p1 and p2
[2021-12-08 23:41:24,258:49] p1 and p2 and not p3
[2021-12-08 23:41:24,258:58] top3
