[2021-12-08 23:41:24,268:16] top1
[2021-12-08 23:41:24,268:36] not p1
[2021-12-08 23:41:24,268:38] top2
[2021-12-08 23:41:24,268:41] p3
[2021-12-08 23:41:24,268:43] p1
[2021-12-08 23:41:24,268:45] p1 and p2
[2021-12-08 23:41:24,268:47] p1 and p2 and p3
[2021-12-08 23:41:24,268:41] p3
[2021-12-08 23:41:24,268:53] not p1
[2021-12-08 23:41:24,268:55] p4
[2021-12-08 23:41:24,268:57] p5
[2021-12-08 23:41:24,268:57] p5
[2021-12-08 23:41:24,268:41] p3
[2021-12-08 23:41:24,268:53] not p1
[2021-12-08 23:41:24,268:55] p4
[2021-12-08 23:41:24,268:55] p4
[2021-12-08 23:41:24,268:55] p4
[2021-12-08 23:41:24,269:55] p4
[2021-12-08 23:41:24,269:57] p5
[2021-12-08 23:41:24,269:55] p4
[2021-12-08 23:41:24,269:57] p5
[2021-12-08 23:41:24,269:57] p5
[2021-12-08 23:41:24,269:55] p4
[2021-12-08 23:41:24,269:57] p5
[2021-12-08 23:41:24,269:57] p5
[2021-12-08 23:41:24,269:58] top3
