[2021-12-08 23:41:24,274:16] top1
[2021-12-08 23:41:24,274:18] p1
[2021-12-08 23:41:24,274:20] p1 and p2
[2021-12-08 23:41:24,274:22] p1 and p2 and p3
[2021-12-08 23:41:24,274:30] p1 and p2 and p3 and not p4
[2021-12-08 23:41:24,275:38] top2
[2021-12-08 23:41:24,275:41] p3
[2021-12-08 23:41:24,275:43] p1
[2021-12-08 23:41:24,275:51] p1 and not p2
[2021-12-08 23:41:24,275:41] p3
[2021-12-08 23:41:24,275:53] not p1
[2021-12-08 23:41:24,275:55] p4
[2021-12-08 23:41:24,275:57] p5
[2021-12-08 23:41:24,275:41] p3
[2021-12-08 23:41:24,275:43] p1
[2021-12-08 23:41:24,275:51] p1 and not p2
[2021-12-08 23:41:24,275:55] p4
[2021-12-08 23:41:24,275:57] p5
[2021-12-08 23:41:24,275:57] p5
[2021-12-08 23:41:24,275:55] p4
[2021-12-08 23:41:24,275:41] p3
[2021-12-08 23:41:24,275:53] not p1
[2021-12-08 23:41:24,275:55] p4
[2021-12-08 23:41:24,276:57] p5
[2021-12-08 23:41:24,276:58] top3
