[2021-12-08 23:41:24,283:16] top1
[2021-12-08 23:41:24,283:36] not p1
[2021-12-08 23:41:24,283:38] top2
[2021-12-08 23:41:24,283:41] p3
[2021-12-08 23:41:24,283:43] p1
[2021-12-08 23:41:24,283:45] p1 and p2
[2021-12-08 23:41:24,283:49] p1 and p2 and not p3
[2021-12-08 23:41:24,283:41] p3
[2021-12-08 23:41:24,283:43] p1
[2021-12-08 23:41:24,284:51] p1 and not p2
[2021-12-08 23:41:24,284:55] p4
[2021-12-08 23:41:24,284:57] p5
[2021-12-08 23:41:24,284:55] p4
[2021-12-08 23:41:24,284:55] p4
[2021-12-08 23:41:24,284:55] p4
[2021-12-08 23:41:24,284:57] p5
[2021-12-08 23:41:24,284:57] p5
[2021-12-08 23:41:24,284:41] p3
[2021-12-08 23:41:24,284:43] p1
[2021-12-08 23:41:24,284:45] p1 and p2
[2021-12-08 23:41:24,284:47] p1 and p2 and p3
[2021-12-08 23:41:24,284:55] p4
[2021-12-08 23:41:24,284:55] p4
[2021-12-08 23:41:24,284:55] p4
[2021-12-08 23:41:24,284:57] p5
[2021-12-08 23:41:24,284:57] p5
[2021-12-08 23:41:24,284:57] p5
[2021-12-08 23:41:24,284:58] top3
