[2021-12-08 23:41:24,298:16] top1
[2021-12-08 23:41:24,298:18] p1
[2021-12-08 23:41:24,298:20] p1 and p2
[2021-12-08 23:41:24,298:32] p1 and p2 and not p3
[2021-12-08 23:41:24,298:38] top2
[2021-12-08 23:41:24,298:41] p3
[2021-12-08 23:41:24,298:43] p1
[2021-12-08 23:41:24,298:45] p1 and p2
[2021-12-08 23:41:24,298:49] p1 and p2 and not p3
[2021-12-08 23:41:24,298:41] p3
[2021-12-08 23:41:24,298:43] p1
[2021-12-08 23:41:24,298:51] p1 and not p2
[2021-12-08 23:41:24,299:41] p3
[2021-12-08 23:41:24,299:43] p1
[2021-12-08 23:41:24,299:45] p1 and p2
[2021-12-08 23:41:24,299:49] p1 and p2 and not p3
[2021-12-08 23:41:24,299:41] p3
[2021-12-08 23:41:24,299:53] not p1
[2021-12-08 23:41:24,299:55] p4
[2021-12-08 23:41:24,299:57] p5
[2021-12-08 23:41:24,299:55] p4
[2021-12-08 23:41:24,299:55] p4
[2021-12-08 23:41:24,299:41] p3
[2021-12-08 23:41:24,299:43] p1
[2021-12-08 23:41:24,299:51] p1 and not p2
[2021-12-08 23:41:24,299:55] p4
[2021-12-08 23:41:24,299:57] p5
[2021-12-08 23:41:24,299:55] p4
[2021-12-08 23:41:24,299:55] p4
[2021-12-08 23:41:24,299:55] p4
[2021-12-08 23:41:24,299:55] p4
[2021-12-08 23:41:24,300:57] p5
[2021-12-08 23:41:24,300:57] p5
[2021-12-08 23:41:24,300:55] p4
[2021-12-08 23:41:24,300:58] top3
