[2021-12-08 23:41:24,302:16] top1
[2021-12-08 23:41:24,302:18] p1
[2021-12-08 23:41:24,302:34] p1 and not p2
[2021-12-08 23:41:24,302:38] top2
[2021-12-08 23:41:24,302:41] p3
[2021-12-08 23:41:24,302:43] p1
[2021-12-08 23:41:24,302:51] p1 and not p2
[2021-12-08 23:41:24,302:41] p3
[2021-12-08 23:41:24,302:53] not p1
[2021-12-08 23:41:24,302:41] p3
[2021-12-08 23:41:24,302:43] p1
[2021-12-08 23:41:24,302:45] p1 and p2
[2021-12-08 23:41:24,303:49] p1 and p2 and not p3
[2021-12-08 23:41:24,303:41] p3
[2021-12-08 23:41:24,303:53] not p1
[2021-12-08 23:41:24,303:55] p4
[2021-12-08 23:41:24,303:55] p4
[2021-12-08 23:41:24,303:57] p5
[2021-12-08 23:41:24,303:55] p4
[2021-12-08 23:41:24,303:57] p5
[2021-12-08 23:41:24,303:41] p3
[2021-12-08 23:41:24,303:43] p1
[2021-12-08 23:41:24,303:51] p1 and not p2
[2021-12-08 23:41:24,303:55] p4
[2021-12-08 23:41:24,303:57] p5
[2021-12-08 23:41:24,303:41] p3
[2021-12-08 23:41:24,303:43] p1
[2021-12-08 23:41:24,303:51] p1 and not p2
[2021-12-08 23:41:24,303:55] p4
[2021-12-08 23:41:24,303:55] p4
[2021-12-08 23:41:24,303:57] p5
[2021-12-08 23:41:24,303:55] p4
[2021-12-08 23:41:24,303:55] p4
[2021-12-08 23:41:24,303:55] p4
[2021-12-08 23:41:24,304:55] p4
[2021-12-08 23:41:24,304:55] p4
[2021-12-08 23:41:24,304:57] p5
[2021-12-08 23:41:24,304:41] p3
[2021-12-08 23:41:24,304:53] not p1
[2021-12-08 23:41:24,304:41] p3
[2021-12-08 23:41:24,304:53] not p1
[2021-12-08 23:41:24,304:55] p4
[2021-12-08 23:41:24,304:41] p3
[2021-12-08 23:41:24,304:43] p1
[2021-12-08 23:41:24,304:51] p1 and not p2
[2021-12-08 23:41:24,304:55] p4
[2021-12-08 23:41:24,304:57] p5
[2021-12-08 23:41:24,304:57] p5
[2021-12-08 23:41:24,304:57] p5
[2021-12-08 23:41:24,304:58] top3
