[2021-12-08 23:41:24,313:16] top1
[2021-12-08 23:41:24,313:36] not p1
[2021-12-08 23:41:24,313:38] top2
[2021-12-08 23:41:24,314:41] p3
[2021-12-08 23:41:24,314:53] not p1
[2021-12-08 23:41:24,314:41] p3
[2021-12-08 23:41:24,314:43] p1
[2021-12-08 23:41:24,314:45] p1 and p2
[2021-12-08 23:41:24,314:49] p1 and p2 and not p3
[2021-12-08 23:41:24,314:55] p4
[2021-12-08 23:41:24,314:57] p5
[2021-12-08 23:41:24,314:55] p4
[2021-12-08 23:41:24,314:57] p5
[2021-12-08 23:41:24,314:57] p5
[2021-12-08 23:41:24,314:55] p4
[2021-12-08 23:41:24,314:57] p5
[2021-12-08 23:41:24,314:57] p5
[2021-12-08 23:41:24,314:57] p5
[2021-12-08 23:41:24,314:41] p3
[2021-12-08 23:41:24,314:43] p1
[2021-12-08 23:41:24,314:45] p1 and p2
[2021-12-08 23:41:24,314:49] p1 and p2 and not p3
[2021-12-08 23:41:24,315:41] p3
[2021-12-08 23:41:24,315:43] p1
[2021-12-08 23:41:24,315:45] p1 and p2
[2021-12-08 23:41:24,315:49] p1 and p2 and not p3
[2021-12-08 23:41:24,315:55] p4
[2021-12-08 23:41:24,315:57] p5
[2021-12-08 23:41:24,315:55] p4
[2021-12-08 23:41:24,315:55] p4
[2021-12-08 23:41:24,315:58] top3
