[2021-12-08 23:41:24,330:16] top1
[2021-12-08 23:41:24,330:18] p1
[2021-12-08 23:41:24,330:34] p1 and not p2
[2021-12-08 23:41:24,330:38] top2
[2021-12-08 23:41:24,330:41] p3
[2021-12-08 23:41:24,330:53] not p1
[2021-12-08 23:41:24,330:55] p4
[2021-12-08 23:41:24,330:57] p5
[2021-12-08 23:41:24,330:57] p5
[2021-12-08 23:41:24,331:41] p3
[2021-12-08 23:41:24,331:43] p1
[2021-12-08 23:41:24,331:45] p1 and p2
[2021-12-08 23:41:24,331:47] p1 and p2 and p3
[2021-12-08 23:41:24,331:41] p3
[2021-12-08 23:41:24,331:53] not p1
[2021-12-08 23:41:24,331:41] p3
[2021-12-08 23:41:24,331:43] p1
[2021-12-08 23:41:24,331:45] p1 and p2
[2021-12-08 23:41:24,331:49] p1 and p2 and not p3
[2021-12-08 23:41:24,331:55] p4
[2021-12-08 23:41:24,331:57] p5
[2021-12-08 23:41:24,331:58] top3
