[2021-12-08 23:41:19,326:16] top1
[2021-12-08 23:41:19,326:36] not p1
[2021-12-08 23:41:19,326:38] top2
[2021-12-08 23:41:19,326:41] p3
[2021-12-08 23:41:19,326:43] p1
[2021-12-08 23:41:19,327:45] p1 and p2
[2021-12-08 23:41:19,327:47] p1 and p2 and p3
[2021-12-08 23:41:19,327:55] p4
[2021-12-08 23:41:19,327:41] p3
[2021-12-08 23:41:19,327:43] p1
[2021-12-08 23:41:19,327:51] p1 and not p2
[2021-12-08 23:41:19,327:55] p4
[2021-12-08 23:41:19,327:57] p5
[2021-12-08 23:41:19,327:57] p5
[2021-12-08 23:41:19,327:57] p5
[2021-12-08 23:41:19,327:41] p3
[2021-12-08 23:41:19,327:43] p1
[2021-12-08 23:41:19,327:45] p1 and p2
[2021-12-08 23:41:19,327:47] p1 and p2 and p3
[2021-12-08 23:41:19,327:55] p4
[2021-12-08 23:41:19,327:57] p5
[2021-12-08 23:41:19,328:55] p4
[2021-12-08 23:41:19,328:55] p4
[2021-12-08 23:41:19,328:55] p4
[2021-12-08 23:41:19,328:57] p5
[2021-12-08 23:41:19,328:57] p5
[2021-12-08 23:41:19,328:41] p3
[2021-12-08 23:41:19,328:53] not p1
[2021-12-08 23:41:19,328:55] p4
[2021-12-08 23:41:19,328:55] p4
[2021-12-08 23:41:19,328:41] p3
[2021-12-08 23:41:19,328:53] not p1
[2021-12-08 23:41:19,328:55] p4
[2021-12-08 23:41:19,328:57] p5
[2021-12-08 23:41:19,328:57] p5
[2021-12-08 23:41:19,328:55] p4
[2021-12-08 23:41:19,328:57] p5
[2021-12-08 23:41:19,328:41] p3
[2021-12-08 23:41:19,328:43] p1
[2021-12-08 23:41:19,328:45] p1 and p2
[2021-12-08 23:41:19,329:49] p1 and p2 and not p3
[2021-12-08 23:41:19,329:41] p3
[2021-12-08 23:41:19,329:43] p1
[2021-12-08 23:41:19,329:45] p1 and p2
[2021-12-08 23:41:19,329:47] p1 and p2 and p3
[2021-12-08 23:41:19,329:58] top3
