[2021-12-08 23:41:19,330:16] top1
[2021-12-08 23:41:19,330:18] p1
[2021-12-08 23:41:19,330:20] p1 and p2
[2021-12-08 23:41:19,330:32] p1 and p2 and not p3
[2021-12-08 23:41:19,330:38] top2
[2021-12-08 23:41:19,330:41] p3
[2021-12-08 23:41:19,330:43] p1
[2021-12-08 23:41:19,330:51] p1 and not p2
[2021-12-08 23:41:19,330:41] p3
[2021-12-08 23:41:19,330:43] p1
[2021-12-08 23:41:19,330:51] p1 and not p2
[2021-12-08 23:41:19,330:55] p4
[2021-12-08 23:41:19,330:55] p4
[2021-12-08 23:41:19,331:55] p4
[2021-12-08 23:41:19,331:55] p4
[2021-12-08 23:41:19,331:57] p5
[2021-12-08 23:41:19,331:41] p3
[2021-12-08 23:41:19,331:53] not p1
[2021-12-08 23:41:19,331:55] p4
[2021-12-08 23:41:19,331:55] p4
[2021-12-08 23:41:19,331:55] p4
[2021-12-08 23:41:19,331:58] top3
