[2021-12-08 23:41:24,382:16] top1
[2021-12-08 23:41:24,382:18] p1
[2021-12-08 23:41:24,382:20] p1 and p2
[2021-12-08 23:41:24,382:32] p1 and p2 and not p3
[2021-12-08 23:41:24,382:38] top2
[2021-12-08 23:41:24,382:41] p3
[2021-12-08 23:41:24,382:53] not p1
[2021-12-08 23:41:24,383:55] p4
[2021-12-08 23:41:24,383:57] p5
[2021-12-08 23:41:24,383:57] p5
[2021-12-08 23:41:24,383:55] p4
[2021-12-08 23:41:24,383:55] p4
[2021-12-08 23:41:24,383:57] p5
[2021-12-08 23:41:24,383:55] p4
[2021-12-08 23:41:24,383:57] p5
[2021-12-08 23:41:24,383:57] p5
[2021-12-08 23:41:24,383:57] p5
[2021-12-08 23:41:24,383:55] p4
[2021-12-08 23:41:24,383:41] p3
[2021-12-08 23:41:24,383:43] p1
[2021-12-08 23:41:24,383:45] p1 and p2
[2021-12-08 23:41:24,383:49] p1 and p2 and not p3
[2021-12-08 23:41:24,383:58] top3
