[2021-12-08 23:41:24,386:16] top1
[2021-12-08 23:41:24,386:18] p1
[2021-12-08 23:41:24,386:20] p1 and p2
[2021-12-08 23:41:24,386:22] p1 and p2 and p3
[2021-12-08 23:41:24,386:30] p1 and p2 and p3 and not p4
[2021-12-08 23:41:24,386:38] top2
[2021-12-08 23:41:24,386:41] p3
[2021-12-08 23:41:24,386:43] p1
[2021-12-08 23:41:24,386:45] p1 and p2
[2021-12-08 23:41:24,386:49] p1 and p2 and not p3
[2021-12-08 23:41:24,386:55] p4
[2021-12-08 23:41:24,386:57] p5
[2021-12-08 23:41:24,387:57] p5
[2021-12-08 23:41:24,387:41] p3
[2021-12-08 23:41:24,387:43] p1
[2021-12-08 23:41:24,387:45] p1 and p2
[2021-12-08 23:41:24,387:47] p1 and p2 and p3
[2021-12-08 23:41:24,387:55] p4
[2021-12-08 23:41:24,387:41] p3
[2021-12-08 23:41:24,387:53] not p1
[2021-12-08 23:41:24,387:55] p4
[2021-12-08 23:41:24,387:41] p3
[2021-12-08 23:41:24,387:43] p1
[2021-12-08 23:41:24,387:51] p1 and not p2
[2021-12-08 23:41:24,387:58] top3
