[2021-12-08 23:41:24,388:16] top1
[2021-12-08 23:41:24,388:36] not p1
[2021-12-08 23:41:24,388:38] top2
[2021-12-08 23:41:24,388:41] p3
[2021-12-08 23:41:24,388:43] p1
[2021-12-08 23:41:24,388:45] p1 and p2
[2021-12-08 23:41:24,388:49] p1 and p2 and not p3
[2021-12-08 23:41:24,388:55] p4
[2021-12-08 23:41:24,388:57] p5
[2021-12-08 23:41:24,388:57] p5
[2021-12-08 23:41:24,388:55] p4
[2021-12-08 23:41:24,389:57] p5
[2021-12-08 23:41:24,389:57] p5
[2021-12-08 23:41:24,389:41] p3
[2021-12-08 23:41:24,389:53] not p1
[2021-12-08 23:41:24,389:41] p3
[2021-12-08 23:41:24,389:43] p1
[2021-12-08 23:41:24,389:45] p1 and p2
[2021-12-08 23:41:24,389:47] p1 and p2 and p3
[2021-12-08 23:41:24,389:58] top3
