[2021-12-08 23:41:24,399:16] top1
[2021-12-08 23:41:24,399:18] p1
[2021-12-08 23:41:24,399:20] p1 and p2
[2021-12-08 23:41:24,399:22] p1 and p2 and p3
[2021-12-08 23:41:24,399:24] p1 and p2 and p3 and p4
[2021-12-08 23:41:24,400:28] p1 and p2 and p3 and p4 and not p5
[2021-12-08 23:41:24,400:38] top2
[2021-12-08 23:41:24,400:41] p3
[2021-12-08 23:41:24,400:43] p1
[2021-12-08 23:41:24,400:51] p1 and not p2
[2021-12-08 23:41:24,400:55] p4
[2021-12-08 23:41:24,400:57] p5
[2021-12-08 23:41:24,400:57] p5
[2021-12-08 23:41:24,400:55] p4
[2021-12-08 23:41:24,400:57] p5
[2021-12-08 23:41:24,400:55] p4
[2021-12-08 23:41:24,400:57] p5
[2021-12-08 23:41:24,400:57] p5
[2021-12-08 23:41:24,400:41] p3
[2021-12-08 23:41:24,400:53] not p1
[2021-12-08 23:41:24,400:55] p4
[2021-12-08 23:41:24,400:55] p4
[2021-12-08 23:41:24,400:55] p4
[2021-12-08 23:41:24,400:57] p5
[2021-12-08 23:41:24,400:57] p5
[2021-12-08 23:41:24,400:57] p5
[2021-12-08 23:41:24,401:57] p5
[2021-12-08 23:41:24,401:57] p5
[2021-12-08 23:41:24,401:55] p4
[2021-12-08 23:41:24,401:55] p4
[2021-12-08 23:41:24,401:57] p5
[2021-12-08 23:41:24,401:57] p5
[2021-12-08 23:41:24,401:57] p5
[2021-12-08 23:41:24,401:57] p5
[2021-12-08 23:41:24,401:55] p4
[2021-12-08 23:41:24,401:55] p4
[2021-12-08 23:41:24,401:57] p5
[2021-12-08 23:41:24,401:57] p5
[2021-12-08 23:41:24,401:57] p5
[2021-12-08 23:41:24,401:55] p4
[2021-12-08 23:41:24,401:58] top3
