[2021-12-08 23:41:24,402:16] top1
[2021-12-08 23:41:24,402:18] p1
[2021-12-08 23:41:24,402:34] p1 and not p2
[2021-12-08 23:41:24,402:38] top2
[2021-12-08 23:41:24,403:41] p3
[2021-12-08 23:41:24,403:43] p1
[2021-12-08 23:41:24,403:45] p1 and p2
[2021-12-08 23:41:24,403:47] p1 and p2 and p3
[2021-12-08 23:41:24,403:55] p4
[2021-12-08 23:41:24,403:57] p5
[2021-12-08 23:41:24,403:57] p5
[2021-12-08 23:41:24,403:57] p5
[2021-12-08 23:41:24,403:57] p5
[2021-12-08 23:41:24,403:57] p5
[2021-12-08 23:41:24,403:57] p5
[2021-12-08 23:41:24,403:57] p5
[2021-12-08 23:41:24,403:41] p3
[2021-12-08 23:41:24,403:53] not p1
[2021-12-08 23:41:24,403:55] p4
[2021-12-08 23:41:24,403:55] p4
[2021-12-08 23:41:24,403:57] p5
[2021-12-08 23:41:24,403:57] p5
[2021-12-08 23:41:24,403:55] p4
[2021-12-08 23:41:24,403:55] p4
[2021-12-08 23:41:24,403:55] p4
[2021-12-08 23:41:24,403:57] p5
[2021-12-08 23:41:24,404:55] p4
[2021-12-08 23:41:24,404:57] p5
[2021-12-08 23:41:24,404:55] p4
[2021-12-08 23:41:24,404:41] p3
[2021-12-08 23:41:24,404:53] not p1
[2021-12-08 23:41:24,404:41] p3
[2021-12-08 23:41:24,404:43] p1
[2021-12-08 23:41:24,404:51] p1 and not p2
[2021-12-08 23:41:24,404:58] top3
