[2021-12-08 23:41:24,405:16] top1
[2021-12-08 23:41:24,406:18] p1
[2021-12-08 23:41:24,406:20] p1 and p2
[2021-12-08 23:41:24,406:22] p1 and p2 and p3
[2021-12-08 23:41:24,406:24] p1 and p2 and p3 and p4
[2021-12-08 23:41:24,406:26] p1 and p2 and p3 and p4 and p5
[2021-12-08 23:41:24,406:38] top2
[2021-12-08 23:41:24,406:41] p3
[2021-12-08 23:41:24,406:53] not p1
[2021-12-08 23:41:24,406:55] p4
[2021-12-08 23:41:24,406:41] p3
[2021-12-08 23:41:24,406:53] not p1
[2021-12-08 23:41:24,406:55] p4
[2021-12-08 23:41:24,406:55] p4
[2021-12-08 23:41:24,406:55] p4
[2021-12-08 23:41:24,406:57] p5
[2021-12-08 23:41:24,406:55] p4
[2021-12-08 23:41:24,406:41] p3
[2021-12-08 23:41:24,406:53] not p1
[2021-12-08 23:41:24,407:41] p3
[2021-12-08 23:41:24,407:53] not p1
[2021-12-08 23:41:24,407:58] top3
