[2021-12-08 23:41:24,408:16] top1
[2021-12-08 23:41:24,409:18] p1
[2021-12-08 23:41:24,409:34] p1 and not p2
[2021-12-08 23:41:24,409:38] top2
[2021-12-08 23:41:24,409:41] p3
[2021-12-08 23:41:24,409:43] p1
[2021-12-08 23:41:24,409:45] p1 and p2
[2021-12-08 23:41:24,409:47] p1 and p2 and p3
[2021-12-08 23:41:24,409:55] p4
[2021-12-08 23:41:24,409:57] p5
[2021-12-08 23:41:24,409:57] p5
[2021-12-08 23:41:24,409:41] p3
[2021-12-08 23:41:24,409:43] p1
[2021-12-08 23:41:24,409:45] p1 and p2
[2021-12-08 23:41:24,410:49] p1 and p2 and not p3
[2021-12-08 23:41:24,410:55] p4
[2021-12-08 23:41:24,410:57] p5
[2021-12-08 23:41:24,410:57] p5
[2021-12-08 23:41:24,410:57] p5
[2021-12-08 23:41:24,410:57] p5
[2021-12-08 23:41:24,410:41] p3
[2021-12-08 23:41:24,410:53] not p1
[2021-12-08 23:41:24,410:55] p4
[2021-12-08 23:41:24,410:57] p5
[2021-12-08 23:41:24,410:57] p5
[2021-12-08 23:41:24,411:41] p3
[2021-12-08 23:41:24,411:43] p1
[2021-12-08 23:41:24,411:51] p1 and not p2
[2021-12-08 23:41:24,411:58] top3
