[2021-12-08 23:41:24,424:16] top1
[2021-12-08 23:41:24,424:18] p1
[2021-12-08 23:41:24,424:20] p1 and p2
[2021-12-08 23:41:24,424:32] p1 and p2 and not p3
[2021-12-08 23:41:24,424:38] top2
[2021-12-08 23:41:24,424:41] p3
[2021-12-08 23:41:24,424:43] p1
[2021-12-08 23:41:24,424:51] p1 and not p2
[2021-12-08 23:41:24,424:55] p4
[2021-12-08 23:41:24,425:41] p3
[2021-12-08 23:41:24,425:43] p1
[2021-12-08 23:41:24,425:45] p1 and p2
[2021-12-08 23:41:24,425:47] p1 and p2 and p3
[2021-12-08 23:41:24,425:41] p3
[2021-12-08 23:41:24,425:43] p1
[2021-12-08 23:41:24,425:45] p1 and p2
[2021-12-08 23:41:24,425:49] p1 and p2 and not p3
[2021-12-08 23:41:24,425:55] p4
[2021-12-08 23:41:24,425:57] p5
[2021-12-08 23:41:24,425:41] p3
[2021-12-08 23:41:24,425:43] p1
[2021-12-08 23:41:24,425:45] p1 and p2
[2021-12-08 23:41:24,425:49] p1 and p2 and not p3
[2021-12-08 23:41:24,425:55] p4
[2021-12-08 23:41:24,425:58] top3
