[2021-12-08 23:41:24,429:16] top1
[2021-12-08 23:41:24,429:36] not p1
[2021-12-08 23:41:24,429:38] top2
[2021-12-08 23:41:24,429:41] p3
[2021-12-08 23:41:24,429:53] not p1
[2021-12-08 23:41:24,429:55] p4
[2021-12-08 23:41:24,429:55] p4
[2021-12-08 23:41:24,429:41] p3
[2021-12-08 23:41:24,429:43] p1
[2021-12-08 23:41:24,429:45] p1 and p2
[2021-12-08 23:41:24,429:47] p1 and p2 and p3
[2021-12-08 23:41:24,429:55] p4
[2021-12-08 23:41:24,429:57] p5
[2021-12-08 23:41:24,429:57] p5
[2021-12-08 23:41:24,429:57] p5
[2021-12-08 23:41:24,430:55] p4
[2021-12-08 23:41:24,430:55] p4
[2021-12-08 23:41:24,430:57] p5
[2021-12-08 23:41:24,430:55] p4
[2021-12-08 23:41:24,430:41] p3
[2021-12-08 23:41:24,430:53] not p1
[2021-12-08 23:41:24,430:55] p4
[2021-12-08 23:41:24,430:58] top3
