[2021-12-08 23:41:24,430:16] top1
[2021-12-08 23:41:24,430:36] not p1
[2021-12-08 23:41:24,430:38] top2
[2021-12-08 23:41:24,431:41] p3
[2021-12-08 23:41:24,431:43] p1
[2021-12-08 23:41:24,431:51] p1 and not p2
[2021-12-08 23:41:24,431:55] p4
[2021-12-08 23:41:24,431:57] p5
[2021-12-08 23:41:24,431:57] p5
[2021-12-08 23:41:24,431:57] p5
[2021-12-08 23:41:24,431:57] p5
[2021-12-08 23:41:24,431:57] p5
[2021-12-08 23:41:24,431:41] p3
[2021-12-08 23:41:24,431:53] not p1
[2021-12-08 23:41:24,431:41] p3
[2021-12-08 23:41:24,431:43] p1
[2021-12-08 23:41:24,431:45] p1 and p2
[2021-12-08 23:41:24,431:47] p1 and p2 and p3
[2021-12-08 23:41:24,431:55] p4
[2021-12-08 23:41:24,431:41] p3
[2021-12-08 23:41:24,431:43] p1
[2021-12-08 23:41:24,431:45] p1 and p2
[2021-12-08 23:41:24,431:49] p1 and p2 and not p3
[2021-12-08 23:41:24,431:55] p4
[2021-12-08 23:41:24,432:41] p3
[2021-12-08 23:41:24,432:53] not p1
[2021-12-08 23:41:24,432:58] top3
