[2021-12-08 23:41:24,434:16] top1
[2021-12-08 23:41:24,434:36] not p1
[2021-12-08 23:41:24,434:38] top2
[2021-12-08 23:41:24,434:41] p3
[2021-12-08 23:41:24,434:43] p1
[2021-12-08 23:41:24,434:45] p1 and p2
[2021-12-08 23:41:24,434:47] p1 and p2 and p3
[2021-12-08 23:41:24,434:55] p4
[2021-12-08 23:41:24,434:41] p3
[2021-12-08 23:41:24,434:53] not p1
[2021-12-08 23:41:24,434:41] p3
[2021-12-08 23:41:24,434:53] not p1
[2021-12-08 23:41:24,434:55] p4
[2021-12-08 23:41:24,434:57] p5
[2021-12-08 23:41:24,434:55] p4
[2021-12-08 23:41:24,434:57] p5
[2021-12-08 23:41:24,435:55] p4
[2021-12-08 23:41:24,435:55] p4
[2021-12-08 23:41:24,435:55] p4
[2021-12-08 23:41:24,435:57] p5
[2021-12-08 23:41:24,435:41] p3
[2021-12-08 23:41:24,435:53] not p1
[2021-12-08 23:41:24,435:55] p4
[2021-12-08 23:41:24,435:57] p5
[2021-12-08 23:41:24,435:55] p4
[2021-12-08 23:41:24,435:57] p5
[2021-12-08 23:41:24,435:58] top3
