[2021-12-08 23:41:24,436:16] top1
[2021-12-08 23:41:24,436:36] not p1
[2021-12-08 23:41:24,436:38] top2
[2021-12-08 23:41:24,436:41] p3
[2021-12-08 23:41:24,436:43] p1
[2021-12-08 23:41:24,436:51] p1 and not p2
[2021-12-08 23:41:24,436:55] p4
[2021-12-08 23:41:24,436:55] p4
[2021-12-08 23:41:24,436:57] p5
[2021-12-08 23:41:24,436:57] p5
[2021-12-08 23:41:24,436:55] p4
[2021-12-08 23:41:24,436:57] p5
[2021-12-08 23:41:24,436:55] p4
[2021-12-08 23:41:24,437:55] p4
[2021-12-08 23:41:24,437:57] p5
[2021-12-08 23:41:24,437:57] p5
[2021-12-08 23:41:24,437:57] p5
[2021-12-08 23:41:24,437:57] p5
[2021-12-08 23:41:24,437:57] p5
[2021-12-08 23:41:24,437:57] p5
[2021-12-08 23:41:24,437:55] p4
[2021-12-08 23:41:24,437:55] p4
[2021-12-08 23:41:24,437:55] p4
[2021-12-08 23:41:24,437:55] p4
[2021-12-08 23:41:24,437:55] p4
[2021-12-08 23:41:24,437:57] p5
[2021-12-08 23:41:24,437:41] p3
[2021-12-08 23:41:24,437:43] p1
[2021-12-08 23:41:24,437:51] p1 and not p2
[2021-12-08 23:41:24,437:55] p4
[2021-12-08 23:41:24,437:41] p3
[2021-12-08 23:41:24,437:43] p1
[2021-12-08 23:41:24,437:45] p1 and p2
[2021-12-08 23:41:24,437:49] p1 and p2 and not p3
[2021-12-08 23:41:24,438:58] top3
