[2021-12-08 23:41:24,438:16] top1
[2021-12-08 23:41:24,438:36] not p1
[2021-12-08 23:41:24,438:38] top2
[2021-12-08 23:41:24,438:41] p3
[2021-12-08 23:41:24,438:43] p1
[2021-12-08 23:41:24,438:45] p1 and p2
[2021-12-08 23:41:24,438:47] p1 and p2 and p3
[2021-12-08 23:41:24,438:41] p3
[2021-12-08 23:41:24,438:53] not p1
[2021-12-08 23:41:24,438:55] p4
[2021-12-08 23:41:24,438:57] p5
[2021-12-08 23:41:24,438:41] p3
[2021-12-08 23:41:24,438:53] not p1
[2021-12-08 23:41:24,438:55] p4
[2021-12-08 23:41:24,439:55] p4
[2021-12-08 23:41:24,439:57] p5
[2021-12-08 23:41:24,439:55] p4
[2021-12-08 23:41:24,439:55] p4
[2021-12-08 23:41:24,439:57] p5
[2021-12-08 23:41:24,439:58] top3
