[2021-12-08 23:41:24,439:16] top1
[2021-12-08 23:41:24,439:18] p1
[2021-12-08 23:41:24,439:20] p1 and p2
[2021-12-08 23:41:24,440:32] p1 and p2 and not p3
[2021-12-08 23:41:24,440:38] top2
[2021-12-08 23:41:24,440:41] p3
[2021-12-08 23:41:24,440:43] p1
[2021-12-08 23:41:24,440:51] p1 and not p2
[2021-12-08 23:41:24,440:55] p4
[2021-12-08 23:41:24,440:41] p3
[2021-12-08 23:41:24,440:43] p1
[2021-12-08 23:41:24,440:45] p1 and p2
[2021-12-08 23:41:24,440:47] p1 and p2 and p3
[2021-12-08 23:41:24,440:55] p4
[2021-12-08 23:41:24,440:41] p3
[2021-12-08 23:41:24,440:53] not p1
[2021-12-08 23:41:24,440:55] p4
[2021-12-08 23:41:24,440:55] p4
[2021-12-08 23:41:24,440:57] p5
[2021-12-08 23:41:24,440:57] p5
[2021-12-08 23:41:24,440:57] p5
[2021-12-08 23:41:24,440:41] p3
[2021-12-08 23:41:24,440:43] p1
[2021-12-08 23:41:24,441:45] p1 and p2
[2021-12-08 23:41:24,441:49] p1 and p2 and not p3
[2021-12-08 23:41:24,441:55] p4
[2021-12-08 23:41:24,441:41] p3
[2021-12-08 23:41:24,441:53] not p1
[2021-12-08 23:41:24,441:55] p4
[2021-12-08 23:41:24,441:58] top3
