[2021-12-08 23:41:24,452:16] top1
[2021-12-08 23:41:24,452:36] not p1
[2021-12-08 23:41:24,452:38] top2
[2021-12-08 23:41:24,452:41] p3
[2021-12-08 23:41:24,452:43] p1
[2021-12-08 23:41:24,452:51] p1 and not p2
[2021-12-08 23:41:24,452:41] p3
[2021-12-08 23:41:24,452:43] p1
[2021-12-08 23:41:24,452:45] p1 and p2
[2021-12-08 23:41:24,452:49] p1 and p2 and not p3
[2021-12-08 23:41:24,452:55] p4
[2021-12-08 23:41:24,452:55] p4
[2021-12-08 23:41:24,453:57] p5
[2021-12-08 23:41:24,453:41] p3
[2021-12-08 23:41:24,453:43] p1
[2021-12-08 23:41:24,453:45] p1 and p2
[2021-12-08 23:41:24,453:47] p1 and p2 and p3
[2021-12-08 23:41:24,453:41] p3
[2021-12-08 23:41:24,453:53] not p1
[2021-12-08 23:41:24,453:55] p4
[2021-12-08 23:41:24,453:41] p3
[2021-12-08 23:41:24,453:53] not p1
[2021-12-08 23:41:24,453:58] top3
