[2021-12-08 23:41:24,459:16] top1
[2021-12-08 23:41:24,459:36] not p1
[2021-12-08 23:41:24,460:38] top2
[2021-12-08 23:41:24,460:41] p3
[2021-12-08 23:41:24,460:53] not p1
[2021-12-08 23:41:24,460:41] p3
[2021-12-08 23:41:24,460:43] p1
[2021-12-08 23:41:24,460:45] p1 and p2
[2021-12-08 23:41:24,460:47] p1 and p2 and p3
[2021-12-08 23:41:24,460:55] p4
[2021-12-08 23:41:24,460:57] p5
[2021-12-08 23:41:24,460:41] p3
[2021-12-08 23:41:24,460:53] not p1
[2021-12-08 23:41:24,460:55] p4
[2021-12-08 23:41:24,460:55] p4
[2021-12-08 23:41:24,460:57] p5
[2021-12-08 23:41:24,460:57] p5
[2021-12-08 23:41:24,461:57] p5
[2021-12-08 23:41:24,461:57] p5
[2021-12-08 23:41:24,461:41] p3
[2021-12-08 23:41:24,461:53] not p1
[2021-12-08 23:41:24,461:55] p4
[2021-12-08 23:41:24,461:41] p3
[2021-12-08 23:41:24,461:53] not p1
[2021-12-08 23:41:24,461:58] top3
