[2021-12-08 23:41:24,470:16] top1
[2021-12-08 23:41:24,470:18] p1
[2021-12-08 23:41:24,470:20] p1 and p2
[2021-12-08 23:41:24,470:22] p1 and p2 and p3
[2021-12-08 23:41:24,470:30] p1 and p2 and p3 and not p4
[2021-12-08 23:41:24,470:38] top2
[2021-12-08 23:41:24,470:41] p3
[2021-12-08 23:41:24,470:53] not p1
[2021-12-08 23:41:24,470:55] p4
[2021-12-08 23:41:24,470:57] p5
[2021-12-08 23:41:24,470:55] p4
[2021-12-08 23:41:24,470:41] p3
[2021-12-08 23:41:24,470:43] p1
[2021-12-08 23:41:24,470:45] p1 and p2
[2021-12-08 23:41:24,470:47] p1 and p2 and p3
[2021-12-08 23:41:24,470:55] p4
[2021-12-08 23:41:24,471:41] p3
[2021-12-08 23:41:24,471:53] not p1
[2021-12-08 23:41:24,471:55] p4
[2021-12-08 23:41:24,471:55] p4
[2021-12-08 23:41:24,471:57] p5
[2021-12-08 23:41:24,471:57] p5
[2021-12-08 23:41:24,471:57] p5
[2021-12-08 23:41:24,471:57] p5
[2021-12-08 23:41:24,471:57] p5
[2021-12-08 23:41:24,471:57] p5
[2021-12-08 23:41:24,471:57] p5
[2021-12-08 23:41:24,471:55] p4
[2021-12-08 23:41:24,471:41] p3
[2021-12-08 23:41:24,471:43] p1
[2021-12-08 23:41:24,471:45] p1 and p2
[2021-12-08 23:41:24,471:49] p1 and p2 and not p3
[2021-12-08 23:41:24,471:58] top3
