[2021-12-08 23:41:24,488:16] top1
[2021-12-08 23:41:24,488:18] p1
[2021-12-08 23:41:24,488:34] p1 and not p2
[2021-12-08 23:41:24,488:38] top2
[2021-12-08 23:41:24,488:41] p3
[2021-12-08 23:41:24,488:43] p1
[2021-12-08 23:41:24,488:45] p1 and p2
[2021-12-08 23:41:24,488:49] p1 and p2 and not p3
[2021-12-08 23:41:24,489:41] p3
[2021-12-08 23:41:24,489:43] p1
[2021-12-08 23:41:24,489:51] p1 and not p2
[2021-12-08 23:41:24,489:55] p4
[2021-12-08 23:41:24,489:55] p4
[2021-12-08 23:41:24,489:55] p4
[2021-12-08 23:41:24,489:57] p5
[2021-12-08 23:41:24,489:41] p3
[2021-12-08 23:41:24,489:53] not p1
[2021-12-08 23:41:24,489:55] p4
[2021-12-08 23:41:24,489:57] p5
[2021-12-08 23:41:24,489:57] p5
[2021-12-08 23:41:24,489:55] p4
[2021-12-08 23:41:24,489:55] p4
[2021-12-08 23:41:24,489:55] p4
[2021-12-08 23:41:24,489:57] p5
[2021-12-08 23:41:24,489:55] p4
[2021-12-08 23:41:24,489:55] p4
[2021-12-08 23:41:24,489:57] p5
[2021-12-08 23:41:24,490:41] p3
[2021-12-08 23:41:24,490:43] p1
[2021-12-08 23:41:24,490:45] p1 and p2
[2021-12-08 23:41:24,490:47] p1 and p2 and p3
[2021-12-08 23:41:24,490:58] top3
