[2021-12-08 23:41:24,499:16] top1
[2021-12-08 23:41:24,499:18] p1
[2021-12-08 23:41:24,500:20] p1 and p2
[2021-12-08 23:41:24,500:22] p1 and p2 and p3
[2021-12-08 23:41:24,500:24] p1 and p2 and p3 and p4
[2021-12-08 23:41:24,500:28] p1 and p2 and p3 and p4 and not p5
[2021-12-08 23:41:24,500:38] top2
[2021-12-08 23:41:24,500:41] p3
[2021-12-08 23:41:24,500:53] not p1
[2021-12-08 23:41:24,500:55] p4
[2021-12-08 23:41:24,500:57] p5
[2021-12-08 23:41:24,500:57] p5
[2021-12-08 23:41:24,500:55] p4
[2021-12-08 23:41:24,500:57] p5
[2021-12-08 23:41:24,500:55] p4
[2021-12-08 23:41:24,500:55] p4
[2021-12-08 23:41:24,500:55] p4
[2021-12-08 23:41:24,500:57] p5
[2021-12-08 23:41:24,500:57] p5
[2021-12-08 23:41:24,500:57] p5
[2021-12-08 23:41:24,500:58] top3
