[2021-12-08 23:41:24,504:16] top1
[2021-12-08 23:41:24,504:18] p1
[2021-12-08 23:41:24,504:20] p1 and p2
[2021-12-08 23:41:24,504:22] p1 and p2 and p3
[2021-12-08 23:41:24,504:24] p1 and p2 and p3 and p4
[2021-12-08 23:41:24,504:26] p1 and p2 and p3 and p4 and p5
[2021-12-08 23:41:24,504:38] top2
[2021-12-08 23:41:24,504:41] p3
[2021-12-08 23:41:24,504:43] p1
[2021-12-08 23:41:24,504:45] p1 and p2
[2021-12-08 23:41:24,505:49] p1 and p2 and not p3
[2021-12-08 23:41:24,505:55] p4
[2021-12-08 23:41:24,505:57] p5
[2021-12-08 23:41:24,505:55] p4
[2021-12-08 23:41:24,505:57] p5
[2021-12-08 23:41:24,505:57] p5
[2021-12-08 23:41:24,505:41] p3
[2021-12-08 23:41:24,505:43] p1
[2021-12-08 23:41:24,505:51] p1 and not p2
[2021-12-08 23:41:24,505:58] top3
