[2021-12-08 23:41:24,560:16] top1
[2021-12-08 23:41:24,560:36] not p1
[2021-12-08 23:41:24,560:38] top2
[2021-12-08 23:41:24,560:41] p3
[2021-12-08 23:41:24,560:53] not p1
[2021-12-08 23:41:24,561:55] p4
[2021-12-08 23:41:24,561:55] p4
[2021-12-08 23:41:24,561:57] p5
[2021-12-08 23:41:24,561:57] p5
[2021-12-08 23:41:24,561:57] p5
[2021-12-08 23:41:24,561:57] p5
[2021-12-08 23:41:24,561:57] p5
[2021-12-08 23:41:24,561:55] p4
[2021-12-08 23:41:24,561:41] p3
[2021-12-08 23:41:24,561:53] not p1
[2021-12-08 23:41:24,561:41] p3
[2021-12-08 23:41:24,561:53] not p1
[2021-12-08 23:41:24,561:55] p4
[2021-12-08 23:41:24,561:55] p4
[2021-12-08 23:41:24,561:55] p4
[2021-12-08 23:41:24,561:55] p4
[2021-12-08 23:41:24,561:55] p4
[2021-12-08 23:41:24,561:55] p4
[2021-12-08 23:41:24,561:55] p4
[2021-12-08 23:41:24,561:41] p3
[2021-12-08 23:41:24,562:53] not p1
[2021-12-08 23:41:24,562:41] p3
[2021-12-08 23:41:24,562:43] p1
[2021-12-08 23:41:24,562:45] p1 and p2
[2021-12-08 23:41:24,562:47] p1 and p2 and p3
[2021-12-08 23:41:24,562:58] top3
