[2021-12-08 23:41:24,575:16] top1
[2021-12-08 23:41:24,575:18] p1
[2021-12-08 23:41:24,576:34] p1 and not p2
[2021-12-08 23:41:24,576:38] top2
[2021-12-08 23:41:24,576:41] p3
[2021-12-08 23:41:24,576:43] p1
[2021-12-08 23:41:24,576:45] p1 and p2
[2021-12-08 23:41:24,576:49] p1 and p2 and not p3
[2021-12-08 23:41:24,576:41] p3
[2021-12-08 23:41:24,576:43] p1
[2021-12-08 23:41:24,576:45] p1 and p2
[2021-12-08 23:41:24,576:49] p1 and p2 and not p3
[2021-12-08 23:41:24,576:41] p3
[2021-12-08 23:41:24,576:53] not p1
[2021-12-08 23:41:24,576:41] p3
[2021-12-08 23:41:24,576:53] not p1
[2021-12-08 23:41:24,576:55] p4
[2021-12-08 23:41:24,577:57] p5
[2021-12-08 23:41:24,577:41] p3
[2021-12-08 23:41:24,577:53] not p1
[2021-12-08 23:41:24,577:55] p4
[2021-12-08 23:41:24,577:57] p5
[2021-12-08 23:41:24,577:58] top3
