[2021-12-08 23:41:24,579:16] top1
[2021-12-08 23:41:24,579:36] not p1
[2021-12-08 23:41:24,579:38] top2
[2021-12-08 23:41:24,579:41] p3
[2021-12-08 23:41:24,579:43] p1
[2021-12-08 23:41:24,579:51] p1 and not p2
[2021-12-08 23:41:24,579:41] p3
[2021-12-08 23:41:24,579:43] p1
[2021-12-08 23:41:24,579:45] p1 and p2
[2021-12-08 23:41:24,579:49] p1 and p2 and not p3
[2021-12-08 23:41:24,579:41] p3
[2021-12-08 23:41:24,579:43] p1
[2021-12-08 23:41:24,579:45] p1 and p2
[2021-12-08 23:41:24,579:47] p1 and p2 and p3
[2021-12-08 23:41:24,579:41] p3
[2021-12-08 23:41:24,579:43] p1
[2021-12-08 23:41:24,579:51] p1 and not p2
[2021-12-08 23:41:24,580:41] p3
[2021-12-08 23:41:24,580:43] p1
[2021-12-08 23:41:24,580:45] p1 and p2
[2021-12-08 23:41:24,580:49] p1 and p2 and not p3
[2021-12-08 23:41:24,580:41] p3
[2021-12-08 23:41:24,580:53] not p1
[2021-12-08 23:41:24,580:55] p4
[2021-12-08 23:41:24,580:57] p5
[2021-12-08 23:41:24,580:57] p5
[2021-12-08 23:41:24,580:55] p4
[2021-12-08 23:41:24,580:55] p4
[2021-12-08 23:41:24,580:57] p5
[2021-12-08 23:41:24,580:55] p4
[2021-12-08 23:41:24,580:58] top3
