[2021-12-08 23:41:24,586:16] top1
[2021-12-08 23:41:24,586:18] p1
[2021-12-08 23:41:24,586:34] p1 and not p2
[2021-12-08 23:41:24,586:38] top2
[2021-12-08 23:41:24,586:41] p3
[2021-12-08 23:41:24,586:53] not p1
[2021-12-08 23:41:24,586:55] p4
[2021-12-08 23:41:24,586:55] p4
[2021-12-08 23:41:24,586:57] p5
[2021-12-08 23:41:24,586:41] p3
[2021-12-08 23:41:24,586:43] p1
[2021-12-08 23:41:24,586:51] p1 and not p2
[2021-12-08 23:41:24,586:55] p4
[2021-12-08 23:41:24,586:57] p5
[2021-12-08 23:41:24,586:41] p3
[2021-12-08 23:41:24,586:43] p1
[2021-12-08 23:41:24,586:45] p1 and p2
[2021-12-08 23:41:24,587:47] p1 and p2 and p3
[2021-12-08 23:41:24,587:55] p4
[2021-12-08 23:41:24,587:57] p5
[2021-12-08 23:41:24,587:57] p5
[2021-12-08 23:41:24,587:57] p5
[2021-12-08 23:41:24,587:57] p5
[2021-12-08 23:41:24,587:57] p5
[2021-12-08 23:41:24,587:57] p5
[2021-12-08 23:41:24,587:55] p4
[2021-12-08 23:41:24,587:57] p5
[2021-12-08 23:41:24,587:57] p5
[2021-12-08 23:41:24,587:41] p3
[2021-12-08 23:41:24,587:43] p1
[2021-12-08 23:41:24,587:51] p1 and not p2
[2021-12-08 23:41:24,587:55] p4
[2021-12-08 23:41:24,587:57] p5
[2021-12-08 23:41:24,587:57] p5
[2021-12-08 23:41:24,587:57] p5
[2021-12-08 23:41:24,587:57] p5
[2021-12-08 23:41:24,587:58] top3
