[2021-12-08 23:41:24,596:16] top1
[2021-12-08 23:41:24,596:18] p1
[2021-12-08 23:41:24,596:34] p1 and not p2
[2021-12-08 23:41:24,596:38] top2
[2021-12-08 23:41:24,596:41] p3
[2021-12-08 23:41:24,596:43] p1
[2021-12-08 23:41:24,596:45] p1 and p2
[2021-12-08 23:41:24,596:47] p1 and p2 and p3
[2021-12-08 23:41:24,596:41] p3
[2021-12-08 23:41:24,596:53] not p1
[2021-12-08 23:41:24,596:41] p3
[2021-12-08 23:41:24,596:53] not p1
[2021-12-08 23:41:24,596:55] p4
[2021-12-08 23:41:24,597:55] p4
[2021-12-08 23:41:24,597:41] p3
[2021-12-08 23:41:24,597:53] not p1
[2021-12-08 23:41:24,597:55] p4
[2021-12-08 23:41:24,597:41] p3
[2021-12-08 23:41:24,597:43] p1
[2021-12-08 23:41:24,597:45] p1 and p2
[2021-12-08 23:41:24,597:49] p1 and p2 and not p3
[2021-12-08 23:41:24,597:58] top3
