[2021-12-08 23:41:24,598:16] top1
[2021-12-08 23:41:24,598:36] not p1
[2021-12-08 23:41:24,598:38] top2
[2021-12-08 23:41:24,598:41] p3
[2021-12-08 23:41:24,598:43] p1
[2021-12-08 23:41:24,598:51] p1 and not p2
[2021-12-08 23:41:24,598:55] p4
[2021-12-08 23:41:24,598:57] p5
[2021-12-08 23:41:24,598:57] p5
[2021-12-08 23:41:24,598:55] p4
[2021-12-08 23:41:24,598:55] p4
[2021-12-08 23:41:24,598:57] p5
[2021-12-08 23:41:24,599:55] p4
[2021-12-08 23:41:24,599:57] p5
[2021-12-08 23:41:24,599:55] p4
[2021-12-08 23:41:24,599:41] p3
[2021-12-08 23:41:24,599:43] p1
[2021-12-08 23:41:24,599:45] p1 and p2
[2021-12-08 23:41:24,599:49] p1 and p2 and not p3
[2021-12-08 23:41:24,599:41] p3
[2021-12-08 23:41:24,599:53] not p1
[2021-12-08 23:41:24,599:41] p3
[2021-12-08 23:41:24,599:53] not p1
[2021-12-08 23:41:24,599:55] p4
[2021-12-08 23:41:24,599:57] p5
[2021-12-08 23:41:24,599:57] p5
[2021-12-08 23:41:24,599:55] p4
[2021-12-08 23:41:24,599:57] p5
[2021-12-08 23:41:24,599:57] p5
[2021-12-08 23:41:24,599:57] p5
[2021-12-08 23:41:24,599:57] p5
[2021-12-08 23:41:24,599:57] p5
[2021-12-08 23:41:24,599:57] p5
[2021-12-08 23:41:24,600:57] p5
[2021-12-08 23:41:24,600:41] p3
[2021-12-08 23:41:24,600:53] not p1
[2021-12-08 23:41:24,600:41] p3
[2021-12-08 23:41:24,600:43] p1
[2021-12-08 23:41:24,600:51] p1 and not p2
[2021-12-08 23:41:24,600:41] p3
[2021-12-08 23:41:24,600:53] not p1
[2021-12-08 23:41:24,600:55] p4
[2021-12-08 23:41:24,600:57] p5
[2021-12-08 23:41:24,600:57] p5
[2021-12-08 23:41:24,600:41] p3
[2021-12-08 23:41:24,600:43] p1
[2021-12-08 23:41:24,600:45] p1 and p2
[2021-12-08 23:41:24,600:49] p1 and p2 and not p3
[2021-12-08 23:41:24,600:55] p4
[2021-12-08 23:41:24,600:57] p5
[2021-12-08 23:41:24,600:57] p5
[2021-12-08 23:41:24,600:55] p4
[2021-12-08 23:41:24,600:57] p5
[2021-12-08 23:41:24,600:57] p5
[2021-12-08 23:41:24,600:55] p4
[2021-12-08 23:41:24,601:55] p4
[2021-12-08 23:41:24,601:55] p4
[2021-12-08 23:41:24,601:41] p3
[2021-12-08 23:41:24,601:53] not p1
[2021-12-08 23:41:24,601:55] p4
[2021-12-08 23:41:24,601:57] p5
[2021-12-08 23:41:24,601:57] p5
[2021-12-08 23:41:24,601:57] p5
[2021-12-08 23:41:24,601:41] p3
[2021-12-08 23:41:24,601:53] not p1
[2021-12-08 23:41:24,601:41] p3
[2021-12-08 23:41:24,601:43] p1
[2021-12-08 23:41:24,601:51] p1 and not p2
[2021-12-08 23:41:24,601:41] p3
[2021-12-08 23:41:24,601:43] p1
[2021-12-08 23:41:24,601:45] p1 and p2
[2021-12-08 23:41:24,601:47] p1 and p2 and p3
[2021-12-08 23:41:24,601:58] top3
