[2021-12-08 23:41:24,603:16] top1
[2021-12-08 23:41:24,603:36] not p1
[2021-12-08 23:41:24,603:38] top2
[2021-12-08 23:41:24,603:41] p3
[2021-12-08 23:41:24,603:43] p1
[2021-12-08 23:41:24,603:51] p1 and not p2
[2021-12-08 23:41:24,603:55] p4
[2021-12-08 23:41:24,603:55] p4
[2021-12-08 23:41:24,603:57] p5
[2021-12-08 23:41:24,603:55] p4
[2021-12-08 23:41:24,603:57] p5
[2021-12-08 23:41:24,604:55] p4
[2021-12-08 23:41:24,604:41] p3
[2021-12-08 23:41:24,604:43] p1
[2021-12-08 23:41:24,604:45] p1 and p2
[2021-12-08 23:41:24,604:49] p1 and p2 and not p3
[2021-12-08 23:41:24,604:41] p3
[2021-12-08 23:41:24,604:43] p1
[2021-12-08 23:41:24,604:51] p1 and not p2
[2021-12-08 23:41:24,604:41] p3
[2021-12-08 23:41:24,604:43] p1
[2021-12-08 23:41:24,604:45] p1 and p2
[2021-12-08 23:41:24,604:49] p1 and p2 and not p3
[2021-12-08 23:41:24,604:55] p4
[2021-12-08 23:41:24,604:55] p4
[2021-12-08 23:41:24,604:55] p4
[2021-12-08 23:41:24,604:57] p5
[2021-12-08 23:41:24,604:57] p5
[2021-12-08 23:41:24,604:57] p5
[2021-12-08 23:41:24,604:57] p5
[2021-12-08 23:41:24,604:58] top3
