[2021-12-08 23:41:24,608:16] top1
[2021-12-08 23:41:24,608:18] p1
[2021-12-08 23:41:24,608:20] p1 and p2
[2021-12-08 23:41:24,608:22] p1 and p2 and p3
[2021-12-08 23:41:24,608:30] p1 and p2 and p3 and not p4
[2021-12-08 23:41:24,608:38] top2
[2021-12-08 23:41:24,608:41] p3
[2021-12-08 23:41:24,608:53] not p1
[2021-12-08 23:41:24,608:55] p4
[2021-12-08 23:41:24,608:41] p3
[2021-12-08 23:41:24,608:43] p1
[2021-12-08 23:41:24,608:45] p1 and p2
[2021-12-08 23:41:24,608:49] p1 and p2 and not p3
[2021-12-08 23:41:24,609:55] p4
[2021-12-08 23:41:24,609:41] p3
[2021-12-08 23:41:24,609:53] not p1
[2021-12-08 23:41:24,609:55] p4
[2021-12-08 23:41:24,609:57] p5
[2021-12-08 23:41:24,609:55] p4
[2021-12-08 23:41:24,609:55] p4
[2021-12-08 23:41:24,609:55] p4
[2021-12-08 23:41:24,609:57] p5
[2021-12-08 23:41:24,609:41] p3
[2021-12-08 23:41:24,609:43] p1
[2021-12-08 23:41:24,609:51] p1 and not p2
[2021-12-08 23:41:24,609:41] p3
[2021-12-08 23:41:24,609:53] not p1
[2021-12-08 23:41:24,609:58] top3
