[2021-12-08 23:41:24,612:16] top1
[2021-12-08 23:41:24,612:18] p1
[2021-12-08 23:41:24,613:34] p1 and not p2
[2021-12-08 23:41:24,613:38] top2
[2021-12-08 23:41:24,613:41] p3
[2021-12-08 23:41:24,613:53] not p1
[2021-12-08 23:41:24,613:41] p3
[2021-12-08 23:41:24,613:43] p1
[2021-12-08 23:41:24,613:45] p1 and p2
[2021-12-08 23:41:24,613:49] p1 and p2 and not p3
[2021-12-08 23:41:24,613:55] p4
[2021-12-08 23:41:24,613:57] p5
[2021-12-08 23:41:24,613:57] p5
[2021-12-08 23:41:24,613:57] p5
[2021-12-08 23:41:24,613:57] p5
[2021-12-08 23:41:24,613:57] p5
[2021-12-08 23:41:24,613:55] p4
[2021-12-08 23:41:24,613:57] p5
[2021-12-08 23:41:24,613:57] p5
[2021-12-08 23:41:24,613:55] p4
[2021-12-08 23:41:24,613:55] p4
[2021-12-08 23:41:24,613:58] top3
