[2021-12-08 23:41:24,620:16] top1
[2021-12-08 23:41:24,620:18] p1
[2021-12-08 23:41:24,620:20] p1 and p2
[2021-12-08 23:41:24,620:32] p1 and p2 and not p3
[2021-12-08 23:41:24,620:38] top2
[2021-12-08 23:41:24,620:41] p3
[2021-12-08 23:41:24,620:53] not p1
[2021-12-08 23:41:24,620:41] p3
[2021-12-08 23:41:24,620:53] not p1
[2021-12-08 23:41:24,620:41] p3
[2021-12-08 23:41:24,620:53] not p1
[2021-12-08 23:41:24,620:55] p4
[2021-12-08 23:41:24,620:57] p5
[2021-12-08 23:41:24,620:57] p5
[2021-12-08 23:41:24,620:57] p5
[2021-12-08 23:41:24,620:55] p4
[2021-12-08 23:41:24,620:57] p5
[2021-12-08 23:41:24,620:55] p4
[2021-12-08 23:41:24,620:55] p4
[2021-12-08 23:41:24,620:55] p4
[2021-12-08 23:41:24,620:41] p3
[2021-12-08 23:41:24,620:53] not p1
[2021-12-08 23:41:24,621:55] p4
[2021-12-08 23:41:24,621:57] p5
[2021-12-08 23:41:24,621:57] p5
[2021-12-08 23:41:24,621:57] p5
[2021-12-08 23:41:24,621:57] p5
[2021-12-08 23:41:24,621:41] p3
[2021-12-08 23:41:24,621:53] not p1
[2021-12-08 23:41:24,621:55] p4
[2021-12-08 23:41:24,621:57] p5
[2021-12-08 23:41:24,621:58] top3
