[2021-12-08 23:41:24,644:16] top1
[2021-12-08 23:41:24,644:36] not p1
[2021-12-08 23:41:24,644:38] top2
[2021-12-08 23:41:24,644:41] p3
[2021-12-08 23:41:24,645:53] not p1
[2021-12-08 23:41:24,645:55] p4
[2021-12-08 23:41:24,645:55] p4
[2021-12-08 23:41:24,645:57] p5
[2021-12-08 23:41:24,645:57] p5
[2021-12-08 23:41:24,645:57] p5
[2021-12-08 23:41:24,645:57] p5
[2021-12-08 23:41:24,645:55] p4
[2021-12-08 23:41:24,645:57] p5
[2021-12-08 23:41:24,645:41] p3
[2021-12-08 23:41:24,645:53] not p1
[2021-12-08 23:41:24,645:55] p4
[2021-12-08 23:41:24,645:57] p5
[2021-12-08 23:41:24,645:41] p3
[2021-12-08 23:41:24,646:43] p1
[2021-12-08 23:41:24,646:45] p1 and p2
[2021-12-08 23:41:24,646:47] p1 and p2 and p3
[2021-12-08 23:41:24,646:55] p4
[2021-12-08 23:41:24,646:57] p5
[2021-12-08 23:41:24,646:55] p4
[2021-12-08 23:41:24,646:57] p5
[2021-12-08 23:41:24,646:55] p4
[2021-12-08 23:41:24,646:57] p5
[2021-12-08 23:41:24,646:41] p3
[2021-12-08 23:41:24,646:43] p1
[2021-12-08 23:41:24,646:45] p1 and p2
[2021-12-08 23:41:24,646:47] p1 and p2 and p3
[2021-12-08 23:41:24,646:55] p4
[2021-12-08 23:41:24,646:57] p5
[2021-12-08 23:41:24,647:57] p5
[2021-12-08 23:41:24,647:41] p3
[2021-12-08 23:41:24,647:53] not p1
[2021-12-08 23:41:24,647:55] p4
[2021-12-08 23:41:24,647:41] p3
[2021-12-08 23:41:24,647:43] p1
[2021-12-08 23:41:24,647:45] p1 and p2
[2021-12-08 23:41:24,647:49] p1 and p2 and not p3
[2021-12-08 23:41:24,647:58] top3
