[2021-12-08 23:41:24,668:16] top1
[2021-12-08 23:41:24,668:36] not p1
[2021-12-08 23:41:24,668:38] top2
[2021-12-08 23:41:24,668:41] p3
[2021-12-08 23:41:24,668:43] p1
[2021-12-08 23:41:24,669:51] p1 and not p2
[2021-12-08 23:41:24,669:55] p4
[2021-12-08 23:41:24,669:57] p5
[2021-12-08 23:41:24,669:41] p3
[2021-12-08 23:41:24,669:53] not p1
[2021-12-08 23:41:24,669:55] p4
[2021-12-08 23:41:24,669:55] p4
[2021-12-08 23:41:24,669:57] p5
[2021-12-08 23:41:24,669:57] p5
[2021-12-08 23:41:24,669:55] p4
[2021-12-08 23:41:24,669:57] p5
[2021-12-08 23:41:24,669:57] p5
[2021-12-08 23:41:24,669:41] p3
[2021-12-08 23:41:24,669:43] p1
[2021-12-08 23:41:24,669:51] p1 and not p2
[2021-12-08 23:41:24,669:55] p4
[2021-12-08 23:41:24,669:41] p3
[2021-12-08 23:41:24,669:43] p1
[2021-12-08 23:41:24,669:45] p1 and p2
[2021-12-08 23:41:24,669:49] p1 and p2 and not p3
[2021-12-08 23:41:24,670:41] p3
[2021-12-08 23:41:24,670:53] not p1
[2021-12-08 23:41:24,670:58] top3
