[2021-12-08 23:41:24,674:16] top1
[2021-12-08 23:41:24,674:36] not p1
[2021-12-08 23:41:24,674:38] top2
[2021-12-08 23:41:24,674:41] p3
[2021-12-08 23:41:24,674:43] p1
[2021-12-08 23:41:24,674:45] p1 and p2
[2021-12-08 23:41:24,674:49] p1 and p2 and not p3
[2021-12-08 23:41:24,674:55] p4
[2021-12-08 23:41:24,674:41] p3
[2021-12-08 23:41:24,674:43] p1
[2021-12-08 23:41:24,675:51] p1 and not p2
[2021-12-08 23:41:24,675:41] p3
[2021-12-08 23:41:24,675:43] p1
[2021-12-08 23:41:24,675:45] p1 and p2
[2021-12-08 23:41:24,675:49] p1 and p2 and not p3
[2021-12-08 23:41:24,675:55] p4
[2021-12-08 23:41:24,675:57] p5
[2021-12-08 23:41:24,675:41] p3
[2021-12-08 23:41:24,675:43] p1
[2021-12-08 23:41:24,675:51] p1 and not p2
[2021-12-08 23:41:24,675:55] p4
[2021-12-08 23:41:24,675:41] p3
[2021-12-08 23:41:24,675:53] not p1
[2021-12-08 23:41:24,675:41] p3
[2021-12-08 23:41:24,675:53] not p1
[2021-12-08 23:41:24,675:58] top3
