[2021-12-08 23:41:24,680:16] top1
[2021-12-08 23:41:24,680:18] p1
[2021-12-08 23:41:24,680:34] p1 and not p2
[2021-12-08 23:41:24,680:38] top2
[2021-12-08 23:41:24,681:41] p3
[2021-12-08 23:41:24,681:53] not p1
[2021-12-08 23:41:24,681:55] p4
[2021-12-08 23:41:24,681:57] p5
[2021-12-08 23:41:24,681:57] p5
[2021-12-08 23:41:24,681:57] p5
[2021-12-08 23:41:24,681:57] p5
[2021-12-08 23:41:24,681:41] p3
[2021-12-08 23:41:24,681:43] p1
[2021-12-08 23:41:24,681:45] p1 and p2
[2021-12-08 23:41:24,681:49] p1 and p2 and not p3
[2021-12-08 23:41:24,681:55] p4
[2021-12-08 23:41:24,681:57] p5
[2021-12-08 23:41:24,681:41] p3
[2021-12-08 23:41:24,681:43] p1
[2021-12-08 23:41:24,681:51] p1 and not p2
[2021-12-08 23:41:24,681:41] p3
[2021-12-08 23:41:24,681:53] not p1
[2021-12-08 23:41:24,682:58] top3
