[2021-12-08 23:41:24,700:16] top1
[2021-12-08 23:41:24,700:36] not p1
[2021-12-08 23:41:24,700:38] top2
[2021-12-08 23:41:24,700:41] p3
[2021-12-08 23:41:24,700:53] not p1
[2021-12-08 23:41:24,700:55] p4
[2021-12-08 23:41:24,700:55] p4
[2021-12-08 23:41:24,700:55] p4
[2021-12-08 23:41:24,700:55] p4
[2021-12-08 23:41:24,700:57] p5
[2021-12-08 23:41:24,700:41] p3
[2021-12-08 23:41:24,700:43] p1
[2021-12-08 23:41:24,700:51] p1 and not p2
[2021-12-08 23:41:24,700:41] p3
[2021-12-08 23:41:24,700:53] not p1
[2021-12-08 23:41:24,700:41] p3
[2021-12-08 23:41:24,700:43] p1
[2021-12-08 23:41:24,700:45] p1 and p2
[2021-12-08 23:41:24,700:47] p1 and p2 and p3
[2021-12-08 23:41:24,700:41] p3
[2021-12-08 23:41:24,700:53] not p1
[2021-12-08 23:41:24,701:58] top3
