[2021-12-08 23:41:24,715:16] top1
[2021-12-08 23:41:24,715:18] p1
[2021-12-08 23:41:24,715:20] p1 and p2
[2021-12-08 23:41:24,715:32] p1 and p2 and not p3
[2021-12-08 23:41:24,715:38] top2
[2021-12-08 23:41:24,715:41] p3
[2021-12-08 23:41:24,715:53] not p1
[2021-12-08 23:41:24,715:41] p3
[2021-12-08 23:41:24,715:53] not p1
[2021-12-08 23:41:24,715:41] p3
[2021-12-08 23:41:24,715:43] p1
[2021-12-08 23:41:24,715:45] p1 and p2
[2021-12-08 23:41:24,715:49] p1 and p2 and not p3
[2021-12-08 23:41:24,715:55] p4
[2021-12-08 23:41:24,715:57] p5
[2021-12-08 23:41:24,715:57] p5
[2021-12-08 23:41:24,715:55] p4
[2021-12-08 23:41:24,715:57] p5
[2021-12-08 23:41:24,715:41] p3
[2021-12-08 23:41:24,715:43] p1
[2021-12-08 23:41:24,715:51] p1 and not p2
[2021-12-08 23:41:24,716:55] p4
[2021-12-08 23:41:24,716:55] p4
[2021-12-08 23:41:24,716:41] p3
[2021-12-08 23:41:24,716:43] p1
[2021-12-08 23:41:24,716:51] p1 and not p2
[2021-12-08 23:41:24,716:41] p3
[2021-12-08 23:41:24,716:53] not p1
[2021-12-08 23:41:24,716:41] p3
[2021-12-08 23:41:24,716:43] p1
[2021-12-08 23:41:24,716:51] p1 and not p2
[2021-12-08 23:41:24,716:58] top3
