[2021-12-08 23:41:24,721:16] top1
[2021-12-08 23:41:24,721:18] p1
[2021-12-08 23:41:24,721:20] p1 and p2
[2021-12-08 23:41:24,721:32] p1 and p2 and not p3
[2021-12-08 23:41:24,721:38] top2
[2021-12-08 23:41:24,721:41] p3
[2021-12-08 23:41:24,721:53] not p1
[2021-12-08 23:41:24,721:41] p3
[2021-12-08 23:41:24,721:53] not p1
[2021-12-08 23:41:24,721:55] p4
[2021-12-08 23:41:24,721:57] p5
[2021-12-08 23:41:24,721:57] p5
[2021-12-08 23:41:24,721:55] p4
[2021-12-08 23:41:24,721:55] p4
[2021-12-08 23:41:24,721:57] p5
[2021-12-08 23:41:24,722:57] p5
[2021-12-08 23:41:24,722:55] p4
[2021-12-08 23:41:24,722:41] p3
[2021-12-08 23:41:24,722:43] p1
[2021-12-08 23:41:24,722:45] p1 and p2
[2021-12-08 23:41:24,722:47] p1 and p2 and p3
[2021-12-08 23:41:24,722:58] top3
