[2021-12-08 23:41:24,729:16] top1
[2021-12-08 23:41:24,729:18] p1
[2021-12-08 23:41:24,729:20] p1 and p2
[2021-12-08 23:41:24,729:32] p1 and p2 and not p3
[2021-12-08 23:41:24,729:38] top2
[2021-12-08 23:41:24,729:41] p3
[2021-12-08 23:41:24,729:43] p1
[2021-12-08 23:41:24,729:51] p1 and not p2
[2021-12-08 23:41:24,729:41] p3
[2021-12-08 23:41:24,730:43] p1
[2021-12-08 23:41:24,730:51] p1 and not p2
[2021-12-08 23:41:24,730:55] p4
[2021-12-08 23:41:24,730:55] p4
[2021-12-08 23:41:24,730:57] p5
[2021-12-08 23:41:24,730:57] p5
[2021-12-08 23:41:24,730:57] p5
[2021-12-08 23:41:24,730:57] p5
[2021-12-08 23:41:24,730:57] p5
[2021-12-08 23:41:24,730:55] p4
[2021-12-08 23:41:24,730:57] p5
[2021-12-08 23:41:24,730:57] p5
[2021-12-08 23:41:24,730:57] p5
[2021-12-08 23:41:24,730:57] p5
[2021-12-08 23:41:24,730:58] top3
