[2021-12-08 23:41:24,731:16] top1
[2021-12-08 23:41:24,731:18] p1
[2021-12-08 23:41:24,731:20] p1 and p2
[2021-12-08 23:41:24,732:32] p1 and p2 and not p3
[2021-12-08 23:41:24,732:38] top2
[2021-12-08 23:41:24,732:41] p3
[2021-12-08 23:41:24,732:53] not p1
[2021-12-08 23:41:24,732:55] p4
[2021-12-08 23:41:24,732:55] p4
[2021-12-08 23:41:24,732:57] p5
[2021-12-08 23:41:24,732:57] p5
[2021-12-08 23:41:24,732:41] p3
[2021-12-08 23:41:24,732:43] p1
[2021-12-08 23:41:24,732:51] p1 and not p2
[2021-12-08 23:41:24,732:41] p3
[2021-12-08 23:41:24,733:53] not p1
[2021-12-08 23:41:24,733:55] p4
[2021-12-08 23:41:24,733:41] p3
[2021-12-08 23:41:24,733:43] p1
[2021-12-08 23:41:24,733:45] p1 and p2
[2021-12-08 23:41:24,733:49] p1 and p2 and not p3
[2021-12-08 23:41:24,733:41] p3
[2021-12-08 23:41:24,733:53] not p1
[2021-12-08 23:41:24,733:55] p4
[2021-12-08 23:41:24,733:58] top3
