[2021-12-08 23:41:24,736:16] top1
[2021-12-08 23:41:24,736:18] p1
[2021-12-08 23:41:24,736:34] p1 and not p2
[2021-12-08 23:41:24,736:38] top2
[2021-12-08 23:41:24,736:41] p3
[2021-12-08 23:41:24,736:43] p1
[2021-12-08 23:41:24,736:45] p1 and p2
[2021-12-08 23:41:24,736:47] p1 and p2 and p3
[2021-12-08 23:41:24,736:55] p4
[2021-12-08 23:41:24,736:57] p5
[2021-12-08 23:41:24,737:57] p5
[2021-12-08 23:41:24,737:41] p3
[2021-12-08 23:41:24,737:53] not p1
[2021-12-08 23:41:24,737:41] p3
[2021-12-08 23:41:24,737:53] not p1
[2021-12-08 23:41:24,737:55] p4
[2021-12-08 23:41:24,737:55] p4
[2021-12-08 23:41:24,737:57] p5
[2021-12-08 23:41:24,737:41] p3
[2021-12-08 23:41:24,737:43] p1
[2021-12-08 23:41:24,737:51] p1 and not p2
[2021-12-08 23:41:24,737:55] p4
[2021-12-08 23:41:24,737:57] p5
[2021-12-08 23:41:24,737:55] p4
[2021-12-08 23:41:24,737:58] top3
