[2021-12-08 23:41:24,738:16] top1
[2021-12-08 23:41:24,738:36] not p1
[2021-12-08 23:41:24,738:38] top2
[2021-12-08 23:41:24,738:41] p3
[2021-12-08 23:41:24,738:53] not p1
[2021-12-08 23:41:24,738:55] p4
[2021-12-08 23:41:24,738:57] p5
[2021-12-08 23:41:24,738:55] p4
[2021-12-08 23:41:24,738:41] p3
[2021-12-08 23:41:24,739:53] not p1
[2021-12-08 23:41:24,739:55] p4
[2021-12-08 23:41:24,739:57] p5
[2021-12-08 23:41:24,739:57] p5
[2021-12-08 23:41:24,739:57] p5
[2021-12-08 23:41:24,739:55] p4
[2021-12-08 23:41:24,739:41] p3
[2021-12-08 23:41:24,739:43] p1
[2021-12-08 23:41:24,739:45] p1 and p2
[2021-12-08 23:41:24,739:47] p1 and p2 and p3
[2021-12-08 23:41:24,739:55] p4
[2021-12-08 23:41:24,739:55] p4
[2021-12-08 23:41:24,739:57] p5
[2021-12-08 23:41:24,739:55] p4
[2021-12-08 23:41:24,739:55] p4
[2021-12-08 23:41:24,739:57] p5
[2021-12-08 23:41:24,739:58] top3
