[2021-12-08 23:41:24,794:16] top1
[2021-12-08 23:41:24,794:18] p1
[2021-12-08 23:41:24,794:20] p1 and p2
[2021-12-08 23:41:24,794:32] p1 and p2 and not p3
[2021-12-08 23:41:24,794:38] top2
[2021-12-08 23:41:24,794:41] p3
[2021-12-08 23:41:24,794:53] not p1
[2021-12-08 23:41:24,794:41] p3
[2021-12-08 23:41:24,794:43] p1
[2021-12-08 23:41:24,794:45] p1 and p2
[2021-12-08 23:41:24,794:49] p1 and p2 and not p3
[2021-12-08 23:41:24,794:55] p4
[2021-12-08 23:41:24,794:41] p3
[2021-12-08 23:41:24,795:53] not p1
[2021-12-08 23:41:24,795:55] p4
[2021-12-08 23:41:24,795:57] p5
[2021-12-08 23:41:24,795:41] p3
[2021-12-08 23:41:24,795:43] p1
[2021-12-08 23:41:24,795:51] p1 and not p2
[2021-12-08 23:41:24,795:41] p3
[2021-12-08 23:41:24,795:53] not p1
[2021-12-08 23:41:24,795:55] p4
[2021-12-08 23:41:24,795:57] p5
[2021-12-08 23:41:24,795:57] p5
[2021-12-08 23:41:24,795:55] p4
[2021-12-08 23:41:24,795:41] p3
[2021-12-08 23:41:24,795:43] p1
[2021-12-08 23:41:24,795:45] p1 and p2
[2021-12-08 23:41:24,795:49] p1 and p2 and not p3
[2021-12-08 23:41:24,795:55] p4
[2021-12-08 23:41:24,795:41] p3
[2021-12-08 23:41:24,795:53] not p1
[2021-12-08 23:41:24,795:55] p4
[2021-12-08 23:41:24,795:57] p5
[2021-12-08 23:41:24,795:57] p5
[2021-12-08 23:41:24,795:57] p5
[2021-12-08 23:41:24,796:57] p5
[2021-12-08 23:41:24,796:57] p5
[2021-12-08 23:41:24,796:58] top3
