[2021-12-08 23:41:18,801:16] top1
[2021-12-08 23:41:18,802:36] not p1
[2021-12-08 23:41:18,802:38] top2
[2021-12-08 23:41:18,802:41] p3
[2021-12-08 23:41:18,802:53] not p1
[2021-12-08 23:41:18,802:55] p4
[2021-12-08 23:41:18,802:41] p3
[2021-12-08 23:41:18,802:43] p1
[2021-12-08 23:41:18,802:45] p1 and p2
[2021-12-08 23:41:18,802:49] p1 and p2 and not p3
[2021-12-08 23:41:18,802:41] p3
[2021-12-08 23:41:18,802:43] p1
[2021-12-08 23:41:18,802:45] p1 and p2
[2021-12-08 23:41:18,802:49] p1 and p2 and not p3
[2021-12-08 23:41:18,802:55] p4
[2021-12-08 23:41:18,802:41] p3
[2021-12-08 23:41:18,802:43] p1
[2021-12-08 23:41:18,802:45] p1 and p2
[2021-12-08 23:41:18,802:47] p1 and p2 and p3
[2021-12-08 23:41:18,802:41] p3
[2021-12-08 23:41:18,803:53] not p1
[2021-12-08 23:41:18,803:55] p4
[2021-12-08 23:41:18,803:55] p4
[2021-12-08 23:41:18,803:57] p5
[2021-12-08 23:41:18,803:41] p3
[2021-12-08 23:41:18,803:43] p1
[2021-12-08 23:41:18,803:45] p1 and p2
[2021-12-08 23:41:18,803:49] p1 and p2 and not p3
[2021-12-08 23:41:18,803:55] p4
[2021-12-08 23:41:18,803:41] p3
[2021-12-08 23:41:18,803:43] p1
[2021-12-08 23:41:18,803:45] p1 and p2
[2021-12-08 23:41:18,803:47] p1 and p2 and p3
[2021-12-08 23:41:18,803:55] p4
[2021-12-08 23:41:18,803:57] p5
[2021-12-08 23:41:18,803:57] p5
[2021-12-08 23:41:18,803:55] p4
[2021-12-08 23:41:18,803:57] p5
[2021-12-08 23:41:18,803:57] p5
[2021-12-08 23:41:18,803:57] p5
[2021-12-08 23:41:18,803:57] p5
[2021-12-08 23:41:18,803:41] p3
[2021-12-08 23:41:18,803:43] p1
[2021-12-08 23:41:18,804:51] p1 and not p2
[2021-12-08 23:41:18,804:58] top3
