[2021-12-08 23:41:24,811:16] top1
[2021-12-08 23:41:24,811:18] p1
[2021-12-08 23:41:24,811:20] p1 and p2
[2021-12-08 23:41:24,811:22] p1 and p2 and p3
[2021-12-08 23:41:24,811:24] p1 and p2 and p3 and p4
[2021-12-08 23:41:24,811:26] p1 and p2 and p3 and p4 and p5
[2021-12-08 23:41:24,811:38] top2
[2021-12-08 23:41:24,811:41] p3
[2021-12-08 23:41:24,811:53] not p1
[2021-12-08 23:41:24,811:55] p4
[2021-12-08 23:41:24,811:57] p5
[2021-12-08 23:41:24,811:57] p5
[2021-12-08 23:41:24,811:55] p4
[2021-12-08 23:41:24,811:57] p5
[2021-12-08 23:41:24,811:55] p4
[2021-12-08 23:41:24,811:57] p5
[2021-12-08 23:41:24,812:57] p5
[2021-12-08 23:41:24,812:57] p5
[2021-12-08 23:41:24,812:57] p5
[2021-12-08 23:41:24,812:41] p3
[2021-12-08 23:41:24,812:43] p1
[2021-12-08 23:41:24,812:51] p1 and not p2
[2021-12-08 23:41:24,812:58] top3
