[2021-12-08 23:41:24,821:16] top1
[2021-12-08 23:41:24,822:18] p1
[2021-12-08 23:41:24,822:20] p1 and p2
[2021-12-08 23:41:24,822:22] p1 and p2 and p3
[2021-12-08 23:41:24,822:30] p1 and p2 and p3 and not p4
[2021-12-08 23:41:24,822:38] top2
[2021-12-08 23:41:24,822:41] p3
[2021-12-08 23:41:24,822:53] not p1
[2021-12-08 23:41:24,822:55] p4
[2021-12-08 23:41:24,822:57] p5
[2021-12-08 23:41:24,822:55] p4
[2021-12-08 23:41:24,822:41] p3
[2021-12-08 23:41:24,822:53] not p1
[2021-12-08 23:41:24,822:41] p3
[2021-12-08 23:41:24,822:43] p1
[2021-12-08 23:41:24,822:45] p1 and p2
[2021-12-08 23:41:24,823:49] p1 and p2 and not p3
[2021-12-08 23:41:24,823:55] p4
[2021-12-08 23:41:24,823:55] p4
[2021-12-08 23:41:24,824:57] p5
[2021-12-08 23:41:24,824:41] p3
[2021-12-08 23:41:24,824:43] p1
[2021-12-08 23:41:24,824:45] p1 and p2
[2021-12-08 23:41:24,824:47] p1 and p2 and p3
[2021-12-08 23:41:24,824:55] p4
[2021-12-08 23:41:24,824:55] p4
[2021-12-08 23:41:24,824:55] p4
[2021-12-08 23:41:24,824:41] p3
[2021-12-08 23:41:24,824:43] p1
[2021-12-08 23:41:24,824:45] p1 and p2
[2021-12-08 23:41:24,825:49] p1 and p2 and not p3
[2021-12-08 23:41:24,825:55] p4
[2021-12-08 23:41:24,825:57] p5
[2021-12-08 23:41:24,825:41] p3
[2021-12-08 23:41:24,825:43] p1
[2021-12-08 23:41:24,825:45] p1 and p2
[2021-12-08 23:41:24,825:47] p1 and p2 and p3
[2021-12-08 23:41:24,825:58] top3
