[2021-12-08 23:41:19,385:16] top1
[2021-12-08 23:41:19,385:36] not p1
[2021-12-08 23:41:19,385:38] top2
[2021-12-08 23:41:19,385:41] p3
[2021-12-08 23:41:19,385:43] p1
[2021-12-08 23:41:19,385:45] p1 and p2
[2021-12-08 23:41:19,385:49] p1 and p2 and not p3
[2021-12-08 23:41:19,385:55] p4
[2021-12-08 23:41:19,385:41] p3
[2021-12-08 23:41:19,385:53] not p1
[2021-12-08 23:41:19,385:41] p3
[2021-12-08 23:41:19,385:53] not p1
[2021-12-08 23:41:19,385:55] p4
[2021-12-08 23:41:19,385:57] p5
[2021-12-08 23:41:19,385:57] p5
[2021-12-08 23:41:19,386:57] p5
[2021-12-08 23:41:19,386:57] p5
[2021-12-08 23:41:19,386:57] p5
[2021-12-08 23:41:19,386:41] p3
[2021-12-08 23:41:19,386:53] not p1
[2021-12-08 23:41:19,386:55] p4
[2021-12-08 23:41:19,386:55] p4
[2021-12-08 23:41:19,386:57] p5
[2021-12-08 23:41:19,386:57] p5
[2021-12-08 23:41:19,386:57] p5
[2021-12-08 23:41:19,386:57] p5
[2021-12-08 23:41:19,386:58] top3
