[2021-12-08 23:41:24,841:16] top1
[2021-12-08 23:41:24,841:18] p1
[2021-12-08 23:41:24,841:20] p1 and p2
[2021-12-08 23:41:24,841:22] p1 and p2 and p3
[2021-12-08 23:41:24,841:24] p1 and p2 and p3 and p4
[2021-12-08 23:41:24,841:28] p1 and p2 and p3 and p4 and not p5
[2021-12-08 23:41:24,842:38] top2
[2021-12-08 23:41:24,842:41] p3
[2021-12-08 23:41:24,842:53] not p1
[2021-12-08 23:41:24,842:55] p4
[2021-12-08 23:41:24,842:41] p3
[2021-12-08 23:41:24,842:43] p1
[2021-12-08 23:41:24,842:45] p1 and p2
[2021-12-08 23:41:24,842:47] p1 and p2 and p3
[2021-12-08 23:41:24,842:41] p3
[2021-12-08 23:41:24,842:43] p1
[2021-12-08 23:41:24,842:45] p1 and p2
[2021-12-08 23:41:24,842:47] p1 and p2 and p3
[2021-12-08 23:41:24,842:55] p4
[2021-12-08 23:41:24,842:57] p5
[2021-12-08 23:41:24,842:55] p4
[2021-12-08 23:41:24,842:41] p3
[2021-12-08 23:41:24,842:53] not p1
[2021-12-08 23:41:24,842:41] p3
[2021-12-08 23:41:24,842:53] not p1
[2021-12-08 23:41:24,842:58] top3
