[2021-12-08 23:41:24,850:16] top1
[2021-12-08 23:41:24,850:36] not p1
[2021-12-08 23:41:24,850:38] top2
[2021-12-08 23:41:24,850:41] p3
[2021-12-08 23:41:24,850:43] p1
[2021-12-08 23:41:24,851:45] p1 and p2
[2021-12-08 23:41:24,851:49] p1 and p2 and not p3
[2021-12-08 23:41:24,851:55] p4
[2021-12-08 23:41:24,851:57] p5
[2021-12-08 23:41:24,851:41] p3
[2021-12-08 23:41:24,851:43] p1
[2021-12-08 23:41:24,851:51] p1 and not p2
[2021-12-08 23:41:24,851:55] p4
[2021-12-08 23:41:24,851:57] p5
[2021-12-08 23:41:24,851:57] p5
[2021-12-08 23:41:24,851:57] p5
[2021-12-08 23:41:24,851:57] p5
[2021-12-08 23:41:24,851:57] p5
[2021-12-08 23:41:24,852:57] p5
[2021-12-08 23:41:24,852:57] p5
[2021-12-08 23:41:24,852:41] p3
[2021-12-08 23:41:24,852:43] p1
[2021-12-08 23:41:24,852:45] p1 and p2
[2021-12-08 23:41:24,852:47] p1 and p2 and p3
[2021-12-08 23:41:24,852:58] top3
