[2021-12-08 23:41:24,856:16] top1
[2021-12-08 23:41:24,856:18] p1
[2021-12-08 23:41:24,857:34] p1 and not p2
[2021-12-08 23:41:24,857:38] top2
[2021-12-08 23:41:24,857:41] p3
[2021-12-08 23:41:24,857:43] p1
[2021-12-08 23:41:24,857:45] p1 and p2
[2021-12-08 23:41:24,857:49] p1 and p2 and not p3
[2021-12-08 23:41:24,857:41] p3
[2021-12-08 23:41:24,857:53] not p1
[2021-12-08 23:41:24,857:41] p3
[2021-12-08 23:41:24,857:53] not p1
[2021-12-08 23:41:24,857:55] p4
[2021-12-08 23:41:24,857:57] p5
[2021-12-08 23:41:24,857:55] p4
[2021-12-08 23:41:24,858:55] p4
[2021-12-08 23:41:24,858:41] p3
[2021-12-08 23:41:24,858:43] p1
[2021-12-08 23:41:24,858:51] p1 and not p2
[2021-12-08 23:41:24,858:55] p4
[2021-12-08 23:41:24,858:55] p4
[2021-12-08 23:41:24,858:58] top3
