[2021-12-08 23:41:24,863:16] top1
[2021-12-08 23:41:24,863:18] p1
[2021-12-08 23:41:24,863:20] p1 and p2
[2021-12-08 23:41:24,863:22] p1 and p2 and p3
[2021-12-08 23:41:24,863:30] p1 and p2 and p3 and not p4
[2021-12-08 23:41:24,863:38] top2
[2021-12-08 23:41:24,863:41] p3
[2021-12-08 23:41:24,863:53] not p1
[2021-12-08 23:41:24,863:55] p4
[2021-12-08 23:41:24,863:57] p5
[2021-12-08 23:41:24,864:55] p4
[2021-12-08 23:41:24,864:57] p5
[2021-12-08 23:41:24,864:57] p5
[2021-12-08 23:41:24,864:57] p5
[2021-12-08 23:41:24,864:57] p5
[2021-12-08 23:41:24,864:57] p5
[2021-12-08 23:41:24,864:57] p5
[2021-12-08 23:41:24,864:57] p5
[2021-12-08 23:41:24,864:55] p4
[2021-12-08 23:41:24,864:55] p4
[2021-12-08 23:41:24,864:57] p5
[2021-12-08 23:41:24,864:57] p5
[2021-12-08 23:41:24,864:58] top3
