[2021-12-08 23:41:24,867:16] top1
[2021-12-08 23:41:24,867:36] not p1
[2021-12-08 23:41:24,867:38] top2
[2021-12-08 23:41:24,868:41] p3
[2021-12-08 23:41:24,868:53] not p1
[2021-12-08 23:41:24,868:41] p3
[2021-12-08 23:41:24,868:43] p1
[2021-12-08 23:41:24,868:45] p1 and p2
[2021-12-08 23:41:24,868:49] p1 and p2 and not p3
[2021-12-08 23:41:24,868:41] p3
[2021-12-08 23:41:24,868:53] not p1
[2021-12-08 23:41:24,868:55] p4
[2021-12-08 23:41:24,868:57] p5
[2021-12-08 23:41:24,868:57] p5
[2021-12-08 23:41:24,868:57] p5
[2021-12-08 23:41:24,869:57] p5
[2021-12-08 23:41:24,869:41] p3
[2021-12-08 23:41:24,869:43] p1
[2021-12-08 23:41:24,869:51] p1 and not p2
[2021-12-08 23:41:24,869:55] p4
[2021-12-08 23:41:24,869:57] p5
[2021-12-08 23:41:24,869:58] top3
