[2021-12-08 23:41:24,891:16] top1
[2021-12-08 23:41:24,891:18] p1
[2021-12-08 23:41:24,891:20] p1 and p2
[2021-12-08 23:41:24,891:22] p1 and p2 and p3
[2021-12-08 23:41:24,891:30] p1 and p2 and p3 and not p4
[2021-12-08 23:41:24,891:38] top2
[2021-12-08 23:41:24,892:41] p3
[2021-12-08 23:41:24,892:53] not p1
[2021-12-08 23:41:24,892:55] p4
[2021-12-08 23:41:24,892:57] p5
[2021-12-08 23:41:24,892:55] p4
[2021-12-08 23:41:24,892:55] p4
[2021-12-08 23:41:24,892:55] p4
[2021-12-08 23:41:24,892:57] p5
[2021-12-08 23:41:24,892:57] p5
[2021-12-08 23:41:24,892:55] p4
[2021-12-08 23:41:24,892:55] p4
[2021-12-08 23:41:24,892:41] p3
[2021-12-08 23:41:24,892:53] not p1
[2021-12-08 23:41:24,892:58] top3
