[2021-12-08 23:41:24,911:16] top1
[2021-12-08 23:41:24,911:36] not p1
[2021-12-08 23:41:24,911:38] top2
[2021-12-08 23:41:24,911:41] p3
[2021-12-08 23:41:24,911:43] p1
[2021-12-08 23:41:24,911:45] p1 and p2
[2021-12-08 23:41:24,911:47] p1 and p2 and p3
[2021-12-08 23:41:24,912:55] p4
[2021-12-08 23:41:24,912:57] p5
[2021-12-08 23:41:24,912:41] p3
[2021-12-08 23:41:24,912:53] not p1
[2021-12-08 23:41:24,912:55] p4
[2021-12-08 23:41:24,912:41] p3
[2021-12-08 23:41:24,912:53] not p1
[2021-12-08 23:41:24,912:41] p3
[2021-12-08 23:41:24,912:53] not p1
[2021-12-08 23:41:24,912:55] p4
[2021-12-08 23:41:24,912:57] p5
[2021-12-08 23:41:24,912:55] p4
[2021-12-08 23:41:24,912:58] top3
