[2021-12-08 23:41:18,804:16] top1
[2021-12-08 23:41:18,804:18] p1
[2021-12-08 23:41:18,804:34] p1 and not p2
[2021-12-08 23:41:18,804:38] top2
[2021-12-08 23:41:18,804:41] p3
[2021-12-08 23:41:18,804:53] not p1
[2021-12-08 23:41:18,804:55] p4
[2021-12-08 23:41:18,804:41] p3
[2021-12-08 23:41:18,805:53] not p1
[2021-12-08 23:41:18,805:55] p4
[2021-12-08 23:41:18,805:55] p4
[2021-12-08 23:41:18,805:57] p5
[2021-12-08 23:41:18,805:57] p5
[2021-12-08 23:41:18,805:57] p5
[2021-12-08 23:41:18,805:57] p5
[2021-12-08 23:41:18,805:57] p5
[2021-12-08 23:41:18,805:57] p5
[2021-12-08 23:41:18,805:55] p4
[2021-12-08 23:41:18,805:57] p5
[2021-12-08 23:41:18,805:41] p3
[2021-12-08 23:41:18,805:43] p1
[2021-12-08 23:41:18,805:45] p1 and p2
[2021-12-08 23:41:18,805:49] p1 and p2 and not p3
[2021-12-08 23:41:18,805:55] p4
[2021-12-08 23:41:18,805:57] p5
[2021-12-08 23:41:18,805:58] top3
