[2021-12-08 23:41:24,918:16] top1
[2021-12-08 23:41:24,918:18] p1
[2021-12-08 23:41:24,918:34] p1 and not p2
[2021-12-08 23:41:24,918:38] top2
[2021-12-08 23:41:24,918:41] p3
[2021-12-08 23:41:24,918:43] p1
[2021-12-08 23:41:24,918:45] p1 and p2
[2021-12-08 23:41:24,918:49] p1 and p2 and not p3
[2021-12-08 23:41:24,918:41] p3
[2021-12-08 23:41:24,919:43] p1
[2021-12-08 23:41:24,919:51] p1 and not p2
[2021-12-08 23:41:24,919:55] p4
[2021-12-08 23:41:24,919:41] p3
[2021-12-08 23:41:24,919:43] p1
[2021-12-08 23:41:24,919:51] p1 and not p2
[2021-12-08 23:41:24,919:41] p3
[2021-12-08 23:41:24,919:43] p1
[2021-12-08 23:41:24,919:45] p1 and p2
[2021-12-08 23:41:24,919:49] p1 and p2 and not p3
[2021-12-08 23:41:24,919:58] top3
