[2021-12-08 23:41:19,392:16] top1
[2021-12-08 23:41:19,392:36] not p1
[2021-12-08 23:41:19,392:38] top2
[2021-12-08 23:41:19,392:41] p3
[2021-12-08 23:41:19,392:43] p1
[2021-12-08 23:41:19,392:51] p1 and not p2
[2021-12-08 23:41:19,392:41] p3
[2021-12-08 23:41:19,392:53] not p1
[2021-12-08 23:41:19,392:41] p3
[2021-12-08 23:41:19,392:43] p1
[2021-12-08 23:41:19,392:45] p1 and p2
[2021-12-08 23:41:19,393:47] p1 and p2 and p3
[2021-12-08 23:41:19,393:55] p4
[2021-12-08 23:41:19,393:55] p4
[2021-12-08 23:41:19,393:57] p5
[2021-12-08 23:41:19,393:57] p5
[2021-12-08 23:41:19,393:41] p3
[2021-12-08 23:41:19,393:43] p1
[2021-12-08 23:41:19,393:45] p1 and p2
[2021-12-08 23:41:19,393:47] p1 and p2 and p3
[2021-12-08 23:41:19,393:55] p4
[2021-12-08 23:41:19,393:55] p4
[2021-12-08 23:41:19,393:58] top3
