[2021-12-08 23:41:24,922:16] top1
[2021-12-08 23:41:24,922:36] not p1
[2021-12-08 23:41:24,922:38] top2
[2021-12-08 23:41:24,922:41] p3
[2021-12-08 23:41:24,922:53] not p1
[2021-12-08 23:41:24,923:41] p3
[2021-12-08 23:41:24,923:53] not p1
[2021-12-08 23:41:24,923:55] p4
[2021-12-08 23:41:24,923:57] p5
[2021-12-08 23:41:24,923:57] p5
[2021-12-08 23:41:24,923:55] p4
[2021-12-08 23:41:24,923:55] p4
[2021-12-08 23:41:24,923:57] p5
[2021-12-08 23:41:24,923:41] p3
[2021-12-08 23:41:24,923:43] p1
[2021-12-08 23:41:24,923:45] p1 and p2
[2021-12-08 23:41:24,923:47] p1 and p2 and p3
[2021-12-08 23:41:24,923:41] p3
[2021-12-08 23:41:24,923:53] not p1
[2021-12-08 23:41:24,923:41] p3
[2021-12-08 23:41:24,923:43] p1
[2021-12-08 23:41:24,923:45] p1 and p2
[2021-12-08 23:41:24,923:47] p1 and p2 and p3
[2021-12-08 23:41:24,923:55] p4
[2021-12-08 23:41:24,923:55] p4
[2021-12-08 23:41:24,924:57] p5
[2021-12-08 23:41:24,924:55] p4
[2021-12-08 23:41:24,924:57] p5
[2021-12-08 23:41:24,924:41] p3
[2021-12-08 23:41:24,924:53] not p1
[2021-12-08 23:41:24,924:55] p4
[2021-12-08 23:41:24,924:41] p3
[2021-12-08 23:41:24,924:43] p1
[2021-12-08 23:41:24,924:51] p1 and not p2
[2021-12-08 23:41:24,924:55] p4
[2021-12-08 23:41:24,924:55] p4
[2021-12-08 23:41:24,924:57] p5
[2021-12-08 23:41:24,924:55] p4
[2021-12-08 23:41:24,924:57] p5
[2021-12-08 23:41:24,924:41] p3
[2021-12-08 23:41:24,924:53] not p1
[2021-12-08 23:41:24,924:55] p4
[2021-12-08 23:41:24,924:55] p4
[2021-12-08 23:41:24,924:57] p5
[2021-12-08 23:41:24,924:57] p5
[2021-12-08 23:41:24,925:57] p5
[2021-12-08 23:41:24,925:58] top3
