[2021-12-08 23:41:24,940:16] top1
[2021-12-08 23:41:24,940:18] p1
[2021-12-08 23:41:24,940:34] p1 and not p2
[2021-12-08 23:41:24,940:38] top2
[2021-12-08 23:41:24,941:41] p3
[2021-12-08 23:41:24,941:43] p1
[2021-12-08 23:41:24,941:45] p1 and p2
[2021-12-08 23:41:24,941:47] p1 and p2 and p3
[2021-12-08 23:41:24,941:41] p3
[2021-12-08 23:41:24,941:53] not p1
[2021-12-08 23:41:24,941:41] p3
[2021-12-08 23:41:24,941:53] not p1
[2021-12-08 23:41:24,941:41] p3
[2021-12-08 23:41:24,941:43] p1
[2021-12-08 23:41:24,941:45] p1 and p2
[2021-12-08 23:41:24,941:47] p1 and p2 and p3
[2021-12-08 23:41:24,941:55] p4
[2021-12-08 23:41:24,941:57] p5
[2021-12-08 23:41:24,941:55] p4
[2021-12-08 23:41:24,941:55] p4
[2021-12-08 23:41:24,941:57] p5
[2021-12-08 23:41:24,941:41] p3
[2021-12-08 23:41:24,941:53] not p1
[2021-12-08 23:41:24,941:55] p4
[2021-12-08 23:41:24,941:41] p3
[2021-12-08 23:41:24,942:53] not p1
[2021-12-08 23:41:24,942:58] top3
