[2021-12-08 23:41:24,956:16] top1
[2021-12-08 23:41:24,957:36] not p1
[2021-12-08 23:41:24,957:38] top2
[2021-12-08 23:41:24,957:41] p3
[2021-12-08 23:41:24,957:43] p1
[2021-12-08 23:41:24,957:51] p1 and not p2
[2021-12-08 23:41:24,957:41] p3
[2021-12-08 23:41:24,957:53] not p1
[2021-12-08 23:41:24,957:41] p3
[2021-12-08 23:41:24,957:53] not p1
[2021-12-08 23:41:24,957:55] p4
[2021-12-08 23:41:24,957:55] p4
[2021-12-08 23:41:24,957:57] p5
[2021-12-08 23:41:24,957:57] p5
[2021-12-08 23:41:24,957:57] p5
[2021-12-08 23:41:24,957:41] p3
[2021-12-08 23:41:24,957:43] p1
[2021-12-08 23:41:24,958:45] p1 and p2
[2021-12-08 23:41:24,958:47] p1 and p2 and p3
[2021-12-08 23:41:24,958:41] p3
[2021-12-08 23:41:24,958:43] p1
[2021-12-08 23:41:24,958:51] p1 and not p2
[2021-12-08 23:41:24,958:58] top3
