[2021-12-08 23:41:24,958:16] top1
[2021-12-08 23:41:24,958:18] p1
[2021-12-08 23:41:24,958:20] p1 and p2
[2021-12-08 23:41:24,958:32] p1 and p2 and not p3
[2021-12-08 23:41:24,958:38] top2
[2021-12-08 23:41:24,959:41] p3
[2021-12-08 23:41:24,959:53] not p1
[2021-12-08 23:41:24,959:55] p4
[2021-12-08 23:41:24,959:57] p5
[2021-12-08 23:41:24,959:57] p5
[2021-12-08 23:41:24,959:55] p4
[2021-12-08 23:41:24,959:41] p3
[2021-12-08 23:41:24,959:43] p1
[2021-12-08 23:41:24,959:45] p1 and p2
[2021-12-08 23:41:24,959:49] p1 and p2 and not p3
[2021-12-08 23:41:24,959:55] p4
[2021-12-08 23:41:24,959:57] p5
[2021-12-08 23:41:24,959:41] p3
[2021-12-08 23:41:24,959:43] p1
[2021-12-08 23:41:24,959:45] p1 and p2
[2021-12-08 23:41:24,959:47] p1 and p2 and p3
[2021-12-08 23:41:24,960:55] p4
[2021-12-08 23:41:24,960:55] p4
[2021-12-08 23:41:24,960:55] p4
[2021-12-08 23:41:24,960:58] top3
