[2021-12-08 23:41:24,960:16] top1
[2021-12-08 23:41:24,960:36] not p1
[2021-12-08 23:41:24,960:38] top2
[2021-12-08 23:41:24,960:41] p3
[2021-12-08 23:41:24,961:53] not p1
[2021-12-08 23:41:24,961:41] p3
[2021-12-08 23:41:24,961:43] p1
[2021-12-08 23:41:24,961:45] p1 and p2
[2021-12-08 23:41:24,961:47] p1 and p2 and p3
[2021-12-08 23:41:24,961:55] p4
[2021-12-08 23:41:24,961:57] p5
[2021-12-08 23:41:24,961:55] p4
[2021-12-08 23:41:24,961:41] p3
[2021-12-08 23:41:24,961:43] p1
[2021-12-08 23:41:24,961:45] p1 and p2
[2021-12-08 23:41:24,961:49] p1 and p2 and not p3
[2021-12-08 23:41:24,961:41] p3
[2021-12-08 23:41:24,961:53] not p1
[2021-12-08 23:41:24,961:55] p4
[2021-12-08 23:41:24,961:55] p4
[2021-12-08 23:41:24,961:57] p5
[2021-12-08 23:41:24,961:55] p4
[2021-12-08 23:41:24,961:58] top3
