[2021-12-08 23:41:24,966:16] top1
[2021-12-08 23:41:24,966:18] p1
[2021-12-08 23:41:24,966:34] p1 and not p2
[2021-12-08 23:41:24,966:38] top2
[2021-12-08 23:41:24,966:41] p3
[2021-12-08 23:41:24,967:53] not p1
[2021-12-08 23:41:24,967:55] p4
[2021-12-08 23:41:24,967:57] p5
[2021-12-08 23:41:24,967:57] p5
[2021-12-08 23:41:24,967:55] p4
[2021-12-08 23:41:24,967:57] p5
[2021-12-08 23:41:24,967:55] p4
[2021-12-08 23:41:24,967:41] p3
[2021-12-08 23:41:24,967:53] not p1
[2021-12-08 23:41:24,967:41] p3
[2021-12-08 23:41:24,967:43] p1
[2021-12-08 23:41:24,967:45] p1 and p2
[2021-12-08 23:41:24,967:49] p1 and p2 and not p3
[2021-12-08 23:41:24,967:55] p4
[2021-12-08 23:41:24,967:55] p4
[2021-12-08 23:41:24,967:55] p4
[2021-12-08 23:41:24,967:58] top3
