[2021-12-08 23:41:24,973:16] top1
[2021-12-08 23:41:24,973:18] p1
[2021-12-08 23:41:24,973:20] p1 and p2
[2021-12-08 23:41:24,973:32] p1 and p2 and not p3
[2021-12-08 23:41:24,973:38] top2
[2021-12-08 23:41:24,973:41] p3
[2021-12-08 23:41:24,973:43] p1
[2021-12-08 23:41:24,973:45] p1 and p2
[2021-12-08 23:41:24,973:49] p1 and p2 and not p3
[2021-12-08 23:41:24,973:41] p3
[2021-12-08 23:41:24,973:53] not p1
[2021-12-08 23:41:24,973:41] p3
[2021-12-08 23:41:24,973:53] not p1
[2021-12-08 23:41:24,973:55] p4
[2021-12-08 23:41:24,974:57] p5
[2021-12-08 23:41:24,974:57] p5
[2021-12-08 23:41:24,974:55] p4
[2021-12-08 23:41:24,974:55] p4
[2021-12-08 23:41:24,974:57] p5
[2021-12-08 23:41:24,974:41] p3
[2021-12-08 23:41:24,974:53] not p1
[2021-12-08 23:41:24,974:55] p4
[2021-12-08 23:41:24,974:57] p5
[2021-12-08 23:41:24,974:55] p4
[2021-12-08 23:41:24,974:58] top3
