[2021-12-08 23:41:24,997:16] top1
[2021-12-08 23:41:24,997:36] not p1
[2021-12-08 23:41:24,997:38] top2
[2021-12-08 23:41:24,997:41] p3
[2021-12-08 23:41:24,997:53] not p1
[2021-12-08 23:41:24,997:41] p3
[2021-12-08 23:41:24,997:53] not p1
[2021-12-08 23:41:24,997:41] p3
[2021-12-08 23:41:24,997:53] not p1
[2021-12-08 23:41:24,998:55] p4
[2021-12-08 23:41:24,998:57] p5
[2021-12-08 23:41:24,998:57] p5
[2021-12-08 23:41:24,998:55] p4
[2021-12-08 23:41:24,998:55] p4
[2021-12-08 23:41:24,998:55] p4
[2021-12-08 23:41:24,998:41] p3
[2021-12-08 23:41:24,998:43] p1
[2021-12-08 23:41:24,998:45] p1 and p2
[2021-12-08 23:41:24,998:49] p1 and p2 and not p3
[2021-12-08 23:41:24,998:41] p3
[2021-12-08 23:41:24,998:53] not p1
[2021-12-08 23:41:24,998:55] p4
[2021-12-08 23:41:24,998:41] p3
[2021-12-08 23:41:24,998:43] p1
[2021-12-08 23:41:24,998:45] p1 and p2
[2021-12-08 23:41:24,998:49] p1 and p2 and not p3
[2021-12-08 23:41:24,998:55] p4
[2021-12-08 23:41:24,998:58] top3
