[2021-12-08 23:41:25,005:16] top1
[2021-12-08 23:41:25,005:18] p1
[2021-12-08 23:41:25,005:20] p1 and p2
[2021-12-08 23:41:25,005:32] p1 and p2 and not p3
[2021-12-08 23:41:25,005:38] top2
[2021-12-08 23:41:25,005:41] p3
[2021-12-08 23:41:25,005:43] p1
[2021-12-08 23:41:25,005:45] p1 and p2
[2021-12-08 23:41:25,005:47] p1 and p2 and p3
[2021-12-08 23:41:25,005:55] p4
[2021-12-08 23:41:25,005:57] p5
[2021-12-08 23:41:25,006:55] p4
[2021-12-08 23:41:25,006:55] p4
[2021-12-08 23:41:25,006:57] p5
[2021-12-08 23:41:25,006:55] p4
[2021-12-08 23:41:25,006:57] p5
[2021-12-08 23:41:25,006:55] p4
[2021-12-08 23:41:25,006:57] p5
[2021-12-08 23:41:25,006:57] p5
[2021-12-08 23:41:25,006:58] top3
