[2021-12-08 23:41:25,026:16] top1
[2021-12-08 23:41:25,026:18] p1
[2021-12-08 23:41:25,026:20] p1 and p2
[2021-12-08 23:41:25,026:22] p1 and p2 and p3
[2021-12-08 23:41:25,026:30] p1 and p2 and p3 and not p4
[2021-12-08 23:41:25,026:38] top2
[2021-12-08 23:41:25,026:41] p3
[2021-12-08 23:41:25,026:43] p1
[2021-12-08 23:41:25,026:51] p1 and not p2
[2021-12-08 23:41:25,027:55] p4
[2021-12-08 23:41:25,027:55] p4
[2021-12-08 23:41:25,027:57] p5
[2021-12-08 23:41:25,027:57] p5
[2021-12-08 23:41:25,027:41] p3
[2021-12-08 23:41:25,027:43] p1
[2021-12-08 23:41:25,027:45] p1 and p2
[2021-12-08 23:41:25,027:49] p1 and p2 and not p3
[2021-12-08 23:41:25,027:55] p4
[2021-12-08 23:41:25,027:57] p5
[2021-12-08 23:41:25,027:57] p5
[2021-12-08 23:41:25,027:57] p5
[2021-12-08 23:41:25,027:55] p4
[2021-12-08 23:41:25,027:41] p3
[2021-12-08 23:41:25,027:53] not p1
[2021-12-08 23:41:25,027:55] p4
[2021-12-08 23:41:25,027:58] top3
