[2021-12-08 23:41:25,034:16] top1
[2021-12-08 23:41:25,034:18] p1
[2021-12-08 23:41:25,034:20] p1 and p2
[2021-12-08 23:41:25,034:32] p1 and p2 and not p3
[2021-12-08 23:41:25,034:38] top2
[2021-12-08 23:41:25,034:41] p3
[2021-12-08 23:41:25,034:53] not p1
[2021-12-08 23:41:25,034:41] p3
[2021-12-08 23:41:25,034:53] not p1
[2021-12-08 23:41:25,034:41] p3
[2021-12-08 23:41:25,034:53] not p1
[2021-12-08 23:41:25,034:41] p3
[2021-12-08 23:41:25,034:53] not p1
[2021-12-08 23:41:25,034:41] p3
[2021-12-08 23:41:25,034:53] not p1
[2021-12-08 23:41:25,034:41] p3
[2021-12-08 23:41:25,034:43] p1
[2021-12-08 23:41:25,035:45] p1 and p2
[2021-12-08 23:41:25,035:49] p1 and p2 and not p3
[2021-12-08 23:41:25,035:55] p4
[2021-12-08 23:41:25,035:58] top3
