[2021-12-08 23:41:25,039:16] top1
[2021-12-08 23:41:25,039:18] p1
[2021-12-08 23:41:25,039:20] p1 and p2
[2021-12-08 23:41:25,039:22] p1 and p2 and p3
[2021-12-08 23:41:25,039:30] p1 and p2 and p3 and not p4
[2021-12-08 23:41:25,039:38] top2
[2021-12-08 23:41:25,039:41] p3
[2021-12-08 23:41:25,039:53] not p1
[2021-12-08 23:41:25,039:55] p4
[2021-12-08 23:41:25,039:57] p5
[2021-12-08 23:41:25,039:57] p5
[2021-12-08 23:41:25,040:57] p5
[2021-12-08 23:41:25,040:57] p5
[2021-12-08 23:41:25,040:41] p3
[2021-12-08 23:41:25,040:53] not p1
[2021-12-08 23:41:25,040:55] p4
[2021-12-08 23:41:25,040:55] p4
[2021-12-08 23:41:25,040:57] p5
[2021-12-08 23:41:25,040:57] p5
[2021-12-08 23:41:25,040:55] p4
[2021-12-08 23:41:25,040:57] p5
[2021-12-08 23:41:25,040:55] p4
[2021-12-08 23:41:25,040:57] p5
[2021-12-08 23:41:25,040:55] p4
[2021-12-08 23:41:25,040:41] p3
[2021-12-08 23:41:25,040:43] p1
[2021-12-08 23:41:25,040:45] p1 and p2
[2021-12-08 23:41:25,040:49] p1 and p2 and not p3
[2021-12-08 23:41:25,040:41] p3
[2021-12-08 23:41:25,040:53] not p1
[2021-12-08 23:41:25,040:55] p4
[2021-12-08 23:41:25,040:58] top3
