[2021-12-08 23:41:25,044:16] top1
[2021-12-08 23:41:25,044:18] p1
[2021-12-08 23:41:25,044:34] p1 and not p2
[2021-12-08 23:41:25,044:38] top2
[2021-12-08 23:41:25,044:41] p3
[2021-12-08 23:41:25,044:43] p1
[2021-12-08 23:41:25,044:45] p1 and p2
[2021-12-08 23:41:25,044:47] p1 and p2 and p3
[2021-12-08 23:41:25,044:41] p3
[2021-12-08 23:41:25,044:43] p1
[2021-12-08 23:41:25,045:51] p1 and not p2
[2021-12-08 23:41:25,045:41] p3
[2021-12-08 23:41:25,045:43] p1
[2021-12-08 23:41:25,045:45] p1 and p2
[2021-12-08 23:41:25,045:47] p1 and p2 and p3
[2021-12-08 23:41:25,045:55] p4
[2021-12-08 23:41:25,045:55] p4
[2021-12-08 23:41:25,045:57] p5
[2021-12-08 23:41:25,045:57] p5
[2021-12-08 23:41:25,045:57] p5
[2021-12-08 23:41:25,045:55] p4
[2021-12-08 23:41:25,045:57] p5
[2021-12-08 23:41:25,045:57] p5
[2021-12-08 23:41:25,045:55] p4
[2021-12-08 23:41:25,045:55] p4
[2021-12-08 23:41:25,045:57] p5
[2021-12-08 23:41:25,045:57] p5
[2021-12-08 23:41:25,045:57] p5
[2021-12-08 23:41:25,045:57] p5
[2021-12-08 23:41:25,045:55] p4
[2021-12-08 23:41:25,045:41] p3
[2021-12-08 23:41:25,046:53] not p1
[2021-12-08 23:41:25,046:41] p3
[2021-12-08 23:41:25,046:53] not p1
[2021-12-08 23:41:25,046:41] p3
[2021-12-08 23:41:25,046:53] not p1
[2021-12-08 23:41:25,046:55] p4
[2021-12-08 23:41:25,046:55] p4
[2021-12-08 23:41:25,046:55] p4
[2021-12-08 23:41:25,046:57] p5
[2021-12-08 23:41:25,046:58] top3
