[2021-12-08 23:41:25,058:16] top1
[2021-12-08 23:41:25,058:18] p1
[2021-12-08 23:41:25,058:20] p1 and p2
[2021-12-08 23:41:25,058:22] p1 and p2 and p3
[2021-12-08 23:41:25,058:24] p1 and p2 and p3 and p4
[2021-12-08 23:41:25,058:28] p1 and p2 and p3 and p4 and not p5
[2021-12-08 23:41:25,058:38] top2
[2021-12-08 23:41:25,058:41] p3
[2021-12-08 23:41:25,058:43] p1
[2021-12-08 23:41:25,058:45] p1 and p2
[2021-12-08 23:41:25,058:49] p1 and p2 and not p3
[2021-12-08 23:41:25,058:41] p3
[2021-12-08 23:41:25,058:53] not p1
[2021-12-08 23:41:25,058:55] p4
[2021-12-08 23:41:25,058:57] p5
[2021-12-08 23:41:25,058:55] p4
[2021-12-08 23:41:25,058:41] p3
[2021-12-08 23:41:25,058:53] not p1
[2021-12-08 23:41:25,059:55] p4
[2021-12-08 23:41:25,059:41] p3
[2021-12-08 23:41:25,059:53] not p1
[2021-12-08 23:41:25,059:55] p4
[2021-12-08 23:41:25,059:57] p5
[2021-12-08 23:41:25,059:57] p5
[2021-12-08 23:41:25,059:57] p5
[2021-12-08 23:41:25,059:57] p5
[2021-12-08 23:41:25,059:55] p4
[2021-12-08 23:41:25,059:57] p5
[2021-12-08 23:41:25,059:55] p4
[2021-12-08 23:41:25,059:57] p5
[2021-12-08 23:41:25,059:57] p5
[2021-12-08 23:41:25,059:41] p3
[2021-12-08 23:41:25,059:43] p1
[2021-12-08 23:41:25,059:45] p1 and p2
[2021-12-08 23:41:25,059:49] p1 and p2 and not p3
[2021-12-08 23:41:25,059:55] p4
[2021-12-08 23:41:25,059:57] p5
[2021-12-08 23:41:25,059:41] p3
[2021-12-08 23:41:25,059:53] not p1
[2021-12-08 23:41:25,059:58] top3
