[2021-12-08 23:41:19,408:16] top1
[2021-12-08 23:41:19,408:18] p1
[2021-12-08 23:41:19,408:20] p1 and p2
[2021-12-08 23:41:19,409:22] p1 and p2 and p3
[2021-12-08 23:41:19,409:24] p1 and p2 and p3 and p4
[2021-12-08 23:41:19,409:26] p1 and p2 and p3 and p4 and p5
[2021-12-08 23:41:19,409:38] top2
[2021-12-08 23:41:19,409:41] p3
[2021-12-08 23:41:19,409:53] not p1
[2021-12-08 23:41:19,409:41] p3
[2021-12-08 23:41:19,409:43] p1
[2021-12-08 23:41:19,409:51] p1 and not p2
[2021-12-08 23:41:19,409:55] p4
[2021-12-08 23:41:19,409:57] p5
[2021-12-08 23:41:19,409:41] p3
[2021-12-08 23:41:19,409:53] not p1
[2021-12-08 23:41:19,409:41] p3
[2021-12-08 23:41:19,409:53] not p1
[2021-12-08 23:41:19,409:55] p4
[2021-12-08 23:41:19,409:57] p5
[2021-12-08 23:41:19,409:57] p5
[2021-12-08 23:41:19,409:41] p3
[2021-12-08 23:41:19,410:53] not p1
[2021-12-08 23:41:19,410:55] p4
[2021-12-08 23:41:19,410:57] p5
[2021-12-08 23:41:19,410:57] p5
[2021-12-08 23:41:19,410:57] p5
[2021-12-08 23:41:19,410:41] p3
[2021-12-08 23:41:19,410:53] not p1
[2021-12-08 23:41:19,410:41] p3
[2021-12-08 23:41:19,410:53] not p1
[2021-12-08 23:41:19,410:41] p3
[2021-12-08 23:41:19,410:53] not p1
[2021-12-08 23:41:19,410:58] top3
