[2021-12-08 23:41:25,066:16] top1
[2021-12-08 23:41:25,066:18] p1
[2021-12-08 23:41:25,066:34] p1 and not p2
[2021-12-08 23:41:25,066:38] top2
[2021-12-08 23:41:25,066:41] p3
[2021-12-08 23:41:25,066:53] not p1
[2021-12-08 23:41:25,066:41] p3
[2021-12-08 23:41:25,066:43] p1
[2021-12-08 23:41:25,066:45] p1 and p2
[2021-12-08 23:41:25,066:49] p1 and p2 and not p3
[2021-12-08 23:41:25,066:55] p4
[2021-12-08 23:41:25,066:57] p5
[2021-12-08 23:41:25,066:57] p5
[2021-12-08 23:41:25,066:41] p3
[2021-12-08 23:41:25,067:53] not p1
[2021-12-08 23:41:25,067:55] p4
[2021-12-08 23:41:25,067:55] p4
[2021-12-08 23:41:25,067:57] p5
[2021-12-08 23:41:25,067:57] p5
[2021-12-08 23:41:25,067:57] p5
[2021-12-08 23:41:25,067:55] p4
[2021-12-08 23:41:25,067:55] p4
[2021-12-08 23:41:25,067:41] p3
[2021-12-08 23:41:25,067:53] not p1
[2021-12-08 23:41:25,067:55] p4
[2021-12-08 23:41:25,067:57] p5
[2021-12-08 23:41:25,067:57] p5
[2021-12-08 23:41:25,067:58] top3
