[2021-12-08 23:41:25,074:16] top1
[2021-12-08 23:41:25,074:36] not p1
[2021-12-08 23:41:25,074:38] top2
[2021-12-08 23:41:25,074:41] p3
[2021-12-08 23:41:25,074:43] p1
[2021-12-08 23:41:25,074:45] p1 and p2
[2021-12-08 23:41:25,074:47] p1 and p2 and p3
[2021-12-08 23:41:25,074:41] p3
[2021-12-08 23:41:25,074:53] not p1
[2021-12-08 23:41:25,074:41] p3
[2021-12-08 23:41:25,074:53] not p1
[2021-12-08 23:41:25,074:55] p4
[2021-12-08 23:41:25,074:55] p4
[2021-12-08 23:41:25,074:55] p4
[2021-12-08 23:41:25,074:57] p5
[2021-12-08 23:41:25,075:57] p5
[2021-12-08 23:41:25,075:55] p4
[2021-12-08 23:41:25,075:57] p5
[2021-12-08 23:41:25,075:55] p4
[2021-12-08 23:41:25,075:55] p4
[2021-12-08 23:41:25,075:57] p5
[2021-12-08 23:41:25,075:57] p5
[2021-12-08 23:41:25,075:41] p3
[2021-12-08 23:41:25,075:53] not p1
[2021-12-08 23:41:25,075:58] top3
