[2021-12-08 23:41:19,413:16] top1
[2021-12-08 23:41:19,413:18] p1
[2021-12-08 23:41:19,413:20] p1 and p2
[2021-12-08 23:41:19,413:32] p1 and p2 and not p3
[2021-12-08 23:41:19,413:38] top2
[2021-12-08 23:41:19,413:41] p3
[2021-12-08 23:41:19,413:43] p1
[2021-12-08 23:41:19,413:45] p1 and p2
[2021-12-08 23:41:19,414:49] p1 and p2 and not p3
[2021-12-08 23:41:19,414:41] p3
[2021-12-08 23:41:19,414:53] not p1
[2021-12-08 23:41:19,414:41] p3
[2021-12-08 23:41:19,414:43] p1
[2021-12-08 23:41:19,414:51] p1 and not p2
[2021-12-08 23:41:19,414:55] p4
[2021-12-08 23:41:19,414:55] p4
[2021-12-08 23:41:19,414:57] p5
[2021-12-08 23:41:19,414:57] p5
[2021-12-08 23:41:19,414:57] p5
[2021-12-08 23:41:19,414:58] top3
