[2021-12-08 23:41:25,093:16] top1
[2021-12-08 23:41:25,093:18] p1
[2021-12-08 23:41:25,093:20] p1 and p2
[2021-12-08 23:41:25,093:22] p1 and p2 and p3
[2021-12-08 23:41:25,093:30] p1 and p2 and p3 and not p4
[2021-12-08 23:41:25,093:38] top2
[2021-12-08 23:41:25,093:41] p3
[2021-12-08 23:41:25,093:53] not p1
[2021-12-08 23:41:25,093:41] p3
[2021-12-08 23:41:25,093:43] p1
[2021-12-08 23:41:25,093:51] p1 and not p2
[2021-12-08 23:41:25,093:55] p4
[2021-12-08 23:41:25,093:57] p5
[2021-12-08 23:41:25,093:57] p5
[2021-12-08 23:41:25,093:55] p4
[2021-12-08 23:41:25,093:57] p5
[2021-12-08 23:41:25,093:55] p4
[2021-12-08 23:41:25,093:55] p4
[2021-12-08 23:41:25,094:57] p5
[2021-12-08 23:41:25,094:55] p4
[2021-12-08 23:41:25,094:55] p4
[2021-12-08 23:41:25,094:41] p3
[2021-12-08 23:41:25,094:43] p1
[2021-12-08 23:41:25,094:51] p1 and not p2
[2021-12-08 23:41:25,094:55] p4
[2021-12-08 23:41:25,094:57] p5
[2021-12-08 23:41:25,094:57] p5
[2021-12-08 23:41:25,094:58] top3
