[2021-12-08 23:41:25,098:16] top1
[2021-12-08 23:41:25,098:36] not p1
[2021-12-08 23:41:25,098:38] top2
[2021-12-08 23:41:25,098:41] p3
[2021-12-08 23:41:25,098:43] p1
[2021-12-08 23:41:25,098:51] p1 and not p2
[2021-12-08 23:41:25,098:55] p4
[2021-12-08 23:41:25,099:55] p4
[2021-12-08 23:41:25,099:41] p3
[2021-12-08 23:41:25,099:43] p1
[2021-12-08 23:41:25,099:45] p1 and p2
[2021-12-08 23:41:25,099:47] p1 and p2 and p3
[2021-12-08 23:41:25,099:41] p3
[2021-12-08 23:41:25,099:43] p1
[2021-12-08 23:41:25,099:45] p1 and p2
[2021-12-08 23:41:25,099:49] p1 and p2 and not p3
[2021-12-08 23:41:25,099:55] p4
[2021-12-08 23:41:25,099:41] p3
[2021-12-08 23:41:25,099:43] p1
[2021-12-08 23:41:25,099:51] p1 and not p2
[2021-12-08 23:41:25,099:58] top3
