[2021-12-08 23:41:25,133:16] top1
[2021-12-08 23:41:25,133:18] p1
[2021-12-08 23:41:25,133:34] p1 and not p2
[2021-12-08 23:41:25,134:38] top2
[2021-12-08 23:41:25,134:41] p3
[2021-12-08 23:41:25,134:53] not p1
[2021-12-08 23:41:25,134:55] p4
[2021-12-08 23:41:25,134:55] p4
[2021-12-08 23:41:25,134:55] p4
[2021-12-08 23:41:25,134:57] p5
[2021-12-08 23:41:25,134:57] p5
[2021-12-08 23:41:25,134:41] p3
[2021-12-08 23:41:25,134:53] not p1
[2021-12-08 23:41:25,134:55] p4
[2021-12-08 23:41:25,134:57] p5
[2021-12-08 23:41:25,134:57] p5
[2021-12-08 23:41:25,134:55] p4
[2021-12-08 23:41:25,134:55] p4
[2021-12-08 23:41:25,134:57] p5
[2021-12-08 23:41:25,135:57] p5
[2021-12-08 23:41:25,135:41] p3
[2021-12-08 23:41:25,135:43] p1
[2021-12-08 23:41:25,135:45] p1 and p2
[2021-12-08 23:41:25,135:47] p1 and p2 and p3
[2021-12-08 23:41:25,135:55] p4
[2021-12-08 23:41:25,135:58] top3
