[2021-12-08 23:41:25,150:16] top1
[2021-12-08 23:41:25,150:18] p1
[2021-12-08 23:41:25,150:20] p1 and p2
[2021-12-08 23:41:25,150:22] p1 and p2 and p3
[2021-12-08 23:41:25,150:24] p1 and p2 and p3 and p4
[2021-12-08 23:41:25,150:26] p1 and p2 and p3 and p4 and p5
[2021-12-08 23:41:25,150:38] top2
[2021-12-08 23:41:25,150:41] p3
[2021-12-08 23:41:25,150:53] not p1
[2021-12-08 23:41:25,150:55] p4
[2021-12-08 23:41:25,150:57] p5
[2021-12-08 23:41:25,150:57] p5
[2021-12-08 23:41:25,151:57] p5
[2021-12-08 23:41:25,151:55] p4
[2021-12-08 23:41:25,151:55] p4
[2021-12-08 23:41:25,151:55] p4
[2021-12-08 23:41:25,151:41] p3
[2021-12-08 23:41:25,151:43] p1
[2021-12-08 23:41:25,151:45] p1 and p2
[2021-12-08 23:41:25,151:47] p1 and p2 and p3
[2021-12-08 23:41:25,151:58] top3
