[2021-12-08 23:41:25,157:16] top1
[2021-12-08 23:41:25,157:36] not p1
[2021-12-08 23:41:25,158:38] top2
[2021-12-08 23:41:25,158:41] p3
[2021-12-08 23:41:25,158:43] p1
[2021-12-08 23:41:25,158:45] p1 and p2
[2021-12-08 23:41:25,158:49] p1 and p2 and not p3
[2021-12-08 23:41:25,158:55] p4
[2021-12-08 23:41:25,158:57] p5
[2021-12-08 23:41:25,158:57] p5
[2021-12-08 23:41:25,158:57] p5
[2021-12-08 23:41:25,158:57] p5
[2021-12-08 23:41:25,158:57] p5
[2021-12-08 23:41:25,158:55] p4
[2021-12-08 23:41:25,158:57] p5
[2021-12-08 23:41:25,158:41] p3
[2021-12-08 23:41:25,158:43] p1
[2021-12-08 23:41:25,158:45] p1 and p2
[2021-12-08 23:41:25,158:49] p1 and p2 and not p3
[2021-12-08 23:41:25,158:55] p4
[2021-12-08 23:41:25,158:55] p4
[2021-12-08 23:41:25,158:55] p4
[2021-12-08 23:41:25,159:57] p5
[2021-12-08 23:41:25,159:57] p5
[2021-12-08 23:41:25,159:57] p5
[2021-12-08 23:41:25,159:57] p5
[2021-12-08 23:41:25,159:57] p5
[2021-12-08 23:41:25,159:57] p5
[2021-12-08 23:41:25,159:57] p5
[2021-12-08 23:41:25,159:57] p5
[2021-12-08 23:41:25,159:41] p3
[2021-12-08 23:41:25,159:53] not p1
[2021-12-08 23:41:25,159:41] p3
[2021-12-08 23:41:25,159:43] p1
[2021-12-08 23:41:25,159:45] p1 and p2
[2021-12-08 23:41:25,159:47] p1 and p2 and p3
[2021-12-08 23:41:25,159:55] p4
[2021-12-08 23:41:25,159:55] p4
[2021-12-08 23:41:25,159:55] p4
[2021-12-08 23:41:25,159:58] top3
