[2021-12-08 23:41:25,167:16] top1
[2021-12-08 23:41:25,167:36] not p1
[2021-12-08 23:41:25,167:38] top2
[2021-12-08 23:41:25,167:41] p3
[2021-12-08 23:41:25,167:43] p1
[2021-12-08 23:41:25,168:45] p1 and p2
[2021-12-08 23:41:25,168:47] p1 and p2 and p3
[2021-12-08 23:41:25,168:55] p4
[2021-12-08 23:41:25,168:55] p4
[2021-12-08 23:41:25,168:57] p5
[2021-12-08 23:41:25,168:57] p5
[2021-12-08 23:41:25,168:57] p5
[2021-12-08 23:41:25,168:41] p3
[2021-12-08 23:41:25,168:53] not p1
[2021-12-08 23:41:25,168:55] p4
[2021-12-08 23:41:25,168:41] p3
[2021-12-08 23:41:25,168:43] p1
[2021-12-08 23:41:25,168:51] p1 and not p2
[2021-12-08 23:41:25,168:55] p4
[2021-12-08 23:41:25,168:57] p5
[2021-12-08 23:41:25,168:58] top3
