[2021-12-08 23:41:25,192:16] top1
[2021-12-08 23:41:25,192:18] p1
[2021-12-08 23:41:25,192:20] p1 and p2
[2021-12-08 23:41:25,192:22] p1 and p2 and p3
[2021-12-08 23:41:25,192:24] p1 and p2 and p3 and p4
[2021-12-08 23:41:25,192:26] p1 and p2 and p3 and p4 and p5
[2021-12-08 23:41:25,192:38] top2
[2021-12-08 23:41:25,192:41] p3
[2021-12-08 23:41:25,192:53] not p1
[2021-12-08 23:41:25,192:55] p4
[2021-12-08 23:41:25,192:41] p3
[2021-12-08 23:41:25,192:43] p1
[2021-12-08 23:41:25,193:51] p1 and not p2
[2021-12-08 23:41:25,193:55] p4
[2021-12-08 23:41:25,193:55] p4
[2021-12-08 23:41:25,193:57] p5
[2021-12-08 23:41:25,193:57] p5
[2021-12-08 23:41:25,193:55] p4
[2021-12-08 23:41:25,193:55] p4
[2021-12-08 23:41:25,193:55] p4
[2021-12-08 23:41:25,193:57] p5
[2021-12-08 23:41:25,193:55] p4
[2021-12-08 23:41:25,193:57] p5
[2021-12-08 23:41:25,193:57] p5
[2021-12-08 23:41:25,193:57] p5
[2021-12-08 23:41:25,193:55] p4
[2021-12-08 23:41:25,193:57] p5
[2021-12-08 23:41:25,193:57] p5
[2021-12-08 23:41:25,193:55] p4
[2021-12-08 23:41:25,193:41] p3
[2021-12-08 23:41:25,193:43] p1
[2021-12-08 23:41:25,193:45] p1 and p2
[2021-12-08 23:41:25,193:49] p1 and p2 and not p3
[2021-12-08 23:41:25,193:58] top3
