[2021-12-08 23:41:25,207:16] top1
[2021-12-08 23:41:25,207:36] not p1
[2021-12-08 23:41:25,207:38] top2
[2021-12-08 23:41:25,207:41] p3
[2021-12-08 23:41:25,207:53] not p1
[2021-12-08 23:41:25,207:41] p3
[2021-12-08 23:41:25,207:53] not p1
[2021-12-08 23:41:25,207:55] p4
[2021-12-08 23:41:25,208:57] p5
[2021-12-08 23:41:25,208:57] p5
[2021-12-08 23:41:25,208:57] p5
[2021-12-08 23:41:25,208:55] p4
[2021-12-08 23:41:25,208:57] p5
[2021-12-08 23:41:25,208:41] p3
[2021-12-08 23:41:25,208:43] p1
[2021-12-08 23:41:25,208:51] p1 and not p2
[2021-12-08 23:41:25,208:55] p4
[2021-12-08 23:41:25,208:57] p5
[2021-12-08 23:41:25,208:57] p5
[2021-12-08 23:41:25,208:57] p5
[2021-12-08 23:41:25,208:41] p3
[2021-12-08 23:41:25,208:53] not p1
[2021-12-08 23:41:25,208:55] p4
[2021-12-08 23:41:25,208:57] p5
[2021-12-08 23:41:25,208:57] p5
[2021-12-08 23:41:25,208:57] p5
[2021-12-08 23:41:25,208:55] p4
[2021-12-08 23:41:25,208:57] p5
[2021-12-08 23:41:25,208:55] p4
[2021-12-08 23:41:25,208:55] p4
[2021-12-08 23:41:25,209:55] p4
[2021-12-08 23:41:25,209:41] p3
[2021-12-08 23:41:25,209:53] not p1
[2021-12-08 23:41:25,209:55] p4
[2021-12-08 23:41:25,209:57] p5
[2021-12-08 23:41:25,209:41] p3
[2021-12-08 23:41:25,209:43] p1
[2021-12-08 23:41:25,209:45] p1 and p2
[2021-12-08 23:41:25,209:49] p1 and p2 and not p3
[2021-12-08 23:41:25,209:55] p4
[2021-12-08 23:41:25,209:57] p5
[2021-12-08 23:41:25,209:57] p5
[2021-12-08 23:41:25,209:57] p5
[2021-12-08 23:41:25,209:57] p5
[2021-12-08 23:41:25,209:58] top3
