[2021-12-08 23:41:25,218:16] top1
[2021-12-08 23:41:25,218:18] p1
[2021-12-08 23:41:25,218:20] p1 and p2
[2021-12-08 23:41:25,218:22] p1 and p2 and p3
[2021-12-08 23:41:25,218:24] p1 and p2 and p3 and p4
[2021-12-08 23:41:25,218:28] p1 and p2 and p3 and p4 and not p5
[2021-12-08 23:41:25,218:38] top2
[2021-12-08 23:41:25,218:41] p3
[2021-12-08 23:41:25,218:53] not p1
[2021-12-08 23:41:25,218:55] p4
[2021-12-08 23:41:25,219:57] p5
[2021-12-08 23:41:25,219:57] p5
[2021-12-08 23:41:25,219:57] p5
[2021-12-08 23:41:25,219:57] p5
[2021-12-08 23:41:25,219:41] p3
[2021-12-08 23:41:25,219:53] not p1
[2021-12-08 23:41:25,219:41] p3
[2021-12-08 23:41:25,219:43] p1
[2021-12-08 23:41:25,219:45] p1 and p2
[2021-12-08 23:41:25,219:47] p1 and p2 and p3
[2021-12-08 23:41:25,219:58] top3
