[2021-12-08 23:41:25,221:16] top1
[2021-12-08 23:41:25,221:36] not p1
[2021-12-08 23:41:25,221:38] top2
[2021-12-08 23:41:25,221:41] p3
[2021-12-08 23:41:25,221:43] p1
[2021-12-08 23:41:25,221:51] p1 and not p2
[2021-12-08 23:41:25,221:55] p4
[2021-12-08 23:41:25,221:55] p4
[2021-12-08 23:41:25,221:57] p5
[2021-12-08 23:41:25,221:57] p5
[2021-12-08 23:41:25,221:57] p5
[2021-12-08 23:41:25,221:55] p4
[2021-12-08 23:41:25,222:57] p5
[2021-12-08 23:41:25,222:57] p5
[2021-12-08 23:41:25,222:41] p3
[2021-12-08 23:41:25,222:53] not p1
[2021-12-08 23:41:25,222:41] p3
[2021-12-08 23:41:25,222:43] p1
[2021-12-08 23:41:25,222:45] p1 and p2
[2021-12-08 23:41:25,222:49] p1 and p2 and not p3
[2021-12-08 23:41:25,222:58] top3
