[2021-12-08 23:41:25,229:16] top1
[2021-12-08 23:41:25,229:18] p1
[2021-12-08 23:41:25,229:20] p1 and p2
[2021-12-08 23:41:25,229:32] p1 and p2 and not p3
[2021-12-08 23:41:25,229:38] top2
[2021-12-08 23:41:25,229:41] p3
[2021-12-08 23:41:25,229:53] not p1
[2021-12-08 23:41:25,229:55] p4
[2021-12-08 23:41:25,229:57] p5
[2021-12-08 23:41:25,229:55] p4
[2021-12-08 23:41:25,229:57] p5
[2021-12-08 23:41:25,229:57] p5
[2021-12-08 23:41:25,229:41] p3
[2021-12-08 23:41:25,230:53] not p1
[2021-12-08 23:41:25,230:55] p4
[2021-12-08 23:41:25,230:41] p3
[2021-12-08 23:41:25,230:43] p1
[2021-12-08 23:41:25,230:45] p1 and p2
[2021-12-08 23:41:25,230:47] p1 and p2 and p3
[2021-12-08 23:41:25,230:41] p3
[2021-12-08 23:41:25,230:43] p1
[2021-12-08 23:41:25,230:51] p1 and not p2
[2021-12-08 23:41:25,230:58] top3
