[2021-12-08 23:41:25,231:16] top1
[2021-12-08 23:41:25,231:36] not p1
[2021-12-08 23:41:25,231:38] top2
[2021-12-08 23:41:25,231:41] p3
[2021-12-08 23:41:25,231:53] not p1
[2021-12-08 23:41:25,232:55] p4
[2021-12-08 23:41:25,232:55] p4
[2021-12-08 23:41:25,232:57] p5
[2021-12-08 23:41:25,232:57] p5
[2021-12-08 23:41:25,232:55] p4
[2021-12-08 23:41:25,232:57] p5
[2021-12-08 23:41:25,232:57] p5
[2021-12-08 23:41:25,232:57] p5
[2021-12-08 23:41:25,232:57] p5
[2021-12-08 23:41:25,232:57] p5
[2021-12-08 23:41:25,232:57] p5
[2021-12-08 23:41:25,232:57] p5
[2021-12-08 23:41:25,232:55] p4
[2021-12-08 23:41:25,232:41] p3
[2021-12-08 23:41:25,232:53] not p1
[2021-12-08 23:41:25,232:55] p4
[2021-12-08 23:41:25,232:55] p4
[2021-12-08 23:41:25,232:57] p5
[2021-12-08 23:41:25,232:57] p5
[2021-12-08 23:41:25,232:57] p5
[2021-12-08 23:41:25,232:57] p5
[2021-12-08 23:41:25,232:57] p5
[2021-12-08 23:41:25,233:57] p5
[2021-12-08 23:41:25,233:57] p5
[2021-12-08 23:41:25,233:57] p5
[2021-12-08 23:41:25,233:57] p5
[2021-12-08 23:41:25,233:41] p3
[2021-12-08 23:41:25,233:43] p1
[2021-12-08 23:41:25,233:45] p1 and p2
[2021-12-08 23:41:25,233:47] p1 and p2 and p3
[2021-12-08 23:41:25,233:55] p4
[2021-12-08 23:41:25,233:57] p5
[2021-12-08 23:41:25,233:57] p5
[2021-12-08 23:41:25,233:55] p4
[2021-12-08 23:41:25,233:57] p5
[2021-12-08 23:41:25,233:57] p5
[2021-12-08 23:41:25,233:41] p3
[2021-12-08 23:41:25,233:53] not p1
[2021-12-08 23:41:25,233:55] p4
[2021-12-08 23:41:25,233:55] p4
[2021-12-08 23:41:25,233:41] p3
[2021-12-08 23:41:25,233:53] not p1
[2021-12-08 23:41:25,233:58] top3
