[2021-12-08 23:41:25,256:16] top1
[2021-12-08 23:41:25,257:18] p1
[2021-12-08 23:41:25,257:34] p1 and not p2
[2021-12-08 23:41:25,257:38] top2
[2021-12-08 23:41:25,257:41] p3
[2021-12-08 23:41:25,257:43] p1
[2021-12-08 23:41:25,257:45] p1 and p2
[2021-12-08 23:41:25,257:47] p1 and p2 and p3
[2021-12-08 23:41:25,257:41] p3
[2021-12-08 23:41:25,257:43] p1
[2021-12-08 23:41:25,257:51] p1 and not p2
[2021-12-08 23:41:25,257:41] p3
[2021-12-08 23:41:25,257:43] p1
[2021-12-08 23:41:25,257:51] p1 and not p2
[2021-12-08 23:41:25,257:55] p4
[2021-12-08 23:41:25,257:41] p3
[2021-12-08 23:41:25,257:53] not p1
[2021-12-08 23:41:25,257:41] p3
[2021-12-08 23:41:25,257:43] p1
[2021-12-08 23:41:25,257:45] p1 and p2
[2021-12-08 23:41:25,257:49] p1 and p2 and not p3
[2021-12-08 23:41:25,257:41] p3
[2021-12-08 23:41:25,257:53] not p1
[2021-12-08 23:41:25,258:55] p4
[2021-12-08 23:41:25,258:57] p5
[2021-12-08 23:41:25,258:57] p5
[2021-12-08 23:41:25,258:57] p5
[2021-12-08 23:41:25,258:55] p4
[2021-12-08 23:41:25,258:57] p5
[2021-12-08 23:41:25,258:41] p3
[2021-12-08 23:41:25,258:53] not p1
[2021-12-08 23:41:25,258:58] top3
