[2021-12-08 23:41:25,260:16] top1
[2021-12-08 23:41:25,260:36] not p1
[2021-12-08 23:41:25,260:38] top2
[2021-12-08 23:41:25,260:41] p3
[2021-12-08 23:41:25,260:43] p1
[2021-12-08 23:41:25,260:45] p1 and p2
[2021-12-08 23:41:25,260:47] p1 and p2 and p3
[2021-12-08 23:41:25,260:55] p4
[2021-12-08 23:41:25,260:41] p3
[2021-12-08 23:41:25,260:53] not p1
[2021-12-08 23:41:25,260:41] p3
[2021-12-08 23:41:25,260:43] p1
[2021-12-08 23:41:25,260:45] p1 and p2
[2021-12-08 23:41:25,260:47] p1 and p2 and p3
[2021-12-08 23:41:25,260:55] p4
[2021-12-08 23:41:25,260:57] p5
[2021-12-08 23:41:25,260:57] p5
[2021-12-08 23:41:25,261:57] p5
[2021-12-08 23:41:25,261:57] p5
[2021-12-08 23:41:25,261:57] p5
[2021-12-08 23:41:25,261:55] p4
[2021-12-08 23:41:25,261:57] p5
[2021-12-08 23:41:25,261:57] p5
[2021-12-08 23:41:25,261:57] p5
[2021-12-08 23:41:25,261:57] p5
[2021-12-08 23:41:25,261:55] p4
[2021-12-08 23:41:25,261:57] p5
[2021-12-08 23:41:25,261:57] p5
[2021-12-08 23:41:25,261:57] p5
[2021-12-08 23:41:25,261:57] p5
[2021-12-08 23:41:25,261:41] p3
[2021-12-08 23:41:25,261:43] p1
[2021-12-08 23:41:25,261:45] p1 and p2
[2021-12-08 23:41:25,261:47] p1 and p2 and p3
[2021-12-08 23:41:25,261:55] p4
[2021-12-08 23:41:25,261:55] p4
[2021-12-08 23:41:25,262:55] p4
[2021-12-08 23:41:25,262:55] p4
[2021-12-08 23:41:25,262:57] p5
[2021-12-08 23:41:25,262:57] p5
[2021-12-08 23:41:25,262:57] p5
[2021-12-08 23:41:25,262:57] p5
[2021-12-08 23:41:25,262:57] p5
[2021-12-08 23:41:25,262:57] p5
[2021-12-08 23:41:25,262:55] p4
[2021-12-08 23:41:25,262:57] p5
[2021-12-08 23:41:25,262:55] p4
[2021-12-08 23:41:25,262:58] top3
