[2021-12-08 23:41:25,270:16] top1
[2021-12-08 23:41:25,270:18] p1
[2021-12-08 23:41:25,270:20] p1 and p2
[2021-12-08 23:41:25,270:22] p1 and p2 and p3
[2021-12-08 23:41:25,270:30] p1 and p2 and p3 and not p4
[2021-12-08 23:41:25,270:38] top2
[2021-12-08 23:41:25,270:41] p3
[2021-12-08 23:41:25,270:43] p1
[2021-12-08 23:41:25,270:45] p1 and p2
[2021-12-08 23:41:25,270:47] p1 and p2 and p3
[2021-12-08 23:41:25,271:55] p4
[2021-12-08 23:41:25,271:57] p5
[2021-12-08 23:41:25,271:57] p5
[2021-12-08 23:41:25,271:55] p4
[2021-12-08 23:41:25,271:57] p5
[2021-12-08 23:41:25,271:57] p5
[2021-12-08 23:41:25,271:57] p5
[2021-12-08 23:41:25,271:41] p3
[2021-12-08 23:41:25,271:53] not p1
[2021-12-08 23:41:25,271:55] p4
[2021-12-08 23:41:25,271:57] p5
[2021-12-08 23:41:25,271:57] p5
[2021-12-08 23:41:25,271:55] p4
[2021-12-08 23:41:25,271:57] p5
[2021-12-08 23:41:25,271:41] p3
[2021-12-08 23:41:25,271:43] p1
[2021-12-08 23:41:25,271:45] p1 and p2
[2021-12-08 23:41:25,271:49] p1 and p2 and not p3
[2021-12-08 23:41:25,271:58] top3
