[2021-12-08 23:41:25,275:16] top1
[2021-12-08 23:41:25,275:36] not p1
[2021-12-08 23:41:25,275:38] top2
[2021-12-08 23:41:25,275:41] p3
[2021-12-08 23:41:25,275:53] not p1
[2021-12-08 23:41:25,275:55] p4
[2021-12-08 23:41:25,275:57] p5
[2021-12-08 23:41:25,276:41] p3
[2021-12-08 23:41:25,276:53] not p1
[2021-12-08 23:41:25,276:41] p3
[2021-12-08 23:41:25,276:43] p1
[2021-12-08 23:41:25,276:45] p1 and p2
[2021-12-08 23:41:25,276:49] p1 and p2 and not p3
[2021-12-08 23:41:25,276:55] p4
[2021-12-08 23:41:25,276:41] p3
[2021-12-08 23:41:25,276:53] not p1
[2021-12-08 23:41:25,276:55] p4
[2021-12-08 23:41:25,276:57] p5
[2021-12-08 23:41:25,276:55] p4
[2021-12-08 23:41:25,276:57] p5
[2021-12-08 23:41:25,276:55] p4
[2021-12-08 23:41:25,276:58] top3
