[2021-12-08 23:41:25,288:16] top1
[2021-12-08 23:41:25,288:36] not p1
[2021-12-08 23:41:25,288:38] top2
[2021-12-08 23:41:25,288:41] p3
[2021-12-08 23:41:25,288:43] p1
[2021-12-08 23:41:25,288:45] p1 and p2
[2021-12-08 23:41:25,288:49] p1 and p2 and not p3
[2021-12-08 23:41:25,288:55] p4
[2021-12-08 23:41:25,288:57] p5
[2021-12-08 23:41:25,288:55] p4
[2021-12-08 23:41:25,288:55] p4
[2021-12-08 23:41:25,288:55] p4
[2021-12-08 23:41:25,288:57] p5
[2021-12-08 23:41:25,288:41] p3
[2021-12-08 23:41:25,288:43] p1
[2021-12-08 23:41:25,288:51] p1 and not p2
[2021-12-08 23:41:25,288:55] p4
[2021-12-08 23:41:25,288:57] p5
[2021-12-08 23:41:25,289:57] p5
[2021-12-08 23:41:25,289:57] p5
[2021-12-08 23:41:25,289:57] p5
[2021-12-08 23:41:25,289:57] p5
[2021-12-08 23:41:25,289:41] p3
[2021-12-08 23:41:25,289:43] p1
[2021-12-08 23:41:25,289:45] p1 and p2
[2021-12-08 23:41:25,289:49] p1 and p2 and not p3
[2021-12-08 23:41:25,289:41] p3
[2021-12-08 23:41:25,289:43] p1
[2021-12-08 23:41:25,289:51] p1 and not p2
[2021-12-08 23:41:25,289:55] p4
[2021-12-08 23:41:25,289:55] p4
[2021-12-08 23:41:25,289:57] p5
[2021-12-08 23:41:25,289:55] p4
[2021-12-08 23:41:25,289:55] p4
[2021-12-08 23:41:25,289:57] p5
[2021-12-08 23:41:25,289:55] p4
[2021-12-08 23:41:25,289:55] p4
[2021-12-08 23:41:25,289:57] p5
[2021-12-08 23:41:25,289:57] p5
[2021-12-08 23:41:25,289:41] p3
[2021-12-08 23:41:25,290:43] p1
[2021-12-08 23:41:25,290:51] p1 and not p2
[2021-12-08 23:41:25,290:55] p4
[2021-12-08 23:41:25,290:57] p5
[2021-12-08 23:41:25,290:55] p4
[2021-12-08 23:41:25,290:57] p5
[2021-12-08 23:41:25,290:41] p3
[2021-12-08 23:41:25,290:53] not p1
[2021-12-08 23:41:25,290:41] p3
[2021-12-08 23:41:25,290:53] not p1
[2021-12-08 23:41:25,290:55] p4
[2021-12-08 23:41:25,290:57] p5
[2021-12-08 23:41:25,290:58] top3
