[2021-12-08 23:41:25,301:16] top1
[2021-12-08 23:41:25,301:18] p1
[2021-12-08 23:41:25,301:20] p1 and p2
[2021-12-08 23:41:25,301:32] p1 and p2 and not p3
[2021-12-08 23:41:25,301:38] top2
[2021-12-08 23:41:25,301:41] p3
[2021-12-08 23:41:25,301:43] p1
[2021-12-08 23:41:25,301:51] p1 and not p2
[2021-12-08 23:41:25,301:41] p3
[2021-12-08 23:41:25,301:43] p1
[2021-12-08 23:41:25,301:45] p1 and p2
[2021-12-08 23:41:25,301:49] p1 and p2 and not p3
[2021-12-08 23:41:25,301:41] p3
[2021-12-08 23:41:25,301:43] p1
[2021-12-08 23:41:25,301:45] p1 and p2
[2021-12-08 23:41:25,302:49] p1 and p2 and not p3
[2021-12-08 23:41:25,302:41] p3
[2021-12-08 23:41:25,302:43] p1
[2021-12-08 23:41:25,302:45] p1 and p2
[2021-12-08 23:41:25,302:47] p1 and p2 and p3
[2021-12-08 23:41:25,302:55] p4
[2021-12-08 23:41:25,302:57] p5
[2021-12-08 23:41:25,302:58] top3
