[2021-12-08 23:41:25,314:16] top1
[2021-12-08 23:41:25,314:18] p1
[2021-12-08 23:41:25,314:20] p1 and p2
[2021-12-08 23:41:25,314:22] p1 and p2 and p3
[2021-12-08 23:41:25,315:30] p1 and p2 and p3 and not p4
[2021-12-08 23:41:25,315:38] top2
[2021-12-08 23:41:25,315:41] p3
[2021-12-08 23:41:25,315:43] p1
[2021-12-08 23:41:25,315:45] p1 and p2
[2021-12-08 23:41:25,315:47] p1 and p2 and p3
[2021-12-08 23:41:25,315:55] p4
[2021-12-08 23:41:25,315:57] p5
[2021-12-08 23:41:25,315:57] p5
[2021-12-08 23:41:25,315:57] p5
[2021-12-08 23:41:25,315:57] p5
[2021-12-08 23:41:25,315:55] p4
[2021-12-08 23:41:25,315:41] p3
[2021-12-08 23:41:25,315:43] p1
[2021-12-08 23:41:25,315:51] p1 and not p2
[2021-12-08 23:41:25,315:58] top3
