[2021-12-08 23:41:25,317:16] top1
[2021-12-08 23:41:25,317:18] p1
[2021-12-08 23:41:25,317:20] p1 and p2
[2021-12-08 23:41:25,317:22] p1 and p2 and p3
[2021-12-08 23:41:25,317:30] p1 and p2 and p3 and not p4
[2021-12-08 23:41:25,317:38] top2
[2021-12-08 23:41:25,317:41] p3
[2021-12-08 23:41:25,317:53] not p1
[2021-12-08 23:41:25,317:55] p4
[2021-12-08 23:41:25,317:57] p5
[2021-12-08 23:41:25,317:57] p5
[2021-12-08 23:41:25,317:55] p4
[2021-12-08 23:41:25,317:55] p4
[2021-12-08 23:41:25,318:57] p5
[2021-12-08 23:41:25,318:55] p4
[2021-12-08 23:41:25,318:57] p5
[2021-12-08 23:41:25,318:41] p3
[2021-12-08 23:41:25,318:43] p1
[2021-12-08 23:41:25,318:45] p1 and p2
[2021-12-08 23:41:25,318:47] p1 and p2 and p3
[2021-12-08 23:41:25,318:55] p4
[2021-12-08 23:41:25,318:57] p5
[2021-12-08 23:41:25,318:57] p5
[2021-12-08 23:41:25,318:41] p3
[2021-12-08 23:41:25,318:53] not p1
[2021-12-08 23:41:25,318:55] p4
[2021-12-08 23:41:25,318:41] p3
[2021-12-08 23:41:25,318:53] not p1
[2021-12-08 23:41:25,318:41] p3
[2021-12-08 23:41:25,318:53] not p1
[2021-12-08 23:41:25,318:41] p3
[2021-12-08 23:41:25,318:43] p1
[2021-12-08 23:41:25,318:45] p1 and p2
[2021-12-08 23:41:25,318:49] p1 and p2 and not p3
[2021-12-08 23:41:25,319:55] p4
[2021-12-08 23:41:25,319:57] p5
[2021-12-08 23:41:25,319:55] p4
[2021-12-08 23:41:25,319:57] p5
[2021-12-08 23:41:25,319:57] p5
[2021-12-08 23:41:25,319:55] p4
[2021-12-08 23:41:25,319:55] p4
[2021-12-08 23:41:25,319:57] p5
[2021-12-08 23:41:25,319:55] p4
[2021-12-08 23:41:25,319:55] p4
[2021-12-08 23:41:25,319:57] p5
[2021-12-08 23:41:25,319:57] p5
[2021-12-08 23:41:25,319:55] p4
[2021-12-08 23:41:25,319:57] p5
[2021-12-08 23:41:25,319:58] top3
