[2021-12-08 23:41:25,342:16] top1
[2021-12-08 23:41:25,342:36] not p1
[2021-12-08 23:41:25,342:38] top2
[2021-12-08 23:41:25,342:41] p3
[2021-12-08 23:41:25,342:43] p1
[2021-12-08 23:41:25,342:45] p1 and p2
[2021-12-08 23:41:25,342:47] p1 and p2 and p3
[2021-12-08 23:41:25,342:55] p4
[2021-12-08 23:41:25,342:57] p5
[2021-12-08 23:41:25,342:57] p5
[2021-12-08 23:41:25,342:55] p4
[2021-12-08 23:41:25,342:41] p3
[2021-12-08 23:41:25,342:53] not p1
[2021-12-08 23:41:25,342:55] p4
[2021-12-08 23:41:25,342:57] p5
[2021-12-08 23:41:25,342:57] p5
[2021-12-08 23:41:25,343:57] p5
[2021-12-08 23:41:25,343:41] p3
[2021-12-08 23:41:25,343:43] p1
[2021-12-08 23:41:25,343:51] p1 and not p2
[2021-12-08 23:41:25,343:55] p4
[2021-12-08 23:41:25,343:41] p3
[2021-12-08 23:41:25,343:43] p1
[2021-12-08 23:41:25,343:51] p1 and not p2
[2021-12-08 23:41:25,343:55] p4
[2021-12-08 23:41:25,343:57] p5
[2021-12-08 23:41:25,343:55] p4
[2021-12-08 23:41:25,343:57] p5
[2021-12-08 23:41:25,343:57] p5
[2021-12-08 23:41:25,343:55] p4
[2021-12-08 23:41:25,343:41] p3
[2021-12-08 23:41:25,343:53] not p1
[2021-12-08 23:41:25,343:41] p3
[2021-12-08 23:41:25,343:43] p1
[2021-12-08 23:41:25,343:51] p1 and not p2
[2021-12-08 23:41:25,343:41] p3
[2021-12-08 23:41:25,344:43] p1
[2021-12-08 23:41:25,344:45] p1 and p2
[2021-12-08 23:41:25,344:49] p1 and p2 and not p3
[2021-12-08 23:41:25,344:55] p4
[2021-12-08 23:41:25,344:58] top3
