[2021-12-08 23:41:25,359:16] top1
[2021-12-08 23:41:25,359:36] not p1
[2021-12-08 23:41:25,359:38] top2
[2021-12-08 23:41:25,359:41] p3
[2021-12-08 23:41:25,359:43] p1
[2021-12-08 23:41:25,359:51] p1 and not p2
[2021-12-08 23:41:25,359:41] p3
[2021-12-08 23:41:25,359:43] p1
[2021-12-08 23:41:25,359:45] p1 and p2
[2021-12-08 23:41:25,359:47] p1 and p2 and p3
[2021-12-08 23:41:25,360:41] p3
[2021-12-08 23:41:25,360:53] not p1
[2021-12-08 23:41:25,360:41] p3
[2021-12-08 23:41:25,360:43] p1
[2021-12-08 23:41:25,360:45] p1 and p2
[2021-12-08 23:41:25,360:49] p1 and p2 and not p3
[2021-12-08 23:41:25,360:55] p4
[2021-12-08 23:41:25,360:55] p4
[2021-12-08 23:41:25,360:55] p4
[2021-12-08 23:41:25,360:57] p5
[2021-12-08 23:41:25,360:41] p3
[2021-12-08 23:41:25,360:53] not p1
[2021-12-08 23:41:25,360:55] p4
[2021-12-08 23:41:25,360:41] p3
[2021-12-08 23:41:25,360:43] p1
[2021-12-08 23:41:25,360:51] p1 and not p2
[2021-12-08 23:41:25,360:41] p3
[2021-12-08 23:41:25,361:53] not p1
[2021-12-08 23:41:25,361:41] p3
[2021-12-08 23:41:25,361:43] p1
[2021-12-08 23:41:25,361:45] p1 and p2
[2021-12-08 23:41:25,361:49] p1 and p2 and not p3
[2021-12-08 23:41:25,361:55] p4
[2021-12-08 23:41:25,361:57] p5
[2021-12-08 23:41:25,361:57] p5
[2021-12-08 23:41:25,361:57] p5
[2021-12-08 23:41:25,361:57] p5
[2021-12-08 23:41:25,361:55] p4
[2021-12-08 23:41:25,361:55] p4
[2021-12-08 23:41:25,361:57] p5
[2021-12-08 23:41:25,361:58] top3
