[2021-12-08 23:41:25,367:16] top1
[2021-12-08 23:41:25,367:36] not p1
[2021-12-08 23:41:25,367:38] top2
[2021-12-08 23:41:25,367:41] p3
[2021-12-08 23:41:25,367:43] p1
[2021-12-08 23:41:25,367:45] p1 and p2
[2021-12-08 23:41:25,367:47] p1 and p2 and p3
[2021-12-08 23:41:25,367:55] p4
[2021-12-08 23:41:25,367:57] p5
[2021-12-08 23:41:25,367:55] p4
[2021-12-08 23:41:25,367:57] p5
[2021-12-08 23:41:25,367:57] p5
[2021-12-08 23:41:25,367:57] p5
[2021-12-08 23:41:25,367:41] p3
[2021-12-08 23:41:25,367:43] p1
[2021-12-08 23:41:25,368:45] p1 and p2
[2021-12-08 23:41:25,368:49] p1 and p2 and not p3
[2021-12-08 23:41:25,368:55] p4
[2021-12-08 23:41:25,368:57] p5
[2021-12-08 23:41:25,368:55] p4
[2021-12-08 23:41:25,368:55] p4
[2021-12-08 23:41:25,368:57] p5
[2021-12-08 23:41:25,368:57] p5
[2021-12-08 23:41:25,368:57] p5
[2021-12-08 23:41:25,368:57] p5
[2021-12-08 23:41:25,368:41] p3
[2021-12-08 23:41:25,368:53] not p1
[2021-12-08 23:41:25,368:55] p4
[2021-12-08 23:41:25,368:41] p3
[2021-12-08 23:41:25,368:53] not p1
[2021-12-08 23:41:25,369:41] p3
[2021-12-08 23:41:25,369:43] p1
[2021-12-08 23:41:25,369:45] p1 and p2
[2021-12-08 23:41:25,369:49] p1 and p2 and not p3
[2021-12-08 23:41:25,369:58] top3
