[2021-12-08 23:41:25,369:16] top1
[2021-12-08 23:41:25,370:36] not p1
[2021-12-08 23:41:25,370:38] top2
[2021-12-08 23:41:25,370:41] p3
[2021-12-08 23:41:25,370:43] p1
[2021-12-08 23:41:25,370:45] p1 and p2
[2021-12-08 23:41:25,370:49] p1 and p2 and not p3
[2021-12-08 23:41:25,370:55] p4
[2021-12-08 23:41:25,370:57] p5
[2021-12-08 23:41:25,370:41] p3
[2021-12-08 23:41:25,370:43] p1
[2021-12-08 23:41:25,370:45] p1 and p2
[2021-12-08 23:41:25,371:49] p1 and p2 and not p3
[2021-12-08 23:41:25,371:41] p3
[2021-12-08 23:41:25,371:53] not p1
[2021-12-08 23:41:25,371:55] p4
[2021-12-08 23:41:25,371:57] p5
[2021-12-08 23:41:25,371:55] p4
[2021-12-08 23:41:25,371:41] p3
[2021-12-08 23:41:25,371:43] p1
[2021-12-08 23:41:25,371:45] p1 and p2
[2021-12-08 23:41:25,371:47] p1 and p2 and p3
[2021-12-08 23:41:25,372:55] p4
[2021-12-08 23:41:25,372:55] p4
[2021-12-08 23:41:25,372:57] p5
[2021-12-08 23:41:25,372:57] p5
[2021-12-08 23:41:25,372:57] p5
[2021-12-08 23:41:25,372:57] p5
[2021-12-08 23:41:25,372:57] p5
[2021-12-08 23:41:25,372:57] p5
[2021-12-08 23:41:25,372:55] p4
[2021-12-08 23:41:25,372:41] p3
[2021-12-08 23:41:25,372:53] not p1
[2021-12-08 23:41:25,372:55] p4
[2021-12-08 23:41:25,372:57] p5
[2021-12-08 23:41:25,372:57] p5
[2021-12-08 23:41:25,372:55] p4
[2021-12-08 23:41:25,372:55] p4
[2021-12-08 23:41:25,373:57] p5
[2021-12-08 23:41:25,373:58] top3
