[2021-12-08 23:41:25,375:16] top1
[2021-12-08 23:41:25,375:18] p1
[2021-12-08 23:41:25,375:20] p1 and p2
[2021-12-08 23:41:25,375:32] p1 and p2 and not p3
[2021-12-08 23:41:25,375:38] top2
[2021-12-08 23:41:25,375:41] p3
[2021-12-08 23:41:25,375:53] not p1
[2021-12-08 23:41:25,375:55] p4
[2021-12-08 23:41:25,375:55] p4
[2021-12-08 23:41:25,375:55] p4
[2021-12-08 23:41:25,375:57] p5
[2021-12-08 23:41:25,375:55] p4
[2021-12-08 23:41:25,375:57] p5
[2021-12-08 23:41:25,375:57] p5
[2021-12-08 23:41:25,375:57] p5
[2021-12-08 23:41:25,375:55] p4
[2021-12-08 23:41:25,375:57] p5
[2021-12-08 23:41:25,375:41] p3
[2021-12-08 23:41:25,375:43] p1
[2021-12-08 23:41:25,376:51] p1 and not p2
[2021-12-08 23:41:25,376:55] p4
[2021-12-08 23:41:25,376:57] p5
[2021-12-08 23:41:25,376:55] p4
[2021-12-08 23:41:25,376:55] p4
[2021-12-08 23:41:25,376:57] p5
[2021-12-08 23:41:25,376:57] p5
[2021-12-08 23:41:25,376:55] p4
[2021-12-08 23:41:25,376:57] p5
[2021-12-08 23:41:25,376:57] p5
[2021-12-08 23:41:25,376:57] p5
[2021-12-08 23:41:25,376:57] p5
[2021-12-08 23:41:25,376:57] p5
[2021-12-08 23:41:25,376:57] p5
[2021-12-08 23:41:25,377:57] p5
[2021-12-08 23:41:25,377:57] p5
[2021-12-08 23:41:25,377:41] p3
[2021-12-08 23:41:25,377:43] p1
[2021-12-08 23:41:25,377:45] p1 and p2
[2021-12-08 23:41:25,377:47] p1 and p2 and p3
[2021-12-08 23:41:25,377:58] top3
