[2021-12-08 23:41:19,466:16] top1
[2021-12-08 23:41:19,466:18] p1
[2021-12-08 23:41:19,466:20] p1 and p2
[2021-12-08 23:41:19,466:32] p1 and p2 and not p3
[2021-12-08 23:41:19,466:38] top2
[2021-12-08 23:41:19,467:41] p3
[2021-12-08 23:41:19,467:43] p1
[2021-12-08 23:41:19,467:51] p1 and not p2
[2021-12-08 23:41:19,467:41] p3
[2021-12-08 23:41:19,467:43] p1
[2021-12-08 23:41:19,467:45] p1 and p2
[2021-12-08 23:41:19,467:49] p1 and p2 and not p3
[2021-12-08 23:41:19,467:55] p4
[2021-12-08 23:41:19,467:57] p5
[2021-12-08 23:41:19,467:55] p4
[2021-12-08 23:41:19,467:57] p5
[2021-12-08 23:41:19,467:55] p4
[2021-12-08 23:41:19,467:57] p5
[2021-12-08 23:41:19,467:55] p4
[2021-12-08 23:41:19,467:57] p5
[2021-12-08 23:41:19,467:55] p4
[2021-12-08 23:41:19,468:57] p5
[2021-12-08 23:41:19,468:41] p3
[2021-12-08 23:41:19,468:53] not p1
[2021-12-08 23:41:19,468:58] top3
