[2021-12-08 23:41:25,390:16] top1
[2021-12-08 23:41:25,390:36] not p1
[2021-12-08 23:41:25,390:38] top2
[2021-12-08 23:41:25,390:41] p3
[2021-12-08 23:41:25,391:53] not p1
[2021-12-08 23:41:25,391:41] p3
[2021-12-08 23:41:25,391:53] not p1
[2021-12-08 23:41:25,391:55] p4
[2021-12-08 23:41:25,391:57] p5
[2021-12-08 23:41:25,391:57] p5
[2021-12-08 23:41:25,391:41] p3
[2021-12-08 23:41:25,391:43] p1
[2021-12-08 23:41:25,391:45] p1 and p2
[2021-12-08 23:41:25,391:47] p1 and p2 and p3
[2021-12-08 23:41:25,391:55] p4
[2021-12-08 23:41:25,391:57] p5
[2021-12-08 23:41:25,391:57] p5
[2021-12-08 23:41:25,391:41] p3
[2021-12-08 23:41:25,391:43] p1
[2021-12-08 23:41:25,391:51] p1 and not p2
[2021-12-08 23:41:25,391:41] p3
[2021-12-08 23:41:25,391:43] p1
[2021-12-08 23:41:25,391:51] p1 and not p2
[2021-12-08 23:41:25,391:55] p4
[2021-12-08 23:41:25,391:55] p4
[2021-12-08 23:41:25,392:57] p5
[2021-12-08 23:41:25,392:41] p3
[2021-12-08 23:41:25,392:53] not p1
[2021-12-08 23:41:25,392:41] p3
[2021-12-08 23:41:25,392:53] not p1
[2021-12-08 23:41:25,392:55] p4
[2021-12-08 23:41:25,392:55] p4
[2021-12-08 23:41:25,392:57] p5
[2021-12-08 23:41:25,392:57] p5
[2021-12-08 23:41:25,392:41] p3
[2021-12-08 23:41:25,392:53] not p1
[2021-12-08 23:41:25,392:55] p4
[2021-12-08 23:41:25,392:57] p5
[2021-12-08 23:41:25,392:41] p3
[2021-12-08 23:41:25,392:53] not p1
[2021-12-08 23:41:25,392:55] p4
[2021-12-08 23:41:25,392:57] p5
[2021-12-08 23:41:25,392:57] p5
[2021-12-08 23:41:25,392:41] p3
[2021-12-08 23:41:25,392:53] not p1
[2021-12-08 23:41:25,393:41] p3
[2021-12-08 23:41:25,393:43] p1
[2021-12-08 23:41:25,393:45] p1 and p2
[2021-12-08 23:41:25,393:49] p1 and p2 and not p3
[2021-12-08 23:41:25,393:55] p4
[2021-12-08 23:41:25,393:41] p3
[2021-12-08 23:41:25,393:43] p1
[2021-12-08 23:41:25,393:45] p1 and p2
[2021-12-08 23:41:25,393:47] p1 and p2 and p3
[2021-12-08 23:41:25,393:41] p3
[2021-12-08 23:41:25,393:43] p1
[2021-12-08 23:41:25,393:51] p1 and not p2
[2021-12-08 23:41:25,393:55] p4
[2021-12-08 23:41:25,393:57] p5
[2021-12-08 23:41:25,393:58] top3
