[2021-12-08 23:41:25,415:16] top1
[2021-12-08 23:41:25,415:18] p1
[2021-12-08 23:41:25,416:20] p1 and p2
[2021-12-08 23:41:25,416:22] p1 and p2 and p3
[2021-12-08 23:41:25,416:24] p1 and p2 and p3 and p4
[2021-12-08 23:41:25,416:28] p1 and p2 and p3 and p4 and not p5
[2021-12-08 23:41:25,416:38] top2
[2021-12-08 23:41:25,416:41] p3
[2021-12-08 23:41:25,416:43] p1
[2021-12-08 23:41:25,416:51] p1 and not p2
[2021-12-08 23:41:25,416:55] p4
[2021-12-08 23:41:25,416:57] p5
[2021-12-08 23:41:25,416:57] p5
[2021-12-08 23:41:25,416:57] p5
[2021-12-08 23:41:25,416:55] p4
[2021-12-08 23:41:25,416:57] p5
[2021-12-08 23:41:25,416:57] p5
[2021-12-08 23:41:25,416:57] p5
[2021-12-08 23:41:25,416:57] p5
[2021-12-08 23:41:25,416:57] p5
[2021-12-08 23:41:25,416:57] p5
[2021-12-08 23:41:25,416:55] p4
[2021-12-08 23:41:25,417:57] p5
[2021-12-08 23:41:25,417:57] p5
[2021-12-08 23:41:25,417:55] p4
[2021-12-08 23:41:25,417:41] p3
[2021-12-08 23:41:25,417:43] p1
[2021-12-08 23:41:25,417:51] p1 and not p2
[2021-12-08 23:41:25,417:55] p4
[2021-12-08 23:41:25,417:55] p4
[2021-12-08 23:41:25,417:41] p3
[2021-12-08 23:41:25,417:53] not p1
[2021-12-08 23:41:25,417:55] p4
[2021-12-08 23:41:25,417:55] p4
[2021-12-08 23:41:25,417:41] p3
[2021-12-08 23:41:25,417:43] p1
[2021-12-08 23:41:25,417:45] p1 and p2
[2021-12-08 23:41:25,417:49] p1 and p2 and not p3
[2021-12-08 23:41:25,417:55] p4
[2021-12-08 23:41:25,417:55] p4
[2021-12-08 23:41:25,418:55] p4
[2021-12-08 23:41:25,418:41] p3
[2021-12-08 23:41:25,418:53] not p1
[2021-12-08 23:41:25,418:58] top3
