[2021-12-08 23:41:25,419:16] top1
[2021-12-08 23:41:25,419:18] p1
[2021-12-08 23:41:25,419:34] p1 and not p2
[2021-12-08 23:41:25,419:38] top2
[2021-12-08 23:41:25,419:41] p3
[2021-12-08 23:41:25,419:43] p1
[2021-12-08 23:41:25,419:51] p1 and not p2
[2021-12-08 23:41:25,419:55] p4
[2021-12-08 23:41:25,419:57] p5
[2021-12-08 23:41:25,419:41] p3
[2021-12-08 23:41:25,419:53] not p1
[2021-12-08 23:41:25,419:55] p4
[2021-12-08 23:41:25,419:57] p5
[2021-12-08 23:41:25,419:57] p5
[2021-12-08 23:41:25,420:55] p4
[2021-12-08 23:41:25,420:55] p4
[2021-12-08 23:41:25,420:41] p3
[2021-12-08 23:41:25,420:43] p1
[2021-12-08 23:41:25,420:45] p1 and p2
[2021-12-08 23:41:25,420:47] p1 and p2 and p3
[2021-12-08 23:41:25,420:55] p4
[2021-12-08 23:41:25,420:58] top3
