[2021-12-08 23:41:25,433:16] top1
[2021-12-08 23:41:25,433:18] p1
[2021-12-08 23:41:25,433:34] p1 and not p2
[2021-12-08 23:41:25,433:38] top2
[2021-12-08 23:41:25,433:41] p3
[2021-12-08 23:41:25,433:43] p1
[2021-12-08 23:41:25,433:45] p1 and p2
[2021-12-08 23:41:25,433:49] p1 and p2 and not p3
[2021-12-08 23:41:25,433:55] p4
[2021-12-08 23:41:25,433:57] p5
[2021-12-08 23:41:25,434:57] p5
[2021-12-08 23:41:25,434:55] p4
[2021-12-08 23:41:25,434:41] p3
[2021-12-08 23:41:25,434:43] p1
[2021-12-08 23:41:25,434:51] p1 and not p2
[2021-12-08 23:41:25,434:55] p4
[2021-12-08 23:41:25,434:57] p5
[2021-12-08 23:41:25,434:55] p4
[2021-12-08 23:41:25,434:57] p5
[2021-12-08 23:41:25,434:41] p3
[2021-12-08 23:41:25,434:43] p1
[2021-12-08 23:41:25,434:45] p1 and p2
[2021-12-08 23:41:25,434:49] p1 and p2 and not p3
[2021-12-08 23:41:25,434:58] top3
