[2021-12-08 23:41:25,439:16] top1
[2021-12-08 23:41:25,439:18] p1
[2021-12-08 23:41:25,439:34] p1 and not p2
[2021-12-08 23:41:25,439:38] top2
[2021-12-08 23:41:25,439:41] p3
[2021-12-08 23:41:25,439:53] not p1
[2021-12-08 23:41:25,440:41] p3
[2021-12-08 23:41:25,440:53] not p1
[2021-12-08 23:41:25,440:41] p3
[2021-12-08 23:41:25,440:53] not p1
[2021-12-08 23:41:25,440:55] p4
[2021-12-08 23:41:25,440:55] p4
[2021-12-08 23:41:25,440:41] p3
[2021-12-08 23:41:25,440:43] p1
[2021-12-08 23:41:25,440:45] p1 and p2
[2021-12-08 23:41:25,440:47] p1 and p2 and p3
[2021-12-08 23:41:25,440:55] p4
[2021-12-08 23:41:25,440:57] p5
[2021-12-08 23:41:25,440:41] p3
[2021-12-08 23:41:25,440:53] not p1
[2021-12-08 23:41:25,440:41] p3
[2021-12-08 23:41:25,440:53] not p1
[2021-12-08 23:41:25,441:41] p3
[2021-12-08 23:41:25,441:43] p1
[2021-12-08 23:41:25,441:45] p1 and p2
[2021-12-08 23:41:25,441:47] p1 and p2 and p3
[2021-12-08 23:41:25,441:55] p4
[2021-12-08 23:41:25,441:41] p3
[2021-12-08 23:41:25,441:43] p1
[2021-12-08 23:41:25,441:45] p1 and p2
[2021-12-08 23:41:25,441:47] p1 and p2 and p3
[2021-12-08 23:41:25,441:55] p4
[2021-12-08 23:41:25,441:41] p3
[2021-12-08 23:41:25,441:43] p1
[2021-12-08 23:41:25,441:51] p1 and not p2
[2021-12-08 23:41:25,441:55] p4
[2021-12-08 23:41:25,441:41] p3
[2021-12-08 23:41:25,441:53] not p1
[2021-12-08 23:41:25,441:55] p4
[2021-12-08 23:41:25,441:58] top3
