[2021-12-08 23:41:25,448:16] top1
[2021-12-08 23:41:25,449:36] not p1
[2021-12-08 23:41:25,449:38] top2
[2021-12-08 23:41:25,449:41] p3
[2021-12-08 23:41:25,449:43] p1
[2021-12-08 23:41:25,449:51] p1 and not p2
[2021-12-08 23:41:25,449:41] p3
[2021-12-08 23:41:25,449:53] not p1
[2021-12-08 23:41:25,449:41] p3
[2021-12-08 23:41:25,449:43] p1
[2021-12-08 23:41:25,449:51] p1 and not p2
[2021-12-08 23:41:25,449:41] p3
[2021-12-08 23:41:25,449:43] p1
[2021-12-08 23:41:25,449:45] p1 and p2
[2021-12-08 23:41:25,449:49] p1 and p2 and not p3
[2021-12-08 23:41:25,449:55] p4
[2021-12-08 23:41:25,449:55] p4
[2021-12-08 23:41:25,450:41] p3
[2021-12-08 23:41:25,450:43] p1
[2021-12-08 23:41:25,450:45] p1 and p2
[2021-12-08 23:41:25,450:47] p1 and p2 and p3
[2021-12-08 23:41:25,450:55] p4
[2021-12-08 23:41:25,450:57] p5
[2021-12-08 23:41:25,450:57] p5
[2021-12-08 23:41:25,450:55] p4
[2021-12-08 23:41:25,450:57] p5
[2021-12-08 23:41:25,450:57] p5
[2021-12-08 23:41:25,450:41] p3
[2021-12-08 23:41:25,450:43] p1
[2021-12-08 23:41:25,450:51] p1 and not p2
[2021-12-08 23:41:25,450:41] p3
[2021-12-08 23:41:25,450:43] p1
[2021-12-08 23:41:25,451:51] p1 and not p2
[2021-12-08 23:41:25,451:58] top3
