[2021-12-08 23:41:25,464:16] top1
[2021-12-08 23:41:25,464:36] not p1
[2021-12-08 23:41:25,464:38] top2
[2021-12-08 23:41:25,464:41] p3
[2021-12-08 23:41:25,464:43] p1
[2021-12-08 23:41:25,464:45] p1 and p2
[2021-12-08 23:41:25,464:49] p1 and p2 and not p3
[2021-12-08 23:41:25,464:41] p3
[2021-12-08 23:41:25,464:43] p1
[2021-12-08 23:41:25,464:51] p1 and not p2
[2021-12-08 23:41:25,465:55] p4
[2021-12-08 23:41:25,465:55] p4
[2021-12-08 23:41:25,465:57] p5
[2021-12-08 23:41:25,465:57] p5
[2021-12-08 23:41:25,465:57] p5
[2021-12-08 23:41:25,465:57] p5
[2021-12-08 23:41:25,465:55] p4
[2021-12-08 23:41:25,465:57] p5
[2021-12-08 23:41:25,465:55] p4
[2021-12-08 23:41:25,465:57] p5
[2021-12-08 23:41:25,465:41] p3
[2021-12-08 23:41:25,465:43] p1
[2021-12-08 23:41:25,465:51] p1 and not p2
[2021-12-08 23:41:25,466:41] p3
[2021-12-08 23:41:25,466:53] not p1
[2021-12-08 23:41:25,466:55] p4
[2021-12-08 23:41:25,466:58] top3
