[2021-12-08 23:41:25,480:16] top1
[2021-12-08 23:41:25,480:18] p1
[2021-12-08 23:41:25,480:34] p1 and not p2
[2021-12-08 23:41:25,480:38] top2
[2021-12-08 23:41:25,480:41] p3
[2021-12-08 23:41:25,480:43] p1
[2021-12-08 23:41:25,480:45] p1 and p2
[2021-12-08 23:41:25,480:47] p1 and p2 and p3
[2021-12-08 23:41:25,480:55] p4
[2021-12-08 23:41:25,481:55] p4
[2021-12-08 23:41:25,481:57] p5
[2021-12-08 23:41:25,481:41] p3
[2021-12-08 23:41:25,481:53] not p1
[2021-12-08 23:41:25,481:55] p4
[2021-12-08 23:41:25,481:55] p4
[2021-12-08 23:41:25,481:41] p3
[2021-12-08 23:41:25,481:53] not p1
[2021-12-08 23:41:25,481:55] p4
[2021-12-08 23:41:25,481:57] p5
[2021-12-08 23:41:25,481:58] top3
