[2021-12-08 23:41:25,491:16] top1
[2021-12-08 23:41:25,491:18] p1
[2021-12-08 23:41:25,491:34] p1 and not p2
[2021-12-08 23:41:25,491:38] top2
[2021-12-08 23:41:25,491:41] p3
[2021-12-08 23:41:25,491:53] not p1
[2021-12-08 23:41:25,491:55] p4
[2021-12-08 23:41:25,491:57] p5
[2021-12-08 23:41:25,491:57] p5
[2021-12-08 23:41:25,491:57] p5
[2021-12-08 23:41:25,491:55] p4
[2021-12-08 23:41:25,491:57] p5
[2021-12-08 23:41:25,491:41] p3
[2021-12-08 23:41:25,492:43] p1
[2021-12-08 23:41:25,492:45] p1 and p2
[2021-12-08 23:41:25,492:49] p1 and p2 and not p3
[2021-12-08 23:41:25,492:55] p4
[2021-12-08 23:41:25,492:57] p5
[2021-12-08 23:41:25,492:55] p4
[2021-12-08 23:41:25,492:57] p5
[2021-12-08 23:41:25,492:55] p4
[2021-12-08 23:41:25,492:57] p5
[2021-12-08 23:41:25,492:57] p5
[2021-12-08 23:41:25,492:58] top3
