[2021-12-08 23:41:25,511:16] top1
[2021-12-08 23:41:25,511:36] not p1
[2021-12-08 23:41:25,511:38] top2
[2021-12-08 23:41:25,511:41] p3
[2021-12-08 23:41:25,511:43] p1
[2021-12-08 23:41:25,511:51] p1 and not p2
[2021-12-08 23:41:25,511:41] p3
[2021-12-08 23:41:25,511:53] not p1
[2021-12-08 23:41:25,511:41] p3
[2021-12-08 23:41:25,512:53] not p1
[2021-12-08 23:41:25,512:41] p3
[2021-12-08 23:41:25,512:43] p1
[2021-12-08 23:41:25,512:45] p1 and p2
[2021-12-08 23:41:25,512:47] p1 and p2 and p3
[2021-12-08 23:41:25,512:55] p4
[2021-12-08 23:41:25,512:57] p5
[2021-12-08 23:41:25,512:57] p5
[2021-12-08 23:41:25,512:57] p5
[2021-12-08 23:41:25,512:55] p4
[2021-12-08 23:41:25,512:57] p5
[2021-12-08 23:41:25,512:55] p4
[2021-12-08 23:41:25,512:55] p4
[2021-12-08 23:41:25,512:57] p5
[2021-12-08 23:41:25,512:55] p4
[2021-12-08 23:41:25,512:55] p4
[2021-12-08 23:41:25,512:57] p5
[2021-12-08 23:41:25,512:57] p5
[2021-12-08 23:41:25,512:41] p3
[2021-12-08 23:41:25,512:53] not p1
[2021-12-08 23:41:25,512:55] p4
[2021-12-08 23:41:25,512:58] top3
