[2021-12-08 23:41:25,548:16] top1
[2021-12-08 23:41:25,548:36] not p1
[2021-12-08 23:41:25,548:38] top2
[2021-12-08 23:41:25,548:41] p3
[2021-12-08 23:41:25,548:43] p1
[2021-12-08 23:41:25,549:45] p1 and p2
[2021-12-08 23:41:25,549:49] p1 and p2 and not p3
[2021-12-08 23:41:25,549:55] p4
[2021-12-08 23:41:25,549:57] p5
[2021-12-08 23:41:25,549:57] p5
[2021-12-08 23:41:25,549:41] p3
[2021-12-08 23:41:25,549:53] not p1
[2021-12-08 23:41:25,549:55] p4
[2021-12-08 23:41:25,549:57] p5
[2021-12-08 23:41:25,549:55] p4
[2021-12-08 23:41:25,549:57] p5
[2021-12-08 23:41:25,549:41] p3
[2021-12-08 23:41:25,549:43] p1
[2021-12-08 23:41:25,549:45] p1 and p2
[2021-12-08 23:41:25,549:49] p1 and p2 and not p3
[2021-12-08 23:41:25,549:41] p3
[2021-12-08 23:41:25,549:43] p1
[2021-12-08 23:41:25,549:51] p1 and not p2
[2021-12-08 23:41:25,549:58] top3
