[2021-12-08 23:41:25,565:16] top1
[2021-12-08 23:41:25,565:18] p1
[2021-12-08 23:41:25,565:20] p1 and p2
[2021-12-08 23:41:25,565:22] p1 and p2 and p3
[2021-12-08 23:41:25,565:24] p1 and p2 and p3 and p4
[2021-12-08 23:41:25,565:28] p1 and p2 and p3 and p4 and not p5
[2021-12-08 23:41:25,566:38] top2
[2021-12-08 23:41:25,566:41] p3
[2021-12-08 23:41:25,566:53] not p1
[2021-12-08 23:41:25,566:41] p3
[2021-12-08 23:41:25,566:53] not p1
[2021-12-08 23:41:25,566:55] p4
[2021-12-08 23:41:25,566:41] p3
[2021-12-08 23:41:25,566:53] not p1
[2021-12-08 23:41:25,566:55] p4
[2021-12-08 23:41:25,566:55] p4
[2021-12-08 23:41:25,566:55] p4
[2021-12-08 23:41:25,566:55] p4
[2021-12-08 23:41:25,566:41] p3
[2021-12-08 23:41:25,566:43] p1
[2021-12-08 23:41:25,566:51] p1 and not p2
[2021-12-08 23:41:25,566:41] p3
[2021-12-08 23:41:25,566:53] not p1
[2021-12-08 23:41:25,566:55] p4
[2021-12-08 23:41:25,566:58] top3
