[2021-12-08 23:41:25,591:16] top1
[2021-12-08 23:41:25,591:36] not p1
[2021-12-08 23:41:25,591:38] top2
[2021-12-08 23:41:25,591:41] p3
[2021-12-08 23:41:25,591:43] p1
[2021-12-08 23:41:25,591:45] p1 and p2
[2021-12-08 23:41:25,591:47] p1 and p2 and p3
[2021-12-08 23:41:25,592:55] p4
[2021-12-08 23:41:25,592:41] p3
[2021-12-08 23:41:25,592:53] not p1
[2021-12-08 23:41:25,592:41] p3
[2021-12-08 23:41:25,592:53] not p1
[2021-12-08 23:41:25,592:55] p4
[2021-12-08 23:41:25,592:57] p5
[2021-12-08 23:41:25,592:55] p4
[2021-12-08 23:41:25,592:41] p3
[2021-12-08 23:41:25,592:53] not p1
[2021-12-08 23:41:25,592:55] p4
[2021-12-08 23:41:25,593:57] p5
[2021-12-08 23:41:25,593:57] p5
[2021-12-08 23:41:25,593:58] top3
