[2021-12-08 23:41:25,608:16] top1
[2021-12-08 23:41:25,608:18] p1
[2021-12-08 23:41:25,608:20] p1 and p2
[2021-12-08 23:41:25,608:32] p1 and p2 and not p3
[2021-12-08 23:41:25,608:38] top2
[2021-12-08 23:41:25,608:41] p3
[2021-12-08 23:41:25,608:53] not p1
[2021-12-08 23:41:25,608:41] p3
[2021-12-08 23:41:25,608:43] p1
[2021-12-08 23:41:25,608:45] p1 and p2
[2021-12-08 23:41:25,608:49] p1 and p2 and not p3
[2021-12-08 23:41:25,608:41] p3
[2021-12-08 23:41:25,608:43] p1
[2021-12-08 23:41:25,609:51] p1 and not p2
[2021-12-08 23:41:25,609:41] p3
[2021-12-08 23:41:25,609:43] p1
[2021-12-08 23:41:25,609:51] p1 and not p2
[2021-12-08 23:41:25,609:55] p4
[2021-12-08 23:41:25,609:41] p3
[2021-12-08 23:41:25,609:43] p1
[2021-12-08 23:41:25,609:51] p1 and not p2
[2021-12-08 23:41:25,609:55] p4
[2021-12-08 23:41:25,609:57] p5
[2021-12-08 23:41:25,609:41] p3
[2021-12-08 23:41:25,609:43] p1
[2021-12-08 23:41:25,609:45] p1 and p2
[2021-12-08 23:41:25,609:49] p1 and p2 and not p3
[2021-12-08 23:41:25,609:55] p4
[2021-12-08 23:41:25,609:57] p5
[2021-12-08 23:41:25,609:57] p5
[2021-12-08 23:41:25,609:57] p5
[2021-12-08 23:41:25,609:55] p4
[2021-12-08 23:41:25,610:57] p5
[2021-12-08 23:41:25,610:41] p3
[2021-12-08 23:41:25,610:53] not p1
[2021-12-08 23:41:25,610:55] p4
[2021-12-08 23:41:25,610:57] p5
[2021-12-08 23:41:25,610:41] p3
[2021-12-08 23:41:25,610:43] p1
[2021-12-08 23:41:25,610:51] p1 and not p2
[2021-12-08 23:41:25,610:55] p4
[2021-12-08 23:41:25,610:55] p4
[2021-12-08 23:41:25,610:57] p5
[2021-12-08 23:41:25,610:57] p5
[2021-12-08 23:41:25,610:55] p4
[2021-12-08 23:41:25,610:57] p5
[2021-12-08 23:41:25,610:57] p5
[2021-12-08 23:41:25,610:57] p5
[2021-12-08 23:41:25,610:57] p5
[2021-12-08 23:41:25,610:58] top3
