[2021-12-08 23:41:19,489:16] top1
[2021-12-08 23:41:19,489:18] p1
[2021-12-08 23:41:19,489:34] p1 and not p2
[2021-12-08 23:41:19,489:38] top2
[2021-12-08 23:41:19,489:41] p3
[2021-12-08 23:41:19,489:43] p1
[2021-12-08 23:41:19,489:45] p1 and p2
[2021-12-08 23:41:19,489:49] p1 and p2 and not p3
[2021-12-08 23:41:19,489:55] p4
[2021-12-08 23:41:19,489:57] p5
[2021-12-08 23:41:19,490:55] p4
[2021-12-08 23:41:19,490:41] p3
[2021-12-08 23:41:19,490:53] not p1
[2021-12-08 23:41:19,490:41] p3
[2021-12-08 23:41:19,490:53] not p1
[2021-12-08 23:41:19,490:55] p4
[2021-12-08 23:41:19,490:57] p5
[2021-12-08 23:41:19,490:41] p3
[2021-12-08 23:41:19,490:43] p1
[2021-12-08 23:41:19,490:45] p1 and p2
[2021-12-08 23:41:19,490:49] p1 and p2 and not p3
[2021-12-08 23:41:19,490:55] p4
[2021-12-08 23:41:19,490:41] p3
[2021-12-08 23:41:19,490:43] p1
[2021-12-08 23:41:19,490:51] p1 and not p2
[2021-12-08 23:41:19,490:55] p4
[2021-12-08 23:41:19,490:55] p4
[2021-12-08 23:41:19,490:55] p4
[2021-12-08 23:41:19,490:41] p3
[2021-12-08 23:41:19,490:43] p1
[2021-12-08 23:41:19,490:45] p1 and p2
[2021-12-08 23:41:19,491:49] p1 and p2 and not p3
[2021-12-08 23:41:19,491:41] p3
[2021-12-08 23:41:19,491:43] p1
[2021-12-08 23:41:19,491:51] p1 and not p2
[2021-12-08 23:41:19,491:55] p4
[2021-12-08 23:41:19,491:58] top3
