[2021-12-08 23:41:25,648:16] top1
[2021-12-08 23:41:25,648:36] not p1
[2021-12-08 23:41:25,648:38] top2
[2021-12-08 23:41:25,648:41] p3
[2021-12-08 23:41:25,649:53] not p1
[2021-12-08 23:41:25,649:55] p4
[2021-12-08 23:41:25,649:55] p4
[2021-12-08 23:41:25,649:41] p3
[2021-12-08 23:41:25,649:43] p1
[2021-12-08 23:41:25,649:45] p1 and p2
[2021-12-08 23:41:25,649:47] p1 and p2 and p3
[2021-12-08 23:41:25,649:41] p3
[2021-12-08 23:41:25,649:53] not p1
[2021-12-08 23:41:25,649:41] p3
[2021-12-08 23:41:25,649:43] p1
[2021-12-08 23:41:25,649:51] p1 and not p2
[2021-12-08 23:41:25,649:55] p4
[2021-12-08 23:41:25,649:55] p4
[2021-12-08 23:41:25,649:41] p3
[2021-12-08 23:41:25,649:53] not p1
[2021-12-08 23:41:25,649:58] top3
