[2021-12-08 23:41:25,651:16] top1
[2021-12-08 23:41:25,651:18] p1
[2021-12-08 23:41:25,651:34] p1 and not p2
[2021-12-08 23:41:25,651:38] top2
[2021-12-08 23:41:25,651:41] p3
[2021-12-08 23:41:25,651:53] not p1
[2021-12-08 23:41:25,651:55] p4
[2021-12-08 23:41:25,651:41] p3
[2021-12-08 23:41:25,651:43] p1
[2021-12-08 23:41:25,651:45] p1 and p2
[2021-12-08 23:41:25,651:49] p1 and p2 and not p3
[2021-12-08 23:41:25,651:55] p4
[2021-12-08 23:41:25,652:57] p5
[2021-12-08 23:41:25,652:57] p5
[2021-12-08 23:41:25,652:57] p5
[2021-12-08 23:41:25,652:55] p4
[2021-12-08 23:41:25,652:41] p3
[2021-12-08 23:41:25,652:43] p1
[2021-12-08 23:41:25,652:51] p1 and not p2
[2021-12-08 23:41:25,652:41] p3
[2021-12-08 23:41:25,652:53] not p1
[2021-12-08 23:41:25,652:41] p3
[2021-12-08 23:41:25,652:43] p1
[2021-12-08 23:41:25,652:45] p1 and p2
[2021-12-08 23:41:25,652:47] p1 and p2 and p3
[2021-12-08 23:41:25,652:41] p3
[2021-12-08 23:41:25,652:43] p1
[2021-12-08 23:41:25,652:51] p1 and not p2
[2021-12-08 23:41:25,652:55] p4
[2021-12-08 23:41:25,652:57] p5
[2021-12-08 23:41:25,652:41] p3
[2021-12-08 23:41:25,652:53] not p1
[2021-12-08 23:41:25,652:55] p4
[2021-12-08 23:41:25,652:57] p5
[2021-12-08 23:41:25,653:57] p5
[2021-12-08 23:41:25,653:55] p4
[2021-12-08 23:41:25,653:57] p5
[2021-12-08 23:41:25,653:57] p5
[2021-12-08 23:41:25,653:41] p3
[2021-12-08 23:41:25,653:53] not p1
[2021-12-08 23:41:25,653:55] p4
[2021-12-08 23:41:25,653:57] p5
[2021-12-08 23:41:25,653:57] p5
[2021-12-08 23:41:25,653:55] p4
[2021-12-08 23:41:25,653:41] p3
[2021-12-08 23:41:25,653:43] p1
[2021-12-08 23:41:25,653:45] p1 and p2
[2021-12-08 23:41:25,653:49] p1 and p2 and not p3
[2021-12-08 23:41:25,653:55] p4
[2021-12-08 23:41:25,653:57] p5
[2021-12-08 23:41:25,653:55] p4
[2021-12-08 23:41:25,653:57] p5
[2021-12-08 23:41:25,653:55] p4
[2021-12-08 23:41:25,653:57] p5
[2021-12-08 23:41:25,653:55] p4
[2021-12-08 23:41:25,653:58] top3
