[2021-12-08 23:41:25,661:16] top1
[2021-12-08 23:41:25,661:18] p1
[2021-12-08 23:41:25,661:34] p1 and not p2
[2021-12-08 23:41:25,661:38] top2
[2021-12-08 23:41:25,661:41] p3
[2021-12-08 23:41:25,661:53] not p1
[2021-12-08 23:41:25,661:41] p3
[2021-12-08 23:41:25,661:53] not p1
[2021-12-08 23:41:25,661:41] p3
[2021-12-08 23:41:25,661:43] p1
[2021-12-08 23:41:25,661:45] p1 and p2
[2021-12-08 23:41:25,661:47] p1 and p2 and p3
[2021-12-08 23:41:25,661:55] p4
[2021-12-08 23:41:25,661:41] p3
[2021-12-08 23:41:25,661:53] not p1
[2021-12-08 23:41:25,661:41] p3
[2021-12-08 23:41:25,661:43] p1
[2021-12-08 23:41:25,661:45] p1 and p2
[2021-12-08 23:41:25,661:47] p1 and p2 and p3
[2021-12-08 23:41:25,662:58] top3
