[2021-12-08 23:41:25,671:16] top1
[2021-12-08 23:41:25,671:36] not p1
[2021-12-08 23:41:25,671:38] top2
[2021-12-08 23:41:25,671:41] p3
[2021-12-08 23:41:25,671:43] p1
[2021-12-08 23:41:25,671:45] p1 and p2
[2021-12-08 23:41:25,671:47] p1 and p2 and p3
[2021-12-08 23:41:25,671:55] p4
[2021-12-08 23:41:25,671:57] p5
[2021-12-08 23:41:25,671:57] p5
[2021-12-08 23:41:25,671:41] p3
[2021-12-08 23:41:25,671:53] not p1
[2021-12-08 23:41:25,671:55] p4
[2021-12-08 23:41:25,671:57] p5
[2021-12-08 23:41:25,671:57] p5
[2021-12-08 23:41:25,671:57] p5
[2021-12-08 23:41:25,672:57] p5
[2021-12-08 23:41:25,672:57] p5
[2021-12-08 23:41:25,672:57] p5
[2021-12-08 23:41:25,672:57] p5
[2021-12-08 23:41:25,672:57] p5
[2021-12-08 23:41:25,672:58] top3
