[2021-12-08 23:41:25,681:16] top1
[2021-12-08 23:41:25,681:18] p1
[2021-12-08 23:41:25,681:20] p1 and p2
[2021-12-08 23:41:25,681:32] p1 and p2 and not p3
[2021-12-08 23:41:25,681:38] top2
[2021-12-08 23:41:25,681:41] p3
[2021-12-08 23:41:25,682:53] not p1
[2021-12-08 23:41:25,682:55] p4
[2021-12-08 23:41:25,682:57] p5
[2021-12-08 23:41:25,682:57] p5
[2021-12-08 23:41:25,682:55] p4
[2021-12-08 23:41:25,682:41] p3
[2021-12-08 23:41:25,682:43] p1
[2021-12-08 23:41:25,682:45] p1 and p2
[2021-12-08 23:41:25,682:49] p1 and p2 and not p3
[2021-12-08 23:41:25,682:55] p4
[2021-12-08 23:41:25,682:57] p5
[2021-12-08 23:41:25,682:57] p5
[2021-12-08 23:41:25,682:55] p4
[2021-12-08 23:41:25,682:57] p5
[2021-12-08 23:41:25,682:55] p4
[2021-12-08 23:41:25,682:58] top3
