[2021-12-08 23:41:25,705:16] top1
[2021-12-08 23:41:25,706:18] p1
[2021-12-08 23:41:25,706:20] p1 and p2
[2021-12-08 23:41:25,706:22] p1 and p2 and p3
[2021-12-08 23:41:25,706:24] p1 and p2 and p3 and p4
[2021-12-08 23:41:25,706:26] p1 and p2 and p3 and p4 and p5
[2021-12-08 23:41:25,706:38] top2
[2021-12-08 23:41:25,706:41] p3
[2021-12-08 23:41:25,706:53] not p1
[2021-12-08 23:41:25,706:55] p4
[2021-12-08 23:41:25,706:41] p3
[2021-12-08 23:41:25,706:43] p1
[2021-12-08 23:41:25,706:45] p1 and p2
[2021-12-08 23:41:25,706:49] p1 and p2 and not p3
[2021-12-08 23:41:25,706:55] p4
[2021-12-08 23:41:25,706:55] p4
[2021-12-08 23:41:25,706:41] p3
[2021-12-08 23:41:25,706:53] not p1
[2021-12-08 23:41:25,706:41] p3
[2021-12-08 23:41:25,706:43] p1
[2021-12-08 23:41:25,706:51] p1 and not p2
[2021-12-08 23:41:25,706:55] p4
[2021-12-08 23:41:25,707:58] top3
