[2021-12-08 23:41:25,717:16] top1
[2021-12-08 23:41:25,717:18] p1
[2021-12-08 23:41:25,717:34] p1 and not p2
[2021-12-08 23:41:25,717:38] top2
[2021-12-08 23:41:25,717:41] p3
[2021-12-08 23:41:25,717:43] p1
[2021-12-08 23:41:25,717:51] p1 and not p2
[2021-12-08 23:41:25,717:55] p4
[2021-12-08 23:41:25,717:57] p5
[2021-12-08 23:41:25,717:57] p5
[2021-12-08 23:41:25,718:57] p5
[2021-12-08 23:41:25,718:57] p5
[2021-12-08 23:41:25,718:57] p5
[2021-12-08 23:41:25,718:57] p5
[2021-12-08 23:41:25,718:55] p4
[2021-12-08 23:41:25,718:57] p5
[2021-12-08 23:41:25,718:55] p4
[2021-12-08 23:41:25,718:41] p3
[2021-12-08 23:41:25,718:43] p1
[2021-12-08 23:41:25,718:45] p1 and p2
[2021-12-08 23:41:25,718:49] p1 and p2 and not p3
[2021-12-08 23:41:25,718:55] p4
[2021-12-08 23:41:25,718:57] p5
[2021-12-08 23:41:25,718:55] p4
[2021-12-08 23:41:25,718:57] p5
[2021-12-08 23:41:25,718:57] p5
[2021-12-08 23:41:25,718:57] p5
[2021-12-08 23:41:25,718:58] top3
