[2021-12-08 23:41:25,730:16] top1
[2021-12-08 23:41:25,730:18] p1
[2021-12-08 23:41:25,731:20] p1 and p2
[2021-12-08 23:41:25,731:32] p1 and p2 and not p3
[2021-12-08 23:41:25,731:38] top2
[2021-12-08 23:41:25,731:41] p3
[2021-12-08 23:41:25,731:53] not p1
[2021-12-08 23:41:25,731:55] p4
[2021-12-08 23:41:25,731:57] p5
[2021-12-08 23:41:25,731:57] p5
[2021-12-08 23:41:25,731:57] p5
[2021-12-08 23:41:25,731:55] p4
[2021-12-08 23:41:25,731:41] p3
[2021-12-08 23:41:25,731:43] p1
[2021-12-08 23:41:25,731:51] p1 and not p2
[2021-12-08 23:41:25,731:41] p3
[2021-12-08 23:41:25,731:53] not p1
[2021-12-08 23:41:25,731:55] p4
[2021-12-08 23:41:25,731:57] p5
[2021-12-08 23:41:25,731:55] p4
[2021-12-08 23:41:25,731:55] p4
[2021-12-08 23:41:25,732:41] p3
[2021-12-08 23:41:25,732:53] not p1
[2021-12-08 23:41:25,732:58] top3
