[2021-12-08 23:41:25,739:16] top1
[2021-12-08 23:41:25,739:36] not p1
[2021-12-08 23:41:25,739:38] top2
[2021-12-08 23:41:25,739:41] p3
[2021-12-08 23:41:25,739:43] p1
[2021-12-08 23:41:25,739:45] p1 and p2
[2021-12-08 23:41:25,740:47] p1 and p2 and p3
[2021-12-08 23:41:25,740:55] p4
[2021-12-08 23:41:25,740:57] p5
[2021-12-08 23:41:25,740:57] p5
[2021-12-08 23:41:25,740:57] p5
[2021-12-08 23:41:25,740:41] p3
[2021-12-08 23:41:25,740:43] p1
[2021-12-08 23:41:25,740:45] p1 and p2
[2021-12-08 23:41:25,740:47] p1 and p2 and p3
[2021-12-08 23:41:25,740:41] p3
[2021-12-08 23:41:25,740:43] p1
[2021-12-08 23:41:25,740:45] p1 and p2
[2021-12-08 23:41:25,740:49] p1 and p2 and not p3
[2021-12-08 23:41:25,740:55] p4
[2021-12-08 23:41:25,740:58] top3
