[2021-12-08 23:41:25,746:16] top1
[2021-12-08 23:41:25,747:18] p1
[2021-12-08 23:41:25,747:34] p1 and not p2
[2021-12-08 23:41:25,747:38] top2
[2021-12-08 23:41:25,747:41] p3
[2021-12-08 23:41:25,747:43] p1
[2021-12-08 23:41:25,747:45] p1 and p2
[2021-12-08 23:41:25,747:49] p1 and p2 and not p3
[2021-12-08 23:41:25,747:55] p4
[2021-12-08 23:41:25,747:57] p5
[2021-12-08 23:41:25,747:57] p5
[2021-12-08 23:41:25,747:57] p5
[2021-12-08 23:41:25,747:41] p3
[2021-12-08 23:41:25,747:43] p1
[2021-12-08 23:41:25,747:45] p1 and p2
[2021-12-08 23:41:25,748:47] p1 and p2 and p3
[2021-12-08 23:41:25,748:55] p4
[2021-12-08 23:41:25,748:41] p3
[2021-12-08 23:41:25,748:53] not p1
[2021-12-08 23:41:25,748:58] top3
