[2021-12-08 23:41:25,753:16] top1
[2021-12-08 23:41:25,753:18] p1
[2021-12-08 23:41:25,753:34] p1 and not p2
[2021-12-08 23:41:25,753:38] top2
[2021-12-08 23:41:25,753:41] p3
[2021-12-08 23:41:25,754:53] not p1
[2021-12-08 23:41:25,754:41] p3
[2021-12-08 23:41:25,754:43] p1
[2021-12-08 23:41:25,754:45] p1 and p2
[2021-12-08 23:41:25,754:47] p1 and p2 and p3
[2021-12-08 23:41:25,754:55] p4
[2021-12-08 23:41:25,754:57] p5
[2021-12-08 23:41:25,754:57] p5
[2021-12-08 23:41:25,754:41] p3
[2021-12-08 23:41:25,754:43] p1
[2021-12-08 23:41:25,754:45] p1 and p2
[2021-12-08 23:41:25,754:47] p1 and p2 and p3
[2021-12-08 23:41:25,754:55] p4
[2021-12-08 23:41:25,754:57] p5
[2021-12-08 23:41:25,754:57] p5
[2021-12-08 23:41:25,754:58] top3
