[2021-12-08 23:41:25,755:16] top1
[2021-12-08 23:41:25,755:36] not p1
[2021-12-08 23:41:25,755:38] top2
[2021-12-08 23:41:25,755:41] p3
[2021-12-08 23:41:25,755:53] not p1
[2021-12-08 23:41:25,755:55] p4
[2021-12-08 23:41:25,755:55] p4
[2021-12-08 23:41:25,755:41] p3
[2021-12-08 23:41:25,755:43] p1
[2021-12-08 23:41:25,755:45] p1 and p2
[2021-12-08 23:41:25,755:47] p1 and p2 and p3
[2021-12-08 23:41:25,755:55] p4
[2021-12-08 23:41:25,755:41] p3
[2021-12-08 23:41:25,755:43] p1
[2021-12-08 23:41:25,756:45] p1 and p2
[2021-12-08 23:41:25,756:47] p1 and p2 and p3
[2021-12-08 23:41:25,756:55] p4
[2021-12-08 23:41:25,756:57] p5
[2021-12-08 23:41:25,756:55] p4
[2021-12-08 23:41:25,756:57] p5
[2021-12-08 23:41:25,756:55] p4
[2021-12-08 23:41:25,756:55] p4
[2021-12-08 23:41:25,756:57] p5
[2021-12-08 23:41:25,756:57] p5
[2021-12-08 23:41:25,756:55] p4
[2021-12-08 23:41:25,756:41] p3
[2021-12-08 23:41:25,756:43] p1
[2021-12-08 23:41:25,756:45] p1 and p2
[2021-12-08 23:41:25,756:49] p1 and p2 and not p3
[2021-12-08 23:41:25,756:41] p3
[2021-12-08 23:41:25,756:43] p1
[2021-12-08 23:41:25,757:45] p1 and p2
[2021-12-08 23:41:25,757:49] p1 and p2 and not p3
[2021-12-08 23:41:25,757:58] top3
