[2021-12-08 23:41:25,763:16] top1
[2021-12-08 23:41:25,763:36] not p1
[2021-12-08 23:41:25,763:38] top2
[2021-12-08 23:41:25,763:41] p3
[2021-12-08 23:41:25,763:43] p1
[2021-12-08 23:41:25,763:51] p1 and not p2
[2021-12-08 23:41:25,763:55] p4
[2021-12-08 23:41:25,763:57] p5
[2021-12-08 23:41:25,763:55] p4
[2021-12-08 23:41:25,763:41] p3
[2021-12-08 23:41:25,763:43] p1
[2021-12-08 23:41:25,763:45] p1 and p2
[2021-12-08 23:41:25,764:49] p1 and p2 and not p3
[2021-12-08 23:41:25,764:55] p4
[2021-12-08 23:41:25,764:41] p3
[2021-12-08 23:41:25,764:43] p1
[2021-12-08 23:41:25,764:51] p1 and not p2
[2021-12-08 23:41:25,764:41] p3
[2021-12-08 23:41:25,764:53] not p1
[2021-12-08 23:41:25,764:55] p4
[2021-12-08 23:41:25,764:41] p3
[2021-12-08 23:41:25,764:53] not p1
[2021-12-08 23:41:25,764:41] p3
[2021-12-08 23:41:25,764:43] p1
[2021-12-08 23:41:25,764:45] p1 and p2
[2021-12-08 23:41:25,764:47] p1 and p2 and p3
[2021-12-08 23:41:25,764:41] p3
[2021-12-08 23:41:25,764:53] not p1
[2021-12-08 23:41:25,764:58] top3
