[2021-12-08 23:41:25,775:16] top1
[2021-12-08 23:41:25,775:18] p1
[2021-12-08 23:41:25,775:20] p1 and p2
[2021-12-08 23:41:25,775:22] p1 and p2 and p3
[2021-12-08 23:41:25,775:30] p1 and p2 and p3 and not p4
[2021-12-08 23:41:25,775:38] top2
[2021-12-08 23:41:25,775:41] p3
[2021-12-08 23:41:25,775:53] not p1
[2021-12-08 23:41:25,775:55] p4
[2021-12-08 23:41:25,775:57] p5
[2021-12-08 23:41:25,776:57] p5
[2021-12-08 23:41:25,776:57] p5
[2021-12-08 23:41:25,776:57] p5
[2021-12-08 23:41:25,776:57] p5
[2021-12-08 23:41:25,776:55] p4
[2021-12-08 23:41:25,776:57] p5
[2021-12-08 23:41:25,776:55] p4
[2021-12-08 23:41:25,776:57] p5
[2021-12-08 23:41:25,776:57] p5
[2021-12-08 23:41:25,776:57] p5
[2021-12-08 23:41:25,776:57] p5
[2021-12-08 23:41:25,776:55] p4
[2021-12-08 23:41:25,776:57] p5
[2021-12-08 23:41:25,776:41] p3
[2021-12-08 23:41:25,777:53] not p1
[2021-12-08 23:41:25,777:41] p3
[2021-12-08 23:41:25,777:53] not p1
[2021-12-08 23:41:25,777:41] p3
[2021-12-08 23:41:25,777:43] p1
[2021-12-08 23:41:25,777:45] p1 and p2
[2021-12-08 23:41:25,777:47] p1 and p2 and p3
[2021-12-08 23:41:25,777:55] p4
[2021-12-08 23:41:25,777:57] p5
[2021-12-08 23:41:25,777:57] p5
[2021-12-08 23:41:25,777:58] top3
