[2021-12-08 23:41:25,794:16] top1
[2021-12-08 23:41:25,794:36] not p1
[2021-12-08 23:41:25,794:38] top2
[2021-12-08 23:41:25,794:41] p3
[2021-12-08 23:41:25,794:43] p1
[2021-12-08 23:41:25,794:45] p1 and p2
[2021-12-08 23:41:25,794:47] p1 and p2 and p3
[2021-12-08 23:41:25,795:55] p4
[2021-12-08 23:41:25,795:57] p5
[2021-12-08 23:41:25,795:57] p5
[2021-12-08 23:41:25,795:57] p5
[2021-12-08 23:41:25,795:57] p5
[2021-12-08 23:41:25,795:55] p4
[2021-12-08 23:41:25,795:57] p5
[2021-12-08 23:41:25,795:41] p3
[2021-12-08 23:41:25,795:53] not p1
[2021-12-08 23:41:25,795:55] p4
[2021-12-08 23:41:25,795:57] p5
[2021-12-08 23:41:25,795:57] p5
[2021-12-08 23:41:25,795:57] p5
[2021-12-08 23:41:25,795:41] p3
[2021-12-08 23:41:25,796:43] p1
[2021-12-08 23:41:25,797:51] p1 and not p2
[2021-12-08 23:41:25,797:58] top3
