[2021-12-08 23:41:25,821:16] top1
[2021-12-08 23:41:25,821:18] p1
[2021-12-08 23:41:25,821:34] p1 and not p2
[2021-12-08 23:41:25,822:38] top2
[2021-12-08 23:41:25,822:41] p3
[2021-12-08 23:41:25,822:43] p1
[2021-12-08 23:41:25,822:51] p1 and not p2
[2021-12-08 23:41:25,822:41] p3
[2021-12-08 23:41:25,822:53] not p1
[2021-12-08 23:41:25,822:55] p4
[2021-12-08 23:41:25,824:41] p3
[2021-12-08 23:41:25,824:43] p1
[2021-12-08 23:41:25,824:45] p1 and p2
[2021-12-08 23:41:25,824:49] p1 and p2 and not p3
[2021-12-08 23:41:25,824:41] p3
[2021-12-08 23:41:25,824:43] p1
[2021-12-08 23:41:25,824:45] p1 and p2
[2021-12-08 23:41:25,824:47] p1 and p2 and p3
[2021-12-08 23:41:25,824:55] p4
[2021-12-08 23:41:25,825:57] p5
[2021-12-08 23:41:25,825:57] p5
[2021-12-08 23:41:25,825:55] p4
[2021-12-08 23:41:25,825:57] p5
[2021-12-08 23:41:25,825:57] p5
[2021-12-08 23:41:25,825:41] p3
[2021-12-08 23:41:25,825:43] p1
[2021-12-08 23:41:25,825:45] p1 and p2
[2021-12-08 23:41:25,825:47] p1 and p2 and p3
[2021-12-08 23:41:25,826:55] p4
[2021-12-08 23:41:25,826:55] p4
[2021-12-08 23:41:25,826:55] p4
[2021-12-08 23:41:25,826:58] top3
