[2021-12-08 23:41:25,830:16] top1
[2021-12-08 23:41:25,830:18] p1
[2021-12-08 23:41:25,830:34] p1 and not p2
[2021-12-08 23:41:25,830:38] top2
[2021-12-08 23:41:25,830:41] p3
[2021-12-08 23:41:25,830:43] p1
[2021-12-08 23:41:25,830:45] p1 and p2
[2021-12-08 23:41:25,830:49] p1 and p2 and not p3
[2021-12-08 23:41:25,830:41] p3
[2021-12-08 23:41:25,830:43] p1
[2021-12-08 23:41:25,830:51] p1 and not p2
[2021-12-08 23:41:25,831:55] p4
[2021-12-08 23:41:25,831:57] p5
[2021-12-08 23:41:25,831:41] p3
[2021-12-08 23:41:25,831:53] not p1
[2021-12-08 23:41:25,831:55] p4
[2021-12-08 23:41:25,831:41] p3
[2021-12-08 23:41:25,831:53] not p1
[2021-12-08 23:41:25,831:41] p3
[2021-12-08 23:41:25,831:53] not p1
[2021-12-08 23:41:25,831:41] p3
[2021-12-08 23:41:25,831:53] not p1
[2021-12-08 23:41:25,831:41] p3
[2021-12-08 23:41:25,831:43] p1
[2021-12-08 23:41:25,831:45] p1 and p2
[2021-12-08 23:41:25,832:47] p1 and p2 and p3
[2021-12-08 23:41:25,832:55] p4
[2021-12-08 23:41:25,832:55] p4
[2021-12-08 23:41:25,832:55] p4
[2021-12-08 23:41:25,832:55] p4
[2021-12-08 23:41:25,832:58] top3
