[2021-12-08 23:41:19,507:16] top1
[2021-12-08 23:41:19,507:18] p1
[2021-12-08 23:41:19,507:20] p1 and p2
[2021-12-08 23:41:19,507:32] p1 and p2 and not p3
[2021-12-08 23:41:19,507:38] top2
[2021-12-08 23:41:19,507:41] p3
[2021-12-08 23:41:19,507:43] p1
[2021-12-08 23:41:19,507:51] p1 and not p2
[2021-12-08 23:41:19,507:55] p4
[2021-12-08 23:41:19,507:55] p4
[2021-12-08 23:41:19,507:55] p4
[2021-12-08 23:41:19,507:57] p5
[2021-12-08 23:41:19,507:57] p5
[2021-12-08 23:41:19,507:55] p4
[2021-12-08 23:41:19,507:57] p5
[2021-12-08 23:41:19,507:57] p5
[2021-12-08 23:41:19,508:57] p5
[2021-12-08 23:41:19,508:57] p5
[2021-12-08 23:41:19,508:57] p5
[2021-12-08 23:41:19,508:55] p4
[2021-12-08 23:41:19,508:41] p3
[2021-12-08 23:41:19,508:43] p1
[2021-12-08 23:41:19,508:45] p1 and p2
[2021-12-08 23:41:19,508:47] p1 and p2 and p3
[2021-12-08 23:41:19,508:55] p4
[2021-12-08 23:41:19,508:58] top3
