[2021-12-08 23:41:25,913:16] top1
[2021-12-08 23:41:25,913:18] p1
[2021-12-08 23:41:25,913:34] p1 and not p2
[2021-12-08 23:41:25,913:38] top2
[2021-12-08 23:41:25,913:41] p3
[2021-12-08 23:41:25,913:53] not p1
[2021-12-08 23:41:25,914:41] p3
[2021-12-08 23:41:25,914:53] not p1
[2021-12-08 23:41:25,914:55] p4
[2021-12-08 23:41:25,914:55] p4
[2021-12-08 23:41:25,914:55] p4
[2021-12-08 23:41:25,914:55] p4
[2021-12-08 23:41:25,914:55] p4
[2021-12-08 23:41:25,914:57] p5
[2021-12-08 23:41:25,914:57] p5
[2021-12-08 23:41:25,914:57] p5
[2021-12-08 23:41:25,914:57] p5
[2021-12-08 23:41:25,914:41] p3
[2021-12-08 23:41:25,914:43] p1
[2021-12-08 23:41:25,914:45] p1 and p2
[2021-12-08 23:41:25,914:49] p1 and p2 and not p3
[2021-12-08 23:41:25,915:55] p4
[2021-12-08 23:41:25,915:55] p4
[2021-12-08 23:41:25,915:41] p3
[2021-12-08 23:41:25,915:43] p1
[2021-12-08 23:41:25,915:51] p1 and not p2
[2021-12-08 23:41:25,915:55] p4
[2021-12-08 23:41:25,915:41] p3
[2021-12-08 23:41:25,915:43] p1
[2021-12-08 23:41:25,915:51] p1 and not p2
[2021-12-08 23:41:25,915:55] p4
[2021-12-08 23:41:25,915:58] top3
