[2021-12-08 23:41:25,915:16] top1
[2021-12-08 23:41:25,916:18] p1
[2021-12-08 23:41:25,916:20] p1 and p2
[2021-12-08 23:41:25,916:22] p1 and p2 and p3
[2021-12-08 23:41:25,916:24] p1 and p2 and p3 and p4
[2021-12-08 23:41:25,916:28] p1 and p2 and p3 and p4 and not p5
[2021-12-08 23:41:25,916:38] top2
[2021-12-08 23:41:25,916:41] p3
[2021-12-08 23:41:25,916:43] p1
[2021-12-08 23:41:25,916:45] p1 and p2
[2021-12-08 23:41:25,916:49] p1 and p2 and not p3
[2021-12-08 23:41:25,916:41] p3
[2021-12-08 23:41:25,916:43] p1
[2021-12-08 23:41:25,916:45] p1 and p2
[2021-12-08 23:41:25,916:49] p1 and p2 and not p3
[2021-12-08 23:41:25,916:41] p3
[2021-12-08 23:41:25,916:53] not p1
[2021-12-08 23:41:25,916:55] p4
[2021-12-08 23:41:25,917:57] p5
[2021-12-08 23:41:25,917:57] p5
[2021-12-08 23:41:25,917:57] p5
[2021-12-08 23:41:25,917:57] p5
[2021-12-08 23:41:25,917:57] p5
[2021-12-08 23:41:25,917:58] top3
