[2021-12-08 23:41:25,934:16] top1
[2021-12-08 23:41:25,935:36] not p1
[2021-12-08 23:41:25,935:38] top2
[2021-12-08 23:41:25,935:41] p3
[2021-12-08 23:41:25,935:53] not p1
[2021-12-08 23:41:25,935:55] p4
[2021-12-08 23:41:25,935:57] p5
[2021-12-08 23:41:25,935:57] p5
[2021-12-08 23:41:25,935:57] p5
[2021-12-08 23:41:25,935:57] p5
[2021-12-08 23:41:25,935:57] p5
[2021-12-08 23:41:25,935:41] p3
[2021-12-08 23:41:25,935:43] p1
[2021-12-08 23:41:25,935:45] p1 and p2
[2021-12-08 23:41:25,935:47] p1 and p2 and p3
[2021-12-08 23:41:25,935:41] p3
[2021-12-08 23:41:25,935:53] not p1
[2021-12-08 23:41:25,935:41] p3
[2021-12-08 23:41:25,936:53] not p1
[2021-12-08 23:41:25,936:55] p4
[2021-12-08 23:41:25,936:57] p5
[2021-12-08 23:41:25,936:55] p4
[2021-12-08 23:41:25,936:57] p5
[2021-12-08 23:41:25,936:41] p3
[2021-12-08 23:41:25,936:43] p1
[2021-12-08 23:41:25,936:45] p1 and p2
[2021-12-08 23:41:25,936:49] p1 and p2 and not p3
[2021-12-08 23:41:25,936:41] p3
[2021-12-08 23:41:25,936:53] not p1
[2021-12-08 23:41:25,936:41] p3
[2021-12-08 23:41:25,936:43] p1
[2021-12-08 23:41:25,936:51] p1 and not p2
[2021-12-08 23:41:25,936:55] p4
[2021-12-08 23:41:25,936:55] p4
[2021-12-08 23:41:25,936:57] p5
[2021-12-08 23:41:25,936:55] p4
[2021-12-08 23:41:25,936:58] top3
