[2021-12-08 23:41:25,959:16] top1
[2021-12-08 23:41:25,959:36] not p1
[2021-12-08 23:41:25,959:38] top2
[2021-12-08 23:41:25,959:41] p3
[2021-12-08 23:41:25,959:53] not p1
[2021-12-08 23:41:25,959:41] p3
[2021-12-08 23:41:25,959:43] p1
[2021-12-08 23:41:25,959:51] p1 and not p2
[2021-12-08 23:41:25,959:55] p4
[2021-12-08 23:41:25,959:57] p5
[2021-12-08 23:41:25,959:57] p5
[2021-12-08 23:41:25,959:57] p5
[2021-12-08 23:41:25,959:55] p4
[2021-12-08 23:41:25,959:41] p3
[2021-12-08 23:41:25,959:53] not p1
[2021-12-08 23:41:25,959:41] p3
[2021-12-08 23:41:25,959:43] p1
[2021-12-08 23:41:25,959:45] p1 and p2
[2021-12-08 23:41:25,959:47] p1 and p2 and p3
[2021-12-08 23:41:25,960:55] p4
[2021-12-08 23:41:25,960:41] p3
[2021-12-08 23:41:25,960:43] p1
[2021-12-08 23:41:25,960:45] p1 and p2
[2021-12-08 23:41:25,960:49] p1 and p2 and not p3
[2021-12-08 23:41:25,960:41] p3
[2021-12-08 23:41:25,960:43] p1
[2021-12-08 23:41:25,960:51] p1 and not p2
[2021-12-08 23:41:25,960:58] top3
