[2021-12-08 23:41:25,984:16] top1
[2021-12-08 23:41:25,985:18] p1
[2021-12-08 23:41:25,985:34] p1 and not p2
[2021-12-08 23:41:25,985:38] top2
[2021-12-08 23:41:25,985:41] p3
[2021-12-08 23:41:25,985:53] not p1
[2021-12-08 23:41:25,985:55] p4
[2021-12-08 23:41:25,985:57] p5
[2021-12-08 23:41:25,985:57] p5
[2021-12-08 23:41:25,985:55] p4
[2021-12-08 23:41:25,985:57] p5
[2021-12-08 23:41:25,985:57] p5
[2021-12-08 23:41:25,985:41] p3
[2021-12-08 23:41:25,985:43] p1
[2021-12-08 23:41:25,985:45] p1 and p2
[2021-12-08 23:41:25,985:47] p1 and p2 and p3
[2021-12-08 23:41:25,985:55] p4
[2021-12-08 23:41:25,985:41] p3
[2021-12-08 23:41:25,985:53] not p1
[2021-12-08 23:41:25,985:55] p4
[2021-12-08 23:41:25,985:57] p5
[2021-12-08 23:41:25,986:55] p4
[2021-12-08 23:41:25,986:58] top3
