[2021-12-08 23:41:26,004:16] top1
[2021-12-08 23:41:26,004:36] not p1
[2021-12-08 23:41:26,004:38] top2
[2021-12-08 23:41:26,004:41] p3
[2021-12-08 23:41:26,004:43] p1
[2021-12-08 23:41:26,004:45] p1 and p2
[2021-12-08 23:41:26,004:47] p1 and p2 and p3
[2021-12-08 23:41:26,004:55] p4
[2021-12-08 23:41:26,005:57] p5
[2021-12-08 23:41:26,005:57] p5
[2021-12-08 23:41:26,005:57] p5
[2021-12-08 23:41:26,005:55] p4
[2021-12-08 23:41:26,005:57] p5
[2021-12-08 23:41:26,005:57] p5
[2021-12-08 23:41:26,005:57] p5
[2021-12-08 23:41:26,005:57] p5
[2021-12-08 23:41:26,005:55] p4
[2021-12-08 23:41:26,005:55] p4
[2021-12-08 23:41:26,005:55] p4
[2021-12-08 23:41:26,005:58] top3
