[2021-12-08 23:41:26,009:16] top1
[2021-12-08 23:41:26,009:36] not p1
[2021-12-08 23:41:26,009:38] top2
[2021-12-08 23:41:26,009:41] p3
[2021-12-08 23:41:26,009:43] p1
[2021-12-08 23:41:26,009:51] p1 and not p2
[2021-12-08 23:41:26,009:55] p4
[2021-12-08 23:41:26,009:55] p4
[2021-12-08 23:41:26,009:55] p4
[2021-12-08 23:41:26,009:57] p5
[2021-12-08 23:41:26,010:55] p4
[2021-12-08 23:41:26,010:55] p4
[2021-12-08 23:41:26,010:41] p3
[2021-12-08 23:41:26,010:43] p1
[2021-12-08 23:41:26,010:45] p1 and p2
[2021-12-08 23:41:26,010:47] p1 and p2 and p3
[2021-12-08 23:41:26,010:41] p3
[2021-12-08 23:41:26,010:43] p1
[2021-12-08 23:41:26,010:51] p1 and not p2
[2021-12-08 23:41:26,010:41] p3
[2021-12-08 23:41:26,010:53] not p1
[2021-12-08 23:41:26,010:55] p4
[2021-12-08 23:41:26,010:41] p3
[2021-12-08 23:41:26,010:53] not p1
[2021-12-08 23:41:26,010:55] p4
[2021-12-08 23:41:26,010:57] p5
[2021-12-08 23:41:26,010:57] p5
[2021-12-08 23:41:26,010:57] p5
[2021-12-08 23:41:26,010:55] p4
[2021-12-08 23:41:26,010:55] p4
[2021-12-08 23:41:26,010:57] p5
[2021-12-08 23:41:26,011:57] p5
[2021-12-08 23:41:26,011:55] p4
[2021-12-08 23:41:26,011:57] p5
[2021-12-08 23:41:26,011:58] top3
