[2021-12-08 23:41:26,020:16] top1
[2021-12-08 23:41:26,020:36] not p1
[2021-12-08 23:41:26,020:38] top2
[2021-12-08 23:41:26,020:41] p3
[2021-12-08 23:41:26,020:43] p1
[2021-12-08 23:41:26,020:45] p1 and p2
[2021-12-08 23:41:26,020:47] p1 and p2 and p3
[2021-12-08 23:41:26,021:55] p4
[2021-12-08 23:41:26,021:57] p5
[2021-12-08 23:41:26,021:57] p5
[2021-12-08 23:41:26,021:57] p5
[2021-12-08 23:41:26,021:57] p5
[2021-12-08 23:41:26,021:55] p4
[2021-12-08 23:41:26,021:55] p4
[2021-12-08 23:41:26,021:57] p5
[2021-12-08 23:41:26,021:41] p3
[2021-12-08 23:41:26,021:53] not p1
[2021-12-08 23:41:26,021:41] p3
[2021-12-08 23:41:26,021:43] p1
[2021-12-08 23:41:26,021:45] p1 and p2
[2021-12-08 23:41:26,021:49] p1 and p2 and not p3
[2021-12-08 23:41:26,021:55] p4
[2021-12-08 23:41:26,021:57] p5
[2021-12-08 23:41:26,021:41] p3
[2021-12-08 23:41:26,021:43] p1
[2021-12-08 23:41:26,021:45] p1 and p2
[2021-12-08 23:41:26,021:47] p1 and p2 and p3
[2021-12-08 23:41:26,022:41] p3
[2021-12-08 23:41:26,022:53] not p1
[2021-12-08 23:41:26,022:41] p3
[2021-12-08 23:41:26,022:53] not p1
[2021-12-08 23:41:26,022:55] p4
[2021-12-08 23:41:26,022:57] p5
[2021-12-08 23:41:26,022:41] p3
[2021-12-08 23:41:26,022:43] p1
[2021-12-08 23:41:26,022:45] p1 and p2
[2021-12-08 23:41:26,022:49] p1 and p2 and not p3
[2021-12-08 23:41:26,022:55] p4
[2021-12-08 23:41:26,022:57] p5
[2021-12-08 23:41:26,022:41] p3
[2021-12-08 23:41:26,022:53] not p1
[2021-12-08 23:41:26,022:55] p4
[2021-12-08 23:41:26,022:57] p5
[2021-12-08 23:41:26,022:57] p5
[2021-12-08 23:41:26,022:57] p5
[2021-12-08 23:41:26,022:57] p5
[2021-12-08 23:41:26,022:57] p5
[2021-12-08 23:41:26,023:57] p5
[2021-12-08 23:41:26,023:58] top3
