[2021-12-08 23:41:26,031:16] top1
[2021-12-08 23:41:26,031:18] p1
[2021-12-08 23:41:26,031:34] p1 and not p2
[2021-12-08 23:41:26,031:38] top2
[2021-12-08 23:41:26,031:41] p3
[2021-12-08 23:41:26,031:43] p1
[2021-12-08 23:41:26,031:45] p1 and p2
[2021-12-08 23:41:26,031:49] p1 and p2 and not p3
[2021-12-08 23:41:26,031:55] p4
[2021-12-08 23:41:26,031:41] p3
[2021-12-08 23:41:26,031:53] not p1
[2021-12-08 23:41:26,031:41] p3
[2021-12-08 23:41:26,031:43] p1
[2021-12-08 23:41:26,031:51] p1 and not p2
[2021-12-08 23:41:26,031:41] p3
[2021-12-08 23:41:26,031:53] not p1
[2021-12-08 23:41:26,031:55] p4
[2021-12-08 23:41:26,032:55] p4
[2021-12-08 23:41:26,032:57] p5
[2021-12-08 23:41:26,032:57] p5
[2021-12-08 23:41:26,032:57] p5
[2021-12-08 23:41:26,032:58] top3
