[2021-12-08 23:41:26,033:16] top1
[2021-12-08 23:41:26,033:18] p1
[2021-12-08 23:41:26,033:20] p1 and p2
[2021-12-08 23:41:26,033:22] p1 and p2 and p3
[2021-12-08 23:41:26,033:24] p1 and p2 and p3 and p4
[2021-12-08 23:41:26,033:26] p1 and p2 and p3 and p4 and p5
[2021-12-08 23:41:26,033:38] top2
[2021-12-08 23:41:26,033:41] p3
[2021-12-08 23:41:26,033:53] not p1
[2021-12-08 23:41:26,033:55] p4
[2021-12-08 23:41:26,034:55] p4
[2021-12-08 23:41:26,034:55] p4
[2021-12-08 23:41:26,034:57] p5
[2021-12-08 23:41:26,034:55] p4
[2021-12-08 23:41:26,034:57] p5
[2021-12-08 23:41:26,034:55] p4
[2021-12-08 23:41:26,034:57] p5
[2021-12-08 23:41:26,034:41] p3
[2021-12-08 23:41:26,034:53] not p1
[2021-12-08 23:41:26,034:55] p4
[2021-12-08 23:41:26,034:57] p5
[2021-12-08 23:41:26,034:58] top3
