[2021-12-08 23:41:26,072:16] top1
[2021-12-08 23:41:26,072:36] not p1
[2021-12-08 23:41:26,072:38] top2
[2021-12-08 23:41:26,072:41] p3
[2021-12-08 23:41:26,073:43] p1
[2021-12-08 23:41:26,073:51] p1 and not p2
[2021-12-08 23:41:26,073:55] p4
[2021-12-08 23:41:26,073:57] p5
[2021-12-08 23:41:26,073:57] p5
[2021-12-08 23:41:26,073:57] p5
[2021-12-08 23:41:26,073:41] p3
[2021-12-08 23:41:26,073:43] p1
[2021-12-08 23:41:26,073:45] p1 and p2
[2021-12-08 23:41:26,073:47] p1 and p2 and p3
[2021-12-08 23:41:26,073:55] p4
[2021-12-08 23:41:26,073:57] p5
[2021-12-08 23:41:26,073:57] p5
[2021-12-08 23:41:26,073:57] p5
[2021-12-08 23:41:26,073:57] p5
[2021-12-08 23:41:26,073:41] p3
[2021-12-08 23:41:26,073:43] p1
[2021-12-08 23:41:26,073:51] p1 and not p2
[2021-12-08 23:41:26,074:55] p4
[2021-12-08 23:41:26,074:57] p5
[2021-12-08 23:41:26,074:57] p5
[2021-12-08 23:41:26,074:55] p4
[2021-12-08 23:41:26,074:58] top3
