[2021-12-08 23:41:26,094:16] top1
[2021-12-08 23:41:26,094:18] p1
[2021-12-08 23:41:26,095:20] p1 and p2
[2021-12-08 23:41:26,095:32] p1 and p2 and not p3
[2021-12-08 23:41:26,095:38] top2
[2021-12-08 23:41:26,095:41] p3
[2021-12-08 23:41:26,095:43] p1
[2021-12-08 23:41:26,095:45] p1 and p2
[2021-12-08 23:41:26,095:47] p1 and p2 and p3
[2021-12-08 23:41:26,095:55] p4
[2021-12-08 23:41:26,095:57] p5
[2021-12-08 23:41:26,095:57] p5
[2021-12-08 23:41:26,095:55] p4
[2021-12-08 23:41:26,095:57] p5
[2021-12-08 23:41:26,095:57] p5
[2021-12-08 23:41:26,095:55] p4
[2021-12-08 23:41:26,095:41] p3
[2021-12-08 23:41:26,095:43] p1
[2021-12-08 23:41:26,095:45] p1 and p2
[2021-12-08 23:41:26,095:47] p1 and p2 and p3
[2021-12-08 23:41:26,095:41] p3
[2021-12-08 23:41:26,096:43] p1
[2021-12-08 23:41:26,096:51] p1 and not p2
[2021-12-08 23:41:26,096:55] p4
[2021-12-08 23:41:26,096:57] p5
[2021-12-08 23:41:26,096:41] p3
[2021-12-08 23:41:26,096:43] p1
[2021-12-08 23:41:26,096:51] p1 and not p2
[2021-12-08 23:41:26,096:41] p3
[2021-12-08 23:41:26,096:43] p1
[2021-12-08 23:41:26,096:45] p1 and p2
[2021-12-08 23:41:26,096:47] p1 and p2 and p3
[2021-12-08 23:41:26,096:55] p4
[2021-12-08 23:41:26,096:58] top3
