[2021-12-08 23:41:18,814:16] top1
[2021-12-08 23:41:18,814:18] p1
[2021-12-08 23:41:18,814:34] p1 and not p2
[2021-12-08 23:41:18,814:38] top2
[2021-12-08 23:41:18,814:41] p3
[2021-12-08 23:41:18,814:43] p1
[2021-12-08 23:41:18,814:45] p1 and p2
[2021-12-08 23:41:18,814:47] p1 and p2 and p3
[2021-12-08 23:41:18,814:55] p4
[2021-12-08 23:41:18,814:57] p5
[2021-12-08 23:41:18,815:57] p5
[2021-12-08 23:41:18,815:57] p5
[2021-12-08 23:41:18,815:57] p5
[2021-12-08 23:41:18,815:57] p5
[2021-12-08 23:41:18,815:57] p5
[2021-12-08 23:41:18,815:41] p3
[2021-12-08 23:41:18,815:43] p1
[2021-12-08 23:41:18,815:51] p1 and not p2
[2021-12-08 23:41:18,815:55] p4
[2021-12-08 23:41:18,815:41] p3
[2021-12-08 23:41:18,815:43] p1
[2021-12-08 23:41:18,815:51] p1 and not p2
[2021-12-08 23:41:18,815:41] p3
[2021-12-08 23:41:18,815:43] p1
[2021-12-08 23:41:18,815:45] p1 and p2
[2021-12-08 23:41:18,815:47] p1 and p2 and p3
[2021-12-08 23:41:18,815:55] p4
[2021-12-08 23:41:18,815:57] p5
[2021-12-08 23:41:18,815:58] top3
