[2021-12-08 23:41:26,097:16] top1
[2021-12-08 23:41:26,097:36] not p1
[2021-12-08 23:41:26,097:38] top2
[2021-12-08 23:41:26,097:41] p3
[2021-12-08 23:41:26,097:53] not p1
[2021-12-08 23:41:26,097:55] p4
[2021-12-08 23:41:26,097:57] p5
[2021-12-08 23:41:26,097:55] p4
[2021-12-08 23:41:26,097:55] p4
[2021-12-08 23:41:26,097:57] p5
[2021-12-08 23:41:26,098:57] p5
[2021-12-08 23:41:26,098:57] p5
[2021-12-08 23:41:26,098:57] p5
[2021-12-08 23:41:26,098:41] p3
[2021-12-08 23:41:26,098:53] not p1
[2021-12-08 23:41:26,098:41] p3
[2021-12-08 23:41:26,098:53] not p1
[2021-12-08 23:41:26,098:55] p4
[2021-12-08 23:41:26,098:57] p5
[2021-12-08 23:41:26,098:57] p5
[2021-12-08 23:41:26,098:57] p5
[2021-12-08 23:41:26,098:57] p5
[2021-12-08 23:41:26,098:57] p5
[2021-12-08 23:41:26,098:41] p3
[2021-12-08 23:41:26,099:43] p1
[2021-12-08 23:41:26,099:45] p1 and p2
[2021-12-08 23:41:26,099:47] p1 and p2 and p3
[2021-12-08 23:41:26,099:55] p4
[2021-12-08 23:41:26,099:57] p5
[2021-12-08 23:41:26,099:57] p5
[2021-12-08 23:41:26,099:58] top3
