[2021-12-08 23:41:26,102:16] top1
[2021-12-08 23:41:26,102:36] not p1
[2021-12-08 23:41:26,102:38] top2
[2021-12-08 23:41:26,102:41] p3
[2021-12-08 23:41:26,102:43] p1
[2021-12-08 23:41:26,103:51] p1 and not p2
[2021-12-08 23:41:26,103:55] p4
[2021-12-08 23:41:26,103:55] p4
[2021-12-08 23:41:26,103:55] p4
[2021-12-08 23:41:26,103:55] p4
[2021-12-08 23:41:26,103:57] p5
[2021-12-08 23:41:26,103:57] p5
[2021-12-08 23:41:26,103:57] p5
[2021-12-08 23:41:26,103:57] p5
[2021-12-08 23:41:26,103:41] p3
[2021-12-08 23:41:26,103:53] not p1
[2021-12-08 23:41:26,103:41] p3
[2021-12-08 23:41:26,103:53] not p1
[2021-12-08 23:41:26,103:41] p3
[2021-12-08 23:41:26,103:43] p1
[2021-12-08 23:41:26,103:51] p1 and not p2
[2021-12-08 23:41:26,103:41] p3
[2021-12-08 23:41:26,103:43] p1
[2021-12-08 23:41:26,103:45] p1 and p2
[2021-12-08 23:41:26,103:47] p1 and p2 and p3
[2021-12-08 23:41:26,103:55] p4
[2021-12-08 23:41:26,104:41] p3
[2021-12-08 23:41:26,104:53] not p1
[2021-12-08 23:41:26,104:55] p4
[2021-12-08 23:41:26,104:57] p5
[2021-12-08 23:41:26,104:55] p4
[2021-12-08 23:41:26,104:55] p4
[2021-12-08 23:41:26,104:58] top3
