[2021-12-08 23:41:26,113:16] top1
[2021-12-08 23:41:26,113:18] p1
[2021-12-08 23:41:26,113:20] p1 and p2
[2021-12-08 23:41:26,113:22] p1 and p2 and p3
[2021-12-08 23:41:26,114:24] p1 and p2 and p3 and p4
[2021-12-08 23:41:26,114:28] p1 and p2 and p3 and p4 and not p5
[2021-12-08 23:41:26,114:38] top2
[2021-12-08 23:41:26,114:41] p3
[2021-12-08 23:41:26,114:53] not p1
[2021-12-08 23:41:26,114:41] p3
[2021-12-08 23:41:26,114:43] p1
[2021-12-08 23:41:26,114:45] p1 and p2
[2021-12-08 23:41:26,114:47] p1 and p2 and p3
[2021-12-08 23:41:26,114:41] p3
[2021-12-08 23:41:26,114:43] p1
[2021-12-08 23:41:26,114:45] p1 and p2
[2021-12-08 23:41:26,114:49] p1 and p2 and not p3
[2021-12-08 23:41:26,114:55] p4
[2021-12-08 23:41:26,114:55] p4
[2021-12-08 23:41:26,114:41] p3
[2021-12-08 23:41:26,114:53] not p1
[2021-12-08 23:41:26,114:41] p3
[2021-12-08 23:41:26,114:53] not p1
[2021-12-08 23:41:26,114:55] p4
[2021-12-08 23:41:26,114:55] p4
[2021-12-08 23:41:26,115:57] p5
[2021-12-08 23:41:26,115:55] p4
[2021-12-08 23:41:26,115:58] top3
