[2021-12-08 23:41:26,117:16] top1
[2021-12-08 23:41:26,117:18] p1
[2021-12-08 23:41:26,117:20] p1 and p2
[2021-12-08 23:41:26,117:32] p1 and p2 and not p3
[2021-12-08 23:41:26,117:38] top2
[2021-12-08 23:41:26,117:41] p3
[2021-12-08 23:41:26,117:43] p1
[2021-12-08 23:41:26,118:45] p1 and p2
[2021-12-08 23:41:26,118:49] p1 and p2 and not p3
[2021-12-08 23:41:26,118:55] p4
[2021-12-08 23:41:26,118:57] p5
[2021-12-08 23:41:26,118:57] p5
[2021-12-08 23:41:26,118:57] p5
[2021-12-08 23:41:26,118:57] p5
[2021-12-08 23:41:26,118:41] p3
[2021-12-08 23:41:26,118:43] p1
[2021-12-08 23:41:26,118:45] p1 and p2
[2021-12-08 23:41:26,118:47] p1 and p2 and p3
[2021-12-08 23:41:26,118:55] p4
[2021-12-08 23:41:26,118:57] p5
[2021-12-08 23:41:26,118:57] p5
[2021-12-08 23:41:26,118:57] p5
[2021-12-08 23:41:26,118:58] top3
