[2021-12-08 23:41:26,119:16] top1
[2021-12-08 23:41:26,119:36] not p1
[2021-12-08 23:41:26,119:38] top2
[2021-12-08 23:41:26,119:41] p3
[2021-12-08 23:41:26,120:53] not p1
[2021-12-08 23:41:26,120:41] p3
[2021-12-08 23:41:26,120:43] p1
[2021-12-08 23:41:26,120:51] p1 and not p2
[2021-12-08 23:41:26,120:55] p4
[2021-12-08 23:41:26,120:55] p4
[2021-12-08 23:41:26,120:57] p5
[2021-12-08 23:41:26,120:55] p4
[2021-12-08 23:41:26,120:55] p4
[2021-12-08 23:41:26,120:57] p5
[2021-12-08 23:41:26,120:55] p4
[2021-12-08 23:41:26,120:57] p5
[2021-12-08 23:41:26,120:57] p5
[2021-12-08 23:41:26,121:55] p4
[2021-12-08 23:41:26,121:57] p5
[2021-12-08 23:41:26,121:57] p5
[2021-12-08 23:41:26,121:57] p5
[2021-12-08 23:41:26,121:55] p4
[2021-12-08 23:41:26,121:55] p4
[2021-12-08 23:41:26,121:55] p4
[2021-12-08 23:41:26,121:57] p5
[2021-12-08 23:41:26,121:41] p3
[2021-12-08 23:41:26,121:53] not p1
[2021-12-08 23:41:26,121:55] p4
[2021-12-08 23:41:26,121:57] p5
[2021-12-08 23:41:26,121:41] p3
[2021-12-08 23:41:26,121:43] p1
[2021-12-08 23:41:26,121:45] p1 and p2
[2021-12-08 23:41:26,122:49] p1 and p2 and not p3
[2021-12-08 23:41:26,122:41] p3
[2021-12-08 23:41:26,122:53] not p1
[2021-12-08 23:41:26,122:55] p4
[2021-12-08 23:41:26,122:41] p3
[2021-12-08 23:41:26,122:43] p1
[2021-12-08 23:41:26,122:45] p1 and p2
[2021-12-08 23:41:26,122:49] p1 and p2 and not p3
[2021-12-08 23:41:26,122:55] p4
[2021-12-08 23:41:26,122:57] p5
[2021-12-08 23:41:26,122:55] p4
[2021-12-08 23:41:26,122:57] p5
[2021-12-08 23:41:26,122:57] p5
[2021-12-08 23:41:26,123:57] p5
[2021-12-08 23:41:26,123:57] p5
[2021-12-08 23:41:26,123:57] p5
[2021-12-08 23:41:26,123:57] p5
[2021-12-08 23:41:26,123:57] p5
[2021-12-08 23:41:26,123:41] p3
[2021-12-08 23:41:26,123:53] not p1
[2021-12-08 23:41:26,123:41] p3
[2021-12-08 23:41:26,123:53] not p1
[2021-12-08 23:41:26,123:55] p4
[2021-12-08 23:41:26,123:41] p3
[2021-12-08 23:41:26,123:53] not p1
[2021-12-08 23:41:26,123:58] top3
