[2021-12-08 23:41:19,540:16] top1
[2021-12-08 23:41:19,540:18] p1
[2021-12-08 23:41:19,540:20] p1 and p2
[2021-12-08 23:41:19,540:22] p1 and p2 and p3
[2021-12-08 23:41:19,540:24] p1 and p2 and p3 and p4
[2021-12-08 23:41:19,541:26] p1 and p2 and p3 and p4 and p5
[2021-12-08 23:41:19,541:38] top2
[2021-12-08 23:41:19,541:41] p3
[2021-12-08 23:41:19,541:43] p1
[2021-12-08 23:41:19,541:45] p1 and p2
[2021-12-08 23:41:19,541:47] p1 and p2 and p3
[2021-12-08 23:41:19,541:55] p4
[2021-12-08 23:41:19,541:57] p5
[2021-12-08 23:41:19,541:57] p5
[2021-12-08 23:41:19,541:55] p4
[2021-12-08 23:41:19,541:57] p5
[2021-12-08 23:41:19,541:55] p4
[2021-12-08 23:41:19,541:41] p3
[2021-12-08 23:41:19,541:53] not p1
[2021-12-08 23:41:19,541:41] p3
[2021-12-08 23:41:19,541:53] not p1
[2021-12-08 23:41:19,541:55] p4
[2021-12-08 23:41:19,541:58] top3
