[2021-12-08 23:41:26,175:16] top1
[2021-12-08 23:41:26,175:18] p1
[2021-12-08 23:41:26,175:34] p1 and not p2
[2021-12-08 23:41:26,175:38] top2
[2021-12-08 23:41:26,175:41] p3
[2021-12-08 23:41:26,175:43] p1
[2021-12-08 23:41:26,175:45] p1 and p2
[2021-12-08 23:41:26,175:49] p1 and p2 and not p3
[2021-12-08 23:41:26,175:41] p3
[2021-12-08 23:41:26,175:43] p1
[2021-12-08 23:41:26,176:45] p1 and p2
[2021-12-08 23:41:26,176:49] p1 and p2 and not p3
[2021-12-08 23:41:26,176:55] p4
[2021-12-08 23:41:26,176:55] p4
[2021-12-08 23:41:26,176:57] p5
[2021-12-08 23:41:26,176:55] p4
[2021-12-08 23:41:26,176:41] p3
[2021-12-08 23:41:26,176:53] not p1
[2021-12-08 23:41:26,176:41] p3
[2021-12-08 23:41:26,176:53] not p1
[2021-12-08 23:41:26,176:41] p3
[2021-12-08 23:41:26,176:53] not p1
[2021-12-08 23:41:26,176:41] p3
[2021-12-08 23:41:26,176:43] p1
[2021-12-08 23:41:26,176:45] p1 and p2
[2021-12-08 23:41:26,176:47] p1 and p2 and p3
[2021-12-08 23:41:26,176:55] p4
[2021-12-08 23:41:26,177:57] p5
[2021-12-08 23:41:26,177:57] p5
[2021-12-08 23:41:26,177:55] p4
[2021-12-08 23:41:26,177:58] top3
