[2021-12-08 23:41:26,178:16] top1
[2021-12-08 23:41:26,178:36] not p1
[2021-12-08 23:41:26,178:38] top2
[2021-12-08 23:41:26,178:41] p3
[2021-12-08 23:41:26,178:53] not p1
[2021-12-08 23:41:26,178:55] p4
[2021-12-08 23:41:26,178:57] p5
[2021-12-08 23:41:26,179:55] p4
[2021-12-08 23:41:26,179:55] p4
[2021-12-08 23:41:26,179:55] p4
[2021-12-08 23:41:26,179:57] p5
[2021-12-08 23:41:26,179:55] p4
[2021-12-08 23:41:26,179:57] p5
[2021-12-08 23:41:26,179:57] p5
[2021-12-08 23:41:26,179:55] p4
[2021-12-08 23:41:26,179:57] p5
[2021-12-08 23:41:26,179:41] p3
[2021-12-08 23:41:26,179:53] not p1
[2021-12-08 23:41:26,179:55] p4
[2021-12-08 23:41:26,179:55] p4
[2021-12-08 23:41:26,179:57] p5
[2021-12-08 23:41:26,179:41] p3
[2021-12-08 23:41:26,179:43] p1
[2021-12-08 23:41:26,179:45] p1 and p2
[2021-12-08 23:41:26,179:47] p1 and p2 and p3
[2021-12-08 23:41:26,180:55] p4
[2021-12-08 23:41:26,180:57] p5
[2021-12-08 23:41:26,180:41] p3
[2021-12-08 23:41:26,180:53] not p1
[2021-12-08 23:41:26,180:41] p3
[2021-12-08 23:41:26,180:43] p1
[2021-12-08 23:41:26,180:51] p1 and not p2
[2021-12-08 23:41:26,180:58] top3
