[2021-12-08 23:41:19,543:16] top1
[2021-12-08 23:41:19,543:18] p1
[2021-12-08 23:41:19,543:20] p1 and p2
[2021-12-08 23:41:19,544:32] p1 and p2 and not p3
[2021-12-08 23:41:19,544:38] top2
[2021-12-08 23:41:19,544:41] p3
[2021-12-08 23:41:19,544:53] not p1
[2021-12-08 23:41:19,544:55] p4
[2021-12-08 23:41:19,544:57] p5
[2021-12-08 23:41:19,544:57] p5
[2021-12-08 23:41:19,544:57] p5
[2021-12-08 23:41:19,544:55] p4
[2021-12-08 23:41:19,544:57] p5
[2021-12-08 23:41:19,544:57] p5
[2021-12-08 23:41:19,544:57] p5
[2021-12-08 23:41:19,544:41] p3
[2021-12-08 23:41:19,545:43] p1
[2021-12-08 23:41:19,545:45] p1 and p2
[2021-12-08 23:41:19,545:49] p1 and p2 and not p3
[2021-12-08 23:41:19,545:58] top3
