[2021-12-08 23:41:26,196:16] top1
[2021-12-08 23:41:26,196:36] not p1
[2021-12-08 23:41:26,196:38] top2
[2021-12-08 23:41:26,196:41] p3
[2021-12-08 23:41:26,197:43] p1
[2021-12-08 23:41:26,197:45] p1 and p2
[2021-12-08 23:41:26,197:49] p1 and p2 and not p3
[2021-12-08 23:41:26,197:55] p4
[2021-12-08 23:41:26,197:55] p4
[2021-12-08 23:41:26,197:57] p5
[2021-12-08 23:41:26,197:55] p4
[2021-12-08 23:41:26,197:55] p4
[2021-12-08 23:41:26,197:55] p4
[2021-12-08 23:41:26,197:57] p5
[2021-12-08 23:41:26,197:57] p5
[2021-12-08 23:41:26,197:57] p5
[2021-12-08 23:41:26,197:55] p4
[2021-12-08 23:41:26,197:55] p4
[2021-12-08 23:41:26,197:57] p5
[2021-12-08 23:41:26,197:55] p4
[2021-12-08 23:41:26,197:57] p5
[2021-12-08 23:41:26,197:57] p5
[2021-12-08 23:41:26,197:41] p3
[2021-12-08 23:41:26,198:53] not p1
[2021-12-08 23:41:26,198:55] p4
[2021-12-08 23:41:26,198:58] top3
