[2021-12-08 23:41:26,206:16] top1
[2021-12-08 23:41:26,206:36] not p1
[2021-12-08 23:41:26,206:38] top2
[2021-12-08 23:41:26,206:41] p3
[2021-12-08 23:41:26,206:43] p1
[2021-12-08 23:41:26,206:51] p1 and not p2
[2021-12-08 23:41:26,206:41] p3
[2021-12-08 23:41:26,206:43] p1
[2021-12-08 23:41:26,207:51] p1 and not p2
[2021-12-08 23:41:26,207:41] p3
[2021-12-08 23:41:26,207:43] p1
[2021-12-08 23:41:26,207:45] p1 and p2
[2021-12-08 23:41:26,207:47] p1 and p2 and p3
[2021-12-08 23:41:26,207:55] p4
[2021-12-08 23:41:26,207:55] p4
[2021-12-08 23:41:26,207:41] p3
[2021-12-08 23:41:26,207:43] p1
[2021-12-08 23:41:26,207:45] p1 and p2
[2021-12-08 23:41:26,207:49] p1 and p2 and not p3
[2021-12-08 23:41:26,207:55] p4
[2021-12-08 23:41:26,207:57] p5
[2021-12-08 23:41:26,207:57] p5
[2021-12-08 23:41:26,207:57] p5
[2021-12-08 23:41:26,208:58] top3
