[2021-12-08 23:41:19,546:16] top1
[2021-12-08 23:41:19,546:36] not p1
[2021-12-08 23:41:19,546:38] top2
[2021-12-08 23:41:19,546:41] p3
[2021-12-08 23:41:19,546:43] p1
[2021-12-08 23:41:19,546:51] p1 and not p2
[2021-12-08 23:41:19,546:55] p4
[2021-12-08 23:41:19,546:57] p5
[2021-12-08 23:41:19,546:55] p4
[2021-12-08 23:41:19,546:55] p4
[2021-12-08 23:41:19,547:57] p5
[2021-12-08 23:41:19,547:57] p5
[2021-12-08 23:41:19,547:55] p4
[2021-12-08 23:41:19,547:41] p3
[2021-12-08 23:41:19,547:43] p1
[2021-12-08 23:41:19,547:45] p1 and p2
[2021-12-08 23:41:19,547:49] p1 and p2 and not p3
[2021-12-08 23:41:19,547:41] p3
[2021-12-08 23:41:19,547:43] p1
[2021-12-08 23:41:19,547:45] p1 and p2
[2021-12-08 23:41:19,547:47] p1 and p2 and p3
[2021-12-08 23:41:19,547:55] p4
[2021-12-08 23:41:19,547:57] p5
[2021-12-08 23:41:19,547:41] p3
[2021-12-08 23:41:19,547:53] not p1
[2021-12-08 23:41:19,547:41] p3
[2021-12-08 23:41:19,547:43] p1
[2021-12-08 23:41:19,547:51] p1 and not p2
[2021-12-08 23:41:19,547:41] p3
[2021-12-08 23:41:19,547:43] p1
[2021-12-08 23:41:19,547:51] p1 and not p2
[2021-12-08 23:41:19,548:41] p3
[2021-12-08 23:41:19,548:43] p1
[2021-12-08 23:41:19,548:51] p1 and not p2
[2021-12-08 23:41:19,548:41] p3
[2021-12-08 23:41:19,548:43] p1
[2021-12-08 23:41:19,548:51] p1 and not p2
[2021-12-08 23:41:19,548:41] p3
[2021-12-08 23:41:19,548:43] p1
[2021-12-08 23:41:19,548:51] p1 and not p2
[2021-12-08 23:41:19,548:55] p4
[2021-12-08 23:41:19,548:57] p5
[2021-12-08 23:41:19,548:57] p5
[2021-12-08 23:41:19,548:57] p5
[2021-12-08 23:41:19,548:57] p5
[2021-12-08 23:41:19,548:57] p5
[2021-12-08 23:41:19,548:57] p5
[2021-12-08 23:41:19,548:57] p5
[2021-12-08 23:41:19,548:57] p5
[2021-12-08 23:41:19,548:57] p5
[2021-12-08 23:41:19,548:55] p4
[2021-12-08 23:41:19,548:55] p4
[2021-12-08 23:41:19,549:57] p5
[2021-12-08 23:41:19,549:55] p4
[2021-12-08 23:41:19,549:57] p5
[2021-12-08 23:41:19,549:57] p5
[2021-12-08 23:41:19,549:57] p5
[2021-12-08 23:41:19,549:57] p5
[2021-12-08 23:41:19,549:58] top3
