[2021-12-08 23:41:26,224:16] top1
[2021-12-08 23:41:26,224:36] not p1
[2021-12-08 23:41:26,224:38] top2
[2021-12-08 23:41:26,224:41] p3
[2021-12-08 23:41:26,224:43] p1
[2021-12-08 23:41:26,224:51] p1 and not p2
[2021-12-08 23:41:26,224:41] p3
[2021-12-08 23:41:26,224:53] not p1
[2021-12-08 23:41:26,224:41] p3
[2021-12-08 23:41:26,224:53] not p1
[2021-12-08 23:41:26,224:55] p4
[2021-12-08 23:41:26,224:55] p4
[2021-12-08 23:41:26,224:41] p3
[2021-12-08 23:41:26,224:43] p1
[2021-12-08 23:41:26,224:45] p1 and p2
[2021-12-08 23:41:26,224:47] p1 and p2 and p3
[2021-12-08 23:41:26,224:55] p4
[2021-12-08 23:41:26,225:57] p5
[2021-12-08 23:41:26,225:55] p4
[2021-12-08 23:41:26,225:57] p5
[2021-12-08 23:41:26,225:57] p5
[2021-12-08 23:41:26,225:57] p5
[2021-12-08 23:41:26,225:57] p5
[2021-12-08 23:41:26,225:57] p5
[2021-12-08 23:41:26,225:57] p5
[2021-12-08 23:41:26,225:57] p5
[2021-12-08 23:41:26,225:41] p3
[2021-12-08 23:41:26,225:43] p1
[2021-12-08 23:41:26,225:45] p1 and p2
[2021-12-08 23:41:26,225:49] p1 and p2 and not p3
[2021-12-08 23:41:26,225:55] p4
[2021-12-08 23:41:26,225:55] p4
[2021-12-08 23:41:26,225:41] p3
[2021-12-08 23:41:26,225:53] not p1
[2021-12-08 23:41:26,225:55] p4
[2021-12-08 23:41:26,225:57] p5
[2021-12-08 23:41:26,225:41] p3
[2021-12-08 23:41:26,225:43] p1
[2021-12-08 23:41:26,226:51] p1 and not p2
[2021-12-08 23:41:26,226:55] p4
[2021-12-08 23:41:26,226:57] p5
[2021-12-08 23:41:26,226:57] p5
[2021-12-08 23:41:26,226:57] p5
[2021-12-08 23:41:26,226:41] p3
[2021-12-08 23:41:26,226:53] not p1
[2021-12-08 23:41:26,226:55] p4
[2021-12-08 23:41:26,226:57] p5
[2021-12-08 23:41:26,226:58] top3
