[2021-12-08 23:41:19,550:16] top1
[2021-12-08 23:41:19,550:18] p1
[2021-12-08 23:41:19,550:20] p1 and p2
[2021-12-08 23:41:19,550:32] p1 and p2 and not p3
[2021-12-08 23:41:19,550:38] top2
[2021-12-08 23:41:19,550:41] p3
[2021-12-08 23:41:19,550:43] p1
[2021-12-08 23:41:19,550:51] p1 and not p2
[2021-12-08 23:41:19,550:55] p4
[2021-12-08 23:41:19,550:57] p5
[2021-12-08 23:41:19,550:57] p5
[2021-12-08 23:41:19,550:55] p4
[2021-12-08 23:41:19,551:57] p5
[2021-12-08 23:41:19,551:57] p5
[2021-12-08 23:41:19,551:57] p5
[2021-12-08 23:41:19,551:57] p5
[2021-12-08 23:41:19,551:57] p5
[2021-12-08 23:41:19,551:55] p4
[2021-12-08 23:41:19,551:57] p5
[2021-12-08 23:41:19,551:57] p5
[2021-12-08 23:41:19,551:55] p4
[2021-12-08 23:41:19,551:57] p5
[2021-12-08 23:41:19,551:57] p5
[2021-12-08 23:41:19,551:57] p5
[2021-12-08 23:41:19,551:41] p3
[2021-12-08 23:41:19,551:53] not p1
[2021-12-08 23:41:19,551:41] p3
[2021-12-08 23:41:19,551:43] p1
[2021-12-08 23:41:19,551:45] p1 and p2
[2021-12-08 23:41:19,551:49] p1 and p2 and not p3
[2021-12-08 23:41:19,551:55] p4
[2021-12-08 23:41:19,551:57] p5
[2021-12-08 23:41:19,552:55] p4
[2021-12-08 23:41:19,552:41] p3
[2021-12-08 23:41:19,552:53] not p1
[2021-12-08 23:41:19,552:58] top3
