[2021-12-08 23:41:26,247:16] top1
[2021-12-08 23:41:26,247:18] p1
[2021-12-08 23:41:26,247:20] p1 and p2
[2021-12-08 23:41:26,247:22] p1 and p2 and p3
[2021-12-08 23:41:26,247:24] p1 and p2 and p3 and p4
[2021-12-08 23:41:26,247:26] p1 and p2 and p3 and p4 and p5
[2021-12-08 23:41:26,247:38] top2
[2021-12-08 23:41:26,248:41] p3
[2021-12-08 23:41:26,248:43] p1
[2021-12-08 23:41:26,248:45] p1 and p2
[2021-12-08 23:41:26,248:47] p1 and p2 and p3
[2021-12-08 23:41:26,248:41] p3
[2021-12-08 23:41:26,248:43] p1
[2021-12-08 23:41:26,248:51] p1 and not p2
[2021-12-08 23:41:26,248:55] p4
[2021-12-08 23:41:26,248:55] p4
[2021-12-08 23:41:26,248:57] p5
[2021-12-08 23:41:26,248:57] p5
[2021-12-08 23:41:26,248:57] p5
[2021-12-08 23:41:26,248:58] top3
