[2021-12-08 23:41:26,257:16] top1
[2021-12-08 23:41:26,257:36] not p1
[2021-12-08 23:41:26,257:38] top2
[2021-12-08 23:41:26,257:41] p3
[2021-12-08 23:41:26,257:53] not p1
[2021-12-08 23:41:26,257:55] p4
[2021-12-08 23:41:26,257:57] p5
[2021-12-08 23:41:26,257:41] p3
[2021-12-08 23:41:26,257:53] not p1
[2021-12-08 23:41:26,257:55] p4
[2021-12-08 23:41:26,257:57] p5
[2021-12-08 23:41:26,257:57] p5
[2021-12-08 23:41:26,257:57] p5
[2021-12-08 23:41:26,257:57] p5
[2021-12-08 23:41:26,257:41] p3
[2021-12-08 23:41:26,258:43] p1
[2021-12-08 23:41:26,258:45] p1 and p2
[2021-12-08 23:41:26,258:49] p1 and p2 and not p3
[2021-12-08 23:41:26,258:55] p4
[2021-12-08 23:41:26,258:57] p5
[2021-12-08 23:41:26,258:58] top3
