[2021-12-08 23:41:26,262:16] top1
[2021-12-08 23:41:26,262:18] p1
[2021-12-08 23:41:26,262:20] p1 and p2
[2021-12-08 23:41:26,262:32] p1 and p2 and not p3
[2021-12-08 23:41:26,263:38] top2
[2021-12-08 23:41:26,263:41] p3
[2021-12-08 23:41:26,263:43] p1
[2021-12-08 23:41:26,263:51] p1 and not p2
[2021-12-08 23:41:26,263:41] p3
[2021-12-08 23:41:26,263:43] p1
[2021-12-08 23:41:26,263:51] p1 and not p2
[2021-12-08 23:41:26,263:55] p4
[2021-12-08 23:41:26,263:57] p5
[2021-12-08 23:41:26,263:55] p4
[2021-12-08 23:41:26,263:57] p5
[2021-12-08 23:41:26,263:57] p5
[2021-12-08 23:41:26,263:57] p5
[2021-12-08 23:41:26,264:57] p5
[2021-12-08 23:41:26,264:57] p5
[2021-12-08 23:41:26,264:55] p4
[2021-12-08 23:41:26,264:41] p3
[2021-12-08 23:41:26,264:43] p1
[2021-12-08 23:41:26,264:45] p1 and p2
[2021-12-08 23:41:26,264:49] p1 and p2 and not p3
[2021-12-08 23:41:26,264:58] top3
