[2021-12-08 23:41:26,267:16] top1
[2021-12-08 23:41:26,267:18] p1
[2021-12-08 23:41:26,267:20] p1 and p2
[2021-12-08 23:41:26,267:22] p1 and p2 and p3
[2021-12-08 23:41:26,267:24] p1 and p2 and p3 and p4
[2021-12-08 23:41:26,267:28] p1 and p2 and p3 and p4 and not p5
[2021-12-08 23:41:26,267:38] top2
[2021-12-08 23:41:26,267:41] p3
[2021-12-08 23:41:26,267:43] p1
[2021-12-08 23:41:26,268:51] p1 and not p2
[2021-12-08 23:41:26,268:55] p4
[2021-12-08 23:41:26,268:57] p5
[2021-12-08 23:41:26,268:57] p5
[2021-12-08 23:41:26,268:55] p4
[2021-12-08 23:41:26,268:55] p4
[2021-12-08 23:41:26,268:55] p4
[2021-12-08 23:41:26,268:55] p4
[2021-12-08 23:41:26,268:55] p4
[2021-12-08 23:41:26,268:57] p5
[2021-12-08 23:41:26,268:57] p5
[2021-12-08 23:41:26,268:57] p5
[2021-12-08 23:41:26,268:55] p4
[2021-12-08 23:41:26,268:41] p3
[2021-12-08 23:41:26,268:53] not p1
[2021-12-08 23:41:26,268:55] p4
[2021-12-08 23:41:26,269:41] p3
[2021-12-08 23:41:26,269:43] p1
[2021-12-08 23:41:26,269:51] p1 and not p2
[2021-12-08 23:41:26,269:41] p3
[2021-12-08 23:41:26,269:53] not p1
[2021-12-08 23:41:26,269:41] p3
[2021-12-08 23:41:26,269:53] not p1
[2021-12-08 23:41:26,269:55] p4
[2021-12-08 23:41:26,269:55] p4
[2021-12-08 23:41:26,269:57] p5
[2021-12-08 23:41:26,269:41] p3
[2021-12-08 23:41:26,269:43] p1
[2021-12-08 23:41:26,269:51] p1 and not p2
[2021-12-08 23:41:26,269:55] p4
[2021-12-08 23:41:26,269:55] p4
[2021-12-08 23:41:26,269:58] top3
