[2021-12-08 23:41:26,332:16] top1
[2021-12-08 23:41:26,332:18] p1
[2021-12-08 23:41:26,332:20] p1 and p2
[2021-12-08 23:41:26,332:22] p1 and p2 and p3
[2021-12-08 23:41:26,332:30] p1 and p2 and p3 and not p4
[2021-12-08 23:41:26,333:38] top2
[2021-12-08 23:41:26,333:41] p3
[2021-12-08 23:41:26,333:43] p1
[2021-12-08 23:41:26,333:45] p1 and p2
[2021-12-08 23:41:26,333:47] p1 and p2 and p3
[2021-12-08 23:41:26,333:55] p4
[2021-12-08 23:41:26,333:55] p4
[2021-12-08 23:41:26,333:57] p5
[2021-12-08 23:41:26,333:41] p3
[2021-12-08 23:41:26,333:53] not p1
[2021-12-08 23:41:26,333:41] p3
[2021-12-08 23:41:26,333:43] p1
[2021-12-08 23:41:26,333:45] p1 and p2
[2021-12-08 23:41:26,333:47] p1 and p2 and p3
[2021-12-08 23:41:26,333:41] p3
[2021-12-08 23:41:26,333:43] p1
[2021-12-08 23:41:26,333:51] p1 and not p2
[2021-12-08 23:41:26,333:55] p4
[2021-12-08 23:41:26,333:58] top3
