[2021-12-08 23:41:26,334:16] top1
[2021-12-08 23:41:26,334:18] p1
[2021-12-08 23:41:26,334:20] p1 and p2
[2021-12-08 23:41:26,334:22] p1 and p2 and p3
[2021-12-08 23:41:26,334:24] p1 and p2 and p3 and p4
[2021-12-08 23:41:26,334:28] p1 and p2 and p3 and p4 and not p5
[2021-12-08 23:41:26,334:38] top2
[2021-12-08 23:41:26,334:41] p3
[2021-12-08 23:41:26,334:53] not p1
[2021-12-08 23:41:26,334:55] p4
[2021-12-08 23:41:26,334:41] p3
[2021-12-08 23:41:26,335:43] p1
[2021-12-08 23:41:26,335:51] p1 and not p2
[2021-12-08 23:41:26,335:41] p3
[2021-12-08 23:41:26,335:53] not p1
[2021-12-08 23:41:26,335:55] p4
[2021-12-08 23:41:26,335:41] p3
[2021-12-08 23:41:26,335:43] p1
[2021-12-08 23:41:26,335:45] p1 and p2
[2021-12-08 23:41:26,335:47] p1 and p2 and p3
[2021-12-08 23:41:26,335:55] p4
[2021-12-08 23:41:26,335:58] top3
