[2021-12-08 23:41:26,336:16] top1
[2021-12-08 23:41:26,337:18] p1
[2021-12-08 23:41:26,337:20] p1 and p2
[2021-12-08 23:41:26,337:32] p1 and p2 and not p3
[2021-12-08 23:41:26,337:38] top2
[2021-12-08 23:41:26,337:41] p3
[2021-12-08 23:41:26,337:43] p1
[2021-12-08 23:41:26,337:51] p1 and not p2
[2021-12-08 23:41:26,337:55] p4
[2021-12-08 23:41:26,337:55] p4
[2021-12-08 23:41:26,337:57] p5
[2021-12-08 23:41:26,337:55] p4
[2021-12-08 23:41:26,337:57] p5
[2021-12-08 23:41:26,337:55] p4
[2021-12-08 23:41:26,337:57] p5
[2021-12-08 23:41:26,337:57] p5
[2021-12-08 23:41:26,337:41] p3
[2021-12-08 23:41:26,337:43] p1
[2021-12-08 23:41:26,337:51] p1 and not p2
[2021-12-08 23:41:26,337:41] p3
[2021-12-08 23:41:26,337:43] p1
[2021-12-08 23:41:26,338:51] p1 and not p2
[2021-12-08 23:41:26,338:58] top3
