[2021-12-08 23:41:26,344:16] top1
[2021-12-08 23:41:26,344:36] not p1
[2021-12-08 23:41:26,344:38] top2
[2021-12-08 23:41:26,344:41] p3
[2021-12-08 23:41:26,344:43] p1
[2021-12-08 23:41:26,344:45] p1 and p2
[2021-12-08 23:41:26,344:49] p1 and p2 and not p3
[2021-12-08 23:41:26,344:41] p3
[2021-12-08 23:41:26,344:53] not p1
[2021-12-08 23:41:26,344:41] p3
[2021-12-08 23:41:26,344:43] p1
[2021-12-08 23:41:26,344:45] p1 and p2
[2021-12-08 23:41:26,345:49] p1 and p2 and not p3
[2021-12-08 23:41:26,345:41] p3
[2021-12-08 23:41:26,345:43] p1
[2021-12-08 23:41:26,345:45] p1 and p2
[2021-12-08 23:41:26,345:49] p1 and p2 and not p3
[2021-12-08 23:41:26,345:41] p3
[2021-12-08 23:41:26,345:53] not p1
[2021-12-08 23:41:26,345:55] p4
[2021-12-08 23:41:26,345:41] p3
[2021-12-08 23:41:26,345:53] not p1
[2021-12-08 23:41:26,345:41] p3
[2021-12-08 23:41:26,345:43] p1
[2021-12-08 23:41:26,345:51] p1 and not p2
[2021-12-08 23:41:26,346:55] p4
[2021-12-08 23:41:26,346:57] p5
[2021-12-08 23:41:26,346:57] p5
[2021-12-08 23:41:26,346:41] p3
[2021-12-08 23:41:26,346:53] not p1
[2021-12-08 23:41:26,346:41] p3
[2021-12-08 23:41:26,346:43] p1
[2021-12-08 23:41:26,346:45] p1 and p2
[2021-12-08 23:41:26,346:49] p1 and p2 and not p3
[2021-12-08 23:41:26,346:55] p4
[2021-12-08 23:41:26,346:57] p5
[2021-12-08 23:41:26,346:41] p3
[2021-12-08 23:41:26,346:53] not p1
[2021-12-08 23:41:26,346:55] p4
[2021-12-08 23:41:26,346:41] p3
[2021-12-08 23:41:26,346:43] p1
[2021-12-08 23:41:26,346:51] p1 and not p2
[2021-12-08 23:41:26,346:58] top3
