[2021-12-08 23:41:26,349:16] top1
[2021-12-08 23:41:26,349:36] not p1
[2021-12-08 23:41:26,349:38] top2
[2021-12-08 23:41:26,349:41] p3
[2021-12-08 23:41:26,349:53] not p1
[2021-12-08 23:41:26,349:55] p4
[2021-12-08 23:41:26,349:57] p5
[2021-12-08 23:41:26,349:57] p5
[2021-12-08 23:41:26,349:57] p5
[2021-12-08 23:41:26,349:41] p3
[2021-12-08 23:41:26,349:53] not p1
[2021-12-08 23:41:26,349:55] p4
[2021-12-08 23:41:26,349:41] p3
[2021-12-08 23:41:26,349:43] p1
[2021-12-08 23:41:26,349:51] p1 and not p2
[2021-12-08 23:41:26,349:41] p3
[2021-12-08 23:41:26,349:43] p1
[2021-12-08 23:41:26,350:45] p1 and p2
[2021-12-08 23:41:26,350:47] p1 and p2 and p3
[2021-12-08 23:41:26,350:55] p4
[2021-12-08 23:41:26,350:57] p5
[2021-12-08 23:41:26,350:57] p5
[2021-12-08 23:41:26,350:57] p5
[2021-12-08 23:41:26,350:57] p5
[2021-12-08 23:41:26,350:57] p5
[2021-12-08 23:41:26,350:55] p4
[2021-12-08 23:41:26,350:41] p3
[2021-12-08 23:41:26,350:53] not p1
[2021-12-08 23:41:26,350:55] p4
[2021-12-08 23:41:26,350:57] p5
[2021-12-08 23:41:26,350:57] p5
[2021-12-08 23:41:26,350:58] top3
