[2021-12-08 23:41:26,356:16] top1
[2021-12-08 23:41:26,356:18] p1
[2021-12-08 23:41:26,356:34] p1 and not p2
[2021-12-08 23:41:26,356:38] top2
[2021-12-08 23:41:26,356:41] p3
[2021-12-08 23:41:26,356:43] p1
[2021-12-08 23:41:26,356:45] p1 and p2
[2021-12-08 23:41:26,356:49] p1 and p2 and not p3
[2021-12-08 23:41:26,356:55] p4
[2021-12-08 23:41:26,356:57] p5
[2021-12-08 23:41:26,356:57] p5
[2021-12-08 23:41:26,356:41] p3
[2021-12-08 23:41:26,356:43] p1
[2021-12-08 23:41:26,356:51] p1 and not p2
[2021-12-08 23:41:26,356:55] p4
[2021-12-08 23:41:26,356:57] p5
[2021-12-08 23:41:26,357:57] p5
[2021-12-08 23:41:26,357:57] p5
[2021-12-08 23:41:26,357:41] p3
[2021-12-08 23:41:26,357:43] p1
[2021-12-08 23:41:26,357:45] p1 and p2
[2021-12-08 23:41:26,357:47] p1 and p2 and p3
[2021-12-08 23:41:26,357:55] p4
[2021-12-08 23:41:26,357:41] p3
[2021-12-08 23:41:26,357:53] not p1
[2021-12-08 23:41:26,357:55] p4
[2021-12-08 23:41:26,357:57] p5
[2021-12-08 23:41:26,357:41] p3
[2021-12-08 23:41:26,357:43] p1
[2021-12-08 23:41:26,357:51] p1 and not p2
[2021-12-08 23:41:26,357:55] p4
[2021-12-08 23:41:26,357:57] p5
[2021-12-08 23:41:26,357:57] p5
[2021-12-08 23:41:26,357:55] p4
[2021-12-08 23:41:26,358:57] p5
[2021-12-08 23:41:26,358:57] p5
[2021-12-08 23:41:26,358:41] p3
[2021-12-08 23:41:26,358:43] p1
[2021-12-08 23:41:26,358:51] p1 and not p2
[2021-12-08 23:41:26,358:55] p4
[2021-12-08 23:41:26,358:57] p5
[2021-12-08 23:41:26,358:57] p5
[2021-12-08 23:41:26,358:55] p4
[2021-12-08 23:41:26,358:57] p5
[2021-12-08 23:41:26,358:57] p5
[2021-12-08 23:41:26,358:57] p5
[2021-12-08 23:41:26,358:57] p5
[2021-12-08 23:41:26,359:57] p5
[2021-12-08 23:41:26,359:57] p5
[2021-12-08 23:41:26,359:58] top3
