[2021-12-08 23:41:26,361:16] top1
[2021-12-08 23:41:26,361:18] p1
[2021-12-08 23:41:26,361:20] p1 and p2
[2021-12-08 23:41:26,361:22] p1 and p2 and p3
[2021-12-08 23:41:26,362:24] p1 and p2 and p3 and p4
[2021-12-08 23:41:26,362:26] p1 and p2 and p3 and p4 and p5
[2021-12-08 23:41:26,362:38] top2
[2021-12-08 23:41:26,362:41] p3
[2021-12-08 23:41:26,362:53] not p1
[2021-12-08 23:41:26,362:55] p4
[2021-12-08 23:41:26,362:57] p5
[2021-12-08 23:41:26,362:57] p5
[2021-12-08 23:41:26,362:57] p5
[2021-12-08 23:41:26,362:57] p5
[2021-12-08 23:41:26,362:55] p4
[2021-12-08 23:41:26,362:41] p3
[2021-12-08 23:41:26,362:43] p1
[2021-12-08 23:41:26,362:51] p1 and not p2
[2021-12-08 23:41:26,362:55] p4
[2021-12-08 23:41:26,362:57] p5
[2021-12-08 23:41:26,362:57] p5
[2021-12-08 23:41:26,362:57] p5
[2021-12-08 23:41:26,363:57] p5
[2021-12-08 23:41:26,363:57] p5
[2021-12-08 23:41:26,363:57] p5
[2021-12-08 23:41:26,363:57] p5
[2021-12-08 23:41:26,363:55] p4
[2021-12-08 23:41:26,363:57] p5
[2021-12-08 23:41:26,363:57] p5
[2021-12-08 23:41:26,363:58] top3
