[2021-12-08 23:41:26,365:16] top1
[2021-12-08 23:41:26,365:36] not p1
[2021-12-08 23:41:26,366:38] top2
[2021-12-08 23:41:26,366:41] p3
[2021-12-08 23:41:26,366:43] p1
[2021-12-08 23:41:26,366:51] p1 and not p2
[2021-12-08 23:41:26,366:41] p3
[2021-12-08 23:41:26,366:43] p1
[2021-12-08 23:41:26,366:45] p1 and p2
[2021-12-08 23:41:26,366:47] p1 and p2 and p3
[2021-12-08 23:41:26,366:55] p4
[2021-12-08 23:41:26,366:57] p5
[2021-12-08 23:41:26,366:41] p3
[2021-12-08 23:41:26,366:53] not p1
[2021-12-08 23:41:26,366:55] p4
[2021-12-08 23:41:26,366:57] p5
[2021-12-08 23:41:26,366:41] p3
[2021-12-08 23:41:26,366:43] p1
[2021-12-08 23:41:26,366:51] p1 and not p2
[2021-12-08 23:41:26,366:55] p4
[2021-12-08 23:41:26,366:55] p4
[2021-12-08 23:41:26,366:58] top3
