[2021-12-08 23:41:26,374:16] top1
[2021-12-08 23:41:26,374:36] not p1
[2021-12-08 23:41:26,374:38] top2
[2021-12-08 23:41:26,374:41] p3
[2021-12-08 23:41:26,374:43] p1
[2021-12-08 23:41:26,374:45] p1 and p2
[2021-12-08 23:41:26,374:49] p1 and p2 and not p3
[2021-12-08 23:41:26,374:55] p4
[2021-12-08 23:41:26,374:57] p5
[2021-12-08 23:41:26,374:57] p5
[2021-12-08 23:41:26,374:55] p4
[2021-12-08 23:41:26,374:57] p5
[2021-12-08 23:41:26,374:57] p5
[2021-12-08 23:41:26,375:55] p4
[2021-12-08 23:41:26,375:55] p4
[2021-12-08 23:41:26,375:41] p3
[2021-12-08 23:41:26,375:53] not p1
[2021-12-08 23:41:26,375:41] p3
[2021-12-08 23:41:26,375:53] not p1
[2021-12-08 23:41:26,375:58] top3
