[2021-12-08 23:41:26,375:16] top1
[2021-12-08 23:41:26,375:18] p1
[2021-12-08 23:41:26,376:20] p1 and p2
[2021-12-08 23:41:26,376:22] p1 and p2 and p3
[2021-12-08 23:41:26,376:24] p1 and p2 and p3 and p4
[2021-12-08 23:41:26,376:26] p1 and p2 and p3 and p4 and p5
[2021-12-08 23:41:26,376:38] top2
[2021-12-08 23:41:26,376:41] p3
[2021-12-08 23:41:26,376:43] p1
[2021-12-08 23:41:26,376:51] p1 and not p2
[2021-12-08 23:41:26,376:55] p4
[2021-12-08 23:41:26,376:55] p4
[2021-12-08 23:41:26,376:41] p3
[2021-12-08 23:41:26,376:53] not p1
[2021-12-08 23:41:26,376:41] p3
[2021-12-08 23:41:26,376:53] not p1
[2021-12-08 23:41:26,376:55] p4
[2021-12-08 23:41:26,376:57] p5
[2021-12-08 23:41:26,376:55] p4
[2021-12-08 23:41:26,376:41] p3
[2021-12-08 23:41:26,376:43] p1
[2021-12-08 23:41:26,376:51] p1 and not p2
[2021-12-08 23:41:26,376:41] p3
[2021-12-08 23:41:26,376:53] not p1
[2021-12-08 23:41:26,376:58] top3
