[2021-12-08 23:41:26,385:16] top1
[2021-12-08 23:41:26,385:36] not p1
[2021-12-08 23:41:26,385:38] top2
[2021-12-08 23:41:26,385:41] p3
[2021-12-08 23:41:26,385:43] p1
[2021-12-08 23:41:26,385:51] p1 and not p2
[2021-12-08 23:41:26,385:55] p4
[2021-12-08 23:41:26,385:57] p5
[2021-12-08 23:41:26,385:57] p5
[2021-12-08 23:41:26,385:55] p4
[2021-12-08 23:41:26,385:55] p4
[2021-12-08 23:41:26,385:55] p4
[2021-12-08 23:41:26,385:55] p4
[2021-12-08 23:41:26,386:55] p4
[2021-12-08 23:41:26,386:57] p5
[2021-12-08 23:41:26,386:57] p5
[2021-12-08 23:41:26,386:41] p3
[2021-12-08 23:41:26,386:43] p1
[2021-12-08 23:41:26,386:51] p1 and not p2
[2021-12-08 23:41:26,386:55] p4
[2021-12-08 23:41:26,386:57] p5
[2021-12-08 23:41:26,386:55] p4
[2021-12-08 23:41:26,386:55] p4
[2021-12-08 23:41:26,386:57] p5
[2021-12-08 23:41:26,386:41] p3
[2021-12-08 23:41:26,386:43] p1
[2021-12-08 23:41:26,386:45] p1 and p2
[2021-12-08 23:41:26,386:47] p1 and p2 and p3
[2021-12-08 23:41:26,386:58] top3
