[2021-12-08 23:41:26,402:16] top1
[2021-12-08 23:41:26,402:36] not p1
[2021-12-08 23:41:26,402:38] top2
[2021-12-08 23:41:26,402:41] p3
[2021-12-08 23:41:26,402:53] not p1
[2021-12-08 23:41:26,402:55] p4
[2021-12-08 23:41:26,402:55] p4
[2021-12-08 23:41:26,402:57] p5
[2021-12-08 23:41:26,402:57] p5
[2021-12-08 23:41:26,403:55] p4
[2021-12-08 23:41:26,403:55] p4
[2021-12-08 23:41:26,403:57] p5
[2021-12-08 23:41:26,403:57] p5
[2021-12-08 23:41:26,403:57] p5
[2021-12-08 23:41:26,403:41] p3
[2021-12-08 23:41:26,403:43] p1
[2021-12-08 23:41:26,403:45] p1 and p2
[2021-12-08 23:41:26,403:47] p1 and p2 and p3
[2021-12-08 23:41:26,403:41] p3
[2021-12-08 23:41:26,403:43] p1
[2021-12-08 23:41:26,403:45] p1 and p2
[2021-12-08 23:41:26,403:49] p1 and p2 and not p3
[2021-12-08 23:41:26,403:58] top3
