[2021-12-08 23:41:26,409:16] top1
[2021-12-08 23:41:26,409:18] p1
[2021-12-08 23:41:26,409:20] p1 and p2
[2021-12-08 23:41:26,409:22] p1 and p2 and p3
[2021-12-08 23:41:26,409:30] p1 and p2 and p3 and not p4
[2021-12-08 23:41:26,409:38] top2
[2021-12-08 23:41:26,410:41] p3
[2021-12-08 23:41:26,410:53] not p1
[2021-12-08 23:41:26,410:55] p4
[2021-12-08 23:41:26,410:55] p4
[2021-12-08 23:41:26,410:55] p4
[2021-12-08 23:41:26,410:41] p3
[2021-12-08 23:41:26,410:43] p1
[2021-12-08 23:41:26,410:51] p1 and not p2
[2021-12-08 23:41:26,410:41] p3
[2021-12-08 23:41:26,410:53] not p1
[2021-12-08 23:41:26,410:41] p3
[2021-12-08 23:41:26,410:53] not p1
[2021-12-08 23:41:26,410:41] p3
[2021-12-08 23:41:26,410:53] not p1
[2021-12-08 23:41:26,410:41] p3
[2021-12-08 23:41:26,411:43] p1
[2021-12-08 23:41:26,411:51] p1 and not p2
[2021-12-08 23:41:26,411:55] p4
[2021-12-08 23:41:26,411:57] p5
[2021-12-08 23:41:26,411:55] p4
[2021-12-08 23:41:26,411:57] p5
[2021-12-08 23:41:26,411:57] p5
[2021-12-08 23:41:26,411:57] p5
[2021-12-08 23:41:26,411:55] p4
[2021-12-08 23:41:26,411:57] p5
[2021-12-08 23:41:26,411:57] p5
[2021-12-08 23:41:26,411:58] top3
