[2021-12-08 23:41:26,411:16] top1
[2021-12-08 23:41:26,411:18] p1
[2021-12-08 23:41:26,412:34] p1 and not p2
[2021-12-08 23:41:26,412:38] top2
[2021-12-08 23:41:26,412:41] p3
[2021-12-08 23:41:26,412:43] p1
[2021-12-08 23:41:26,412:51] p1 and not p2
[2021-12-08 23:41:26,412:55] p4
[2021-12-08 23:41:26,412:57] p5
[2021-12-08 23:41:26,412:57] p5
[2021-12-08 23:41:26,412:41] p3
[2021-12-08 23:41:26,412:53] not p1
[2021-12-08 23:41:26,412:41] p3
[2021-12-08 23:41:26,412:53] not p1
[2021-12-08 23:41:26,412:55] p4
[2021-12-08 23:41:26,412:55] p4
[2021-12-08 23:41:26,412:41] p3
[2021-12-08 23:41:26,412:53] not p1
[2021-12-08 23:41:26,412:41] p3
[2021-12-08 23:41:26,412:43] p1
[2021-12-08 23:41:26,412:45] p1 and p2
[2021-12-08 23:41:26,412:49] p1 and p2 and not p3
[2021-12-08 23:41:26,412:55] p4
[2021-12-08 23:41:26,412:57] p5
[2021-12-08 23:41:26,413:57] p5
[2021-12-08 23:41:26,413:58] top3
