[2021-12-08 23:41:26,438:16] top1
[2021-12-08 23:41:26,438:18] p1
[2021-12-08 23:41:26,438:20] p1 and p2
[2021-12-08 23:41:26,438:22] p1 and p2 and p3
[2021-12-08 23:41:26,438:30] p1 and p2 and p3 and not p4
[2021-12-08 23:41:26,438:38] top2
[2021-12-08 23:41:26,438:41] p3
[2021-12-08 23:41:26,438:53] not p1
[2021-12-08 23:41:26,438:55] p4
[2021-12-08 23:41:26,438:55] p4
[2021-12-08 23:41:26,438:57] p5
[2021-12-08 23:41:26,438:57] p5
[2021-12-08 23:41:26,438:57] p5
[2021-12-08 23:41:26,438:57] p5
[2021-12-08 23:41:26,438:57] p5
[2021-12-08 23:41:26,438:57] p5
[2021-12-08 23:41:26,438:55] p4
[2021-12-08 23:41:26,438:57] p5
[2021-12-08 23:41:26,438:55] p4
[2021-12-08 23:41:26,438:57] p5
[2021-12-08 23:41:26,438:57] p5
[2021-12-08 23:41:26,439:55] p4
[2021-12-08 23:41:26,439:57] p5
[2021-12-08 23:41:26,439:55] p4
[2021-12-08 23:41:26,439:58] top3
