[2021-12-08 23:41:26,448:16] top1
[2021-12-08 23:41:26,448:36] not p1
[2021-12-08 23:41:26,448:38] top2
[2021-12-08 23:41:26,448:41] p3
[2021-12-08 23:41:26,448:43] p1
[2021-12-08 23:41:26,448:45] p1 and p2
[2021-12-08 23:41:26,448:49] p1 and p2 and not p3
[2021-12-08 23:41:26,448:55] p4
[2021-12-08 23:41:26,448:57] p5
[2021-12-08 23:41:26,448:57] p5
[2021-12-08 23:41:26,448:57] p5
[2021-12-08 23:41:26,448:41] p3
[2021-12-08 23:41:26,448:53] not p1
[2021-12-08 23:41:26,448:41] p3
[2021-12-08 23:41:26,449:43] p1
[2021-12-08 23:41:26,449:51] p1 and not p2
[2021-12-08 23:41:26,449:55] p4
[2021-12-08 23:41:26,449:57] p5
[2021-12-08 23:41:26,449:57] p5
[2021-12-08 23:41:26,449:58] top3
