[2021-12-08 23:41:26,450:16] top1
[2021-12-08 23:41:26,450:36] not p1
[2021-12-08 23:41:26,450:38] top2
[2021-12-08 23:41:26,450:41] p3
[2021-12-08 23:41:26,450:43] p1
[2021-12-08 23:41:26,450:45] p1 and p2
[2021-12-08 23:41:26,450:49] p1 and p2 and not p3
[2021-12-08 23:41:26,450:55] p4
[2021-12-08 23:41:26,450:55] p4
[2021-12-08 23:41:26,450:57] p5
[2021-12-08 23:41:26,450:55] p4
[2021-12-08 23:41:26,450:41] p3
[2021-12-08 23:41:26,450:43] p1
[2021-12-08 23:41:26,450:51] p1 and not p2
[2021-12-08 23:41:26,450:41] p3
[2021-12-08 23:41:26,450:53] not p1
[2021-12-08 23:41:26,450:55] p4
[2021-12-08 23:41:26,450:57] p5
[2021-12-08 23:41:26,450:55] p4
[2021-12-08 23:41:26,450:57] p5
[2021-12-08 23:41:26,450:57] p5
[2021-12-08 23:41:26,451:55] p4
[2021-12-08 23:41:26,451:55] p4
[2021-12-08 23:41:26,451:58] top3
