[2021-12-08 23:41:26,451:16] top1
[2021-12-08 23:41:26,451:18] p1
[2021-12-08 23:41:26,451:34] p1 and not p2
[2021-12-08 23:41:26,451:38] top2
[2021-12-08 23:41:26,451:41] p3
[2021-12-08 23:41:26,451:53] not p1
[2021-12-08 23:41:26,451:41] p3
[2021-12-08 23:41:26,451:53] not p1
[2021-12-08 23:41:26,451:41] p3
[2021-12-08 23:41:26,451:43] p1
[2021-12-08 23:41:26,451:45] p1 and p2
[2021-12-08 23:41:26,451:49] p1 and p2 and not p3
[2021-12-08 23:41:26,451:55] p4
[2021-12-08 23:41:26,451:57] p5
[2021-12-08 23:41:26,452:57] p5
[2021-12-08 23:41:26,452:57] p5
[2021-12-08 23:41:26,452:57] p5
[2021-12-08 23:41:26,452:57] p5
[2021-12-08 23:41:26,452:57] p5
[2021-12-08 23:41:26,452:57] p5
[2021-12-08 23:41:26,452:57] p5
[2021-12-08 23:41:26,452:58] top3
