[2021-12-08 23:41:26,453:16] top1
[2021-12-08 23:41:26,453:18] p1
[2021-12-08 23:41:26,453:20] p1 and p2
[2021-12-08 23:41:26,453:32] p1 and p2 and not p3
[2021-12-08 23:41:26,453:38] top2
[2021-12-08 23:41:26,453:41] p3
[2021-12-08 23:41:26,453:53] not p1
[2021-12-08 23:41:26,453:55] p4
[2021-12-08 23:41:26,453:57] p5
[2021-12-08 23:41:26,453:57] p5
[2021-12-08 23:41:26,453:55] p4
[2021-12-08 23:41:26,453:55] p4
[2021-12-08 23:41:26,453:57] p5
[2021-12-08 23:41:26,453:41] p3
[2021-12-08 23:41:26,453:53] not p1
[2021-12-08 23:41:26,453:55] p4
[2021-12-08 23:41:26,453:57] p5
[2021-12-08 23:41:26,453:57] p5
[2021-12-08 23:41:26,453:57] p5
[2021-12-08 23:41:26,453:57] p5
[2021-12-08 23:41:26,454:58] top3
