[2021-12-08 23:41:19,573:16] top1
[2021-12-08 23:41:19,573:36] not p1
[2021-12-08 23:41:19,573:38] top2
[2021-12-08 23:41:19,573:41] p3
[2021-12-08 23:41:19,573:43] p1
[2021-12-08 23:41:19,573:51] p1 and not p2
[2021-12-08 23:41:19,573:55] p4
[2021-12-08 23:41:19,573:57] p5
[2021-12-08 23:41:19,573:57] p5
[2021-12-08 23:41:19,574:57] p5
[2021-12-08 23:41:19,574:41] p3
[2021-12-08 23:41:19,574:43] p1
[2021-12-08 23:41:19,574:45] p1 and p2
[2021-12-08 23:41:19,574:47] p1 and p2 and p3
[2021-12-08 23:41:19,574:41] p3
[2021-12-08 23:41:19,574:43] p1
[2021-12-08 23:41:19,574:51] p1 and not p2
[2021-12-08 23:41:19,574:41] p3
[2021-12-08 23:41:19,574:53] not p1
[2021-12-08 23:41:19,574:58] top3
