[2021-12-08 23:41:26,474:16] top1
[2021-12-08 23:41:26,474:36] not p1
[2021-12-08 23:41:26,474:38] top2
[2021-12-08 23:41:26,474:41] p3
[2021-12-08 23:41:26,475:43] p1
[2021-12-08 23:41:26,475:51] p1 and not p2
[2021-12-08 23:41:26,475:55] p4
[2021-12-08 23:41:26,475:57] p5
[2021-12-08 23:41:26,475:57] p5
[2021-12-08 23:41:26,475:55] p4
[2021-12-08 23:41:26,475:41] p3
[2021-12-08 23:41:26,475:43] p1
[2021-12-08 23:41:26,475:51] p1 and not p2
[2021-12-08 23:41:26,475:41] p3
[2021-12-08 23:41:26,475:43] p1
[2021-12-08 23:41:26,475:45] p1 and p2
[2021-12-08 23:41:26,475:47] p1 and p2 and p3
[2021-12-08 23:41:26,475:41] p3
[2021-12-08 23:41:26,475:53] not p1
[2021-12-08 23:41:26,475:55] p4
[2021-12-08 23:41:26,475:57] p5
[2021-12-08 23:41:26,475:57] p5
[2021-12-08 23:41:26,475:57] p5
[2021-12-08 23:41:26,475:57] p5
[2021-12-08 23:41:26,475:55] p4
[2021-12-08 23:41:26,475:57] p5
[2021-12-08 23:41:26,475:57] p5
[2021-12-08 23:41:26,475:41] p3
[2021-12-08 23:41:26,476:53] not p1
[2021-12-08 23:41:26,476:55] p4
[2021-12-08 23:41:26,476:55] p4
[2021-12-08 23:41:26,476:57] p5
[2021-12-08 23:41:26,476:57] p5
[2021-12-08 23:41:26,476:58] top3
