[2021-12-08 23:41:26,510:16] top1
[2021-12-08 23:41:26,510:36] not p1
[2021-12-08 23:41:26,510:38] top2
[2021-12-08 23:41:26,510:41] p3
[2021-12-08 23:41:26,510:43] p1
[2021-12-08 23:41:26,510:51] p1 and not p2
[2021-12-08 23:41:26,510:41] p3
[2021-12-08 23:41:26,510:43] p1
[2021-12-08 23:41:26,510:45] p1 and p2
[2021-12-08 23:41:26,510:47] p1 and p2 and p3
[2021-12-08 23:41:26,510:55] p4
[2021-12-08 23:41:26,510:57] p5
[2021-12-08 23:41:26,510:57] p5
[2021-12-08 23:41:26,510:57] p5
[2021-12-08 23:41:26,510:57] p5
[2021-12-08 23:41:26,510:57] p5
[2021-12-08 23:41:26,510:57] p5
[2021-12-08 23:41:26,510:55] p4
[2021-12-08 23:41:26,510:55] p4
[2021-12-08 23:41:26,510:58] top3
