[2021-12-08 23:41:26,522:16] top1
[2021-12-08 23:41:26,522:18] p1
[2021-12-08 23:41:26,522:20] p1 and p2
[2021-12-08 23:41:26,522:22] p1 and p2 and p3
[2021-12-08 23:41:26,522:24] p1 and p2 and p3 and p4
[2021-12-08 23:41:26,522:28] p1 and p2 and p3 and p4 and not p5
[2021-12-08 23:41:26,522:38] top2
[2021-12-08 23:41:26,522:41] p3
[2021-12-08 23:41:26,522:43] p1
[2021-12-08 23:41:26,522:51] p1 and not p2
[2021-12-08 23:41:26,522:55] p4
[2021-12-08 23:41:26,522:41] p3
[2021-12-08 23:41:26,522:43] p1
[2021-12-08 23:41:26,522:45] p1 and p2
[2021-12-08 23:41:26,523:49] p1 and p2 and not p3
[2021-12-08 23:41:26,523:41] p3
[2021-12-08 23:41:26,523:53] not p1
[2021-12-08 23:41:26,523:55] p4
[2021-12-08 23:41:26,523:41] p3
[2021-12-08 23:41:26,523:43] p1
[2021-12-08 23:41:26,523:51] p1 and not p2
[2021-12-08 23:41:26,523:58] top3
