[2021-12-08 23:41:26,526:16] top1
[2021-12-08 23:41:26,526:18] p1
[2021-12-08 23:41:26,526:20] p1 and p2
[2021-12-08 23:41:26,526:32] p1 and p2 and not p3
[2021-12-08 23:41:26,526:38] top2
[2021-12-08 23:41:26,526:41] p3
[2021-12-08 23:41:26,526:53] not p1
[2021-12-08 23:41:26,526:55] p4
[2021-12-08 23:41:26,526:57] p5
[2021-12-08 23:41:26,526:55] p4
[2021-12-08 23:41:26,526:57] p5
[2021-12-08 23:41:26,527:57] p5
[2021-12-08 23:41:26,527:57] p5
[2021-12-08 23:41:26,527:55] p4
[2021-12-08 23:41:26,527:57] p5
[2021-12-08 23:41:26,527:55] p4
[2021-12-08 23:41:26,527:55] p4
[2021-12-08 23:41:26,527:57] p5
[2021-12-08 23:41:26,527:41] p3
[2021-12-08 23:41:26,527:53] not p1
[2021-12-08 23:41:26,527:41] p3
[2021-12-08 23:41:26,527:43] p1
[2021-12-08 23:41:26,527:51] p1 and not p2
[2021-12-08 23:41:26,527:41] p3
[2021-12-08 23:41:26,527:53] not p1
[2021-12-08 23:41:26,527:41] p3
[2021-12-08 23:41:26,527:53] not p1
[2021-12-08 23:41:26,527:55] p4
[2021-12-08 23:41:26,527:57] p5
[2021-12-08 23:41:26,527:41] p3
[2021-12-08 23:41:26,527:43] p1
[2021-12-08 23:41:26,527:45] p1 and p2
[2021-12-08 23:41:26,527:47] p1 and p2 and p3
[2021-12-08 23:41:26,527:41] p3
[2021-12-08 23:41:26,528:53] not p1
[2021-12-08 23:41:26,528:55] p4
[2021-12-08 23:41:26,528:57] p5
[2021-12-08 23:41:26,528:58] top3
