[2021-12-08 23:41:19,581:16] top1
[2021-12-08 23:41:19,581:18] p1
[2021-12-08 23:41:19,581:20] p1 and p2
[2021-12-08 23:41:19,581:22] p1 and p2 and p3
[2021-12-08 23:41:19,582:24] p1 and p2 and p3 and p4
[2021-12-08 23:41:19,582:26] p1 and p2 and p3 and p4 and p5
[2021-12-08 23:41:19,582:38] top2
[2021-12-08 23:41:19,582:41] p3
[2021-12-08 23:41:19,582:43] p1
[2021-12-08 23:41:19,582:51] p1 and not p2
[2021-12-08 23:41:19,582:55] p4
[2021-12-08 23:41:19,582:57] p5
[2021-12-08 23:41:19,582:57] p5
[2021-12-08 23:41:19,582:55] p4
[2021-12-08 23:41:19,582:55] p4
[2021-12-08 23:41:19,582:55] p4
[2021-12-08 23:41:19,582:55] p4
[2021-12-08 23:41:19,582:55] p4
[2021-12-08 23:41:19,582:41] p3
[2021-12-08 23:41:19,582:53] not p1
[2021-12-08 23:41:19,582:41] p3
[2021-12-08 23:41:19,582:53] not p1
[2021-12-08 23:41:19,582:55] p4
[2021-12-08 23:41:19,582:57] p5
[2021-12-08 23:41:19,583:57] p5
[2021-12-08 23:41:19,583:57] p5
[2021-12-08 23:41:19,583:57] p5
[2021-12-08 23:41:19,583:41] p3
[2021-12-08 23:41:19,583:43] p1
[2021-12-08 23:41:19,583:45] p1 and p2
[2021-12-08 23:41:19,583:49] p1 and p2 and not p3
[2021-12-08 23:41:19,583:55] p4
[2021-12-08 23:41:19,583:57] p5
[2021-12-08 23:41:19,583:55] p4
[2021-12-08 23:41:19,583:57] p5
[2021-12-08 23:41:19,583:57] p5
[2021-12-08 23:41:19,583:41] p3
[2021-12-08 23:41:19,583:53] not p1
[2021-12-08 23:41:19,583:55] p4
[2021-12-08 23:41:19,583:55] p4
[2021-12-08 23:41:19,583:57] p5
[2021-12-08 23:41:19,583:57] p5
[2021-12-08 23:41:19,583:57] p5
[2021-12-08 23:41:19,583:57] p5
[2021-12-08 23:41:19,583:58] top3
