[2021-12-08 23:41:26,557:16] top1
[2021-12-08 23:41:26,557:18] p1
[2021-12-08 23:41:26,557:34] p1 and not p2
[2021-12-08 23:41:26,557:38] top2
[2021-12-08 23:41:26,557:41] p3
[2021-12-08 23:41:26,557:43] p1
[2021-12-08 23:41:26,558:51] p1 and not p2
[2021-12-08 23:41:26,558:55] p4
[2021-12-08 23:41:26,558:55] p4
[2021-12-08 23:41:26,558:57] p5
[2021-12-08 23:41:26,558:57] p5
[2021-12-08 23:41:26,558:41] p3
[2021-12-08 23:41:26,558:43] p1
[2021-12-08 23:41:26,558:51] p1 and not p2
[2021-12-08 23:41:26,558:55] p4
[2021-12-08 23:41:26,558:55] p4
[2021-12-08 23:41:26,558:55] p4
[2021-12-08 23:41:26,558:55] p4
[2021-12-08 23:41:26,558:57] p5
[2021-12-08 23:41:26,558:55] p4
[2021-12-08 23:41:26,558:57] p5
[2021-12-08 23:41:26,558:55] p4
[2021-12-08 23:41:26,558:55] p4
[2021-12-08 23:41:26,558:57] p5
[2021-12-08 23:41:26,558:57] p5
[2021-12-08 23:41:26,558:57] p5
[2021-12-08 23:41:26,559:55] p4
[2021-12-08 23:41:26,559:57] p5
[2021-12-08 23:41:26,559:57] p5
[2021-12-08 23:41:26,559:41] p3
[2021-12-08 23:41:26,559:53] not p1
[2021-12-08 23:41:26,559:55] p4
[2021-12-08 23:41:26,559:57] p5
[2021-12-08 23:41:26,559:55] p4
[2021-12-08 23:41:26,559:57] p5
[2021-12-08 23:41:26,559:57] p5
[2021-12-08 23:41:26,559:57] p5
[2021-12-08 23:41:26,559:41] p3
[2021-12-08 23:41:26,559:43] p1
[2021-12-08 23:41:26,559:45] p1 and p2
[2021-12-08 23:41:26,559:47] p1 and p2 and p3
[2021-12-08 23:41:26,559:58] top3
