[2021-12-08 23:41:26,562:16] top1
[2021-12-08 23:41:26,563:18] p1
[2021-12-08 23:41:26,563:20] p1 and p2
[2021-12-08 23:41:26,563:22] p1 and p2 and p3
[2021-12-08 23:41:26,563:30] p1 and p2 and p3 and not p4
[2021-12-08 23:41:26,563:38] top2
[2021-12-08 23:41:26,563:41] p3
[2021-12-08 23:41:26,563:53] not p1
[2021-12-08 23:41:26,563:41] p3
[2021-12-08 23:41:26,563:43] p1
[2021-12-08 23:41:26,563:51] p1 and not p2
[2021-12-08 23:41:26,563:55] p4
[2021-12-08 23:41:26,563:55] p4
[2021-12-08 23:41:26,563:55] p4
[2021-12-08 23:41:26,563:41] p3
[2021-12-08 23:41:26,564:53] not p1
[2021-12-08 23:41:26,564:55] p4
[2021-12-08 23:41:26,564:55] p4
[2021-12-08 23:41:26,564:57] p5
[2021-12-08 23:41:26,564:41] p3
[2021-12-08 23:41:26,564:53] not p1
[2021-12-08 23:41:26,564:55] p4
[2021-12-08 23:41:26,564:57] p5
[2021-12-08 23:41:26,564:57] p5
[2021-12-08 23:41:26,564:57] p5
[2021-12-08 23:41:26,564:55] p4
[2021-12-08 23:41:26,564:57] p5
[2021-12-08 23:41:26,564:57] p5
[2021-12-08 23:41:26,564:57] p5
[2021-12-08 23:41:26,564:57] p5
[2021-12-08 23:41:26,565:57] p5
[2021-12-08 23:41:26,565:57] p5
[2021-12-08 23:41:26,565:41] p3
[2021-12-08 23:41:26,565:53] not p1
[2021-12-08 23:41:26,565:55] p4
[2021-12-08 23:41:26,565:57] p5
[2021-12-08 23:41:26,565:58] top3
