[2021-12-08 23:41:26,613:16] top1
[2021-12-08 23:41:26,613:36] not p1
[2021-12-08 23:41:26,613:38] top2
[2021-12-08 23:41:26,613:41] p3
[2021-12-08 23:41:26,613:43] p1
[2021-12-08 23:41:26,613:45] p1 and p2
[2021-12-08 23:41:26,613:47] p1 and p2 and p3
[2021-12-08 23:41:26,613:55] p4
[2021-12-08 23:41:26,614:57] p5
[2021-12-08 23:41:26,614:57] p5
[2021-12-08 23:41:26,614:55] p4
[2021-12-08 23:41:26,614:41] p3
[2021-12-08 23:41:26,614:53] not p1
[2021-12-08 23:41:26,614:55] p4
[2021-12-08 23:41:26,614:41] p3
[2021-12-08 23:41:26,614:43] p1
[2021-12-08 23:41:26,614:51] p1 and not p2
[2021-12-08 23:41:26,614:55] p4
[2021-12-08 23:41:26,614:57] p5
[2021-12-08 23:41:26,614:55] p4
[2021-12-08 23:41:26,615:55] p4
[2021-12-08 23:41:26,615:58] top3
