[2021-12-08 23:41:26,615:16] top1
[2021-12-08 23:41:26,615:18] p1
[2021-12-08 23:41:26,615:20] p1 and p2
[2021-12-08 23:41:26,616:22] p1 and p2 and p3
[2021-12-08 23:41:26,616:30] p1 and p2 and p3 and not p4
[2021-12-08 23:41:26,616:38] top2
[2021-12-08 23:41:26,616:41] p3
[2021-12-08 23:41:26,616:43] p1
[2021-12-08 23:41:26,616:45] p1 and p2
[2021-12-08 23:41:26,616:49] p1 and p2 and not p3
[2021-12-08 23:41:26,616:55] p4
[2021-12-08 23:41:26,616:57] p5
[2021-12-08 23:41:26,616:55] p4
[2021-12-08 23:41:26,616:57] p5
[2021-12-08 23:41:26,616:57] p5
[2021-12-08 23:41:26,616:41] p3
[2021-12-08 23:41:26,616:43] p1
[2021-12-08 23:41:26,616:45] p1 and p2
[2021-12-08 23:41:26,616:49] p1 and p2 and not p3
[2021-12-08 23:41:26,616:55] p4
[2021-12-08 23:41:26,616:57] p5
[2021-12-08 23:41:26,616:57] p5
[2021-12-08 23:41:26,616:57] p5
[2021-12-08 23:41:26,617:41] p3
[2021-12-08 23:41:26,617:53] not p1
[2021-12-08 23:41:26,617:58] top3
