[2021-12-08 23:41:26,624:16] top1
[2021-12-08 23:41:26,624:18] p1
[2021-12-08 23:41:26,624:20] p1 and p2
[2021-12-08 23:41:26,624:22] p1 and p2 and p3
[2021-12-08 23:41:26,625:30] p1 and p2 and p3 and not p4
[2021-12-08 23:41:26,625:38] top2
[2021-12-08 23:41:26,625:41] p3
[2021-12-08 23:41:26,625:43] p1
[2021-12-08 23:41:26,625:51] p1 and not p2
[2021-12-08 23:41:26,625:55] p4
[2021-12-08 23:41:26,625:57] p5
[2021-12-08 23:41:26,625:57] p5
[2021-12-08 23:41:26,625:57] p5
[2021-12-08 23:41:26,625:57] p5
[2021-12-08 23:41:26,626:41] p3
[2021-12-08 23:41:26,626:53] not p1
[2021-12-08 23:41:26,626:55] p4
[2021-12-08 23:41:26,626:41] p3
[2021-12-08 23:41:26,626:53] not p1
[2021-12-08 23:41:26,626:55] p4
[2021-12-08 23:41:26,626:55] p4
[2021-12-08 23:41:26,626:57] p5
[2021-12-08 23:41:26,626:57] p5
[2021-12-08 23:41:26,626:57] p5
[2021-12-08 23:41:26,626:55] p4
[2021-12-08 23:41:26,626:57] p5
[2021-12-08 23:41:26,626:55] p4
[2021-12-08 23:41:26,626:55] p4
[2021-12-08 23:41:26,626:55] p4
[2021-12-08 23:41:26,626:57] p5
[2021-12-08 23:41:26,626:57] p5
[2021-12-08 23:41:26,627:55] p4
[2021-12-08 23:41:26,627:41] p3
[2021-12-08 23:41:26,627:53] not p1
[2021-12-08 23:41:26,627:55] p4
[2021-12-08 23:41:26,627:58] top3
