[2021-12-08 23:41:26,656:16] top1
[2021-12-08 23:41:26,656:36] not p1
[2021-12-08 23:41:26,656:38] top2
[2021-12-08 23:41:26,656:41] p3
[2021-12-08 23:41:26,656:53] not p1
[2021-12-08 23:41:26,656:55] p4
[2021-12-08 23:41:26,656:57] p5
[2021-12-08 23:41:26,656:41] p3
[2021-12-08 23:41:26,656:43] p1
[2021-12-08 23:41:26,657:51] p1 and not p2
[2021-12-08 23:41:26,657:55] p4
[2021-12-08 23:41:26,657:57] p5
[2021-12-08 23:41:26,657:57] p5
[2021-12-08 23:41:26,657:57] p5
[2021-12-08 23:41:26,657:57] p5
[2021-12-08 23:41:26,657:41] p3
[2021-12-08 23:41:26,657:43] p1
[2021-12-08 23:41:26,657:45] p1 and p2
[2021-12-08 23:41:26,657:47] p1 and p2 and p3
[2021-12-08 23:41:26,657:58] top3
