[2021-12-08 23:41:26,663:16] top1
[2021-12-08 23:41:26,663:36] not p1
[2021-12-08 23:41:26,663:38] top2
[2021-12-08 23:41:26,663:41] p3
[2021-12-08 23:41:26,663:53] not p1
[2021-12-08 23:41:26,663:55] p4
[2021-12-08 23:41:26,663:57] p5
[2021-12-08 23:41:26,663:57] p5
[2021-12-08 23:41:26,663:41] p3
[2021-12-08 23:41:26,663:53] not p1
[2021-12-08 23:41:26,663:41] p3
[2021-12-08 23:41:26,663:43] p1
[2021-12-08 23:41:26,663:45] p1 and p2
[2021-12-08 23:41:26,664:49] p1 and p2 and not p3
[2021-12-08 23:41:26,664:55] p4
[2021-12-08 23:41:26,664:57] p5
[2021-12-08 23:41:26,664:57] p5
[2021-12-08 23:41:26,664:57] p5
[2021-12-08 23:41:26,664:55] p4
[2021-12-08 23:41:26,664:58] top3
