[2021-12-08 23:41:26,665:16] top1
[2021-12-08 23:41:26,665:36] not p1
[2021-12-08 23:41:26,665:38] top2
[2021-12-08 23:41:26,665:41] p3
[2021-12-08 23:41:26,665:43] p1
[2021-12-08 23:41:26,666:45] p1 and p2
[2021-12-08 23:41:26,666:49] p1 and p2 and not p3
[2021-12-08 23:41:26,666:55] p4
[2021-12-08 23:41:26,666:41] p3
[2021-12-08 23:41:26,666:43] p1
[2021-12-08 23:41:26,666:51] p1 and not p2
[2021-12-08 23:41:26,666:55] p4
[2021-12-08 23:41:26,666:41] p3
[2021-12-08 23:41:26,666:53] not p1
[2021-12-08 23:41:26,666:55] p4
[2021-12-08 23:41:26,666:57] p5
[2021-12-08 23:41:26,666:57] p5
[2021-12-08 23:41:26,666:55] p4
[2021-12-08 23:41:26,666:41] p3
[2021-12-08 23:41:26,666:53] not p1
[2021-12-08 23:41:26,666:55] p4
[2021-12-08 23:41:26,666:57] p5
[2021-12-08 23:41:26,666:57] p5
[2021-12-08 23:41:26,666:41] p3
[2021-12-08 23:41:26,666:53] not p1
[2021-12-08 23:41:26,667:58] top3
