[2021-12-08 23:41:26,672:16] top1
[2021-12-08 23:41:26,672:18] p1
[2021-12-08 23:41:26,672:34] p1 and not p2
[2021-12-08 23:41:26,672:38] top2
[2021-12-08 23:41:26,672:41] p3
[2021-12-08 23:41:26,672:53] not p1
[2021-12-08 23:41:26,672:55] p4
[2021-12-08 23:41:26,672:55] p4
[2021-12-08 23:41:26,673:55] p4
[2021-12-08 23:41:26,673:57] p5
[2021-12-08 23:41:26,673:55] p4
[2021-12-08 23:41:26,673:57] p5
[2021-12-08 23:41:26,673:57] p5
[2021-12-08 23:41:26,673:57] p5
[2021-12-08 23:41:26,673:41] p3
[2021-12-08 23:41:26,673:43] p1
[2021-12-08 23:41:26,673:45] p1 and p2
[2021-12-08 23:41:26,673:49] p1 and p2 and not p3
[2021-12-08 23:41:26,673:55] p4
[2021-12-08 23:41:26,673:58] top3
