[2021-12-08 23:41:26,695:16] top1
[2021-12-08 23:41:26,695:18] p1
[2021-12-08 23:41:26,696:20] p1 and p2
[2021-12-08 23:41:26,696:22] p1 and p2 and p3
[2021-12-08 23:41:26,696:30] p1 and p2 and p3 and not p4
[2021-12-08 23:41:26,696:38] top2
[2021-12-08 23:41:26,696:41] p3
[2021-12-08 23:41:26,696:53] not p1
[2021-12-08 23:41:26,696:55] p4
[2021-12-08 23:41:26,696:55] p4
[2021-12-08 23:41:26,696:57] p5
[2021-12-08 23:41:26,696:57] p5
[2021-12-08 23:41:26,696:57] p5
[2021-12-08 23:41:26,696:57] p5
[2021-12-08 23:41:26,696:55] p4
[2021-12-08 23:41:26,696:41] p3
[2021-12-08 23:41:26,696:53] not p1
[2021-12-08 23:41:26,696:55] p4
[2021-12-08 23:41:26,696:57] p5
[2021-12-08 23:41:26,697:55] p4
[2021-12-08 23:41:26,697:55] p4
[2021-12-08 23:41:26,697:57] p5
[2021-12-08 23:41:26,697:41] p3
[2021-12-08 23:41:26,697:43] p1
[2021-12-08 23:41:26,697:45] p1 and p2
[2021-12-08 23:41:26,697:49] p1 and p2 and not p3
[2021-12-08 23:41:26,697:41] p3
[2021-12-08 23:41:26,697:43] p1
[2021-12-08 23:41:26,697:45] p1 and p2
[2021-12-08 23:41:26,697:47] p1 and p2 and p3
[2021-12-08 23:41:26,697:55] p4
[2021-12-08 23:41:26,697:57] p5
[2021-12-08 23:41:26,697:57] p5
[2021-12-08 23:41:26,697:41] p3
[2021-12-08 23:41:26,697:53] not p1
[2021-12-08 23:41:26,697:41] p3
[2021-12-08 23:41:26,697:43] p1
[2021-12-08 23:41:26,697:51] p1 and not p2
[2021-12-08 23:41:26,697:41] p3
[2021-12-08 23:41:26,697:53] not p1
[2021-12-08 23:41:26,698:55] p4
[2021-12-08 23:41:26,698:57] p5
[2021-12-08 23:41:26,698:57] p5
[2021-12-08 23:41:26,698:57] p5
[2021-12-08 23:41:26,698:55] p4
[2021-12-08 23:41:26,698:41] p3
[2021-12-08 23:41:26,698:53] not p1
[2021-12-08 23:41:26,698:41] p3
[2021-12-08 23:41:26,698:43] p1
[2021-12-08 23:41:26,698:51] p1 and not p2
[2021-12-08 23:41:26,698:55] p4
[2021-12-08 23:41:26,698:41] p3
[2021-12-08 23:41:26,698:43] p1
[2021-12-08 23:41:26,698:51] p1 and not p2
[2021-12-08 23:41:26,698:55] p4
[2021-12-08 23:41:26,698:55] p4
[2021-12-08 23:41:26,698:57] p5
[2021-12-08 23:41:26,698:55] p4
[2021-12-08 23:41:26,698:57] p5
[2021-12-08 23:41:26,698:57] p5
[2021-12-08 23:41:26,698:41] p3
[2021-12-08 23:41:26,698:43] p1
[2021-12-08 23:41:26,699:45] p1 and p2
[2021-12-08 23:41:26,699:47] p1 and p2 and p3
[2021-12-08 23:41:26,699:55] p4
[2021-12-08 23:41:26,699:55] p4
[2021-12-08 23:41:26,699:57] p5
[2021-12-08 23:41:26,699:41] p3
[2021-12-08 23:41:26,699:43] p1
[2021-12-08 23:41:26,699:45] p1 and p2
[2021-12-08 23:41:26,699:49] p1 and p2 and not p3
[2021-12-08 23:41:26,699:58] top3
