[2021-12-08 23:41:19,596:16] top1
[2021-12-08 23:41:19,596:18] p1
[2021-12-08 23:41:19,596:34] p1 and not p2
[2021-12-08 23:41:19,596:38] top2
[2021-12-08 23:41:19,596:41] p3
[2021-12-08 23:41:19,596:53] not p1
[2021-12-08 23:41:19,597:41] p3
[2021-12-08 23:41:19,597:53] not p1
[2021-12-08 23:41:19,597:55] p4
[2021-12-08 23:41:19,597:57] p5
[2021-12-08 23:41:19,597:57] p5
[2021-12-08 23:41:19,597:55] p4
[2021-12-08 23:41:19,597:55] p4
[2021-12-08 23:41:19,597:41] p3
[2021-12-08 23:41:19,597:43] p1
[2021-12-08 23:41:19,597:45] p1 and p2
[2021-12-08 23:41:19,597:49] p1 and p2 and not p3
[2021-12-08 23:41:19,597:55] p4
[2021-12-08 23:41:19,597:55] p4
[2021-12-08 23:41:19,597:57] p5
[2021-12-08 23:41:19,597:57] p5
[2021-12-08 23:41:19,597:55] p4
[2021-12-08 23:41:19,597:57] p5
[2021-12-08 23:41:19,597:41] p3
[2021-12-08 23:41:19,597:53] not p1
[2021-12-08 23:41:19,598:58] top3
