[2021-12-08 23:41:26,705:16] top1
[2021-12-08 23:41:26,705:18] p1
[2021-12-08 23:41:26,705:34] p1 and not p2
[2021-12-08 23:41:26,705:38] top2
[2021-12-08 23:41:26,706:41] p3
[2021-12-08 23:41:26,706:43] p1
[2021-12-08 23:41:26,706:51] p1 and not p2
[2021-12-08 23:41:26,706:41] p3
[2021-12-08 23:41:26,706:43] p1
[2021-12-08 23:41:26,706:45] p1 and p2
[2021-12-08 23:41:26,706:49] p1 and p2 and not p3
[2021-12-08 23:41:26,706:41] p3
[2021-12-08 23:41:26,706:43] p1
[2021-12-08 23:41:26,706:51] p1 and not p2
[2021-12-08 23:41:26,706:41] p3
[2021-12-08 23:41:26,706:53] not p1
[2021-12-08 23:41:26,706:55] p4
[2021-12-08 23:41:26,706:57] p5
[2021-12-08 23:41:26,706:55] p4
[2021-12-08 23:41:26,706:55] p4
[2021-12-08 23:41:26,706:57] p5
[2021-12-08 23:41:26,707:41] p3
[2021-12-08 23:41:26,707:43] p1
[2021-12-08 23:41:26,707:45] p1 and p2
[2021-12-08 23:41:26,707:47] p1 and p2 and p3
[2021-12-08 23:41:26,707:58] top3
