[2021-12-08 23:41:26,709:16] top1
[2021-12-08 23:41:26,709:18] p1
[2021-12-08 23:41:26,709:20] p1 and p2
[2021-12-08 23:41:26,709:22] p1 and p2 and p3
[2021-12-08 23:41:26,709:30] p1 and p2 and p3 and not p4
[2021-12-08 23:41:26,709:38] top2
[2021-12-08 23:41:26,709:41] p3
[2021-12-08 23:41:26,709:43] p1
[2021-12-08 23:41:26,709:51] p1 and not p2
[2021-12-08 23:41:26,709:41] p3
[2021-12-08 23:41:26,709:53] not p1
[2021-12-08 23:41:26,710:55] p4
[2021-12-08 23:41:26,710:57] p5
[2021-12-08 23:41:26,710:41] p3
[2021-12-08 23:41:26,710:53] not p1
[2021-12-08 23:41:26,710:55] p4
[2021-12-08 23:41:26,710:55] p4
[2021-12-08 23:41:26,710:57] p5
[2021-12-08 23:41:26,710:55] p4
[2021-12-08 23:41:26,710:58] top3
