[2021-12-08 23:41:26,721:16] top1
[2021-12-08 23:41:26,721:36] not p1
[2021-12-08 23:41:26,721:38] top2
[2021-12-08 23:41:26,721:41] p3
[2021-12-08 23:41:26,721:43] p1
[2021-12-08 23:41:26,721:51] p1 and not p2
[2021-12-08 23:41:26,721:41] p3
[2021-12-08 23:41:26,721:43] p1
[2021-12-08 23:41:26,721:51] p1 and not p2
[2021-12-08 23:41:26,721:41] p3
[2021-12-08 23:41:26,721:43] p1
[2021-12-08 23:41:26,721:45] p1 and p2
[2021-12-08 23:41:26,721:47] p1 and p2 and p3
[2021-12-08 23:41:26,721:41] p3
[2021-12-08 23:41:26,721:53] not p1
[2021-12-08 23:41:26,721:55] p4
[2021-12-08 23:41:26,721:55] p4
[2021-12-08 23:41:26,722:57] p5
[2021-12-08 23:41:26,722:41] p3
[2021-12-08 23:41:26,722:43] p1
[2021-12-08 23:41:26,722:45] p1 and p2
[2021-12-08 23:41:26,722:47] p1 and p2 and p3
[2021-12-08 23:41:26,722:41] p3
[2021-12-08 23:41:26,722:43] p1
[2021-12-08 23:41:26,722:45] p1 and p2
[2021-12-08 23:41:26,722:49] p1 and p2 and not p3
[2021-12-08 23:41:26,722:58] top3
