[2021-12-08 23:41:26,732:16] top1
[2021-12-08 23:41:26,732:18] p1
[2021-12-08 23:41:26,732:20] p1 and p2
[2021-12-08 23:41:26,732:32] p1 and p2 and not p3
[2021-12-08 23:41:26,732:38] top2
[2021-12-08 23:41:26,732:41] p3
[2021-12-08 23:41:26,732:43] p1
[2021-12-08 23:41:26,732:51] p1 and not p2
[2021-12-08 23:41:26,732:55] p4
[2021-12-08 23:41:26,732:57] p5
[2021-12-08 23:41:26,732:57] p5
[2021-12-08 23:41:26,732:41] p3
[2021-12-08 23:41:26,732:53] not p1
[2021-12-08 23:41:26,732:41] p3
[2021-12-08 23:41:26,732:53] not p1
[2021-12-08 23:41:26,732:41] p3
[2021-12-08 23:41:26,732:53] not p1
[2021-12-08 23:41:26,732:41] p3
[2021-12-08 23:41:26,733:43] p1
[2021-12-08 23:41:26,733:51] p1 and not p2
[2021-12-08 23:41:26,733:55] p4
[2021-12-08 23:41:26,733:41] p3
[2021-12-08 23:41:26,733:43] p1
[2021-12-08 23:41:26,733:45] p1 and p2
[2021-12-08 23:41:26,733:47] p1 and p2 and p3
[2021-12-08 23:41:26,733:58] top3
