[2021-12-08 23:41:26,741:16] top1
[2021-12-08 23:41:26,741:36] not p1
[2021-12-08 23:41:26,741:38] top2
[2021-12-08 23:41:26,741:41] p3
[2021-12-08 23:41:26,741:53] not p1
[2021-12-08 23:41:26,741:41] p3
[2021-12-08 23:41:26,741:43] p1
[2021-12-08 23:41:26,741:45] p1 and p2
[2021-12-08 23:41:26,741:49] p1 and p2 and not p3
[2021-12-08 23:41:26,742:55] p4
[2021-12-08 23:41:26,742:57] p5
[2021-12-08 23:41:26,742:57] p5
[2021-12-08 23:41:26,742:41] p3
[2021-12-08 23:41:26,742:43] p1
[2021-12-08 23:41:26,742:45] p1 and p2
[2021-12-08 23:41:26,742:47] p1 and p2 and p3
[2021-12-08 23:41:26,742:55] p4
[2021-12-08 23:41:26,742:41] p3
[2021-12-08 23:41:26,742:53] not p1
[2021-12-08 23:41:26,742:58] top3
