[2021-12-08 23:41:26,746:16] top1
[2021-12-08 23:41:26,747:18] p1
[2021-12-08 23:41:26,747:20] p1 and p2
[2021-12-08 23:41:26,747:22] p1 and p2 and p3
[2021-12-08 23:41:26,747:24] p1 and p2 and p3 and p4
[2021-12-08 23:41:26,747:28] p1 and p2 and p3 and p4 and not p5
[2021-12-08 23:41:26,747:38] top2
[2021-12-08 23:41:26,747:41] p3
[2021-12-08 23:41:26,747:43] p1
[2021-12-08 23:41:26,747:51] p1 and not p2
[2021-12-08 23:41:26,747:55] p4
[2021-12-08 23:41:26,747:55] p4
[2021-12-08 23:41:26,747:57] p5
[2021-12-08 23:41:26,747:57] p5
[2021-12-08 23:41:26,747:57] p5
[2021-12-08 23:41:26,747:55] p4
[2021-12-08 23:41:26,747:41] p3
[2021-12-08 23:41:26,747:53] not p1
[2021-12-08 23:41:26,748:55] p4
[2021-12-08 23:41:26,748:58] top3
