[2021-12-08 23:41:26,774:16] top1
[2021-12-08 23:41:26,774:36] not p1
[2021-12-08 23:41:26,774:38] top2
[2021-12-08 23:41:26,774:41] p3
[2021-12-08 23:41:26,774:53] not p1
[2021-12-08 23:41:26,774:41] p3
[2021-12-08 23:41:26,774:43] p1
[2021-12-08 23:41:26,774:45] p1 and p2
[2021-12-08 23:41:26,774:49] p1 and p2 and not p3
[2021-12-08 23:41:26,774:41] p3
[2021-12-08 23:41:26,774:53] not p1
[2021-12-08 23:41:26,774:55] p4
[2021-12-08 23:41:26,774:55] p4
[2021-12-08 23:41:26,774:55] p4
[2021-12-08 23:41:26,774:55] p4
[2021-12-08 23:41:26,774:57] p5
[2021-12-08 23:41:26,775:57] p5
[2021-12-08 23:41:26,775:57] p5
[2021-12-08 23:41:26,775:57] p5
[2021-12-08 23:41:26,775:55] p4
[2021-12-08 23:41:26,775:57] p5
[2021-12-08 23:41:26,775:57] p5
[2021-12-08 23:41:26,775:55] p4
[2021-12-08 23:41:26,775:57] p5
[2021-12-08 23:41:26,775:55] p4
[2021-12-08 23:41:26,775:57] p5
[2021-12-08 23:41:26,775:57] p5
[2021-12-08 23:41:26,775:57] p5
[2021-12-08 23:41:26,775:58] top3
