[2021-12-08 23:41:26,781:16] top1
[2021-12-08 23:41:26,781:36] not p1
[2021-12-08 23:41:26,781:38] top2
[2021-12-08 23:41:26,781:41] p3
[2021-12-08 23:41:26,781:53] not p1
[2021-12-08 23:41:26,782:41] p3
[2021-12-08 23:41:26,782:53] not p1
[2021-12-08 23:41:26,782:55] p4
[2021-12-08 23:41:26,782:41] p3
[2021-12-08 23:41:26,782:53] not p1
[2021-12-08 23:41:26,782:41] p3
[2021-12-08 23:41:26,782:43] p1
[2021-12-08 23:41:26,782:45] p1 and p2
[2021-12-08 23:41:26,782:49] p1 and p2 and not p3
[2021-12-08 23:41:26,782:55] p4
[2021-12-08 23:41:26,782:57] p5
[2021-12-08 23:41:26,782:57] p5
[2021-12-08 23:41:26,782:41] p3
[2021-12-08 23:41:26,782:43] p1
[2021-12-08 23:41:26,782:45] p1 and p2
[2021-12-08 23:41:26,782:47] p1 and p2 and p3
[2021-12-08 23:41:26,782:55] p4
[2021-12-08 23:41:26,782:55] p4
[2021-12-08 23:41:26,782:41] p3
[2021-12-08 23:41:26,782:43] p1
[2021-12-08 23:41:26,782:51] p1 and not p2
[2021-12-08 23:41:26,783:55] p4
[2021-12-08 23:41:26,783:57] p5
[2021-12-08 23:41:26,783:57] p5
[2021-12-08 23:41:26,783:58] top3
