[2021-12-08 23:41:26,808:16] top1
[2021-12-08 23:41:26,808:18] p1
[2021-12-08 23:41:26,809:20] p1 and p2
[2021-12-08 23:41:26,809:22] p1 and p2 and p3
[2021-12-08 23:41:26,809:30] p1 and p2 and p3 and not p4
[2021-12-08 23:41:26,809:38] top2
[2021-12-08 23:41:26,809:41] p3
[2021-12-08 23:41:26,809:53] not p1
[2021-12-08 23:41:26,809:55] p4
[2021-12-08 23:41:26,809:55] p4
[2021-12-08 23:41:26,809:55] p4
[2021-12-08 23:41:26,809:57] p5
[2021-12-08 23:41:26,809:57] p5
[2021-12-08 23:41:26,809:57] p5
[2021-12-08 23:41:26,809:55] p4
[2021-12-08 23:41:26,810:41] p3
[2021-12-08 23:41:26,810:43] p1
[2021-12-08 23:41:26,810:45] p1 and p2
[2021-12-08 23:41:26,810:49] p1 and p2 and not p3
[2021-12-08 23:41:26,810:55] p4
[2021-12-08 23:41:26,810:57] p5
[2021-12-08 23:41:26,810:57] p5
[2021-12-08 23:41:26,810:57] p5
[2021-12-08 23:41:26,810:57] p5
[2021-12-08 23:41:26,810:58] top3
