[2021-12-08 23:41:26,817:16] top1
[2021-12-08 23:41:26,817:18] p1
[2021-12-08 23:41:26,817:20] p1 and p2
[2021-12-08 23:41:26,817:32] p1 and p2 and not p3
[2021-12-08 23:41:26,817:38] top2
[2021-12-08 23:41:26,817:41] p3
[2021-12-08 23:41:26,817:43] p1
[2021-12-08 23:41:26,817:51] p1 and not p2
[2021-12-08 23:41:26,817:55] p4
[2021-12-08 23:41:26,817:57] p5
[2021-12-08 23:41:26,817:55] p4
[2021-12-08 23:41:26,817:57] p5
[2021-12-08 23:41:26,817:57] p5
[2021-12-08 23:41:26,817:55] p4
[2021-12-08 23:41:26,818:57] p5
[2021-12-08 23:41:26,818:57] p5
[2021-12-08 23:41:26,818:57] p5
[2021-12-08 23:41:26,818:57] p5
[2021-12-08 23:41:26,818:57] p5
[2021-12-08 23:41:26,818:55] p4
[2021-12-08 23:41:26,818:57] p5
[2021-12-08 23:41:26,818:58] top3
