[2021-12-08 23:41:26,820:16] top1
[2021-12-08 23:41:26,820:18] p1
[2021-12-08 23:41:26,820:34] p1 and not p2
[2021-12-08 23:41:26,820:38] top2
[2021-12-08 23:41:26,820:41] p3
[2021-12-08 23:41:26,820:43] p1
[2021-12-08 23:41:26,820:51] p1 and not p2
[2021-12-08 23:41:26,820:55] p4
[2021-12-08 23:41:26,820:41] p3
[2021-12-08 23:41:26,820:43] p1
[2021-12-08 23:41:26,820:51] p1 and not p2
[2021-12-08 23:41:26,820:55] p4
[2021-12-08 23:41:26,820:57] p5
[2021-12-08 23:41:26,820:57] p5
[2021-12-08 23:41:26,820:57] p5
[2021-12-08 23:41:26,821:57] p5
[2021-12-08 23:41:26,821:41] p3
[2021-12-08 23:41:26,821:43] p1
[2021-12-08 23:41:26,821:45] p1 and p2
[2021-12-08 23:41:26,821:49] p1 and p2 and not p3
[2021-12-08 23:41:26,821:58] top3
