[2021-12-08 23:41:26,861:16] top1
[2021-12-08 23:41:26,861:36] not p1
[2021-12-08 23:41:26,861:38] top2
[2021-12-08 23:41:26,861:41] p3
[2021-12-08 23:41:26,861:53] not p1
[2021-12-08 23:41:26,861:55] p4
[2021-12-08 23:41:26,862:57] p5
[2021-12-08 23:41:26,862:41] p3
[2021-12-08 23:41:26,862:43] p1
[2021-12-08 23:41:26,862:45] p1 and p2
[2021-12-08 23:41:26,862:47] p1 and p2 and p3
[2021-12-08 23:41:26,862:55] p4
[2021-12-08 23:41:26,862:55] p4
[2021-12-08 23:41:26,862:41] p3
[2021-12-08 23:41:26,862:43] p1
[2021-12-08 23:41:26,862:45] p1 and p2
[2021-12-08 23:41:26,862:47] p1 and p2 and p3
[2021-12-08 23:41:26,862:55] p4
[2021-12-08 23:41:26,862:57] p5
[2021-12-08 23:41:26,862:41] p3
[2021-12-08 23:41:26,862:43] p1
[2021-12-08 23:41:26,862:45] p1 and p2
[2021-12-08 23:41:26,863:47] p1 and p2 and p3
[2021-12-08 23:41:26,863:55] p4
[2021-12-08 23:41:26,863:57] p5
[2021-12-08 23:41:26,863:58] top3
