[2021-12-08 23:41:26,870:16] top1
[2021-12-08 23:41:26,870:18] p1
[2021-12-08 23:41:26,870:20] p1 and p2
[2021-12-08 23:41:26,870:22] p1 and p2 and p3
[2021-12-08 23:41:26,870:24] p1 and p2 and p3 and p4
[2021-12-08 23:41:26,871:28] p1 and p2 and p3 and p4 and not p5
[2021-12-08 23:41:26,871:38] top2
[2021-12-08 23:41:26,871:41] p3
[2021-12-08 23:41:26,871:43] p1
[2021-12-08 23:41:26,871:51] p1 and not p2
[2021-12-08 23:41:26,871:55] p4
[2021-12-08 23:41:26,871:55] p4
[2021-12-08 23:41:26,871:55] p4
[2021-12-08 23:41:26,871:41] p3
[2021-12-08 23:41:26,871:43] p1
[2021-12-08 23:41:26,871:45] p1 and p2
[2021-12-08 23:41:26,871:49] p1 and p2 and not p3
[2021-12-08 23:41:26,871:55] p4
[2021-12-08 23:41:26,871:57] p5
[2021-12-08 23:41:26,871:57] p5
[2021-12-08 23:41:26,871:57] p5
[2021-12-08 23:41:26,871:55] p4
[2021-12-08 23:41:26,871:55] p4
[2021-12-08 23:41:26,871:55] p4
[2021-12-08 23:41:26,871:41] p3
[2021-12-08 23:41:26,871:43] p1
[2021-12-08 23:41:26,871:51] p1 and not p2
[2021-12-08 23:41:26,872:55] p4
[2021-12-08 23:41:26,872:55] p4
[2021-12-08 23:41:26,872:57] p5
[2021-12-08 23:41:26,872:55] p4
[2021-12-08 23:41:26,872:57] p5
[2021-12-08 23:41:26,872:57] p5
[2021-12-08 23:41:26,872:57] p5
[2021-12-08 23:41:26,872:55] p4
[2021-12-08 23:41:26,872:41] p3
[2021-12-08 23:41:26,872:53] not p1
[2021-12-08 23:41:26,872:55] p4
[2021-12-08 23:41:26,872:57] p5
[2021-12-08 23:41:26,872:55] p4
[2021-12-08 23:41:26,872:57] p5
[2021-12-08 23:41:26,872:57] p5
[2021-12-08 23:41:26,872:57] p5
[2021-12-08 23:41:26,872:57] p5
[2021-12-08 23:41:26,872:57] p5
[2021-12-08 23:41:26,872:55] p4
[2021-12-08 23:41:26,872:55] p4
[2021-12-08 23:41:26,872:55] p4
[2021-12-08 23:41:26,872:58] top3
