[2021-12-08 23:41:26,875:16] top1
[2021-12-08 23:41:26,875:36] not p1
[2021-12-08 23:41:26,875:38] top2
[2021-12-08 23:41:26,875:41] p3
[2021-12-08 23:41:26,875:53] not p1
[2021-12-08 23:41:26,875:41] p3
[2021-12-08 23:41:26,875:53] not p1
[2021-12-08 23:41:26,875:41] p3
[2021-12-08 23:41:26,875:43] p1
[2021-12-08 23:41:26,876:45] p1 and p2
[2021-12-08 23:41:26,876:47] p1 and p2 and p3
[2021-12-08 23:41:26,876:41] p3
[2021-12-08 23:41:26,876:43] p1
[2021-12-08 23:41:26,876:51] p1 and not p2
[2021-12-08 23:41:26,876:41] p3
[2021-12-08 23:41:26,876:43] p1
[2021-12-08 23:41:26,876:51] p1 and not p2
[2021-12-08 23:41:26,876:55] p4
[2021-12-08 23:41:26,876:57] p5
[2021-12-08 23:41:26,876:57] p5
[2021-12-08 23:41:26,876:57] p5
[2021-12-08 23:41:26,876:57] p5
[2021-12-08 23:41:26,876:57] p5
[2021-12-08 23:41:26,876:57] p5
[2021-12-08 23:41:26,876:57] p5
[2021-12-08 23:41:26,876:57] p5
[2021-12-08 23:41:26,876:55] p4
[2021-12-08 23:41:26,876:58] top3
