[2021-12-08 23:41:26,899:16] top1
[2021-12-08 23:41:26,900:18] p1
[2021-12-08 23:41:26,900:34] p1 and not p2
[2021-12-08 23:41:26,900:38] top2
[2021-12-08 23:41:26,900:41] p3
[2021-12-08 23:41:26,900:53] not p1
[2021-12-08 23:41:26,900:41] p3
[2021-12-08 23:41:26,900:43] p1
[2021-12-08 23:41:26,900:45] p1 and p2
[2021-12-08 23:41:26,900:49] p1 and p2 and not p3
[2021-12-08 23:41:26,900:55] p4
[2021-12-08 23:41:26,900:55] p4
[2021-12-08 23:41:26,900:57] p5
[2021-12-08 23:41:26,900:57] p5
[2021-12-08 23:41:26,900:55] p4
[2021-12-08 23:41:26,900:57] p5
[2021-12-08 23:41:26,900:55] p4
[2021-12-08 23:41:26,900:41] p3
[2021-12-08 23:41:26,900:53] not p1
[2021-12-08 23:41:26,900:55] p4
[2021-12-08 23:41:26,900:57] p5
[2021-12-08 23:41:26,900:55] p4
[2021-12-08 23:41:26,901:55] p4
[2021-12-08 23:41:26,901:58] top3
