[2021-12-08 23:41:26,921:16] top1
[2021-12-08 23:41:26,921:36] not p1
[2021-12-08 23:41:26,921:38] top2
[2021-12-08 23:41:26,921:41] p3
[2021-12-08 23:41:26,921:43] p1
[2021-12-08 23:41:26,921:51] p1 and not p2
[2021-12-08 23:41:26,921:55] p4
[2021-12-08 23:41:26,922:55] p4
[2021-12-08 23:41:26,922:57] p5
[2021-12-08 23:41:26,922:57] p5
[2021-12-08 23:41:26,922:41] p3
[2021-12-08 23:41:26,922:53] not p1
[2021-12-08 23:41:26,922:41] p3
[2021-12-08 23:41:26,922:53] not p1
[2021-12-08 23:41:26,922:55] p4
[2021-12-08 23:41:26,922:57] p5
[2021-12-08 23:41:26,922:41] p3
[2021-12-08 23:41:26,922:43] p1
[2021-12-08 23:41:26,922:51] p1 and not p2
[2021-12-08 23:41:26,922:55] p4
[2021-12-08 23:41:26,922:57] p5
[2021-12-08 23:41:26,922:57] p5
[2021-12-08 23:41:26,922:55] p4
[2021-12-08 23:41:26,922:57] p5
[2021-12-08 23:41:26,922:55] p4
[2021-12-08 23:41:26,922:55] p4
[2021-12-08 23:41:26,922:57] p5
[2021-12-08 23:41:26,922:57] p5
[2021-12-08 23:41:26,922:57] p5
[2021-12-08 23:41:26,923:55] p4
[2021-12-08 23:41:26,923:41] p3
[2021-12-08 23:41:26,923:53] not p1
[2021-12-08 23:41:26,923:41] p3
[2021-12-08 23:41:26,923:53] not p1
[2021-12-08 23:41:26,923:41] p3
[2021-12-08 23:41:26,923:53] not p1
[2021-12-08 23:41:26,923:55] p4
[2021-12-08 23:41:26,923:41] p3
[2021-12-08 23:41:26,923:43] p1
[2021-12-08 23:41:26,923:45] p1 and p2
[2021-12-08 23:41:26,923:49] p1 and p2 and not p3
[2021-12-08 23:41:26,923:58] top3
