[2021-12-08 23:41:26,927:16] top1
[2021-12-08 23:41:26,927:18] p1
[2021-12-08 23:41:26,927:20] p1 and p2
[2021-12-08 23:41:26,927:32] p1 and p2 and not p3
[2021-12-08 23:41:26,927:38] top2
[2021-12-08 23:41:26,927:41] p3
[2021-12-08 23:41:26,927:53] not p1
[2021-12-08 23:41:26,927:41] p3
[2021-12-08 23:41:26,927:43] p1
[2021-12-08 23:41:26,927:51] p1 and not p2
[2021-12-08 23:41:26,927:41] p3
[2021-12-08 23:41:26,927:53] not p1
[2021-12-08 23:41:26,927:55] p4
[2021-12-08 23:41:26,927:57] p5
[2021-12-08 23:41:26,928:41] p3
[2021-12-08 23:41:26,928:53] not p1
[2021-12-08 23:41:26,928:55] p4
[2021-12-08 23:41:26,928:57] p5
[2021-12-08 23:41:26,928:57] p5
[2021-12-08 23:41:26,928:58] top3
