[2021-12-08 23:41:26,973:16] top1
[2021-12-08 23:41:26,974:36] not p1
[2021-12-08 23:41:26,974:38] top2
[2021-12-08 23:41:26,974:41] p3
[2021-12-08 23:41:26,974:43] p1
[2021-12-08 23:41:26,974:45] p1 and p2
[2021-12-08 23:41:26,974:47] p1 and p2 and p3
[2021-12-08 23:41:26,974:55] p4
[2021-12-08 23:41:26,974:55] p4
[2021-12-08 23:41:26,974:55] p4
[2021-12-08 23:41:26,974:57] p5
[2021-12-08 23:41:26,974:57] p5
[2021-12-08 23:41:26,974:57] p5
[2021-12-08 23:41:26,974:57] p5
[2021-12-08 23:41:26,974:41] p3
[2021-12-08 23:41:26,974:43] p1
[2021-12-08 23:41:26,974:45] p1 and p2
[2021-12-08 23:41:26,974:49] p1 and p2 and not p3
[2021-12-08 23:41:26,974:55] p4
[2021-12-08 23:41:26,974:41] p3
[2021-12-08 23:41:26,974:53] not p1
[2021-12-08 23:41:26,974:58] top3
