[2021-12-08 23:41:26,978:16] top1
[2021-12-08 23:41:26,978:18] p1
[2021-12-08 23:41:26,978:20] p1 and p2
[2021-12-08 23:41:26,978:22] p1 and p2 and p3
[2021-12-08 23:41:26,978:30] p1 and p2 and p3 and not p4
[2021-12-08 23:41:26,978:38] top2
[2021-12-08 23:41:26,978:41] p3
[2021-12-08 23:41:26,978:53] not p1
[2021-12-08 23:41:26,978:55] p4
[2021-12-08 23:41:26,978:57] p5
[2021-12-08 23:41:26,978:57] p5
[2021-12-08 23:41:26,979:55] p4
[2021-12-08 23:41:26,979:57] p5
[2021-12-08 23:41:26,979:57] p5
[2021-12-08 23:41:26,979:55] p4
[2021-12-08 23:41:26,979:57] p5
[2021-12-08 23:41:26,979:41] p3
[2021-12-08 23:41:26,979:43] p1
[2021-12-08 23:41:26,979:45] p1 and p2
[2021-12-08 23:41:26,979:49] p1 and p2 and not p3
[2021-12-08 23:41:26,979:55] p4
[2021-12-08 23:41:26,979:41] p3
[2021-12-08 23:41:26,979:53] not p1
[2021-12-08 23:41:26,979:55] p4
[2021-12-08 23:41:26,979:57] p5
[2021-12-08 23:41:26,980:57] p5
[2021-12-08 23:41:26,980:58] top3
