[2021-12-08 23:41:26,989:16] top1
[2021-12-08 23:41:26,990:18] p1
[2021-12-08 23:41:26,990:20] p1 and p2
[2021-12-08 23:41:26,990:22] p1 and p2 and p3
[2021-12-08 23:41:26,990:30] p1 and p2 and p3 and not p4
[2021-12-08 23:41:26,990:38] top2
[2021-12-08 23:41:26,990:41] p3
[2021-12-08 23:41:26,990:43] p1
[2021-12-08 23:41:26,990:51] p1 and not p2
[2021-12-08 23:41:26,990:41] p3
[2021-12-08 23:41:26,990:53] not p1
[2021-12-08 23:41:26,990:55] p4
[2021-12-08 23:41:26,990:41] p3
[2021-12-08 23:41:26,990:43] p1
[2021-12-08 23:41:26,990:45] p1 and p2
[2021-12-08 23:41:26,990:47] p1 and p2 and p3
[2021-12-08 23:41:26,990:41] p3
[2021-12-08 23:41:26,990:53] not p1
[2021-12-08 23:41:26,990:55] p4
[2021-12-08 23:41:26,990:41] p3
[2021-12-08 23:41:26,990:53] not p1
[2021-12-08 23:41:26,990:55] p4
[2021-12-08 23:41:26,991:57] p5
[2021-12-08 23:41:26,991:57] p5
[2021-12-08 23:41:26,991:57] p5
[2021-12-08 23:41:26,991:57] p5
[2021-12-08 23:41:26,991:57] p5
[2021-12-08 23:41:26,991:57] p5
[2021-12-08 23:41:26,991:55] p4
[2021-12-08 23:41:26,991:57] p5
[2021-12-08 23:41:26,991:57] p5
[2021-12-08 23:41:26,991:55] p4
[2021-12-08 23:41:26,991:57] p5
[2021-12-08 23:41:26,991:41] p3
[2021-12-08 23:41:26,991:43] p1
[2021-12-08 23:41:26,991:45] p1 and p2
[2021-12-08 23:41:26,991:49] p1 and p2 and not p3
[2021-12-08 23:41:26,991:55] p4
[2021-12-08 23:41:26,991:41] p3
[2021-12-08 23:41:26,991:53] not p1
[2021-12-08 23:41:26,991:41] p3
[2021-12-08 23:41:26,991:53] not p1
[2021-12-08 23:41:26,991:55] p4
[2021-12-08 23:41:26,991:57] p5
[2021-12-08 23:41:26,992:57] p5
[2021-12-08 23:41:26,992:58] top3
