[2021-12-08 23:41:27,010:16] top1
[2021-12-08 23:41:27,011:36] not p1
[2021-12-08 23:41:27,011:38] top2
[2021-12-08 23:41:27,011:41] p3
[2021-12-08 23:41:27,011:43] p1
[2021-12-08 23:41:27,011:45] p1 and p2
[2021-12-08 23:41:27,011:49] p1 and p2 and not p3
[2021-12-08 23:41:27,011:55] p4
[2021-12-08 23:41:27,011:55] p4
[2021-12-08 23:41:27,011:57] p5
[2021-12-08 23:41:27,011:55] p4
[2021-12-08 23:41:27,011:57] p5
[2021-12-08 23:41:27,011:41] p3
[2021-12-08 23:41:27,011:53] not p1
[2021-12-08 23:41:27,011:55] p4
[2021-12-08 23:41:27,011:55] p4
[2021-12-08 23:41:27,011:57] p5
[2021-12-08 23:41:27,011:57] p5
[2021-12-08 23:41:27,011:41] p3
[2021-12-08 23:41:27,011:43] p1
[2021-12-08 23:41:27,012:45] p1 and p2
[2021-12-08 23:41:27,012:47] p1 and p2 and p3
[2021-12-08 23:41:27,012:58] top3
