[2021-12-08 23:41:27,012:16] top1
[2021-12-08 23:41:27,012:18] p1
[2021-12-08 23:41:27,012:34] p1 and not p2
[2021-12-08 23:41:27,012:38] top2
[2021-12-08 23:41:27,012:41] p3
[2021-12-08 23:41:27,012:43] p1
[2021-12-08 23:41:27,012:45] p1 and p2
[2021-12-08 23:41:27,012:49] p1 and p2 and not p3
[2021-12-08 23:41:27,012:55] p4
[2021-12-08 23:41:27,012:55] p4
[2021-12-08 23:41:27,013:55] p4
[2021-12-08 23:41:27,013:57] p5
[2021-12-08 23:41:27,013:57] p5
[2021-12-08 23:41:27,013:57] p5
[2021-12-08 23:41:27,013:57] p5
[2021-12-08 23:41:27,013:55] p4
[2021-12-08 23:41:27,013:57] p5
[2021-12-08 23:41:27,013:57] p5
[2021-12-08 23:41:27,013:57] p5
[2021-12-08 23:41:27,013:58] top3
