[2021-12-08 23:41:27,016:16] top1
[2021-12-08 23:41:27,016:36] not p1
[2021-12-08 23:41:27,016:38] top2
[2021-12-08 23:41:27,016:41] p3
[2021-12-08 23:41:27,016:43] p1
[2021-12-08 23:41:27,016:45] p1 and p2
[2021-12-08 23:41:27,016:47] p1 and p2 and p3
[2021-12-08 23:41:27,016:55] p4
[2021-12-08 23:41:27,016:57] p5
[2021-12-08 23:41:27,016:57] p5
[2021-12-08 23:41:27,016:57] p5
[2021-12-08 23:41:27,017:55] p4
[2021-12-08 23:41:27,017:57] p5
[2021-12-08 23:41:27,017:57] p5
[2021-12-08 23:41:27,017:55] p4
[2021-12-08 23:41:27,017:41] p3
[2021-12-08 23:41:27,017:53] not p1
[2021-12-08 23:41:27,017:55] p4
[2021-12-08 23:41:27,017:55] p4
[2021-12-08 23:41:27,017:41] p3
[2021-12-08 23:41:27,017:53] not p1
[2021-12-08 23:41:27,017:55] p4
[2021-12-08 23:41:27,017:57] p5
[2021-12-08 23:41:27,017:55] p4
[2021-12-08 23:41:27,017:57] p5
[2021-12-08 23:41:27,017:57] p5
[2021-12-08 23:41:27,017:58] top3
