[2021-12-08 23:41:27,052:16] top1
[2021-12-08 23:41:27,052:18] p1
[2021-12-08 23:41:27,052:20] p1 and p2
[2021-12-08 23:41:27,052:32] p1 and p2 and not p3
[2021-12-08 23:41:27,052:38] top2
[2021-12-08 23:41:27,052:41] p3
[2021-12-08 23:41:27,052:53] not p1
[2021-12-08 23:41:27,052:55] p4
[2021-12-08 23:41:27,053:57] p5
[2021-12-08 23:41:27,053:57] p5
[2021-12-08 23:41:27,053:55] p4
[2021-12-08 23:41:27,053:55] p4
[2021-12-08 23:41:27,053:41] p3
[2021-12-08 23:41:27,053:53] not p1
[2021-12-08 23:41:27,053:55] p4
[2021-12-08 23:41:27,053:57] p5
[2021-12-08 23:41:27,053:57] p5
[2021-12-08 23:41:27,053:55] p4
[2021-12-08 23:41:27,053:41] p3
[2021-12-08 23:41:27,053:43] p1
[2021-12-08 23:41:27,053:51] p1 and not p2
[2021-12-08 23:41:27,053:55] p4
[2021-12-08 23:41:27,053:55] p4
[2021-12-08 23:41:27,053:57] p5
[2021-12-08 23:41:27,053:57] p5
[2021-12-08 23:41:27,053:55] p4
[2021-12-08 23:41:27,053:57] p5
[2021-12-08 23:41:27,053:57] p5
[2021-12-08 23:41:27,054:57] p5
[2021-12-08 23:41:27,054:58] top3
