[2021-12-08 23:41:27,054:16] top1
[2021-12-08 23:41:27,054:36] not p1
[2021-12-08 23:41:27,054:38] top2
[2021-12-08 23:41:27,054:41] p3
[2021-12-08 23:41:27,054:43] p1
[2021-12-08 23:41:27,054:45] p1 and p2
[2021-12-08 23:41:27,054:47] p1 and p2 and p3
[2021-12-08 23:41:27,054:55] p4
[2021-12-08 23:41:27,054:57] p5
[2021-12-08 23:41:27,054:41] p3
[2021-12-08 23:41:27,054:53] not p1
[2021-12-08 23:41:27,055:55] p4
[2021-12-08 23:41:27,055:55] p4
[2021-12-08 23:41:27,055:57] p5
[2021-12-08 23:41:27,055:55] p4
[2021-12-08 23:41:27,055:57] p5
[2021-12-08 23:41:27,055:57] p5
[2021-12-08 23:41:27,055:57] p5
[2021-12-08 23:41:27,055:55] p4
[2021-12-08 23:41:27,055:55] p4
[2021-12-08 23:41:27,055:57] p5
[2021-12-08 23:41:27,055:55] p4
[2021-12-08 23:41:27,055:55] p4
[2021-12-08 23:41:27,055:57] p5
[2021-12-08 23:41:27,055:58] top3
