[2021-12-08 23:41:27,057:16] top1
[2021-12-08 23:41:27,057:36] not p1
[2021-12-08 23:41:27,057:38] top2
[2021-12-08 23:41:27,057:41] p3
[2021-12-08 23:41:27,057:53] not p1
[2021-12-08 23:41:27,057:55] p4
[2021-12-08 23:41:27,057:57] p5
[2021-12-08 23:41:27,057:57] p5
[2021-12-08 23:41:27,057:41] p3
[2021-12-08 23:41:27,057:53] not p1
[2021-12-08 23:41:27,057:41] p3
[2021-12-08 23:41:27,057:43] p1
[2021-12-08 23:41:27,057:45] p1 and p2
[2021-12-08 23:41:27,057:49] p1 and p2 and not p3
[2021-12-08 23:41:27,057:55] p4
[2021-12-08 23:41:27,057:57] p5
[2021-12-08 23:41:27,057:55] p4
[2021-12-08 23:41:27,057:57] p5
[2021-12-08 23:41:27,057:55] p4
[2021-12-08 23:41:27,057:57] p5
[2021-12-08 23:41:27,058:55] p4
[2021-12-08 23:41:27,058:57] p5
[2021-12-08 23:41:27,058:57] p5
[2021-12-08 23:41:27,058:41] p3
[2021-12-08 23:41:27,058:53] not p1
[2021-12-08 23:41:27,058:55] p4
[2021-12-08 23:41:27,058:41] p3
[2021-12-08 23:41:27,058:43] p1
[2021-12-08 23:41:27,058:45] p1 and p2
[2021-12-08 23:41:27,058:47] p1 and p2 and p3
[2021-12-08 23:41:27,058:41] p3
[2021-12-08 23:41:27,058:43] p1
[2021-12-08 23:41:27,058:51] p1 and not p2
[2021-12-08 23:41:27,058:55] p4
[2021-12-08 23:41:27,058:55] p4
[2021-12-08 23:41:27,058:41] p3
[2021-12-08 23:41:27,058:43] p1
[2021-12-08 23:41:27,058:45] p1 and p2
[2021-12-08 23:41:27,058:47] p1 and p2 and p3
[2021-12-08 23:41:27,058:58] top3
