[2021-12-08 23:41:27,059:16] top1
[2021-12-08 23:41:27,059:18] p1
[2021-12-08 23:41:27,059:34] p1 and not p2
[2021-12-08 23:41:27,059:38] top2
[2021-12-08 23:41:27,059:41] p3
[2021-12-08 23:41:27,059:43] p1
[2021-12-08 23:41:27,060:45] p1 and p2
[2021-12-08 23:41:27,060:47] p1 and p2 and p3
[2021-12-08 23:41:27,060:41] p3
[2021-12-08 23:41:27,060:43] p1
[2021-12-08 23:41:27,060:45] p1 and p2
[2021-12-08 23:41:27,060:47] p1 and p2 and p3
[2021-12-08 23:41:27,060:55] p4
[2021-12-08 23:41:27,060:41] p3
[2021-12-08 23:41:27,060:53] not p1
[2021-12-08 23:41:27,060:41] p3
[2021-12-08 23:41:27,060:43] p1
[2021-12-08 23:41:27,060:51] p1 and not p2
[2021-12-08 23:41:27,060:41] p3
[2021-12-08 23:41:27,060:53] not p1
[2021-12-08 23:41:27,060:55] p4
[2021-12-08 23:41:27,060:55] p4
[2021-12-08 23:41:27,060:55] p4
[2021-12-08 23:41:27,060:55] p4
[2021-12-08 23:41:27,060:41] p3
[2021-12-08 23:41:27,060:43] p1
[2021-12-08 23:41:27,060:51] p1 and not p2
[2021-12-08 23:41:27,061:55] p4
[2021-12-08 23:41:27,061:58] top3
