[2021-12-08 23:41:27,110:16] top1
[2021-12-08 23:41:27,111:18] p1
[2021-12-08 23:41:27,111:20] p1 and p2
[2021-12-08 23:41:27,111:22] p1 and p2 and p3
[2021-12-08 23:41:27,111:24] p1 and p2 and p3 and p4
[2021-12-08 23:41:27,111:26] p1 and p2 and p3 and p4 and p5
[2021-12-08 23:41:27,111:38] top2
[2021-12-08 23:41:27,111:41] p3
[2021-12-08 23:41:27,111:53] not p1
[2021-12-08 23:41:27,111:55] p4
[2021-12-08 23:41:27,111:57] p5
[2021-12-08 23:41:27,111:57] p5
[2021-12-08 23:41:27,111:57] p5
[2021-12-08 23:41:27,111:55] p4
[2021-12-08 23:41:27,111:55] p4
[2021-12-08 23:41:27,111:41] p3
[2021-12-08 23:41:27,111:43] p1
[2021-12-08 23:41:27,112:45] p1 and p2
[2021-12-08 23:41:27,112:49] p1 and p2 and not p3
[2021-12-08 23:41:27,112:58] top3
