[2021-12-08 23:41:27,126:16] top1
[2021-12-08 23:41:27,126:18] p1
[2021-12-08 23:41:27,126:34] p1 and not p2
[2021-12-08 23:41:27,126:38] top2
[2021-12-08 23:41:27,126:41] p3
[2021-12-08 23:41:27,126:43] p1
[2021-12-08 23:41:27,126:51] p1 and not p2
[2021-12-08 23:41:27,126:55] p4
[2021-12-08 23:41:27,126:55] p4
[2021-12-08 23:41:27,127:57] p5
[2021-12-08 23:41:27,127:57] p5
[2021-12-08 23:41:27,127:41] p3
[2021-12-08 23:41:27,127:43] p1
[2021-12-08 23:41:27,127:51] p1 and not p2
[2021-12-08 23:41:27,127:55] p4
[2021-12-08 23:41:27,127:55] p4
[2021-12-08 23:41:27,127:55] p4
[2021-12-08 23:41:27,127:41] p3
[2021-12-08 23:41:27,127:53] not p1
[2021-12-08 23:41:27,127:41] p3
[2021-12-08 23:41:27,127:43] p1
[2021-12-08 23:41:27,127:45] p1 and p2
[2021-12-08 23:41:27,127:49] p1 and p2 and not p3
[2021-12-08 23:41:27,127:41] p3
[2021-12-08 23:41:27,127:43] p1
[2021-12-08 23:41:27,127:45] p1 and p2
[2021-12-08 23:41:27,127:47] p1 and p2 and p3
[2021-12-08 23:41:27,127:55] p4
[2021-12-08 23:41:27,127:57] p5
[2021-12-08 23:41:27,127:58] top3
