[2021-12-08 23:41:27,136:16] top1
[2021-12-08 23:41:27,136:36] not p1
[2021-12-08 23:41:27,136:38] top2
[2021-12-08 23:41:27,136:41] p3
[2021-12-08 23:41:27,136:43] p1
[2021-12-08 23:41:27,136:45] p1 and p2
[2021-12-08 23:41:27,136:47] p1 and p2 and p3
[2021-12-08 23:41:27,136:41] p3
[2021-12-08 23:41:27,137:43] p1
[2021-12-08 23:41:27,137:51] p1 and not p2
[2021-12-08 23:41:27,137:55] p4
[2021-12-08 23:41:27,137:57] p5
[2021-12-08 23:41:27,137:57] p5
[2021-12-08 23:41:27,137:57] p5
[2021-12-08 23:41:27,137:57] p5
[2021-12-08 23:41:27,137:57] p5
[2021-12-08 23:41:27,137:57] p5
[2021-12-08 23:41:27,137:57] p5
[2021-12-08 23:41:27,137:57] p5
[2021-12-08 23:41:27,137:57] p5
[2021-12-08 23:41:27,137:41] p3
[2021-12-08 23:41:27,137:53] not p1
[2021-12-08 23:41:27,137:41] p3
[2021-12-08 23:41:27,137:53] not p1
[2021-12-08 23:41:27,137:55] p4
[2021-12-08 23:41:27,137:57] p5
[2021-12-08 23:41:27,137:57] p5
[2021-12-08 23:41:27,137:55] p4
[2021-12-08 23:41:27,137:57] p5
[2021-12-08 23:41:27,138:57] p5
[2021-12-08 23:41:27,138:57] p5
[2021-12-08 23:41:27,138:57] p5
[2021-12-08 23:41:27,138:57] p5
[2021-12-08 23:41:27,138:41] p3
[2021-12-08 23:41:27,138:53] not p1
[2021-12-08 23:41:27,138:55] p4
[2021-12-08 23:41:27,138:57] p5
[2021-12-08 23:41:27,138:55] p4
[2021-12-08 23:41:27,138:41] p3
[2021-12-08 23:41:27,138:53] not p1
[2021-12-08 23:41:27,138:58] top3
