[2021-12-08 23:41:27,147:16] top1
[2021-12-08 23:41:27,148:18] p1
[2021-12-08 23:41:27,148:34] p1 and not p2
[2021-12-08 23:41:27,148:38] top2
[2021-12-08 23:41:27,148:41] p3
[2021-12-08 23:41:27,148:43] p1
[2021-12-08 23:41:27,148:45] p1 and p2
[2021-12-08 23:41:27,148:49] p1 and p2 and not p3
[2021-12-08 23:41:27,148:55] p4
[2021-12-08 23:41:27,148:55] p4
[2021-12-08 23:41:27,148:57] p5
[2021-12-08 23:41:27,148:57] p5
[2021-12-08 23:41:27,148:55] p4
[2021-12-08 23:41:27,148:57] p5
[2021-12-08 23:41:27,149:57] p5
[2021-12-08 23:41:27,149:55] p4
[2021-12-08 23:41:27,149:55] p4
[2021-12-08 23:41:27,149:57] p5
[2021-12-08 23:41:27,149:57] p5
[2021-12-08 23:41:27,149:57] p5
[2021-12-08 23:41:27,149:55] p4
[2021-12-08 23:41:27,149:55] p4
[2021-12-08 23:41:27,149:57] p5
[2021-12-08 23:41:27,149:57] p5
[2021-12-08 23:41:27,149:57] p5
[2021-12-08 23:41:27,149:55] p4
[2021-12-08 23:41:27,149:57] p5
[2021-12-08 23:41:27,149:57] p5
[2021-12-08 23:41:27,149:55] p4
[2021-12-08 23:41:27,149:55] p4
[2021-12-08 23:41:27,149:58] top3
