[2021-12-08 23:41:27,176:16] top1
[2021-12-08 23:41:27,176:36] not p1
[2021-12-08 23:41:27,176:38] top2
[2021-12-08 23:41:27,176:41] p3
[2021-12-08 23:41:27,177:53] not p1
[2021-12-08 23:41:27,177:41] p3
[2021-12-08 23:41:27,177:43] p1
[2021-12-08 23:41:27,177:45] p1 and p2
[2021-12-08 23:41:27,177:47] p1 and p2 and p3
[2021-12-08 23:41:27,177:55] p4
[2021-12-08 23:41:27,177:55] p4
[2021-12-08 23:41:27,177:57] p5
[2021-12-08 23:41:27,177:41] p3
[2021-12-08 23:41:27,177:43] p1
[2021-12-08 23:41:27,177:45] p1 and p2
[2021-12-08 23:41:27,177:47] p1 and p2 and p3
[2021-12-08 23:41:27,177:41] p3
[2021-12-08 23:41:27,177:43] p1
[2021-12-08 23:41:27,177:51] p1 and not p2
[2021-12-08 23:41:27,177:55] p4
[2021-12-08 23:41:27,177:57] p5
[2021-12-08 23:41:27,178:58] top3
