[2021-12-08 23:41:27,191:16] top1
[2021-12-08 23:41:27,191:18] p1
[2021-12-08 23:41:27,191:34] p1 and not p2
[2021-12-08 23:41:27,191:38] top2
[2021-12-08 23:41:27,191:41] p3
[2021-12-08 23:41:27,191:53] not p1
[2021-12-08 23:41:27,191:55] p4
[2021-12-08 23:41:27,191:57] p5
[2021-12-08 23:41:27,191:57] p5
[2021-12-08 23:41:27,191:57] p5
[2021-12-08 23:41:27,191:55] p4
[2021-12-08 23:41:27,191:57] p5
[2021-12-08 23:41:27,191:57] p5
[2021-12-08 23:41:27,192:41] p3
[2021-12-08 23:41:27,192:43] p1
[2021-12-08 23:41:27,192:45] p1 and p2
[2021-12-08 23:41:27,192:49] p1 and p2 and not p3
[2021-12-08 23:41:27,192:41] p3
[2021-12-08 23:41:27,192:43] p1
[2021-12-08 23:41:27,192:51] p1 and not p2
[2021-12-08 23:41:27,192:41] p3
[2021-12-08 23:41:27,192:43] p1
[2021-12-08 23:41:27,192:51] p1 and not p2
[2021-12-08 23:41:27,192:55] p4
[2021-12-08 23:41:27,192:57] p5
[2021-12-08 23:41:27,192:55] p4
[2021-12-08 23:41:27,192:57] p5
[2021-12-08 23:41:27,192:57] p5
[2021-12-08 23:41:27,192:41] p3
[2021-12-08 23:41:27,192:53] not p1
[2021-12-08 23:41:27,192:55] p4
[2021-12-08 23:41:27,192:57] p5
[2021-12-08 23:41:27,192:57] p5
[2021-12-08 23:41:27,192:55] p4
[2021-12-08 23:41:27,192:57] p5
[2021-12-08 23:41:27,193:57] p5
[2021-12-08 23:41:27,193:55] p4
[2021-12-08 23:41:27,193:57] p5
[2021-12-08 23:41:27,193:55] p4
[2021-12-08 23:41:27,193:57] p5
[2021-12-08 23:41:27,193:41] p3
[2021-12-08 23:41:27,193:43] p1
[2021-12-08 23:41:27,193:45] p1 and p2
[2021-12-08 23:41:27,193:49] p1 and p2 and not p3
[2021-12-08 23:41:27,193:58] top3
