[2021-12-08 23:41:27,198:16] top1
[2021-12-08 23:41:27,198:18] p1
[2021-12-08 23:41:27,198:20] p1 and p2
[2021-12-08 23:41:27,198:22] p1 and p2 and p3
[2021-12-08 23:41:27,198:24] p1 and p2 and p3 and p4
[2021-12-08 23:41:27,198:28] p1 and p2 and p3 and p4 and not p5
[2021-12-08 23:41:27,198:38] top2
[2021-12-08 23:41:27,198:41] p3
[2021-12-08 23:41:27,199:43] p1
[2021-12-08 23:41:27,199:45] p1 and p2
[2021-12-08 23:41:27,199:47] p1 and p2 and p3
[2021-12-08 23:41:27,199:41] p3
[2021-12-08 23:41:27,199:43] p1
[2021-12-08 23:41:27,199:45] p1 and p2
[2021-12-08 23:41:27,199:47] p1 and p2 and p3
[2021-12-08 23:41:27,199:55] p4
[2021-12-08 23:41:27,199:57] p5
[2021-12-08 23:41:27,199:57] p5
[2021-12-08 23:41:27,199:57] p5
[2021-12-08 23:41:27,199:57] p5
[2021-12-08 23:41:27,199:41] p3
[2021-12-08 23:41:27,199:43] p1
[2021-12-08 23:41:27,199:45] p1 and p2
[2021-12-08 23:41:27,199:47] p1 and p2 and p3
[2021-12-08 23:41:27,199:55] p4
[2021-12-08 23:41:27,199:41] p3
[2021-12-08 23:41:27,199:43] p1
[2021-12-08 23:41:27,199:45] p1 and p2
[2021-12-08 23:41:27,199:49] p1 and p2 and not p3
[2021-12-08 23:41:27,199:55] p4
[2021-12-08 23:41:27,199:55] p4
[2021-12-08 23:41:27,200:57] p5
[2021-12-08 23:41:27,200:55] p4
[2021-12-08 23:41:27,200:41] p3
[2021-12-08 23:41:27,200:53] not p1
[2021-12-08 23:41:27,200:58] top3
