[2021-12-08 23:41:27,201:16] top1
[2021-12-08 23:41:27,201:18] p1
[2021-12-08 23:41:27,201:34] p1 and not p2
[2021-12-08 23:41:27,201:38] top2
[2021-12-08 23:41:27,201:41] p3
[2021-12-08 23:41:27,201:43] p1
[2021-12-08 23:41:27,201:45] p1 and p2
[2021-12-08 23:41:27,201:49] p1 and p2 and not p3
[2021-12-08 23:41:27,201:41] p3
[2021-12-08 23:41:27,201:43] p1
[2021-12-08 23:41:27,201:45] p1 and p2
[2021-12-08 23:41:27,201:49] p1 and p2 and not p3
[2021-12-08 23:41:27,202:41] p3
[2021-12-08 23:41:27,202:43] p1
[2021-12-08 23:41:27,202:45] p1 and p2
[2021-12-08 23:41:27,202:47] p1 and p2 and p3
[2021-12-08 23:41:27,202:41] p3
[2021-12-08 23:41:27,202:53] not p1
[2021-12-08 23:41:27,202:55] p4
[2021-12-08 23:41:27,202:58] top3
