[2021-12-08 23:41:27,212:16] top1
[2021-12-08 23:41:27,212:18] p1
[2021-12-08 23:41:27,212:20] p1 and p2
[2021-12-08 23:41:27,212:32] p1 and p2 and not p3
[2021-12-08 23:41:27,212:38] top2
[2021-12-08 23:41:27,213:41] p3
[2021-12-08 23:41:27,213:53] not p1
[2021-12-08 23:41:27,213:41] p3
[2021-12-08 23:41:27,213:43] p1
[2021-12-08 23:41:27,213:45] p1 and p2
[2021-12-08 23:41:27,213:49] p1 and p2 and not p3
[2021-12-08 23:41:27,213:41] p3
[2021-12-08 23:41:27,213:53] not p1
[2021-12-08 23:41:27,213:55] p4
[2021-12-08 23:41:27,213:55] p4
[2021-12-08 23:41:27,213:55] p4
[2021-12-08 23:41:27,213:57] p5
[2021-12-08 23:41:27,213:57] p5
[2021-12-08 23:41:27,213:57] p5
[2021-12-08 23:41:27,213:57] p5
[2021-12-08 23:41:27,213:57] p5
[2021-12-08 23:41:27,213:57] p5
[2021-12-08 23:41:27,213:55] p4
[2021-12-08 23:41:27,214:57] p5
[2021-12-08 23:41:27,214:57] p5
[2021-12-08 23:41:27,214:57] p5
[2021-12-08 23:41:27,214:57] p5
[2021-12-08 23:41:27,214:57] p5
[2021-12-08 23:41:27,214:57] p5
[2021-12-08 23:41:27,214:55] p4
[2021-12-08 23:41:27,214:55] p4
[2021-12-08 23:41:27,214:58] top3
