[2021-12-08 23:41:27,233:16] top1
[2021-12-08 23:41:27,233:18] p1
[2021-12-08 23:41:27,234:34] p1 and not p2
[2021-12-08 23:41:27,234:38] top2
[2021-12-08 23:41:27,234:41] p3
[2021-12-08 23:41:27,234:53] not p1
[2021-12-08 23:41:27,234:55] p4
[2021-12-08 23:41:27,234:57] p5
[2021-12-08 23:41:27,234:55] p4
[2021-12-08 23:41:27,234:41] p3
[2021-12-08 23:41:27,234:43] p1
[2021-12-08 23:41:27,234:45] p1 and p2
[2021-12-08 23:41:27,234:49] p1 and p2 and not p3
[2021-12-08 23:41:27,234:55] p4
[2021-12-08 23:41:27,234:55] p4
[2021-12-08 23:41:27,235:57] p5
[2021-12-08 23:41:27,235:55] p4
[2021-12-08 23:41:27,235:55] p4
[2021-12-08 23:41:27,235:57] p5
[2021-12-08 23:41:27,235:55] p4
[2021-12-08 23:41:27,235:57] p5
[2021-12-08 23:41:27,235:58] top3
