[2021-12-08 23:41:27,258:16] top1
[2021-12-08 23:41:27,258:36] not p1
[2021-12-08 23:41:27,258:38] top2
[2021-12-08 23:41:27,258:41] p3
[2021-12-08 23:41:27,258:53] not p1
[2021-12-08 23:41:27,258:55] p4
[2021-12-08 23:41:27,258:57] p5
[2021-12-08 23:41:27,258:41] p3
[2021-12-08 23:41:27,258:43] p1
[2021-12-08 23:41:27,258:45] p1 and p2
[2021-12-08 23:41:27,259:49] p1 and p2 and not p3
[2021-12-08 23:41:27,259:41] p3
[2021-12-08 23:41:27,259:53] not p1
[2021-12-08 23:41:27,259:55] p4
[2021-12-08 23:41:27,259:55] p4
[2021-12-08 23:41:27,259:41] p3
[2021-12-08 23:41:27,259:43] p1
[2021-12-08 23:41:27,259:45] p1 and p2
[2021-12-08 23:41:27,259:47] p1 and p2 and p3
[2021-12-08 23:41:27,259:55] p4
[2021-12-08 23:41:27,259:55] p4
[2021-12-08 23:41:27,259:57] p5
[2021-12-08 23:41:27,259:41] p3
[2021-12-08 23:41:27,259:53] not p1
[2021-12-08 23:41:27,259:41] p3
[2021-12-08 23:41:27,259:53] not p1
[2021-12-08 23:41:27,259:58] top3
