[2021-12-08 23:41:19,644:16] top1
[2021-12-08 23:41:19,644:36] not p1
[2021-12-08 23:41:19,645:38] top2
[2021-12-08 23:41:19,645:41] p3
[2021-12-08 23:41:19,645:43] p1
[2021-12-08 23:41:19,645:51] p1 and not p2
[2021-12-08 23:41:19,645:55] p4
[2021-12-08 23:41:19,645:57] p5
[2021-12-08 23:41:19,645:55] p4
[2021-12-08 23:41:19,645:57] p5
[2021-12-08 23:41:19,645:57] p5
[2021-12-08 23:41:19,645:41] p3
[2021-12-08 23:41:19,645:53] not p1
[2021-12-08 23:41:19,645:55] p4
[2021-12-08 23:41:19,645:57] p5
[2021-12-08 23:41:19,645:57] p5
[2021-12-08 23:41:19,645:55] p4
[2021-12-08 23:41:19,645:41] p3
[2021-12-08 23:41:19,645:43] p1
[2021-12-08 23:41:19,645:45] p1 and p2
[2021-12-08 23:41:19,645:49] p1 and p2 and not p3
[2021-12-08 23:41:19,646:55] p4
[2021-12-08 23:41:19,646:57] p5
[2021-12-08 23:41:19,646:55] p4
[2021-12-08 23:41:19,646:55] p4
[2021-12-08 23:41:19,646:57] p5
[2021-12-08 23:41:19,646:57] p5
[2021-12-08 23:41:19,646:57] p5
[2021-12-08 23:41:19,646:57] p5
[2021-12-08 23:41:19,646:58] top3
