[2021-12-08 23:41:27,299:16] top1
[2021-12-08 23:41:27,299:36] not p1
[2021-12-08 23:41:27,299:38] top2
[2021-12-08 23:41:27,299:41] p3
[2021-12-08 23:41:27,299:43] p1
[2021-12-08 23:41:27,299:51] p1 and not p2
[2021-12-08 23:41:27,299:55] p4
[2021-12-08 23:41:27,299:41] p3
[2021-12-08 23:41:27,299:43] p1
[2021-12-08 23:41:27,299:51] p1 and not p2
[2021-12-08 23:41:27,299:55] p4
[2021-12-08 23:41:27,300:57] p5
[2021-12-08 23:41:27,300:57] p5
[2021-12-08 23:41:27,300:57] p5
[2021-12-08 23:41:27,300:41] p3
[2021-12-08 23:41:27,300:43] p1
[2021-12-08 23:41:27,300:45] p1 and p2
[2021-12-08 23:41:27,300:47] p1 and p2 and p3
[2021-12-08 23:41:27,300:55] p4
[2021-12-08 23:41:27,300:57] p5
[2021-12-08 23:41:27,300:55] p4
[2021-12-08 23:41:27,300:57] p5
[2021-12-08 23:41:27,300:58] top3
