[2021-12-08 23:41:27,300:16] top1
[2021-12-08 23:41:27,301:18] p1
[2021-12-08 23:41:27,301:34] p1 and not p2
[2021-12-08 23:41:27,301:38] top2
[2021-12-08 23:41:27,301:41] p3
[2021-12-08 23:41:27,301:53] not p1
[2021-12-08 23:41:27,301:41] p3
[2021-12-08 23:41:27,301:43] p1
[2021-12-08 23:41:27,301:45] p1 and p2
[2021-12-08 23:41:27,301:47] p1 and p2 and p3
[2021-12-08 23:41:27,301:41] p3
[2021-12-08 23:41:27,301:43] p1
[2021-12-08 23:41:27,301:45] p1 and p2
[2021-12-08 23:41:27,301:49] p1 and p2 and not p3
[2021-12-08 23:41:27,301:55] p4
[2021-12-08 23:41:27,301:55] p4
[2021-12-08 23:41:27,301:55] p4
[2021-12-08 23:41:27,301:55] p4
[2021-12-08 23:41:27,301:41] p3
[2021-12-08 23:41:27,301:43] p1
[2021-12-08 23:41:27,302:45] p1 and p2
[2021-12-08 23:41:27,302:47] p1 and p2 and p3
[2021-12-08 23:41:27,302:55] p4
[2021-12-08 23:41:27,302:55] p4
[2021-12-08 23:41:27,302:55] p4
[2021-12-08 23:41:27,302:58] top3
