[2021-12-08 23:41:27,307:16] top1
[2021-12-08 23:41:27,307:18] p1
[2021-12-08 23:41:27,307:20] p1 and p2
[2021-12-08 23:41:27,307:32] p1 and p2 and not p3
[2021-12-08 23:41:27,307:38] top2
[2021-12-08 23:41:27,307:41] p3
[2021-12-08 23:41:27,307:43] p1
[2021-12-08 23:41:27,307:51] p1 and not p2
[2021-12-08 23:41:27,307:55] p4
[2021-12-08 23:41:27,307:55] p4
[2021-12-08 23:41:27,307:57] p5
[2021-12-08 23:41:27,307:57] p5
[2021-12-08 23:41:27,307:57] p5
[2021-12-08 23:41:27,308:57] p5
[2021-12-08 23:41:27,308:57] p5
[2021-12-08 23:41:27,308:55] p4
[2021-12-08 23:41:27,308:57] p5
[2021-12-08 23:41:27,308:55] p4
[2021-12-08 23:41:27,308:57] p5
[2021-12-08 23:41:27,308:57] p5
[2021-12-08 23:41:27,308:58] top3
