[2021-12-08 23:41:27,310:16] top1
[2021-12-08 23:41:27,310:18] p1
[2021-12-08 23:41:27,310:34] p1 and not p2
[2021-12-08 23:41:27,310:38] top2
[2021-12-08 23:41:27,310:41] p3
[2021-12-08 23:41:27,310:43] p1
[2021-12-08 23:41:27,310:51] p1 and not p2
[2021-12-08 23:41:27,310:55] p4
[2021-12-08 23:41:27,311:57] p5
[2021-12-08 23:41:27,311:57] p5
[2021-12-08 23:41:27,311:57] p5
[2021-12-08 23:41:27,311:57] p5
[2021-12-08 23:41:27,311:41] p3
[2021-12-08 23:41:27,311:53] not p1
[2021-12-08 23:41:27,311:41] p3
[2021-12-08 23:41:27,311:43] p1
[2021-12-08 23:41:27,311:51] p1 and not p2
[2021-12-08 23:41:27,311:55] p4
[2021-12-08 23:41:27,311:41] p3
[2021-12-08 23:41:27,311:43] p1
[2021-12-08 23:41:27,311:51] p1 and not p2
[2021-12-08 23:41:27,311:55] p4
[2021-12-08 23:41:27,311:57] p5
[2021-12-08 23:41:27,311:55] p4
[2021-12-08 23:41:27,312:57] p5
[2021-12-08 23:41:27,312:57] p5
[2021-12-08 23:41:27,312:55] p4
[2021-12-08 23:41:27,312:55] p4
[2021-12-08 23:41:27,312:55] p4
[2021-12-08 23:41:27,312:55] p4
[2021-12-08 23:41:27,312:57] p5
[2021-12-08 23:41:27,312:57] p5
[2021-12-08 23:41:27,312:57] p5
[2021-12-08 23:41:27,312:57] p5
[2021-12-08 23:41:27,312:57] p5
[2021-12-08 23:41:27,312:57] p5
[2021-12-08 23:41:27,312:57] p5
[2021-12-08 23:41:27,312:57] p5
[2021-12-08 23:41:27,312:55] p4
[2021-12-08 23:41:27,312:41] p3
[2021-12-08 23:41:27,312:53] not p1
[2021-12-08 23:41:27,313:41] p3
[2021-12-08 23:41:27,313:53] not p1
[2021-12-08 23:41:27,313:55] p4
[2021-12-08 23:41:27,313:57] p5
[2021-12-08 23:41:27,313:57] p5
[2021-12-08 23:41:27,313:57] p5
[2021-12-08 23:41:27,313:57] p5
[2021-12-08 23:41:27,313:57] p5
[2021-12-08 23:41:27,313:57] p5
[2021-12-08 23:41:27,313:41] p3
[2021-12-08 23:41:27,313:43] p1
[2021-12-08 23:41:27,313:45] p1 and p2
[2021-12-08 23:41:27,313:49] p1 and p2 and not p3
[2021-12-08 23:41:27,313:55] p4
[2021-12-08 23:41:27,313:58] top3
