[2021-12-08 23:41:27,322:16] top1
[2021-12-08 23:41:27,322:18] p1
[2021-12-08 23:41:27,322:34] p1 and not p2
[2021-12-08 23:41:27,322:38] top2
[2021-12-08 23:41:27,322:41] p3
[2021-12-08 23:41:27,322:43] p1
[2021-12-08 23:41:27,322:45] p1 and p2
[2021-12-08 23:41:27,322:49] p1 and p2 and not p3
[2021-12-08 23:41:27,322:55] p4
[2021-12-08 23:41:27,322:57] p5
[2021-12-08 23:41:27,322:55] p4
[2021-12-08 23:41:27,323:57] p5
[2021-12-08 23:41:27,323:57] p5
[2021-12-08 23:41:27,323:41] p3
[2021-12-08 23:41:27,323:43] p1
[2021-12-08 23:41:27,323:51] p1 and not p2
[2021-12-08 23:41:27,323:55] p4
[2021-12-08 23:41:27,323:55] p4
[2021-12-08 23:41:27,323:57] p5
[2021-12-08 23:41:27,323:55] p4
[2021-12-08 23:41:27,323:57] p5
[2021-12-08 23:41:27,323:58] top3
