[2021-12-08 23:41:27,325:16] top1
[2021-12-08 23:41:27,325:36] not p1
[2021-12-08 23:41:27,325:38] top2
[2021-12-08 23:41:27,325:41] p3
[2021-12-08 23:41:27,325:43] p1
[2021-12-08 23:41:27,325:45] p1 and p2
[2021-12-08 23:41:27,325:47] p1 and p2 and p3
[2021-12-08 23:41:27,325:41] p3
[2021-12-08 23:41:27,325:53] not p1
[2021-12-08 23:41:27,325:55] p4
[2021-12-08 23:41:27,325:55] p4
[2021-12-08 23:41:27,326:57] p5
[2021-12-08 23:41:27,326:57] p5
[2021-12-08 23:41:27,326:55] p4
[2021-12-08 23:41:27,326:57] p5
[2021-12-08 23:41:27,326:55] p4
[2021-12-08 23:41:27,326:57] p5
[2021-12-08 23:41:27,326:55] p4
[2021-12-08 23:41:27,326:57] p5
[2021-12-08 23:41:27,326:58] top3
