[2021-12-08 23:41:27,332:16] top1
[2021-12-08 23:41:27,332:18] p1
[2021-12-08 23:41:27,332:34] p1 and not p2
[2021-12-08 23:41:27,333:38] top2
[2021-12-08 23:41:27,333:41] p3
[2021-12-08 23:41:27,333:43] p1
[2021-12-08 23:41:27,333:45] p1 and p2
[2021-12-08 23:41:27,333:49] p1 and p2 and not p3
[2021-12-08 23:41:27,333:55] p4
[2021-12-08 23:41:27,333:41] p3
[2021-12-08 23:41:27,333:53] not p1
[2021-12-08 23:41:27,333:41] p3
[2021-12-08 23:41:27,333:53] not p1
[2021-12-08 23:41:27,333:55] p4
[2021-12-08 23:41:27,333:57] p5
[2021-12-08 23:41:27,333:57] p5
[2021-12-08 23:41:27,333:57] p5
[2021-12-08 23:41:27,333:41] p3
[2021-12-08 23:41:27,333:53] not p1
[2021-12-08 23:41:27,333:55] p4
[2021-12-08 23:41:27,333:58] top3
