[2021-12-08 23:41:27,368:16] top1
[2021-12-08 23:41:27,368:18] p1
[2021-12-08 23:41:27,368:20] p1 and p2
[2021-12-08 23:41:27,368:32] p1 and p2 and not p3
[2021-12-08 23:41:27,368:38] top2
[2021-12-08 23:41:27,368:41] p3
[2021-12-08 23:41:27,369:43] p1
[2021-12-08 23:41:27,369:45] p1 and p2
[2021-12-08 23:41:27,369:47] p1 and p2 and p3
[2021-12-08 23:41:27,369:41] p3
[2021-12-08 23:41:27,369:53] not p1
[2021-12-08 23:41:27,369:41] p3
[2021-12-08 23:41:27,369:43] p1
[2021-12-08 23:41:27,369:45] p1 and p2
[2021-12-08 23:41:27,369:47] p1 and p2 and p3
[2021-12-08 23:41:27,369:55] p4
[2021-12-08 23:41:27,369:57] p5
[2021-12-08 23:41:27,369:57] p5
[2021-12-08 23:41:27,369:57] p5
[2021-12-08 23:41:27,369:57] p5
[2021-12-08 23:41:27,369:57] p5
[2021-12-08 23:41:27,369:57] p5
[2021-12-08 23:41:27,369:58] top3
