[2021-12-08 23:41:27,371:16] top1
[2021-12-08 23:41:27,371:18] p1
[2021-12-08 23:41:27,371:20] p1 and p2
[2021-12-08 23:41:27,371:22] p1 and p2 and p3
[2021-12-08 23:41:27,371:30] p1 and p2 and p3 and not p4
[2021-12-08 23:41:27,371:38] top2
[2021-12-08 23:41:27,371:41] p3
[2021-12-08 23:41:27,371:53] not p1
[2021-12-08 23:41:27,371:55] p4
[2021-12-08 23:41:27,371:57] p5
[2021-12-08 23:41:27,372:57] p5
[2021-12-08 23:41:27,372:41] p3
[2021-12-08 23:41:27,372:43] p1
[2021-12-08 23:41:27,372:51] p1 and not p2
[2021-12-08 23:41:27,372:55] p4
[2021-12-08 23:41:27,372:57] p5
[2021-12-08 23:41:27,372:41] p3
[2021-12-08 23:41:27,372:53] not p1
[2021-12-08 23:41:27,372:55] p4
[2021-12-08 23:41:27,372:57] p5
[2021-12-08 23:41:27,372:57] p5
[2021-12-08 23:41:27,372:41] p3
[2021-12-08 23:41:27,372:53] not p1
[2021-12-08 23:41:27,372:55] p4
[2021-12-08 23:41:27,372:55] p4
[2021-12-08 23:41:27,372:57] p5
[2021-12-08 23:41:27,372:41] p3
[2021-12-08 23:41:27,372:53] not p1
[2021-12-08 23:41:27,372:58] top3
