[2021-12-08 23:41:27,385:16] top1
[2021-12-08 23:41:27,385:18] p1
[2021-12-08 23:41:27,385:20] p1 and p2
[2021-12-08 23:41:27,385:32] p1 and p2 and not p3
[2021-12-08 23:41:27,385:38] top2
[2021-12-08 23:41:27,385:41] p3
[2021-12-08 23:41:27,385:43] p1
[2021-12-08 23:41:27,385:45] p1 and p2
[2021-12-08 23:41:27,385:49] p1 and p2 and not p3
[2021-12-08 23:41:27,385:55] p4
[2021-12-08 23:41:27,385:41] p3
[2021-12-08 23:41:27,385:53] not p1
[2021-12-08 23:41:27,386:55] p4
[2021-12-08 23:41:27,386:57] p5
[2021-12-08 23:41:27,386:55] p4
[2021-12-08 23:41:27,386:55] p4
[2021-12-08 23:41:27,386:41] p3
[2021-12-08 23:41:27,386:43] p1
[2021-12-08 23:41:27,386:51] p1 and not p2
[2021-12-08 23:41:27,386:41] p3
[2021-12-08 23:41:27,386:53] not p1
[2021-12-08 23:41:27,386:55] p4
[2021-12-08 23:41:27,386:57] p5
[2021-12-08 23:41:27,386:55] p4
[2021-12-08 23:41:27,386:57] p5
[2021-12-08 23:41:27,386:57] p5
[2021-12-08 23:41:27,386:57] p5
[2021-12-08 23:41:27,386:41] p3
[2021-12-08 23:41:27,386:53] not p1
[2021-12-08 23:41:27,386:55] p4
[2021-12-08 23:41:27,386:58] top3
