[2021-12-08 23:41:27,407:16] top1
[2021-12-08 23:41:27,407:36] not p1
[2021-12-08 23:41:27,407:38] top2
[2021-12-08 23:41:27,407:41] p3
[2021-12-08 23:41:27,407:53] not p1
[2021-12-08 23:41:27,407:41] p3
[2021-12-08 23:41:27,407:53] not p1
[2021-12-08 23:41:27,407:55] p4
[2021-12-08 23:41:27,408:57] p5
[2021-12-08 23:41:27,408:41] p3
[2021-12-08 23:41:27,408:43] p1
[2021-12-08 23:41:27,408:51] p1 and not p2
[2021-12-08 23:41:27,408:41] p3
[2021-12-08 23:41:27,408:53] not p1
[2021-12-08 23:41:27,408:55] p4
[2021-12-08 23:41:27,408:57] p5
[2021-12-08 23:41:27,408:41] p3
[2021-12-08 23:41:27,408:53] not p1
[2021-12-08 23:41:27,408:55] p4
[2021-12-08 23:41:27,408:41] p3
[2021-12-08 23:41:27,408:43] p1
[2021-12-08 23:41:27,408:45] p1 and p2
[2021-12-08 23:41:27,408:47] p1 and p2 and p3
[2021-12-08 23:41:27,408:55] p4
[2021-12-08 23:41:27,408:57] p5
[2021-12-08 23:41:27,408:41] p3
[2021-12-08 23:41:27,409:43] p1
[2021-12-08 23:41:27,409:51] p1 and not p2
[2021-12-08 23:41:27,409:58] top3
