[2021-12-08 23:41:19,657:16] top1
[2021-12-08 23:41:19,657:18] p1
[2021-12-08 23:41:19,657:20] p1 and p2
[2021-12-08 23:41:19,657:22] p1 and p2 and p3
[2021-12-08 23:41:19,658:30] p1 and p2 and p3 and not p4
[2021-12-08 23:41:19,658:38] top2
[2021-12-08 23:41:19,658:41] p3
[2021-12-08 23:41:19,658:53] not p1
[2021-12-08 23:41:19,658:41] p3
[2021-12-08 23:41:19,658:43] p1
[2021-12-08 23:41:19,658:51] p1 and not p2
[2021-12-08 23:41:19,658:41] p3
[2021-12-08 23:41:19,658:53] not p1
[2021-12-08 23:41:19,658:55] p4
[2021-12-08 23:41:19,658:41] p3
[2021-12-08 23:41:19,658:43] p1
[2021-12-08 23:41:19,658:51] p1 and not p2
[2021-12-08 23:41:19,658:41] p3
[2021-12-08 23:41:19,658:53] not p1
[2021-12-08 23:41:19,658:55] p4
[2021-12-08 23:41:19,658:57] p5
[2021-12-08 23:41:19,659:57] p5
[2021-12-08 23:41:19,659:57] p5
[2021-12-08 23:41:19,659:55] p4
[2021-12-08 23:41:19,659:55] p4
[2021-12-08 23:41:19,659:57] p5
[2021-12-08 23:41:19,659:41] p3
[2021-12-08 23:41:19,659:43] p1
[2021-12-08 23:41:19,659:51] p1 and not p2
[2021-12-08 23:41:19,659:55] p4
[2021-12-08 23:41:19,659:57] p5
[2021-12-08 23:41:19,659:57] p5
[2021-12-08 23:41:19,659:57] p5
[2021-12-08 23:41:19,659:58] top3
