[2021-12-08 23:41:27,431:16] top1
[2021-12-08 23:41:27,431:18] p1
[2021-12-08 23:41:27,431:20] p1 and p2
[2021-12-08 23:41:27,431:22] p1 and p2 and p3
[2021-12-08 23:41:27,431:24] p1 and p2 and p3 and p4
[2021-12-08 23:41:27,431:28] p1 and p2 and p3 and p4 and not p5
[2021-12-08 23:41:27,431:38] top2
[2021-12-08 23:41:27,431:41] p3
[2021-12-08 23:41:27,431:43] p1
[2021-12-08 23:41:27,431:45] p1 and p2
[2021-12-08 23:41:27,432:49] p1 and p2 and not p3
[2021-12-08 23:41:27,432:55] p4
[2021-12-08 23:41:27,432:57] p5
[2021-12-08 23:41:27,432:57] p5
[2021-12-08 23:41:27,432:55] p4
[2021-12-08 23:41:27,432:41] p3
[2021-12-08 23:41:27,432:43] p1
[2021-12-08 23:41:27,432:45] p1 and p2
[2021-12-08 23:41:27,433:47] p1 and p2 and p3
[2021-12-08 23:41:27,433:55] p4
[2021-12-08 23:41:27,433:57] p5
[2021-12-08 23:41:27,433:57] p5
[2021-12-08 23:41:27,433:41] p3
[2021-12-08 23:41:27,433:53] not p1
[2021-12-08 23:41:27,433:55] p4
[2021-12-08 23:41:27,433:57] p5
[2021-12-08 23:41:27,433:55] p4
[2021-12-08 23:41:27,433:41] p3
[2021-12-08 23:41:27,433:53] not p1
[2021-12-08 23:41:27,433:55] p4
[2021-12-08 23:41:27,433:57] p5
[2021-12-08 23:41:27,434:57] p5
[2021-12-08 23:41:27,434:57] p5
[2021-12-08 23:41:27,434:57] p5
[2021-12-08 23:41:27,434:57] p5
[2021-12-08 23:41:27,434:58] top3
