[2021-12-08 23:41:27,464:16] top1
[2021-12-08 23:41:27,464:36] not p1
[2021-12-08 23:41:27,464:38] top2
[2021-12-08 23:41:27,464:41] p3
[2021-12-08 23:41:27,464:53] not p1
[2021-12-08 23:41:27,464:41] p3
[2021-12-08 23:41:27,464:43] p1
[2021-12-08 23:41:27,464:45] p1 and p2
[2021-12-08 23:41:27,465:49] p1 and p2 and not p3
[2021-12-08 23:41:27,465:55] p4
[2021-12-08 23:41:27,465:57] p5
[2021-12-08 23:41:27,465:55] p4
[2021-12-08 23:41:27,465:57] p5
[2021-12-08 23:41:27,465:41] p3
[2021-12-08 23:41:27,465:43] p1
[2021-12-08 23:41:27,465:45] p1 and p2
[2021-12-08 23:41:27,465:47] p1 and p2 and p3
[2021-12-08 23:41:27,465:41] p3
[2021-12-08 23:41:27,465:53] not p1
[2021-12-08 23:41:27,465:58] top3
