[2021-12-08 23:41:19,660:16] top1
[2021-12-08 23:41:19,660:18] p1
[2021-12-08 23:41:19,660:20] p1 and p2
[2021-12-08 23:41:19,660:32] p1 and p2 and not p3
[2021-12-08 23:41:19,660:38] top2
[2021-12-08 23:41:19,660:41] p3
[2021-12-08 23:41:19,660:53] not p1
[2021-12-08 23:41:19,660:55] p4
[2021-12-08 23:41:19,660:41] p3
[2021-12-08 23:41:19,660:53] not p1
[2021-12-08 23:41:19,660:55] p4
[2021-12-08 23:41:19,660:55] p4
[2021-12-08 23:41:19,661:57] p5
[2021-12-08 23:41:19,661:57] p5
[2021-12-08 23:41:19,661:57] p5
[2021-12-08 23:41:19,661:55] p4
[2021-12-08 23:41:19,661:55] p4
[2021-12-08 23:41:19,661:41] p3
[2021-12-08 23:41:19,661:43] p1
[2021-12-08 23:41:19,661:51] p1 and not p2
[2021-12-08 23:41:19,661:55] p4
[2021-12-08 23:41:19,661:57] p5
[2021-12-08 23:41:19,661:58] top3
