[2021-12-08 23:41:27,479:16] top1
[2021-12-08 23:41:27,479:18] p1
[2021-12-08 23:41:27,479:20] p1 and p2
[2021-12-08 23:41:27,479:22] p1 and p2 and p3
[2021-12-08 23:41:27,479:30] p1 and p2 and p3 and not p4
[2021-12-08 23:41:27,479:38] top2
[2021-12-08 23:41:27,479:41] p3
[2021-12-08 23:41:27,479:53] not p1
[2021-12-08 23:41:27,479:41] p3
[2021-12-08 23:41:27,479:53] not p1
[2021-12-08 23:41:27,479:41] p3
[2021-12-08 23:41:27,479:53] not p1
[2021-12-08 23:41:27,479:55] p4
[2021-12-08 23:41:27,479:41] p3
[2021-12-08 23:41:27,479:43] p1
[2021-12-08 23:41:27,479:51] p1 and not p2
[2021-12-08 23:41:27,479:55] p4
[2021-12-08 23:41:27,479:41] p3
[2021-12-08 23:41:27,479:53] not p1
[2021-12-08 23:41:27,480:55] p4
[2021-12-08 23:41:27,480:57] p5
[2021-12-08 23:41:27,480:58] top3
