[2021-12-08 23:41:27,502:16] top1
[2021-12-08 23:41:27,502:36] not p1
[2021-12-08 23:41:27,502:38] top2
[2021-12-08 23:41:27,503:41] p3
[2021-12-08 23:41:27,503:43] p1
[2021-12-08 23:41:27,503:45] p1 and p2
[2021-12-08 23:41:27,503:49] p1 and p2 and not p3
[2021-12-08 23:41:27,503:55] p4
[2021-12-08 23:41:27,503:57] p5
[2021-12-08 23:41:27,503:41] p3
[2021-12-08 23:41:27,503:43] p1
[2021-12-08 23:41:27,503:45] p1 and p2
[2021-12-08 23:41:27,503:49] p1 and p2 and not p3
[2021-12-08 23:41:27,503:41] p3
[2021-12-08 23:41:27,503:53] not p1
[2021-12-08 23:41:27,503:55] p4
[2021-12-08 23:41:27,503:57] p5
[2021-12-08 23:41:27,503:57] p5
[2021-12-08 23:41:27,503:57] p5
[2021-12-08 23:41:27,503:57] p5
[2021-12-08 23:41:27,503:55] p4
[2021-12-08 23:41:27,503:55] p4
[2021-12-08 23:41:27,503:55] p4
[2021-12-08 23:41:27,503:57] p5
[2021-12-08 23:41:27,503:57] p5
[2021-12-08 23:41:27,503:57] p5
[2021-12-08 23:41:27,503:57] p5
[2021-12-08 23:41:27,503:57] p5
[2021-12-08 23:41:27,503:58] top3
