[2021-12-08 23:41:27,508:16] top1
[2021-12-08 23:41:27,508:36] not p1
[2021-12-08 23:41:27,508:38] top2
[2021-12-08 23:41:27,508:41] p3
[2021-12-08 23:41:27,508:53] not p1
[2021-12-08 23:41:27,508:41] p3
[2021-12-08 23:41:27,508:43] p1
[2021-12-08 23:41:27,508:45] p1 and p2
[2021-12-08 23:41:27,508:49] p1 and p2 and not p3
[2021-12-08 23:41:27,508:41] p3
[2021-12-08 23:41:27,508:53] not p1
[2021-12-08 23:41:27,508:55] p4
[2021-12-08 23:41:27,508:57] p5
[2021-12-08 23:41:27,508:57] p5
[2021-12-08 23:41:27,508:57] p5
[2021-12-08 23:41:27,508:55] p4
[2021-12-08 23:41:27,508:57] p5
[2021-12-08 23:41:27,508:55] p4
[2021-12-08 23:41:27,508:57] p5
[2021-12-08 23:41:27,508:57] p5
[2021-12-08 23:41:27,508:41] p3
[2021-12-08 23:41:27,508:53] not p1
[2021-12-08 23:41:27,509:41] p3
[2021-12-08 23:41:27,509:43] p1
[2021-12-08 23:41:27,509:51] p1 and not p2
[2021-12-08 23:41:27,509:41] p3
[2021-12-08 23:41:27,509:43] p1
[2021-12-08 23:41:27,509:45] p1 and p2
[2021-12-08 23:41:27,509:49] p1 and p2 and not p3
[2021-12-08 23:41:27,509:41] p3
[2021-12-08 23:41:27,509:43] p1
[2021-12-08 23:41:27,509:45] p1 and p2
[2021-12-08 23:41:27,509:47] p1 and p2 and p3
[2021-12-08 23:41:27,509:41] p3
[2021-12-08 23:41:27,509:53] not p1
[2021-12-08 23:41:27,509:55] p4
[2021-12-08 23:41:27,509:58] top3
