[2021-12-08 23:41:27,509:16] top1
[2021-12-08 23:41:27,509:18] p1
[2021-12-08 23:41:27,509:20] p1 and p2
[2021-12-08 23:41:27,509:22] p1 and p2 and p3
[2021-12-08 23:41:27,509:24] p1 and p2 and p3 and p4
[2021-12-08 23:41:27,509:26] p1 and p2 and p3 and p4 and p5
[2021-12-08 23:41:27,510:38] top2
[2021-12-08 23:41:27,510:41] p3
[2021-12-08 23:41:27,510:53] not p1
[2021-12-08 23:41:27,510:55] p4
[2021-12-08 23:41:27,510:57] p5
[2021-12-08 23:41:27,510:57] p5
[2021-12-08 23:41:27,510:57] p5
[2021-12-08 23:41:27,510:41] p3
[2021-12-08 23:41:27,510:53] not p1
[2021-12-08 23:41:27,510:41] p3
[2021-12-08 23:41:27,510:43] p1
[2021-12-08 23:41:27,510:51] p1 and not p2
[2021-12-08 23:41:27,510:41] p3
[2021-12-08 23:41:27,510:43] p1
[2021-12-08 23:41:27,510:45] p1 and p2
[2021-12-08 23:41:27,510:47] p1 and p2 and p3
[2021-12-08 23:41:27,510:55] p4
[2021-12-08 23:41:27,510:55] p4
[2021-12-08 23:41:27,510:57] p5
[2021-12-08 23:41:27,510:41] p3
[2021-12-08 23:41:27,510:43] p1
[2021-12-08 23:41:27,510:51] p1 and not p2
[2021-12-08 23:41:27,510:55] p4
[2021-12-08 23:41:27,510:55] p4
[2021-12-08 23:41:27,510:57] p5
[2021-12-08 23:41:27,510:57] p5
[2021-12-08 23:41:27,510:55] p4
[2021-12-08 23:41:27,511:57] p5
[2021-12-08 23:41:27,511:57] p5
[2021-12-08 23:41:27,511:57] p5
[2021-12-08 23:41:27,511:55] p4
[2021-12-08 23:41:27,511:57] p5
[2021-12-08 23:41:27,511:55] p4
[2021-12-08 23:41:27,511:57] p5
[2021-12-08 23:41:27,511:57] p5
[2021-12-08 23:41:27,511:57] p5
[2021-12-08 23:41:27,511:57] p5
[2021-12-08 23:41:27,511:57] p5
[2021-12-08 23:41:27,511:41] p3
[2021-12-08 23:41:27,511:43] p1
[2021-12-08 23:41:27,511:51] p1 and not p2
[2021-12-08 23:41:27,511:41] p3
[2021-12-08 23:41:27,511:43] p1
[2021-12-08 23:41:27,511:51] p1 and not p2
[2021-12-08 23:41:27,511:41] p3
[2021-12-08 23:41:27,511:53] not p1
[2021-12-08 23:41:27,511:58] top3
