[2021-12-08 23:41:27,525:16] top1
[2021-12-08 23:41:27,525:18] p1
[2021-12-08 23:41:27,525:34] p1 and not p2
[2021-12-08 23:41:27,525:38] top2
[2021-12-08 23:41:27,525:41] p3
[2021-12-08 23:41:27,525:43] p1
[2021-12-08 23:41:27,525:45] p1 and p2
[2021-12-08 23:41:27,525:47] p1 and p2 and p3
[2021-12-08 23:41:27,525:55] p4
[2021-12-08 23:41:27,525:57] p5
[2021-12-08 23:41:27,525:41] p3
[2021-12-08 23:41:27,525:43] p1
[2021-12-08 23:41:27,525:51] p1 and not p2
[2021-12-08 23:41:27,525:55] p4
[2021-12-08 23:41:27,526:55] p4
[2021-12-08 23:41:27,526:57] p5
[2021-12-08 23:41:27,526:57] p5
[2021-12-08 23:41:27,526:57] p5
[2021-12-08 23:41:27,526:57] p5
[2021-12-08 23:41:27,526:58] top3
