[2021-12-08 23:41:27,535:16] top1
[2021-12-08 23:41:27,535:18] p1
[2021-12-08 23:41:27,535:34] p1 and not p2
[2021-12-08 23:41:27,535:38] top2
[2021-12-08 23:41:27,535:41] p3
[2021-12-08 23:41:27,535:43] p1
[2021-12-08 23:41:27,535:45] p1 and p2
[2021-12-08 23:41:27,535:49] p1 and p2 and not p3
[2021-12-08 23:41:27,535:41] p3
[2021-12-08 23:41:27,535:53] not p1
[2021-12-08 23:41:27,535:55] p4
[2021-12-08 23:41:27,535:57] p5
[2021-12-08 23:41:27,535:57] p5
[2021-12-08 23:41:27,535:57] p5
[2021-12-08 23:41:27,535:55] p4
[2021-12-08 23:41:27,535:55] p4
[2021-12-08 23:41:27,535:57] p5
[2021-12-08 23:41:27,535:57] p5
[2021-12-08 23:41:27,535:41] p3
[2021-12-08 23:41:27,536:53] not p1
[2021-12-08 23:41:27,536:58] top3
