[2021-12-08 23:41:27,546:16] top1
[2021-12-08 23:41:27,546:36] not p1
[2021-12-08 23:41:27,546:38] top2
[2021-12-08 23:41:27,546:41] p3
[2021-12-08 23:41:27,546:53] not p1
[2021-12-08 23:41:27,546:41] p3
[2021-12-08 23:41:27,546:53] not p1
[2021-12-08 23:41:27,546:55] p4
[2021-12-08 23:41:27,546:57] p5
[2021-12-08 23:41:27,546:41] p3
[2021-12-08 23:41:27,546:53] not p1
[2021-12-08 23:41:27,546:41] p3
[2021-12-08 23:41:27,546:43] p1
[2021-12-08 23:41:27,546:45] p1 and p2
[2021-12-08 23:41:27,546:47] p1 and p2 and p3
[2021-12-08 23:41:27,546:55] p4
[2021-12-08 23:41:27,546:57] p5
[2021-12-08 23:41:27,546:41] p3
[2021-12-08 23:41:27,546:53] not p1
[2021-12-08 23:41:27,546:55] p4
[2021-12-08 23:41:27,546:57] p5
[2021-12-08 23:41:27,546:41] p3
[2021-12-08 23:41:27,547:43] p1
[2021-12-08 23:41:27,547:51] p1 and not p2
[2021-12-08 23:41:27,547:41] p3
[2021-12-08 23:41:27,547:43] p1
[2021-12-08 23:41:27,547:51] p1 and not p2
[2021-12-08 23:41:27,547:58] top3
