[2021-12-08 23:41:27,566:16] top1
[2021-12-08 23:41:27,566:36] not p1
[2021-12-08 23:41:27,566:38] top2
[2021-12-08 23:41:27,566:41] p3
[2021-12-08 23:41:27,566:43] p1
[2021-12-08 23:41:27,566:45] p1 and p2
[2021-12-08 23:41:27,566:47] p1 and p2 and p3
[2021-12-08 23:41:27,566:55] p4
[2021-12-08 23:41:27,566:57] p5
[2021-12-08 23:41:27,566:55] p4
[2021-12-08 23:41:27,566:57] p5
[2021-12-08 23:41:27,566:41] p3
[2021-12-08 23:41:27,566:43] p1
[2021-12-08 23:41:27,566:45] p1 and p2
[2021-12-08 23:41:27,566:47] p1 and p2 and p3
[2021-12-08 23:41:27,566:41] p3
[2021-12-08 23:41:27,566:53] not p1
[2021-12-08 23:41:27,566:55] p4
[2021-12-08 23:41:27,566:41] p3
[2021-12-08 23:41:27,566:53] not p1
[2021-12-08 23:41:27,566:55] p4
[2021-12-08 23:41:27,567:58] top3
