[2021-12-08 23:41:27,576:16] top1
[2021-12-08 23:41:27,576:36] not p1
[2021-12-08 23:41:27,576:38] top2
[2021-12-08 23:41:27,576:41] p3
[2021-12-08 23:41:27,576:43] p1
[2021-12-08 23:41:27,576:51] p1 and not p2
[2021-12-08 23:41:27,576:55] p4
[2021-12-08 23:41:27,577:55] p4
[2021-12-08 23:41:27,577:57] p5
[2021-12-08 23:41:27,577:57] p5
[2021-12-08 23:41:27,577:57] p5
[2021-12-08 23:41:27,577:57] p5
[2021-12-08 23:41:27,577:41] p3
[2021-12-08 23:41:27,577:43] p1
[2021-12-08 23:41:27,577:45] p1 and p2
[2021-12-08 23:41:27,577:49] p1 and p2 and not p3
[2021-12-08 23:41:27,577:41] p3
[2021-12-08 23:41:27,577:53] not p1
[2021-12-08 23:41:27,577:41] p3
[2021-12-08 23:41:27,577:43] p1
[2021-12-08 23:41:27,577:45] p1 and p2
[2021-12-08 23:41:27,577:47] p1 and p2 and p3
[2021-12-08 23:41:27,577:58] top3
