[2021-12-08 23:41:27,597:16] top1
[2021-12-08 23:41:27,597:18] p1
[2021-12-08 23:41:27,597:20] p1 and p2
[2021-12-08 23:41:27,597:32] p1 and p2 and not p3
[2021-12-08 23:41:27,597:38] top2
[2021-12-08 23:41:27,597:41] p3
[2021-12-08 23:41:27,597:53] not p1
[2021-12-08 23:41:27,597:41] p3
[2021-12-08 23:41:27,598:43] p1
[2021-12-08 23:41:27,598:45] p1 and p2
[2021-12-08 23:41:27,598:49] p1 and p2 and not p3
[2021-12-08 23:41:27,598:55] p4
[2021-12-08 23:41:27,598:55] p4
[2021-12-08 23:41:27,598:57] p5
[2021-12-08 23:41:27,598:57] p5
[2021-12-08 23:41:27,598:41] p3
[2021-12-08 23:41:27,598:43] p1
[2021-12-08 23:41:27,598:51] p1 and not p2
[2021-12-08 23:41:27,598:41] p3
[2021-12-08 23:41:27,598:43] p1
[2021-12-08 23:41:27,598:45] p1 and p2
[2021-12-08 23:41:27,598:49] p1 and p2 and not p3
[2021-12-08 23:41:27,598:58] top3
