[2021-12-08 23:41:27,603:16] top1
[2021-12-08 23:41:27,603:36] not p1
[2021-12-08 23:41:27,603:38] top2
[2021-12-08 23:41:27,603:41] p3
[2021-12-08 23:41:27,603:53] not p1
[2021-12-08 23:41:27,603:41] p3
[2021-12-08 23:41:27,603:43] p1
[2021-12-08 23:41:27,603:51] p1 and not p2
[2021-12-08 23:41:27,603:55] p4
[2021-12-08 23:41:27,603:57] p5
[2021-12-08 23:41:27,603:55] p4
[2021-12-08 23:41:27,604:55] p4
[2021-12-08 23:41:27,604:55] p4
[2021-12-08 23:41:27,604:57] p5
[2021-12-08 23:41:27,604:41] p3
[2021-12-08 23:41:27,604:43] p1
[2021-12-08 23:41:27,604:45] p1 and p2
[2021-12-08 23:41:27,604:47] p1 and p2 and p3
[2021-12-08 23:41:27,604:55] p4
[2021-12-08 23:41:27,604:57] p5
[2021-12-08 23:41:27,604:55] p4
[2021-12-08 23:41:27,604:57] p5
[2021-12-08 23:41:27,604:57] p5
[2021-12-08 23:41:27,604:58] top3
