[2021-12-08 23:41:27,608:16] top1
[2021-12-08 23:41:27,608:18] p1
[2021-12-08 23:41:27,608:34] p1 and not p2
[2021-12-08 23:41:27,608:38] top2
[2021-12-08 23:41:27,608:41] p3
[2021-12-08 23:41:27,608:43] p1
[2021-12-08 23:41:27,608:51] p1 and not p2
[2021-12-08 23:41:27,608:55] p4
[2021-12-08 23:41:27,608:57] p5
[2021-12-08 23:41:27,608:55] p4
[2021-12-08 23:41:27,608:55] p4
[2021-12-08 23:41:27,608:57] p5
[2021-12-08 23:41:27,608:57] p5
[2021-12-08 23:41:27,609:57] p5
[2021-12-08 23:41:27,609:55] p4
[2021-12-08 23:41:27,609:57] p5
[2021-12-08 23:41:27,609:57] p5
[2021-12-08 23:41:27,609:41] p3
[2021-12-08 23:41:27,609:43] p1
[2021-12-08 23:41:27,609:45] p1 and p2
[2021-12-08 23:41:27,609:47] p1 and p2 and p3
[2021-12-08 23:41:27,609:55] p4
[2021-12-08 23:41:27,609:58] top3
