[2021-12-08 23:41:27,632:16] top1
[2021-12-08 23:41:27,632:18] p1
[2021-12-08 23:41:27,632:20] p1 and p2
[2021-12-08 23:41:27,633:32] p1 and p2 and not p3
[2021-12-08 23:41:27,633:38] top2
[2021-12-08 23:41:27,633:41] p3
[2021-12-08 23:41:27,633:43] p1
[2021-12-08 23:41:27,633:45] p1 and p2
[2021-12-08 23:41:27,633:47] p1 and p2 and p3
[2021-12-08 23:41:27,633:41] p3
[2021-12-08 23:41:27,633:43] p1
[2021-12-08 23:41:27,633:51] p1 and not p2
[2021-12-08 23:41:27,633:55] p4
[2021-12-08 23:41:27,633:57] p5
[2021-12-08 23:41:27,633:57] p5
[2021-12-08 23:41:27,633:57] p5
[2021-12-08 23:41:27,633:55] p4
[2021-12-08 23:41:27,633:41] p3
[2021-12-08 23:41:27,633:53] not p1
[2021-12-08 23:41:27,633:58] top3
