[2021-12-08 23:41:27,648:16] top1
[2021-12-08 23:41:27,648:36] not p1
[2021-12-08 23:41:27,648:38] top2
[2021-12-08 23:41:27,648:41] p3
[2021-12-08 23:41:27,648:43] p1
[2021-12-08 23:41:27,648:45] p1 and p2
[2021-12-08 23:41:27,648:47] p1 and p2 and p3
[2021-12-08 23:41:27,648:55] p4
[2021-12-08 23:41:27,648:57] p5
[2021-12-08 23:41:27,648:55] p4
[2021-12-08 23:41:27,648:55] p4
[2021-12-08 23:41:27,648:57] p5
[2021-12-08 23:41:27,648:57] p5
[2021-12-08 23:41:27,648:57] p5
[2021-12-08 23:41:27,649:55] p4
[2021-12-08 23:41:27,649:55] p4
[2021-12-08 23:41:27,649:55] p4
[2021-12-08 23:41:27,649:57] p5
[2021-12-08 23:41:27,649:41] p3
[2021-12-08 23:41:27,649:53] not p1
[2021-12-08 23:41:27,649:55] p4
[2021-12-08 23:41:27,649:57] p5
[2021-12-08 23:41:27,649:57] p5
[2021-12-08 23:41:27,649:55] p4
[2021-12-08 23:41:27,649:57] p5
[2021-12-08 23:41:27,649:57] p5
[2021-12-08 23:41:27,649:58] top3
