[2021-12-08 23:41:27,656:16] top1
[2021-12-08 23:41:27,657:18] p1
[2021-12-08 23:41:27,657:20] p1 and p2
[2021-12-08 23:41:27,657:22] p1 and p2 and p3
[2021-12-08 23:41:27,657:30] p1 and p2 and p3 and not p4
[2021-12-08 23:41:27,657:38] top2
[2021-12-08 23:41:27,657:41] p3
[2021-12-08 23:41:27,657:53] not p1
[2021-12-08 23:41:27,657:55] p4
[2021-12-08 23:41:27,657:41] p3
[2021-12-08 23:41:27,657:43] p1
[2021-12-08 23:41:27,657:45] p1 and p2
[2021-12-08 23:41:27,657:47] p1 and p2 and p3
[2021-12-08 23:41:27,657:55] p4
[2021-12-08 23:41:27,657:57] p5
[2021-12-08 23:41:27,657:57] p5
[2021-12-08 23:41:27,657:57] p5
[2021-12-08 23:41:27,657:57] p5
[2021-12-08 23:41:27,657:55] p4
[2021-12-08 23:41:27,658:41] p3
[2021-12-08 23:41:27,658:43] p1
[2021-12-08 23:41:27,658:45] p1 and p2
[2021-12-08 23:41:27,658:49] p1 and p2 and not p3
[2021-12-08 23:41:27,658:55] p4
[2021-12-08 23:41:27,658:55] p4
[2021-12-08 23:41:27,658:55] p4
[2021-12-08 23:41:27,658:57] p5
[2021-12-08 23:41:27,658:57] p5
[2021-12-08 23:41:27,658:55] p4
[2021-12-08 23:41:27,658:57] p5
[2021-12-08 23:41:27,658:57] p5
[2021-12-08 23:41:27,658:58] top3
