[2021-12-08 23:41:27,662:16] top1
[2021-12-08 23:41:27,662:36] not p1
[2021-12-08 23:41:27,662:38] top2
[2021-12-08 23:41:27,662:41] p3
[2021-12-08 23:41:27,663:43] p1
[2021-12-08 23:41:27,663:45] p1 and p2
[2021-12-08 23:41:27,663:47] p1 and p2 and p3
[2021-12-08 23:41:27,663:55] p4
[2021-12-08 23:41:27,663:57] p5
[2021-12-08 23:41:27,663:55] p4
[2021-12-08 23:41:27,663:57] p5
[2021-12-08 23:41:27,663:57] p5
[2021-12-08 23:41:27,663:41] p3
[2021-12-08 23:41:27,663:53] not p1
[2021-12-08 23:41:27,663:55] p4
[2021-12-08 23:41:27,663:57] p5
[2021-12-08 23:41:27,663:57] p5
[2021-12-08 23:41:27,663:57] p5
[2021-12-08 23:41:27,663:55] p4
[2021-12-08 23:41:27,663:57] p5
[2021-12-08 23:41:27,663:57] p5
[2021-12-08 23:41:27,663:41] p3
[2021-12-08 23:41:27,663:53] not p1
[2021-12-08 23:41:27,663:41] p3
[2021-12-08 23:41:27,663:43] p1
[2021-12-08 23:41:27,663:45] p1 and p2
[2021-12-08 23:41:27,664:47] p1 and p2 and p3
[2021-12-08 23:41:27,664:55] p4
[2021-12-08 23:41:27,664:41] p3
[2021-12-08 23:41:27,664:53] not p1
[2021-12-08 23:41:27,664:41] p3
[2021-12-08 23:41:27,664:43] p1
[2021-12-08 23:41:27,664:45] p1 and p2
[2021-12-08 23:41:27,664:49] p1 and p2 and not p3
[2021-12-08 23:41:27,664:58] top3
