[2021-12-08 23:41:27,667:16] top1
[2021-12-08 23:41:27,667:18] p1
[2021-12-08 23:41:27,667:34] p1 and not p2
[2021-12-08 23:41:27,667:38] top2
[2021-12-08 23:41:27,668:41] p3
[2021-12-08 23:41:27,668:43] p1
[2021-12-08 23:41:27,668:45] p1 and p2
[2021-12-08 23:41:27,668:47] p1 and p2 and p3
[2021-12-08 23:41:27,668:41] p3
[2021-12-08 23:41:27,668:43] p1
[2021-12-08 23:41:27,668:45] p1 and p2
[2021-12-08 23:41:27,668:47] p1 and p2 and p3
[2021-12-08 23:41:27,668:41] p3
[2021-12-08 23:41:27,668:43] p1
[2021-12-08 23:41:27,668:45] p1 and p2
[2021-12-08 23:41:27,668:47] p1 and p2 and p3
[2021-12-08 23:41:27,668:41] p3
[2021-12-08 23:41:27,668:53] not p1
[2021-12-08 23:41:27,668:55] p4
[2021-12-08 23:41:27,668:57] p5
[2021-12-08 23:41:27,668:57] p5
[2021-12-08 23:41:27,668:57] p5
[2021-12-08 23:41:27,668:57] p5
[2021-12-08 23:41:27,669:55] p4
[2021-12-08 23:41:27,669:57] p5
[2021-12-08 23:41:27,669:41] p3
[2021-12-08 23:41:27,669:53] not p1
[2021-12-08 23:41:27,669:55] p4
[2021-12-08 23:41:27,669:55] p4
[2021-12-08 23:41:27,669:58] top3
