[2021-12-08 23:41:27,674:16] top1
[2021-12-08 23:41:27,674:18] p1
[2021-12-08 23:41:27,674:34] p1 and not p2
[2021-12-08 23:41:27,674:38] top2
[2021-12-08 23:41:27,674:41] p3
[2021-12-08 23:41:27,674:43] p1
[2021-12-08 23:41:27,675:45] p1 and p2
[2021-12-08 23:41:27,675:47] p1 and p2 and p3
[2021-12-08 23:41:27,675:55] p4
[2021-12-08 23:41:27,675:55] p4
[2021-12-08 23:41:27,675:57] p5
[2021-12-08 23:41:27,675:57] p5
[2021-12-08 23:41:27,675:41] p3
[2021-12-08 23:41:27,675:53] not p1
[2021-12-08 23:41:27,675:55] p4
[2021-12-08 23:41:27,675:57] p5
[2021-12-08 23:41:27,675:41] p3
[2021-12-08 23:41:27,675:53] not p1
[2021-12-08 23:41:27,675:41] p3
[2021-12-08 23:41:27,675:43] p1
[2021-12-08 23:41:27,675:45] p1 and p2
[2021-12-08 23:41:27,675:47] p1 and p2 and p3
[2021-12-08 23:41:27,675:58] top3
