[2021-12-08 23:41:19,683:16] top1
[2021-12-08 23:41:19,683:18] p1
[2021-12-08 23:41:19,683:20] p1 and p2
[2021-12-08 23:41:19,683:22] p1 and p2 and p3
[2021-12-08 23:41:19,683:30] p1 and p2 and p3 and not p4
[2021-12-08 23:41:19,683:38] top2
[2021-12-08 23:41:19,683:41] p3
[2021-12-08 23:41:19,683:53] not p1
[2021-12-08 23:41:19,683:55] p4
[2021-12-08 23:41:19,683:57] p5
[2021-12-08 23:41:19,683:57] p5
[2021-12-08 23:41:19,683:55] p4
[2021-12-08 23:41:19,683:57] p5
[2021-12-08 23:41:19,683:57] p5
[2021-12-08 23:41:19,683:41] p3
[2021-12-08 23:41:19,683:53] not p1
[2021-12-08 23:41:19,683:41] p3
[2021-12-08 23:41:19,683:53] not p1
[2021-12-08 23:41:19,683:41] p3
[2021-12-08 23:41:19,683:53] not p1
[2021-12-08 23:41:19,684:41] p3
[2021-12-08 23:41:19,684:53] not p1
[2021-12-08 23:41:19,684:55] p4
[2021-12-08 23:41:19,684:58] top3
