[2021-12-08 23:41:27,774:16] top1
[2021-12-08 23:41:27,774:18] p1
[2021-12-08 23:41:27,774:34] p1 and not p2
[2021-12-08 23:41:27,774:38] top2
[2021-12-08 23:41:27,774:41] p3
[2021-12-08 23:41:27,774:43] p1
[2021-12-08 23:41:27,774:51] p1 and not p2
[2021-12-08 23:41:27,774:55] p4
[2021-12-08 23:41:27,774:57] p5
[2021-12-08 23:41:27,774:55] p4
[2021-12-08 23:41:27,775:57] p5
[2021-12-08 23:41:27,775:57] p5
[2021-12-08 23:41:27,775:55] p4
[2021-12-08 23:41:27,775:55] p4
[2021-12-08 23:41:27,775:57] p5
[2021-12-08 23:41:27,775:41] p3
[2021-12-08 23:41:27,776:43] p1
[2021-12-08 23:41:27,776:45] p1 and p2
[2021-12-08 23:41:27,776:47] p1 and p2 and p3
[2021-12-08 23:41:27,776:55] p4
[2021-12-08 23:41:27,776:58] top3
