[2021-12-08 23:41:27,789:16] top1
[2021-12-08 23:41:27,789:36] not p1
[2021-12-08 23:41:27,789:38] top2
[2021-12-08 23:41:27,789:41] p3
[2021-12-08 23:41:27,789:53] not p1
[2021-12-08 23:41:27,789:55] p4
[2021-12-08 23:41:27,789:57] p5
[2021-12-08 23:41:27,789:57] p5
[2021-12-08 23:41:27,789:55] p4
[2021-12-08 23:41:27,790:55] p4
[2021-12-08 23:41:27,790:55] p4
[2021-12-08 23:41:27,790:57] p5
[2021-12-08 23:41:27,790:41] p3
[2021-12-08 23:41:27,790:53] not p1
[2021-12-08 23:41:27,790:55] p4
[2021-12-08 23:41:27,790:57] p5
[2021-12-08 23:41:27,790:55] p4
[2021-12-08 23:41:27,790:55] p4
[2021-12-08 23:41:27,790:55] p4
[2021-12-08 23:41:27,790:55] p4
[2021-12-08 23:41:27,790:41] p3
[2021-12-08 23:41:27,790:43] p1
[2021-12-08 23:41:27,791:45] p1 and p2
[2021-12-08 23:41:27,791:49] p1 and p2 and not p3
[2021-12-08 23:41:27,791:58] top3
