[2021-12-08 23:41:27,798:16] top1
[2021-12-08 23:41:27,798:36] not p1
[2021-12-08 23:41:27,798:38] top2
[2021-12-08 23:41:27,798:41] p3
[2021-12-08 23:41:27,798:53] not p1
[2021-12-08 23:41:27,798:55] p4
[2021-12-08 23:41:27,798:57] p5
[2021-12-08 23:41:27,798:57] p5
[2021-12-08 23:41:27,798:57] p5
[2021-12-08 23:41:27,798:41] p3
[2021-12-08 23:41:27,799:53] not p1
[2021-12-08 23:41:27,799:55] p4
[2021-12-08 23:41:27,799:55] p4
[2021-12-08 23:41:27,799:41] p3
[2021-12-08 23:41:27,799:43] p1
[2021-12-08 23:41:27,799:45] p1 and p2
[2021-12-08 23:41:27,799:49] p1 and p2 and not p3
[2021-12-08 23:41:27,799:55] p4
[2021-12-08 23:41:27,799:55] p4
[2021-12-08 23:41:27,800:55] p4
[2021-12-08 23:41:27,800:55] p4
[2021-12-08 23:41:27,800:57] p5
[2021-12-08 23:41:27,800:57] p5
[2021-12-08 23:41:27,800:57] p5
[2021-12-08 23:41:27,801:57] p5
[2021-12-08 23:41:27,802:57] p5
[2021-12-08 23:41:27,802:41] p3
[2021-12-08 23:41:27,802:53] not p1
[2021-12-08 23:41:27,802:55] p4
[2021-12-08 23:41:27,802:55] p4
[2021-12-08 23:41:27,802:57] p5
[2021-12-08 23:41:27,802:57] p5
[2021-12-08 23:41:27,802:57] p5
[2021-12-08 23:41:27,802:57] p5
[2021-12-08 23:41:27,802:41] p3
[2021-12-08 23:41:27,803:43] p1
[2021-12-08 23:41:27,803:45] p1 and p2
[2021-12-08 23:41:27,803:49] p1 and p2 and not p3
[2021-12-08 23:41:27,803:55] p4
[2021-12-08 23:41:27,803:55] p4
[2021-12-08 23:41:27,803:57] p5
[2021-12-08 23:41:27,803:55] p4
[2021-12-08 23:41:27,803:55] p4
[2021-12-08 23:41:27,803:55] p4
[2021-12-08 23:41:27,803:41] p3
[2021-12-08 23:41:27,804:43] p1
[2021-12-08 23:41:27,804:51] p1 and not p2
[2021-12-08 23:41:27,804:41] p3
[2021-12-08 23:41:27,804:43] p1
[2021-12-08 23:41:27,804:51] p1 and not p2
[2021-12-08 23:41:27,805:55] p4
[2021-12-08 23:41:27,805:58] top3
