[2021-12-08 23:41:27,857:16] top1
[2021-12-08 23:41:27,857:18] p1
[2021-12-08 23:41:27,857:20] p1 and p2
[2021-12-08 23:41:27,858:22] p1 and p2 and p3
[2021-12-08 23:41:27,858:24] p1 and p2 and p3 and p4
[2021-12-08 23:41:27,858:26] p1 and p2 and p3 and p4 and p5
[2021-12-08 23:41:27,858:38] top2
[2021-12-08 23:41:27,858:41] p3
[2021-12-08 23:41:27,858:43] p1
[2021-12-08 23:41:27,858:45] p1 and p2
[2021-12-08 23:41:27,858:49] p1 and p2 and not p3
[2021-12-08 23:41:27,858:55] p4
[2021-12-08 23:41:27,858:57] p5
[2021-12-08 23:41:27,858:41] p3
[2021-12-08 23:41:27,858:53] not p1
[2021-12-08 23:41:27,858:55] p4
[2021-12-08 23:41:27,858:41] p3
[2021-12-08 23:41:27,859:43] p1
[2021-12-08 23:41:27,859:51] p1 and not p2
[2021-12-08 23:41:27,859:55] p4
[2021-12-08 23:41:27,859:57] p5
[2021-12-08 23:41:27,859:58] top3
