[2021-12-08 23:41:27,871:16] top1
[2021-12-08 23:41:27,871:18] p1
[2021-12-08 23:41:27,871:20] p1 and p2
[2021-12-08 23:41:27,871:32] p1 and p2 and not p3
[2021-12-08 23:41:27,871:38] top2
[2021-12-08 23:41:27,871:41] p3
[2021-12-08 23:41:27,871:53] not p1
[2021-12-08 23:41:27,871:55] p4
[2021-12-08 23:41:27,871:55] p4
[2021-12-08 23:41:27,871:57] p5
[2021-12-08 23:41:27,872:55] p4
[2021-12-08 23:41:27,872:41] p3
[2021-12-08 23:41:27,872:43] p1
[2021-12-08 23:41:27,872:51] p1 and not p2
[2021-12-08 23:41:27,872:41] p3
[2021-12-08 23:41:27,872:53] not p1
[2021-12-08 23:41:27,872:55] p4
[2021-12-08 23:41:27,872:41] p3
[2021-12-08 23:41:27,872:53] not p1
[2021-12-08 23:41:27,872:55] p4
[2021-12-08 23:41:27,872:41] p3
[2021-12-08 23:41:27,872:53] not p1
[2021-12-08 23:41:27,872:55] p4
[2021-12-08 23:41:27,872:55] p4
[2021-12-08 23:41:27,872:55] p4
[2021-12-08 23:41:27,872:58] top3
