[2021-12-08 23:41:19,691:16] top1
[2021-12-08 23:41:19,692:36] not p1
[2021-12-08 23:41:19,692:38] top2
[2021-12-08 23:41:19,692:41] p3
[2021-12-08 23:41:19,692:43] p1
[2021-12-08 23:41:19,692:51] p1 and not p2
[2021-12-08 23:41:19,692:55] p4
[2021-12-08 23:41:19,692:55] p4
[2021-12-08 23:41:19,692:55] p4
[2021-12-08 23:41:19,692:57] p5
[2021-12-08 23:41:19,692:57] p5
[2021-12-08 23:41:19,692:41] p3
[2021-12-08 23:41:19,692:43] p1
[2021-12-08 23:41:19,692:45] p1 and p2
[2021-12-08 23:41:19,692:49] p1 and p2 and not p3
[2021-12-08 23:41:19,692:41] p3
[2021-12-08 23:41:19,692:53] not p1
[2021-12-08 23:41:19,692:55] p4
[2021-12-08 23:41:19,692:57] p5
[2021-12-08 23:41:19,692:57] p5
[2021-12-08 23:41:19,692:55] p4
[2021-12-08 23:41:19,693:58] top3
