[2021-12-08 23:41:27,883:16] top1
[2021-12-08 23:41:27,883:18] p1
[2021-12-08 23:41:27,883:20] p1 and p2
[2021-12-08 23:41:27,884:32] p1 and p2 and not p3
[2021-12-08 23:41:27,884:38] top2
[2021-12-08 23:41:27,884:41] p3
[2021-12-08 23:41:27,884:43] p1
[2021-12-08 23:41:27,884:45] p1 and p2
[2021-12-08 23:41:27,884:49] p1 and p2 and not p3
[2021-12-08 23:41:27,884:55] p4
[2021-12-08 23:41:27,884:57] p5
[2021-12-08 23:41:27,884:57] p5
[2021-12-08 23:41:27,884:57] p5
[2021-12-08 23:41:27,884:41] p3
[2021-12-08 23:41:27,884:53] not p1
[2021-12-08 23:41:27,885:55] p4
[2021-12-08 23:41:27,885:57] p5
[2021-12-08 23:41:27,885:55] p4
[2021-12-08 23:41:27,885:57] p5
[2021-12-08 23:41:27,885:41] p3
[2021-12-08 23:41:27,885:43] p1
[2021-12-08 23:41:27,885:45] p1 and p2
[2021-12-08 23:41:27,885:49] p1 and p2 and not p3
[2021-12-08 23:41:27,885:41] p3
[2021-12-08 23:41:27,885:53] not p1
[2021-12-08 23:41:27,885:55] p4
[2021-12-08 23:41:27,885:57] p5
[2021-12-08 23:41:27,885:55] p4
[2021-12-08 23:41:27,885:41] p3
[2021-12-08 23:41:27,885:53] not p1
[2021-12-08 23:41:27,885:55] p4
[2021-12-08 23:41:27,885:55] p4
[2021-12-08 23:41:27,885:41] p3
[2021-12-08 23:41:27,885:43] p1
[2021-12-08 23:41:27,886:51] p1 and not p2
[2021-12-08 23:41:27,886:55] p4
[2021-12-08 23:41:27,886:55] p4
[2021-12-08 23:41:27,886:55] p4
[2021-12-08 23:41:27,886:55] p4
[2021-12-08 23:41:27,886:58] top3
