[2021-12-08 23:41:27,934:16] top1
[2021-12-08 23:41:27,934:18] p1
[2021-12-08 23:41:27,934:20] p1 and p2
[2021-12-08 23:41:27,934:32] p1 and p2 and not p3
[2021-12-08 23:41:27,934:38] top2
[2021-12-08 23:41:27,934:41] p3
[2021-12-08 23:41:27,935:53] not p1
[2021-12-08 23:41:27,935:41] p3
[2021-12-08 23:41:27,935:43] p1
[2021-12-08 23:41:27,935:45] p1 and p2
[2021-12-08 23:41:27,935:47] p1 and p2 and p3
[2021-12-08 23:41:27,935:55] p4
[2021-12-08 23:41:27,935:57] p5
[2021-12-08 23:41:27,935:57] p5
[2021-12-08 23:41:27,935:57] p5
[2021-12-08 23:41:27,935:57] p5
[2021-12-08 23:41:27,935:57] p5
[2021-12-08 23:41:27,935:55] p4
[2021-12-08 23:41:27,935:55] p4
[2021-12-08 23:41:27,935:57] p5
[2021-12-08 23:41:27,935:58] top3
