[2021-12-08 23:41:27,937:16] top1
[2021-12-08 23:41:27,937:36] not p1
[2021-12-08 23:41:27,937:38] top2
[2021-12-08 23:41:27,938:41] p3
[2021-12-08 23:41:27,938:43] p1
[2021-12-08 23:41:27,938:45] p1 and p2
[2021-12-08 23:41:27,938:49] p1 and p2 and not p3
[2021-12-08 23:41:27,938:55] p4
[2021-12-08 23:41:27,938:57] p5
[2021-12-08 23:41:27,938:57] p5
[2021-12-08 23:41:27,938:57] p5
[2021-12-08 23:41:27,938:55] p4
[2021-12-08 23:41:27,938:57] p5
[2021-12-08 23:41:27,938:55] p4
[2021-12-08 23:41:27,938:57] p5
[2021-12-08 23:41:27,938:57] p5
[2021-12-08 23:41:27,938:57] p5
[2021-12-08 23:41:27,938:57] p5
[2021-12-08 23:41:27,938:57] p5
[2021-12-08 23:41:27,938:57] p5
[2021-12-08 23:41:27,938:41] p3
[2021-12-08 23:41:27,938:43] p1
[2021-12-08 23:41:27,939:51] p1 and not p2
[2021-12-08 23:41:27,939:55] p4
[2021-12-08 23:41:27,939:57] p5
[2021-12-08 23:41:27,939:57] p5
[2021-12-08 23:41:27,939:57] p5
[2021-12-08 23:41:27,939:41] p3
[2021-12-08 23:41:27,939:43] p1
[2021-12-08 23:41:27,939:45] p1 and p2
[2021-12-08 23:41:27,939:47] p1 and p2 and p3
[2021-12-08 23:41:27,939:55] p4
[2021-12-08 23:41:27,939:41] p3
[2021-12-08 23:41:27,939:43] p1
[2021-12-08 23:41:27,939:51] p1 and not p2
[2021-12-08 23:41:27,939:58] top3
