[2021-12-08 23:41:27,942:16] top1
[2021-12-08 23:41:27,942:18] p1
[2021-12-08 23:41:27,942:20] p1 and p2
[2021-12-08 23:41:27,942:22] p1 and p2 and p3
[2021-12-08 23:41:27,942:24] p1 and p2 and p3 and p4
[2021-12-08 23:41:27,942:28] p1 and p2 and p3 and p4 and not p5
[2021-12-08 23:41:27,942:38] top2
[2021-12-08 23:41:27,942:41] p3
[2021-12-08 23:41:27,942:53] not p1
[2021-12-08 23:41:27,942:41] p3
[2021-12-08 23:41:27,942:43] p1
[2021-12-08 23:41:27,942:51] p1 and not p2
[2021-12-08 23:41:27,943:55] p4
[2021-12-08 23:41:27,943:57] p5
[2021-12-08 23:41:27,943:57] p5
[2021-12-08 23:41:27,943:57] p5
[2021-12-08 23:41:27,943:41] p3
[2021-12-08 23:41:27,943:43] p1
[2021-12-08 23:41:27,943:51] p1 and not p2
[2021-12-08 23:41:27,943:55] p4
[2021-12-08 23:41:27,943:58] top3
