[2021-12-08 23:41:19,696:16] top1
[2021-12-08 23:41:19,696:18] p1
[2021-12-08 23:41:19,696:34] p1 and not p2
[2021-12-08 23:41:19,696:38] top2
[2021-12-08 23:41:19,696:41] p3
[2021-12-08 23:41:19,696:43] p1
[2021-12-08 23:41:19,696:45] p1 and p2
[2021-12-08 23:41:19,696:49] p1 and p2 and not p3
[2021-12-08 23:41:19,696:55] p4
[2021-12-08 23:41:19,696:57] p5
[2021-12-08 23:41:19,696:55] p4
[2021-12-08 23:41:19,696:57] p5
[2021-12-08 23:41:19,696:57] p5
[2021-12-08 23:41:19,696:57] p5
[2021-12-08 23:41:19,696:55] p4
[2021-12-08 23:41:19,696:55] p4
[2021-12-08 23:41:19,696:57] p5
[2021-12-08 23:41:19,696:57] p5
[2021-12-08 23:41:19,697:57] p5
[2021-12-08 23:41:19,697:55] p4
[2021-12-08 23:41:19,697:55] p4
[2021-12-08 23:41:19,697:41] p3
[2021-12-08 23:41:19,697:43] p1
[2021-12-08 23:41:19,697:45] p1 and p2
[2021-12-08 23:41:19,697:49] p1 and p2 and not p3
[2021-12-08 23:41:19,697:55] p4
[2021-12-08 23:41:19,697:57] p5
[2021-12-08 23:41:19,697:55] p4
[2021-12-08 23:41:19,697:57] p5
[2021-12-08 23:41:19,697:57] p5
[2021-12-08 23:41:19,697:57] p5
[2021-12-08 23:41:19,697:55] p4
[2021-12-08 23:41:19,697:57] p5
[2021-12-08 23:41:19,697:57] p5
[2021-12-08 23:41:19,697:57] p5
[2021-12-08 23:41:19,697:58] top3
