[2021-12-08 23:41:27,952:16] top1
[2021-12-08 23:41:27,952:18] p1
[2021-12-08 23:41:27,953:20] p1 and p2
[2021-12-08 23:41:27,953:22] p1 and p2 and p3
[2021-12-08 23:41:27,953:24] p1 and p2 and p3 and p4
[2021-12-08 23:41:27,953:28] p1 and p2 and p3 and p4 and not p5
[2021-12-08 23:41:27,953:38] top2
[2021-12-08 23:41:27,953:41] p3
[2021-12-08 23:41:27,953:53] not p1
[2021-12-08 23:41:27,953:55] p4
[2021-12-08 23:41:27,953:55] p4
[2021-12-08 23:41:27,953:55] p4
[2021-12-08 23:41:27,953:57] p5
[2021-12-08 23:41:27,953:57] p5
[2021-12-08 23:41:27,953:57] p5
[2021-12-08 23:41:27,953:57] p5
[2021-12-08 23:41:27,953:57] p5
[2021-12-08 23:41:27,953:55] p4
[2021-12-08 23:41:27,953:57] p5
[2021-12-08 23:41:27,953:41] p3
[2021-12-08 23:41:27,953:43] p1
[2021-12-08 23:41:27,953:51] p1 and not p2
[2021-12-08 23:41:27,954:55] p4
[2021-12-08 23:41:27,954:58] top3
