[2021-12-08 23:41:27,955:16] top1
[2021-12-08 23:41:27,956:18] p1
[2021-12-08 23:41:27,956:34] p1 and not p2
[2021-12-08 23:41:27,956:38] top2
[2021-12-08 23:41:27,956:41] p3
[2021-12-08 23:41:27,956:53] not p1
[2021-12-08 23:41:27,956:55] p4
[2021-12-08 23:41:27,956:57] p5
[2021-12-08 23:41:27,956:57] p5
[2021-12-08 23:41:27,956:55] p4
[2021-12-08 23:41:27,956:55] p4
[2021-12-08 23:41:27,957:57] p5
[2021-12-08 23:41:27,957:57] p5
[2021-12-08 23:41:27,957:57] p5
[2021-12-08 23:41:27,957:57] p5
[2021-12-08 23:41:27,957:41] p3
[2021-12-08 23:41:27,957:43] p1
[2021-12-08 23:41:27,957:45] p1 and p2
[2021-12-08 23:41:27,957:49] p1 and p2 and not p3
[2021-12-08 23:41:27,957:55] p4
[2021-12-08 23:41:27,957:57] p5
[2021-12-08 23:41:27,957:55] p4
[2021-12-08 23:41:27,958:41] p3
[2021-12-08 23:41:27,958:43] p1
[2021-12-08 23:41:27,958:51] p1 and not p2
[2021-12-08 23:41:27,958:55] p4
[2021-12-08 23:41:27,958:57] p5
[2021-12-08 23:41:27,958:57] p5
[2021-12-08 23:41:27,958:57] p5
[2021-12-08 23:41:27,958:57] p5
[2021-12-08 23:41:27,958:57] p5
[2021-12-08 23:41:27,958:55] p4
[2021-12-08 23:41:27,958:55] p4
[2021-12-08 23:41:27,958:57] p5
[2021-12-08 23:41:27,958:57] p5
[2021-12-08 23:41:27,958:55] p4
[2021-12-08 23:41:27,958:57] p5
[2021-12-08 23:41:27,958:57] p5
[2021-12-08 23:41:27,958:57] p5
[2021-12-08 23:41:27,958:41] p3
[2021-12-08 23:41:27,958:53] not p1
[2021-12-08 23:41:27,959:55] p4
[2021-12-08 23:41:27,959:57] p5
[2021-12-08 23:41:27,959:57] p5
[2021-12-08 23:41:27,959:57] p5
[2021-12-08 23:41:27,959:58] top3
