[2021-12-08 23:41:27,989:16] top1
[2021-12-08 23:41:27,989:36] not p1
[2021-12-08 23:41:27,989:38] top2
[2021-12-08 23:41:27,989:41] p3
[2021-12-08 23:41:27,989:43] p1
[2021-12-08 23:41:27,989:51] p1 and not p2
[2021-12-08 23:41:27,989:41] p3
[2021-12-08 23:41:27,989:53] not p1
[2021-12-08 23:41:27,990:55] p4
[2021-12-08 23:41:27,990:57] p5
[2021-12-08 23:41:27,990:57] p5
[2021-12-08 23:41:27,990:41] p3
[2021-12-08 23:41:27,990:43] p1
[2021-12-08 23:41:27,990:51] p1 and not p2
[2021-12-08 23:41:27,990:41] p3
[2021-12-08 23:41:27,990:43] p1
[2021-12-08 23:41:27,990:45] p1 and p2
[2021-12-08 23:41:27,990:49] p1 and p2 and not p3
[2021-12-08 23:41:27,990:41] p3
[2021-12-08 23:41:27,990:53] not p1
[2021-12-08 23:41:27,990:55] p4
[2021-12-08 23:41:27,990:57] p5
[2021-12-08 23:41:27,990:55] p4
[2021-12-08 23:41:27,990:57] p5
[2021-12-08 23:41:27,990:58] top3
