[2021-12-08 23:41:27,996:16] top1
[2021-12-08 23:41:27,997:36] not p1
[2021-12-08 23:41:27,997:38] top2
[2021-12-08 23:41:27,997:41] p3
[2021-12-08 23:41:27,997:43] p1
[2021-12-08 23:41:27,997:51] p1 and not p2
[2021-12-08 23:41:27,997:41] p3
[2021-12-08 23:41:27,997:43] p1
[2021-12-08 23:41:27,997:45] p1 and p2
[2021-12-08 23:41:27,997:49] p1 and p2 and not p3
[2021-12-08 23:41:27,997:55] p4
[2021-12-08 23:41:27,997:57] p5
[2021-12-08 23:41:27,997:55] p4
[2021-12-08 23:41:27,997:55] p4
[2021-12-08 23:41:27,997:55] p4
[2021-12-08 23:41:27,997:57] p5
[2021-12-08 23:41:27,997:57] p5
[2021-12-08 23:41:27,997:57] p5
[2021-12-08 23:41:27,997:57] p5
[2021-12-08 23:41:27,998:57] p5
[2021-12-08 23:41:27,998:57] p5
[2021-12-08 23:41:27,998:41] p3
[2021-12-08 23:41:27,998:53] not p1
[2021-12-08 23:41:27,998:55] p4
[2021-12-08 23:41:27,998:58] top3
