[2021-12-08 23:41:28,027:16] top1
[2021-12-08 23:41:28,027:18] p1
[2021-12-08 23:41:28,027:34] p1 and not p2
[2021-12-08 23:41:28,027:38] top2
[2021-12-08 23:41:28,027:41] p3
[2021-12-08 23:41:28,027:43] p1
[2021-12-08 23:41:28,028:51] p1 and not p2
[2021-12-08 23:41:28,028:55] p4
[2021-12-08 23:41:28,028:41] p3
[2021-12-08 23:41:28,028:43] p1
[2021-12-08 23:41:28,028:45] p1 and p2
[2021-12-08 23:41:28,028:47] p1 and p2 and p3
[2021-12-08 23:41:28,028:55] p4
[2021-12-08 23:41:28,028:57] p5
[2021-12-08 23:41:28,028:57] p5
[2021-12-08 23:41:28,028:41] p3
[2021-12-08 23:41:28,028:43] p1
[2021-12-08 23:41:28,028:51] p1 and not p2
[2021-12-08 23:41:28,028:41] p3
[2021-12-08 23:41:28,028:43] p1
[2021-12-08 23:41:28,028:51] p1 and not p2
[2021-12-08 23:41:28,028:58] top3
