[2021-12-08 23:41:19,702:16] top1
[2021-12-08 23:41:19,702:18] p1
[2021-12-08 23:41:19,702:34] p1 and not p2
[2021-12-08 23:41:19,702:38] top2
[2021-12-08 23:41:19,702:41] p3
[2021-12-08 23:41:19,702:53] not p1
[2021-12-08 23:41:19,702:55] p4
[2021-12-08 23:41:19,702:55] p4
[2021-12-08 23:41:19,702:55] p4
[2021-12-08 23:41:19,702:41] p3
[2021-12-08 23:41:19,702:43] p1
[2021-12-08 23:41:19,702:45] p1 and p2
[2021-12-08 23:41:19,702:47] p1 and p2 and p3
[2021-12-08 23:41:19,702:55] p4
[2021-12-08 23:41:19,702:57] p5
[2021-12-08 23:41:19,702:41] p3
[2021-12-08 23:41:19,702:53] not p1
[2021-12-08 23:41:19,702:41] p3
[2021-12-08 23:41:19,702:43] p1
[2021-12-08 23:41:19,703:45] p1 and p2
[2021-12-08 23:41:19,703:47] p1 and p2 and p3
[2021-12-08 23:41:19,703:55] p4
[2021-12-08 23:41:19,703:55] p4
[2021-12-08 23:41:19,703:58] top3
