[2021-12-08 23:41:28,053:16] top1
[2021-12-08 23:41:28,053:36] not p1
[2021-12-08 23:41:28,053:38] top2
[2021-12-08 23:41:28,053:41] p3
[2021-12-08 23:41:28,053:43] p1
[2021-12-08 23:41:28,053:51] p1 and not p2
[2021-12-08 23:41:28,054:41] p3
[2021-12-08 23:41:28,054:43] p1
[2021-12-08 23:41:28,054:45] p1 and p2
[2021-12-08 23:41:28,054:47] p1 and p2 and p3
[2021-12-08 23:41:28,054:55] p4
[2021-12-08 23:41:28,054:57] p5
[2021-12-08 23:41:28,054:57] p5
[2021-12-08 23:41:28,054:55] p4
[2021-12-08 23:41:28,054:41] p3
[2021-12-08 23:41:28,054:53] not p1
[2021-12-08 23:41:28,054:55] p4
[2021-12-08 23:41:28,054:41] p3
[2021-12-08 23:41:28,054:43] p1
[2021-12-08 23:41:28,054:45] p1 and p2
[2021-12-08 23:41:28,055:47] p1 and p2 and p3
[2021-12-08 23:41:28,055:41] p3
[2021-12-08 23:41:28,055:53] not p1
[2021-12-08 23:41:28,055:41] p3
[2021-12-08 23:41:28,055:43] p1
[2021-12-08 23:41:28,055:51] p1 and not p2
[2021-12-08 23:41:28,055:55] p4
[2021-12-08 23:41:28,055:57] p5
[2021-12-08 23:41:28,055:57] p5
[2021-12-08 23:41:28,055:57] p5
[2021-12-08 23:41:28,055:55] p4
[2021-12-08 23:41:28,055:55] p4
[2021-12-08 23:41:28,055:57] p5
[2021-12-08 23:41:28,056:57] p5
[2021-12-08 23:41:28,056:57] p5
[2021-12-08 23:41:28,056:57] p5
[2021-12-08 23:41:28,056:57] p5
[2021-12-08 23:41:28,056:55] p4
[2021-12-08 23:41:28,056:57] p5
[2021-12-08 23:41:28,056:57] p5
[2021-12-08 23:41:28,056:57] p5
[2021-12-08 23:41:28,056:57] p5
[2021-12-08 23:41:28,056:55] p4
[2021-12-08 23:41:28,056:57] p5
[2021-12-08 23:41:28,056:55] p4
[2021-12-08 23:41:28,056:58] top3
