[2021-12-08 23:41:28,065:16] top1
[2021-12-08 23:41:28,065:18] p1
[2021-12-08 23:41:28,065:20] p1 and p2
[2021-12-08 23:41:28,065:22] p1 and p2 and p3
[2021-12-08 23:41:28,066:30] p1 and p2 and p3 and not p4
[2021-12-08 23:41:28,066:38] top2
[2021-12-08 23:41:28,066:41] p3
[2021-12-08 23:41:28,066:53] not p1
[2021-12-08 23:41:28,066:41] p3
[2021-12-08 23:41:28,066:43] p1
[2021-12-08 23:41:28,066:45] p1 and p2
[2021-12-08 23:41:28,066:49] p1 and p2 and not p3
[2021-12-08 23:41:28,066:55] p4
[2021-12-08 23:41:28,066:55] p4
[2021-12-08 23:41:28,066:57] p5
[2021-12-08 23:41:28,066:57] p5
[2021-12-08 23:41:28,066:55] p4
[2021-12-08 23:41:28,067:55] p4
[2021-12-08 23:41:28,067:57] p5
[2021-12-08 23:41:28,067:57] p5
[2021-12-08 23:41:28,067:55] p4
[2021-12-08 23:41:28,067:41] p3
[2021-12-08 23:41:28,067:53] not p1
[2021-12-08 23:41:28,067:55] p4
[2021-12-08 23:41:28,067:58] top3
