[2021-12-08 23:41:28,081:16] top1
[2021-12-08 23:41:28,081:18] p1
[2021-12-08 23:41:28,081:20] p1 and p2
[2021-12-08 23:41:28,081:32] p1 and p2 and not p3
[2021-12-08 23:41:28,081:38] top2
[2021-12-08 23:41:28,081:41] p3
[2021-12-08 23:41:28,081:43] p1
[2021-12-08 23:41:28,081:45] p1 and p2
[2021-12-08 23:41:28,081:47] p1 and p2 and p3
[2021-12-08 23:41:28,081:41] p3
[2021-12-08 23:41:28,082:43] p1
[2021-12-08 23:41:28,082:45] p1 and p2
[2021-12-08 23:41:28,082:49] p1 and p2 and not p3
[2021-12-08 23:41:28,082:55] p4
[2021-12-08 23:41:28,082:41] p3
[2021-12-08 23:41:28,082:43] p1
[2021-12-08 23:41:28,082:51] p1 and not p2
[2021-12-08 23:41:28,082:55] p4
[2021-12-08 23:41:28,082:57] p5
[2021-12-08 23:41:28,082:57] p5
[2021-12-08 23:41:28,082:58] top3
