[2021-12-08 23:41:28,112:16] top1
[2021-12-08 23:41:28,112:36] not p1
[2021-12-08 23:41:28,113:38] top2
[2021-12-08 23:41:28,113:41] p3
[2021-12-08 23:41:28,113:43] p1
[2021-12-08 23:41:28,113:45] p1 and p2
[2021-12-08 23:41:28,113:47] p1 and p2 and p3
[2021-12-08 23:41:28,113:41] p3
[2021-12-08 23:41:28,113:53] not p1
[2021-12-08 23:41:28,113:55] p4
[2021-12-08 23:41:28,113:57] p5
[2021-12-08 23:41:28,113:41] p3
[2021-12-08 23:41:28,113:43] p1
[2021-12-08 23:41:28,113:51] p1 and not p2
[2021-12-08 23:41:28,113:55] p4
[2021-12-08 23:41:28,113:55] p4
[2021-12-08 23:41:28,113:57] p5
[2021-12-08 23:41:28,113:57] p5
[2021-12-08 23:41:28,113:57] p5
[2021-12-08 23:41:28,113:41] p3
[2021-12-08 23:41:28,114:43] p1
[2021-12-08 23:41:28,114:45] p1 and p2
[2021-12-08 23:41:28,114:47] p1 and p2 and p3
[2021-12-08 23:41:28,114:55] p4
[2021-12-08 23:41:28,114:57] p5
[2021-12-08 23:41:28,114:41] p3
[2021-12-08 23:41:28,114:53] not p1
[2021-12-08 23:41:28,114:41] p3
[2021-12-08 23:41:28,114:53] not p1
[2021-12-08 23:41:28,114:55] p4
[2021-12-08 23:41:28,114:57] p5
[2021-12-08 23:41:28,114:57] p5
[2021-12-08 23:41:28,114:57] p5
[2021-12-08 23:41:28,114:57] p5
[2021-12-08 23:41:28,114:57] p5
[2021-12-08 23:41:28,114:57] p5
[2021-12-08 23:41:28,114:57] p5
[2021-12-08 23:41:28,114:58] top3
