[2021-12-08 23:41:28,121:16] top1
[2021-12-08 23:41:28,121:36] not p1
[2021-12-08 23:41:28,121:38] top2
[2021-12-08 23:41:28,121:41] p3
[2021-12-08 23:41:28,121:43] p1
[2021-12-08 23:41:28,121:51] p1 and not p2
[2021-12-08 23:41:28,121:41] p3
[2021-12-08 23:41:28,122:53] not p1
[2021-12-08 23:41:28,122:41] p3
[2021-12-08 23:41:28,122:43] p1
[2021-12-08 23:41:28,122:45] p1 and p2
[2021-12-08 23:41:28,122:49] p1 and p2 and not p3
[2021-12-08 23:41:28,122:55] p4
[2021-12-08 23:41:28,122:57] p5
[2021-12-08 23:41:28,122:57] p5
[2021-12-08 23:41:28,122:41] p3
[2021-12-08 23:41:28,122:43] p1
[2021-12-08 23:41:28,122:45] p1 and p2
[2021-12-08 23:41:28,122:49] p1 and p2 and not p3
[2021-12-08 23:41:28,122:55] p4
[2021-12-08 23:41:28,122:57] p5
[2021-12-08 23:41:28,122:57] p5
[2021-12-08 23:41:28,122:41] p3
[2021-12-08 23:41:28,122:43] p1
[2021-12-08 23:41:28,122:51] p1 and not p2
[2021-12-08 23:41:28,122:55] p4
[2021-12-08 23:41:28,122:55] p4
[2021-12-08 23:41:28,122:57] p5
[2021-12-08 23:41:28,123:58] top3
