[2021-12-08 23:41:19,708:16] top1
[2021-12-08 23:41:19,709:18] p1
[2021-12-08 23:41:19,709:20] p1 and p2
[2021-12-08 23:41:19,709:32] p1 and p2 and not p3
[2021-12-08 23:41:19,709:38] top2
[2021-12-08 23:41:19,709:41] p3
[2021-12-08 23:41:19,709:43] p1
[2021-12-08 23:41:19,709:45] p1 and p2
[2021-12-08 23:41:19,709:49] p1 and p2 and not p3
[2021-12-08 23:41:19,709:41] p3
[2021-12-08 23:41:19,709:53] not p1
[2021-12-08 23:41:19,709:41] p3
[2021-12-08 23:41:19,709:53] not p1
[2021-12-08 23:41:19,709:55] p4
[2021-12-08 23:41:19,709:57] p5
[2021-12-08 23:41:19,709:57] p5
[2021-12-08 23:41:19,709:57] p5
[2021-12-08 23:41:19,709:55] p4
[2021-12-08 23:41:19,709:57] p5
[2021-12-08 23:41:19,709:41] p3
[2021-12-08 23:41:19,710:43] p1
[2021-12-08 23:41:19,710:51] p1 and not p2
[2021-12-08 23:41:19,710:58] top3
