[2021-12-08 23:41:28,133:16] top1
[2021-12-08 23:41:28,133:18] p1
[2021-12-08 23:41:28,133:34] p1 and not p2
[2021-12-08 23:41:28,133:38] top2
[2021-12-08 23:41:28,133:41] p3
[2021-12-08 23:41:28,133:53] not p1
[2021-12-08 23:41:28,133:41] p3
[2021-12-08 23:41:28,133:53] not p1
[2021-12-08 23:41:28,133:55] p4
[2021-12-08 23:41:28,133:57] p5
[2021-12-08 23:41:28,133:57] p5
[2021-12-08 23:41:28,134:55] p4
[2021-12-08 23:41:28,134:57] p5
[2021-12-08 23:41:28,134:57] p5
[2021-12-08 23:41:28,134:57] p5
[2021-12-08 23:41:28,134:55] p4
[2021-12-08 23:41:28,134:55] p4
[2021-12-08 23:41:28,134:57] p5
[2021-12-08 23:41:28,134:55] p4
[2021-12-08 23:41:28,134:41] p3
[2021-12-08 23:41:28,134:43] p1
[2021-12-08 23:41:28,134:45] p1 and p2
[2021-12-08 23:41:28,134:49] p1 and p2 and not p3
[2021-12-08 23:41:28,134:58] top3
