[2021-12-08 23:41:28,136:16] top1
[2021-12-08 23:41:28,136:18] p1
[2021-12-08 23:41:28,136:34] p1 and not p2
[2021-12-08 23:41:28,136:38] top2
[2021-12-08 23:41:28,136:41] p3
[2021-12-08 23:41:28,137:53] not p1
[2021-12-08 23:41:28,137:41] p3
[2021-12-08 23:41:28,137:43] p1
[2021-12-08 23:41:28,137:51] p1 and not p2
[2021-12-08 23:41:28,137:55] p4
[2021-12-08 23:41:28,137:57] p5
[2021-12-08 23:41:28,137:55] p4
[2021-12-08 23:41:28,137:41] p3
[2021-12-08 23:41:28,137:53] not p1
[2021-12-08 23:41:28,137:55] p4
[2021-12-08 23:41:28,137:57] p5
[2021-12-08 23:41:28,137:41] p3
[2021-12-08 23:41:28,137:43] p1
[2021-12-08 23:41:28,137:45] p1 and p2
[2021-12-08 23:41:28,137:47] p1 and p2 and p3
[2021-12-08 23:41:28,137:58] top3
