[2021-12-08 23:41:19,711:16] top1
[2021-12-08 23:41:19,711:18] p1
[2021-12-08 23:41:19,711:20] p1 and p2
[2021-12-08 23:41:19,711:32] p1 and p2 and not p3
[2021-12-08 23:41:19,711:38] top2
[2021-12-08 23:41:19,711:41] p3
[2021-12-08 23:41:19,711:43] p1
[2021-12-08 23:41:19,711:51] p1 and not p2
[2021-12-08 23:41:19,711:41] p3
[2021-12-08 23:41:19,711:43] p1
[2021-12-08 23:41:19,711:45] p1 and p2
[2021-12-08 23:41:19,711:49] p1 and p2 and not p3
[2021-12-08 23:41:19,711:41] p3
[2021-12-08 23:41:19,711:43] p1
[2021-12-08 23:41:19,711:51] p1 and not p2
[2021-12-08 23:41:19,711:55] p4
[2021-12-08 23:41:19,711:57] p5
[2021-12-08 23:41:19,711:57] p5
[2021-12-08 23:41:19,711:57] p5
[2021-12-08 23:41:19,711:55] p4
[2021-12-08 23:41:19,711:55] p4
[2021-12-08 23:41:19,712:57] p5
[2021-12-08 23:41:19,712:55] p4
[2021-12-08 23:41:19,712:55] p4
[2021-12-08 23:41:19,712:57] p5
[2021-12-08 23:41:19,712:55] p4
[2021-12-08 23:41:19,712:55] p4
[2021-12-08 23:41:19,712:55] p4
[2021-12-08 23:41:19,712:57] p5
[2021-12-08 23:41:19,712:57] p5
[2021-12-08 23:41:19,712:41] p3
[2021-12-08 23:41:19,712:53] not p1
[2021-12-08 23:41:19,712:58] top3
