[2021-12-08 23:41:28,158:16] top1
[2021-12-08 23:41:28,158:18] p1
[2021-12-08 23:41:28,158:20] p1 and p2
[2021-12-08 23:41:28,158:22] p1 and p2 and p3
[2021-12-08 23:41:28,158:30] p1 and p2 and p3 and not p4
[2021-12-08 23:41:28,158:38] top2
[2021-12-08 23:41:28,158:41] p3
[2021-12-08 23:41:28,158:43] p1
[2021-12-08 23:41:28,158:45] p1 and p2
[2021-12-08 23:41:28,158:49] p1 and p2 and not p3
[2021-12-08 23:41:28,158:55] p4
[2021-12-08 23:41:28,158:57] p5
[2021-12-08 23:41:28,159:57] p5
[2021-12-08 23:41:28,159:55] p4
[2021-12-08 23:41:28,159:41] p3
[2021-12-08 23:41:28,159:53] not p1
[2021-12-08 23:41:28,159:55] p4
[2021-12-08 23:41:28,159:55] p4
[2021-12-08 23:41:28,159:57] p5
[2021-12-08 23:41:28,159:57] p5
[2021-12-08 23:41:28,159:57] p5
[2021-12-08 23:41:28,159:57] p5
[2021-12-08 23:41:28,159:41] p3
[2021-12-08 23:41:28,159:53] not p1
[2021-12-08 23:41:28,159:55] p4
[2021-12-08 23:41:28,159:57] p5
[2021-12-08 23:41:28,159:57] p5
[2021-12-08 23:41:28,159:57] p5
[2021-12-08 23:41:28,159:41] p3
[2021-12-08 23:41:28,159:53] not p1
[2021-12-08 23:41:28,159:55] p4
[2021-12-08 23:41:28,160:41] p3
[2021-12-08 23:41:28,160:43] p1
[2021-12-08 23:41:28,160:45] p1 and p2
[2021-12-08 23:41:28,160:49] p1 and p2 and not p3
[2021-12-08 23:41:28,160:55] p4
[2021-12-08 23:41:28,160:58] top3
