[2021-12-08 23:41:28,188:16] top1
[2021-12-08 23:41:28,188:36] not p1
[2021-12-08 23:41:28,188:38] top2
[2021-12-08 23:41:28,188:41] p3
[2021-12-08 23:41:28,188:43] p1
[2021-12-08 23:41:28,188:45] p1 and p2
[2021-12-08 23:41:28,188:49] p1 and p2 and not p3
[2021-12-08 23:41:28,188:55] p4
[2021-12-08 23:41:28,188:57] p5
[2021-12-08 23:41:28,189:55] p4
[2021-12-08 23:41:28,189:41] p3
[2021-12-08 23:41:28,189:43] p1
[2021-12-08 23:41:28,189:45] p1 and p2
[2021-12-08 23:41:28,189:49] p1 and p2 and not p3
[2021-12-08 23:41:28,189:55] p4
[2021-12-08 23:41:28,189:55] p4
[2021-12-08 23:41:28,189:55] p4
[2021-12-08 23:41:28,189:57] p5
[2021-12-08 23:41:28,189:57] p5
[2021-12-08 23:41:28,189:57] p5
[2021-12-08 23:41:28,189:55] p4
[2021-12-08 23:41:28,189:55] p4
[2021-12-08 23:41:28,189:55] p4
[2021-12-08 23:41:28,189:41] p3
[2021-12-08 23:41:28,189:43] p1
[2021-12-08 23:41:28,189:45] p1 and p2
[2021-12-08 23:41:28,189:49] p1 and p2 and not p3
[2021-12-08 23:41:28,189:58] top3
