[2021-12-08 23:41:28,203:16] top1
[2021-12-08 23:41:28,203:18] p1
[2021-12-08 23:41:28,203:34] p1 and not p2
[2021-12-08 23:41:28,203:38] top2
[2021-12-08 23:41:28,203:41] p3
[2021-12-08 23:41:28,203:43] p1
[2021-12-08 23:41:28,203:45] p1 and p2
[2021-12-08 23:41:28,203:49] p1 and p2 and not p3
[2021-12-08 23:41:28,204:55] p4
[2021-12-08 23:41:28,204:55] p4
[2021-12-08 23:41:28,204:57] p5
[2021-12-08 23:41:28,204:55] p4
[2021-12-08 23:41:28,204:57] p5
[2021-12-08 23:41:28,204:57] p5
[2021-12-08 23:41:28,204:55] p4
[2021-12-08 23:41:28,204:41] p3
[2021-12-08 23:41:28,204:53] not p1
[2021-12-08 23:41:28,204:41] p3
[2021-12-08 23:41:28,204:43] p1
[2021-12-08 23:41:28,204:51] p1 and not p2
[2021-12-08 23:41:28,204:55] p4
[2021-12-08 23:41:28,204:57] p5
[2021-12-08 23:41:28,204:58] top3
