[2021-12-08 23:41:28,215:16] top1
[2021-12-08 23:41:28,215:18] p1
[2021-12-08 23:41:28,215:20] p1 and p2
[2021-12-08 23:41:28,215:32] p1 and p2 and not p3
[2021-12-08 23:41:28,215:38] top2
[2021-12-08 23:41:28,215:41] p3
[2021-12-08 23:41:28,215:53] not p1
[2021-12-08 23:41:28,215:41] p3
[2021-12-08 23:41:28,215:53] not p1
[2021-12-08 23:41:28,215:55] p4
[2021-12-08 23:41:28,215:57] p5
[2021-12-08 23:41:28,215:55] p4
[2021-12-08 23:41:28,215:55] p4
[2021-12-08 23:41:28,215:57] p5
[2021-12-08 23:41:28,215:41] p3
[2021-12-08 23:41:28,215:43] p1
[2021-12-08 23:41:28,216:51] p1 and not p2
[2021-12-08 23:41:28,216:41] p3
[2021-12-08 23:41:28,216:43] p1
[2021-12-08 23:41:28,216:51] p1 and not p2
[2021-12-08 23:41:28,216:41] p3
[2021-12-08 23:41:28,216:43] p1
[2021-12-08 23:41:28,216:51] p1 and not p2
[2021-12-08 23:41:28,216:55] p4
[2021-12-08 23:41:28,216:57] p5
[2021-12-08 23:41:28,216:55] p4
[2021-12-08 23:41:28,216:41] p3
[2021-12-08 23:41:28,216:43] p1
[2021-12-08 23:41:28,216:51] p1 and not p2
[2021-12-08 23:41:28,216:55] p4
[2021-12-08 23:41:28,216:41] p3
[2021-12-08 23:41:28,216:53] not p1
[2021-12-08 23:41:28,216:58] top3
