[2021-12-08 23:41:28,237:16] top1
[2021-12-08 23:41:28,237:36] not p1
[2021-12-08 23:41:28,237:38] top2
[2021-12-08 23:41:28,237:41] p3
[2021-12-08 23:41:28,237:53] not p1
[2021-12-08 23:41:28,237:55] p4
[2021-12-08 23:41:28,237:41] p3
[2021-12-08 23:41:28,237:53] not p1
[2021-12-08 23:41:28,237:55] p4
[2021-12-08 23:41:28,238:55] p4
[2021-12-08 23:41:28,238:57] p5
[2021-12-08 23:41:28,238:57] p5
[2021-12-08 23:41:28,238:41] p3
[2021-12-08 23:41:28,238:43] p1
[2021-12-08 23:41:28,238:45] p1 and p2
[2021-12-08 23:41:28,238:47] p1 and p2 and p3
[2021-12-08 23:41:28,238:55] p4
[2021-12-08 23:41:28,238:55] p4
[2021-12-08 23:41:28,238:41] p3
[2021-12-08 23:41:28,238:53] not p1
[2021-12-08 23:41:28,238:55] p4
[2021-12-08 23:41:28,238:58] top3
