[2021-12-08 23:41:28,258:16] top1
[2021-12-08 23:41:28,258:18] p1
[2021-12-08 23:41:28,258:20] p1 and p2
[2021-12-08 23:41:28,258:22] p1 and p2 and p3
[2021-12-08 23:41:28,258:30] p1 and p2 and p3 and not p4
[2021-12-08 23:41:28,258:38] top2
[2021-12-08 23:41:28,258:41] p3
[2021-12-08 23:41:28,258:43] p1
[2021-12-08 23:41:28,258:51] p1 and not p2
[2021-12-08 23:41:28,258:41] p3
[2021-12-08 23:41:28,258:43] p1
[2021-12-08 23:41:28,258:51] p1 and not p2
[2021-12-08 23:41:28,258:41] p3
[2021-12-08 23:41:28,258:43] p1
[2021-12-08 23:41:28,258:51] p1 and not p2
[2021-12-08 23:41:28,258:55] p4
[2021-12-08 23:41:28,259:57] p5
[2021-12-08 23:41:28,259:41] p3
[2021-12-08 23:41:28,259:53] not p1
[2021-12-08 23:41:28,259:58] top3
