[2021-12-08 23:41:28,261:16] top1
[2021-12-08 23:41:28,262:18] p1
[2021-12-08 23:41:28,262:34] p1 and not p2
[2021-12-08 23:41:28,262:38] top2
[2021-12-08 23:41:28,262:41] p3
[2021-12-08 23:41:28,262:53] not p1
[2021-12-08 23:41:28,262:41] p3
[2021-12-08 23:41:28,262:43] p1
[2021-12-08 23:41:28,262:51] p1 and not p2
[2021-12-08 23:41:28,262:41] p3
[2021-12-08 23:41:28,262:53] not p1
[2021-12-08 23:41:28,262:55] p4
[2021-12-08 23:41:28,263:57] p5
[2021-12-08 23:41:28,263:41] p3
[2021-12-08 23:41:28,263:43] p1
[2021-12-08 23:41:28,263:45] p1 and p2
[2021-12-08 23:41:28,263:49] p1 and p2 and not p3
[2021-12-08 23:41:28,263:55] p4
[2021-12-08 23:41:28,263:57] p5
[2021-12-08 23:41:28,263:55] p4
[2021-12-08 23:41:28,263:55] p4
[2021-12-08 23:41:28,263:57] p5
[2021-12-08 23:41:28,263:58] top3
