[2021-12-08 23:41:28,269:16] top1
[2021-12-08 23:41:28,269:18] p1
[2021-12-08 23:41:28,269:34] p1 and not p2
[2021-12-08 23:41:28,269:38] top2
[2021-12-08 23:41:28,269:41] p3
[2021-12-08 23:41:28,269:53] not p1
[2021-12-08 23:41:28,269:55] p4
[2021-12-08 23:41:28,269:41] p3
[2021-12-08 23:41:28,269:53] not p1
[2021-12-08 23:41:28,269:55] p4
[2021-12-08 23:41:28,269:57] p5
[2021-12-08 23:41:28,269:57] p5
[2021-12-08 23:41:28,269:57] p5
[2021-12-08 23:41:28,269:57] p5
[2021-12-08 23:41:28,270:41] p3
[2021-12-08 23:41:28,270:43] p1
[2021-12-08 23:41:28,270:51] p1 and not p2
[2021-12-08 23:41:28,270:55] p4
[2021-12-08 23:41:28,270:41] p3
[2021-12-08 23:41:28,270:43] p1
[2021-12-08 23:41:28,270:45] p1 and p2
[2021-12-08 23:41:28,270:47] p1 and p2 and p3
[2021-12-08 23:41:28,270:55] p4
[2021-12-08 23:41:28,270:57] p5
[2021-12-08 23:41:28,270:57] p5
[2021-12-08 23:41:28,270:57] p5
[2021-12-08 23:41:28,270:58] top3
