[2021-12-08 23:41:28,271:16] top1
[2021-12-08 23:41:28,271:18] p1
[2021-12-08 23:41:28,271:20] p1 and p2
[2021-12-08 23:41:28,271:32] p1 and p2 and not p3
[2021-12-08 23:41:28,271:38] top2
[2021-12-08 23:41:28,271:41] p3
[2021-12-08 23:41:28,271:43] p1
[2021-12-08 23:41:28,271:51] p1 and not p2
[2021-12-08 23:41:28,271:55] p4
[2021-12-08 23:41:28,271:57] p5
[2021-12-08 23:41:28,271:57] p5
[2021-12-08 23:41:28,271:57] p5
[2021-12-08 23:41:28,272:57] p5
[2021-12-08 23:41:28,272:57] p5
[2021-12-08 23:41:28,272:57] p5
[2021-12-08 23:41:28,272:57] p5
[2021-12-08 23:41:28,272:55] p4
[2021-12-08 23:41:28,272:57] p5
[2021-12-08 23:41:28,272:55] p4
[2021-12-08 23:41:28,272:57] p5
[2021-12-08 23:41:28,272:57] p5
[2021-12-08 23:41:28,272:41] p3
[2021-12-08 23:41:28,272:53] not p1
[2021-12-08 23:41:28,272:55] p4
[2021-12-08 23:41:28,272:55] p4
[2021-12-08 23:41:28,272:55] p4
[2021-12-08 23:41:28,272:57] p5
[2021-12-08 23:41:28,272:55] p4
[2021-12-08 23:41:28,272:57] p5
[2021-12-08 23:41:28,272:57] p5
[2021-12-08 23:41:28,272:57] p5
[2021-12-08 23:41:28,272:57] p5
[2021-12-08 23:41:28,272:41] p3
[2021-12-08 23:41:28,273:43] p1
[2021-12-08 23:41:28,273:51] p1 and not p2
[2021-12-08 23:41:28,273:55] p4
[2021-12-08 23:41:28,273:57] p5
[2021-12-08 23:41:28,273:57] p5
[2021-12-08 23:41:28,273:57] p5
[2021-12-08 23:41:28,273:41] p3
[2021-12-08 23:41:28,273:43] p1
[2021-12-08 23:41:28,273:51] p1 and not p2
[2021-12-08 23:41:28,273:41] p3
[2021-12-08 23:41:28,273:43] p1
[2021-12-08 23:41:28,273:45] p1 and p2
[2021-12-08 23:41:28,273:49] p1 and p2 and not p3
[2021-12-08 23:41:28,273:58] top3
