[2021-12-08 23:41:28,287:16] top1
[2021-12-08 23:41:28,287:18] p1
[2021-12-08 23:41:28,288:34] p1 and not p2
[2021-12-08 23:41:28,288:38] top2
[2021-12-08 23:41:28,288:41] p3
[2021-12-08 23:41:28,288:43] p1
[2021-12-08 23:41:28,288:51] p1 and not p2
[2021-12-08 23:41:28,288:41] p3
[2021-12-08 23:41:28,288:53] not p1
[2021-12-08 23:41:28,288:55] p4
[2021-12-08 23:41:28,288:55] p4
[2021-12-08 23:41:28,288:57] p5
[2021-12-08 23:41:28,288:41] p3
[2021-12-08 23:41:28,288:43] p1
[2021-12-08 23:41:28,288:45] p1 and p2
[2021-12-08 23:41:28,288:47] p1 and p2 and p3
[2021-12-08 23:41:28,288:55] p4
[2021-12-08 23:41:28,288:57] p5
[2021-12-08 23:41:28,289:41] p3
[2021-12-08 23:41:28,289:43] p1
[2021-12-08 23:41:28,289:45] p1 and p2
[2021-12-08 23:41:28,289:47] p1 and p2 and p3
[2021-12-08 23:41:28,289:41] p3
[2021-12-08 23:41:28,289:43] p1
[2021-12-08 23:41:28,289:45] p1 and p2
[2021-12-08 23:41:28,289:49] p1 and p2 and not p3
[2021-12-08 23:41:28,289:55] p4
[2021-12-08 23:41:28,289:58] top3
