[2021-12-08 23:41:28,290:16] top1
[2021-12-08 23:41:28,290:18] p1
[2021-12-08 23:41:28,290:34] p1 and not p2
[2021-12-08 23:41:28,290:38] top2
[2021-12-08 23:41:28,290:41] p3
[2021-12-08 23:41:28,290:43] p1
[2021-12-08 23:41:28,290:45] p1 and p2
[2021-12-08 23:41:28,291:47] p1 and p2 and p3
[2021-12-08 23:41:28,291:41] p3
[2021-12-08 23:41:28,291:43] p1
[2021-12-08 23:41:28,291:51] p1 and not p2
[2021-12-08 23:41:28,291:55] p4
[2021-12-08 23:41:28,291:57] p5
[2021-12-08 23:41:28,291:55] p4
[2021-12-08 23:41:28,291:57] p5
[2021-12-08 23:41:28,291:57] p5
[2021-12-08 23:41:28,291:41] p3
[2021-12-08 23:41:28,291:53] not p1
[2021-12-08 23:41:28,291:41] p3
[2021-12-08 23:41:28,291:53] not p1
[2021-12-08 23:41:28,291:55] p4
[2021-12-08 23:41:28,291:58] top3
