[2021-12-08 23:41:28,303:16] top1
[2021-12-08 23:41:28,303:36] not p1
[2021-12-08 23:41:28,303:38] top2
[2021-12-08 23:41:28,303:41] p3
[2021-12-08 23:41:28,303:53] not p1
[2021-12-08 23:41:28,303:41] p3
[2021-12-08 23:41:28,303:53] not p1
[2021-12-08 23:41:28,303:41] p3
[2021-12-08 23:41:28,303:53] not p1
[2021-12-08 23:41:28,303:41] p3
[2021-12-08 23:41:28,303:43] p1
[2021-12-08 23:41:28,303:51] p1 and not p2
[2021-12-08 23:41:28,303:55] p4
[2021-12-08 23:41:28,303:55] p4
[2021-12-08 23:41:28,304:57] p5
[2021-12-08 23:41:28,304:41] p3
[2021-12-08 23:41:28,304:43] p1
[2021-12-08 23:41:28,304:45] p1 and p2
[2021-12-08 23:41:28,304:47] p1 and p2 and p3
[2021-12-08 23:41:28,304:55] p4
[2021-12-08 23:41:28,304:57] p5
[2021-12-08 23:41:28,304:57] p5
[2021-12-08 23:41:28,304:58] top3
