[2021-12-08 23:41:28,304:16] top1
[2021-12-08 23:41:28,304:36] not p1
[2021-12-08 23:41:28,305:38] top2
[2021-12-08 23:41:28,305:41] p3
[2021-12-08 23:41:28,305:53] not p1
[2021-12-08 23:41:28,305:55] p4
[2021-12-08 23:41:28,305:57] p5
[2021-12-08 23:41:28,305:55] p4
[2021-12-08 23:41:28,305:55] p4
[2021-12-08 23:41:28,305:57] p5
[2021-12-08 23:41:28,305:57] p5
[2021-12-08 23:41:28,305:41] p3
[2021-12-08 23:41:28,305:43] p1
[2021-12-08 23:41:28,305:45] p1 and p2
[2021-12-08 23:41:28,305:49] p1 and p2 and not p3
[2021-12-08 23:41:28,305:41] p3
[2021-12-08 23:41:28,305:43] p1
[2021-12-08 23:41:28,305:45] p1 and p2
[2021-12-08 23:41:28,305:49] p1 and p2 and not p3
[2021-12-08 23:41:28,305:41] p3
[2021-12-08 23:41:28,305:53] not p1
[2021-12-08 23:41:28,305:58] top3
