[2021-12-08 23:41:28,309:16] top1
[2021-12-08 23:41:28,309:36] not p1
[2021-12-08 23:41:28,309:38] top2
[2021-12-08 23:41:28,309:41] p3
[2021-12-08 23:41:28,309:53] not p1
[2021-12-08 23:41:28,309:41] p3
[2021-12-08 23:41:28,309:53] not p1
[2021-12-08 23:41:28,309:55] p4
[2021-12-08 23:41:28,309:41] p3
[2021-12-08 23:41:28,309:43] p1
[2021-12-08 23:41:28,309:45] p1 and p2
[2021-12-08 23:41:28,309:47] p1 and p2 and p3
[2021-12-08 23:41:28,309:41] p3
[2021-12-08 23:41:28,309:53] not p1
[2021-12-08 23:41:28,309:41] p3
[2021-12-08 23:41:28,309:53] not p1
[2021-12-08 23:41:28,309:55] p4
[2021-12-08 23:41:28,309:55] p4
[2021-12-08 23:41:28,309:57] p5
[2021-12-08 23:41:28,310:55] p4
[2021-12-08 23:41:28,310:41] p3
[2021-12-08 23:41:28,310:43] p1
[2021-12-08 23:41:28,310:45] p1 and p2
[2021-12-08 23:41:28,310:47] p1 and p2 and p3
[2021-12-08 23:41:28,310:55] p4
[2021-12-08 23:41:28,310:58] top3
