[2021-12-08 23:41:19,726:16] top1
[2021-12-08 23:41:19,726:18] p1
[2021-12-08 23:41:19,726:20] p1 and p2
[2021-12-08 23:41:19,726:22] p1 and p2 and p3
[2021-12-08 23:41:19,726:30] p1 and p2 and p3 and not p4
[2021-12-08 23:41:19,726:38] top2
[2021-12-08 23:41:19,726:41] p3
[2021-12-08 23:41:19,726:43] p1
[2021-12-08 23:41:19,726:51] p1 and not p2
[2021-12-08 23:41:19,726:41] p3
[2021-12-08 23:41:19,726:53] not p1
[2021-12-08 23:41:19,727:41] p3
[2021-12-08 23:41:19,727:53] not p1
[2021-12-08 23:41:19,727:55] p4
[2021-12-08 23:41:19,727:55] p4
[2021-12-08 23:41:19,727:55] p4
[2021-12-08 23:41:19,727:41] p3
[2021-12-08 23:41:19,727:53] not p1
[2021-12-08 23:41:19,727:41] p3
[2021-12-08 23:41:19,727:53] not p1
[2021-12-08 23:41:19,727:58] top3
