[2021-12-08 23:41:28,342:16] top1
[2021-12-08 23:41:28,342:18] p1
[2021-12-08 23:41:28,342:20] p1 and p2
[2021-12-08 23:41:28,342:32] p1 and p2 and not p3
[2021-12-08 23:41:28,342:38] top2
[2021-12-08 23:41:28,342:41] p3
[2021-12-08 23:41:28,342:43] p1
[2021-12-08 23:41:28,342:51] p1 and not p2
[2021-12-08 23:41:28,343:41] p3
[2021-12-08 23:41:28,343:43] p1
[2021-12-08 23:41:28,343:51] p1 and not p2
[2021-12-08 23:41:28,343:55] p4
[2021-12-08 23:41:28,343:57] p5
[2021-12-08 23:41:28,343:57] p5
[2021-12-08 23:41:28,343:41] p3
[2021-12-08 23:41:28,343:53] not p1
[2021-12-08 23:41:28,343:41] p3
[2021-12-08 23:41:28,343:43] p1
[2021-12-08 23:41:28,343:51] p1 and not p2
[2021-12-08 23:41:28,343:55] p4
[2021-12-08 23:41:28,343:57] p5
[2021-12-08 23:41:28,343:55] p4
[2021-12-08 23:41:28,343:55] p4
[2021-12-08 23:41:28,343:41] p3
[2021-12-08 23:41:28,343:43] p1
[2021-12-08 23:41:28,343:51] p1 and not p2
[2021-12-08 23:41:28,343:55] p4
[2021-12-08 23:41:28,343:41] p3
[2021-12-08 23:41:28,343:43] p1
[2021-12-08 23:41:28,344:45] p1 and p2
[2021-12-08 23:41:28,344:47] p1 and p2 and p3
[2021-12-08 23:41:28,344:55] p4
[2021-12-08 23:41:28,344:55] p4
[2021-12-08 23:41:28,344:41] p3
[2021-12-08 23:41:28,344:53] not p1
[2021-12-08 23:41:28,344:55] p4
[2021-12-08 23:41:28,344:57] p5
[2021-12-08 23:41:28,344:41] p3
[2021-12-08 23:41:28,344:43] p1
[2021-12-08 23:41:28,344:51] p1 and not p2
[2021-12-08 23:41:28,344:55] p4
[2021-12-08 23:41:28,344:55] p4
[2021-12-08 23:41:28,344:55] p4
[2021-12-08 23:41:28,344:55] p4
[2021-12-08 23:41:28,344:57] p5
[2021-12-08 23:41:28,344:57] p5
[2021-12-08 23:41:28,345:41] p3
[2021-12-08 23:41:28,345:43] p1
[2021-12-08 23:41:28,345:51] p1 and not p2
[2021-12-08 23:41:28,345:41] p3
[2021-12-08 23:41:28,345:53] not p1
[2021-12-08 23:41:28,345:55] p4
[2021-12-08 23:41:28,345:41] p3
[2021-12-08 23:41:28,345:53] not p1
[2021-12-08 23:41:28,345:55] p4
[2021-12-08 23:41:28,345:55] p4
[2021-12-08 23:41:28,345:55] p4
[2021-12-08 23:41:28,345:57] p5
[2021-12-08 23:41:28,345:55] p4
[2021-12-08 23:41:28,345:55] p4
[2021-12-08 23:41:28,345:58] top3
