[2021-12-08 23:41:28,356:16] top1
[2021-12-08 23:41:28,356:18] p1
[2021-12-08 23:41:28,357:34] p1 and not p2
[2021-12-08 23:41:28,357:38] top2
[2021-12-08 23:41:28,357:41] p3
[2021-12-08 23:41:28,357:53] not p1
[2021-12-08 23:41:28,357:41] p3
[2021-12-08 23:41:28,357:53] not p1
[2021-12-08 23:41:28,357:55] p4
[2021-12-08 23:41:28,357:41] p3
[2021-12-08 23:41:28,357:43] p1
[2021-12-08 23:41:28,357:45] p1 and p2
[2021-12-08 23:41:28,357:49] p1 and p2 and not p3
[2021-12-08 23:41:28,357:41] p3
[2021-12-08 23:41:28,357:53] not p1
[2021-12-08 23:41:28,357:55] p4
[2021-12-08 23:41:28,357:55] p4
[2021-12-08 23:41:28,357:57] p5
[2021-12-08 23:41:28,357:55] p4
[2021-12-08 23:41:28,357:57] p5
[2021-12-08 23:41:28,357:57] p5
[2021-12-08 23:41:28,358:57] p5
[2021-12-08 23:41:28,358:57] p5
[2021-12-08 23:41:28,358:55] p4
[2021-12-08 23:41:28,358:55] p4
[2021-12-08 23:41:28,358:57] p5
[2021-12-08 23:41:28,358:58] top3
