[2021-12-08 23:41:28,360:16] top1
[2021-12-08 23:41:28,360:18] p1
[2021-12-08 23:41:28,360:20] p1 and p2
[2021-12-08 23:41:28,360:32] p1 and p2 and not p3
[2021-12-08 23:41:28,360:38] top2
[2021-12-08 23:41:28,360:41] p3
[2021-12-08 23:41:28,360:43] p1
[2021-12-08 23:41:28,360:45] p1 and p2
[2021-12-08 23:41:28,360:49] p1 and p2 and not p3
[2021-12-08 23:41:28,360:55] p4
[2021-12-08 23:41:28,361:41] p3
[2021-12-08 23:41:28,361:53] not p1
[2021-12-08 23:41:28,361:55] p4
[2021-12-08 23:41:28,361:57] p5
[2021-12-08 23:41:28,361:57] p5
[2021-12-08 23:41:28,361:57] p5
[2021-12-08 23:41:28,361:55] p4
[2021-12-08 23:41:28,361:57] p5
[2021-12-08 23:41:28,361:57] p5
[2021-12-08 23:41:28,361:55] p4
[2021-12-08 23:41:28,361:41] p3
[2021-12-08 23:41:28,361:53] not p1
[2021-12-08 23:41:28,361:58] top3
