[2021-12-08 23:41:28,367:16] top1
[2021-12-08 23:41:28,367:36] not p1
[2021-12-08 23:41:28,368:38] top2
[2021-12-08 23:41:28,368:41] p3
[2021-12-08 23:41:28,368:53] not p1
[2021-12-08 23:41:28,368:55] p4
[2021-12-08 23:41:28,368:41] p3
[2021-12-08 23:41:28,368:43] p1
[2021-12-08 23:41:28,368:45] p1 and p2
[2021-12-08 23:41:28,368:47] p1 and p2 and p3
[2021-12-08 23:41:28,368:55] p4
[2021-12-08 23:41:28,368:55] p4
[2021-12-08 23:41:28,368:57] p5
[2021-12-08 23:41:28,368:55] p4
[2021-12-08 23:41:28,368:57] p5
[2021-12-08 23:41:28,368:57] p5
[2021-12-08 23:41:28,368:57] p5
[2021-12-08 23:41:28,368:57] p5
[2021-12-08 23:41:28,369:57] p5
[2021-12-08 23:41:28,369:57] p5
[2021-12-08 23:41:28,369:57] p5
[2021-12-08 23:41:28,369:57] p5
[2021-12-08 23:41:28,369:55] p4
[2021-12-08 23:41:28,369:41] p3
[2021-12-08 23:41:28,369:53] not p1
[2021-12-08 23:41:28,369:55] p4
[2021-12-08 23:41:28,369:57] p5
[2021-12-08 23:41:28,369:57] p5
[2021-12-08 23:41:28,369:57] p5
[2021-12-08 23:41:28,369:41] p3
[2021-12-08 23:41:28,369:43] p1
[2021-12-08 23:41:28,369:45] p1 and p2
[2021-12-08 23:41:28,369:47] p1 and p2 and p3
[2021-12-08 23:41:28,369:55] p4
[2021-12-08 23:41:28,369:58] top3
