[2021-12-08 23:41:28,409:16] top1
[2021-12-08 23:41:28,409:18] p1
[2021-12-08 23:41:28,409:20] p1 and p2
[2021-12-08 23:41:28,409:22] p1 and p2 and p3
[2021-12-08 23:41:28,409:24] p1 and p2 and p3 and p4
[2021-12-08 23:41:28,410:28] p1 and p2 and p3 and p4 and not p5
[2021-12-08 23:41:28,410:38] top2
[2021-12-08 23:41:28,410:41] p3
[2021-12-08 23:41:28,410:43] p1
[2021-12-08 23:41:28,410:45] p1 and p2
[2021-12-08 23:41:28,410:49] p1 and p2 and not p3
[2021-12-08 23:41:28,410:55] p4
[2021-12-08 23:41:28,410:57] p5
[2021-12-08 23:41:28,410:55] p4
[2021-12-08 23:41:28,410:57] p5
[2021-12-08 23:41:28,410:41] p3
[2021-12-08 23:41:28,410:43] p1
[2021-12-08 23:41:28,410:45] p1 and p2
[2021-12-08 23:41:28,410:49] p1 and p2 and not p3
[2021-12-08 23:41:28,411:55] p4
[2021-12-08 23:41:28,411:57] p5
[2021-12-08 23:41:28,411:57] p5
[2021-12-08 23:41:28,411:57] p5
[2021-12-08 23:41:28,411:55] p4
[2021-12-08 23:41:28,411:57] p5
[2021-12-08 23:41:28,411:57] p5
[2021-12-08 23:41:28,411:57] p5
[2021-12-08 23:41:28,411:57] p5
[2021-12-08 23:41:28,411:57] p5
[2021-12-08 23:41:28,411:41] p3
[2021-12-08 23:41:28,411:53] not p1
[2021-12-08 23:41:28,411:41] p3
[2021-12-08 23:41:28,412:43] p1
[2021-12-08 23:41:28,412:45] p1 and p2
[2021-12-08 23:41:28,412:49] p1 and p2 and not p3
[2021-12-08 23:41:28,412:41] p3
[2021-12-08 23:41:28,412:43] p1
[2021-12-08 23:41:28,412:51] p1 and not p2
[2021-12-08 23:41:28,412:58] top3
