[2021-12-08 23:41:28,436:16] top1
[2021-12-08 23:41:28,436:36] not p1
[2021-12-08 23:41:28,436:38] top2
[2021-12-08 23:41:28,436:41] p3
[2021-12-08 23:41:28,436:43] p1
[2021-12-08 23:41:28,436:45] p1 and p2
[2021-12-08 23:41:28,436:49] p1 and p2 and not p3
[2021-12-08 23:41:28,437:41] p3
[2021-12-08 23:41:28,437:43] p1
[2021-12-08 23:41:28,437:51] p1 and not p2
[2021-12-08 23:41:28,437:55] p4
[2021-12-08 23:41:28,437:57] p5
[2021-12-08 23:41:28,437:57] p5
[2021-12-08 23:41:28,437:57] p5
[2021-12-08 23:41:28,437:55] p4
[2021-12-08 23:41:28,437:57] p5
[2021-12-08 23:41:28,437:55] p4
[2021-12-08 23:41:28,437:55] p4
[2021-12-08 23:41:28,437:57] p5
[2021-12-08 23:41:28,437:57] p5
[2021-12-08 23:41:28,437:58] top3
