[2021-12-08 23:41:28,457:16] top1
[2021-12-08 23:41:28,457:36] not p1
[2021-12-08 23:41:28,458:38] top2
[2021-12-08 23:41:28,458:41] p3
[2021-12-08 23:41:28,458:53] not p1
[2021-12-08 23:41:28,458:55] p4
[2021-12-08 23:41:28,458:41] p3
[2021-12-08 23:41:28,458:43] p1
[2021-12-08 23:41:28,458:45] p1 and p2
[2021-12-08 23:41:28,458:49] p1 and p2 and not p3
[2021-12-08 23:41:28,458:55] p4
[2021-12-08 23:41:28,458:57] p5
[2021-12-08 23:41:28,458:55] p4
[2021-12-08 23:41:28,458:57] p5
[2021-12-08 23:41:28,458:55] p4
[2021-12-08 23:41:28,458:57] p5
[2021-12-08 23:41:28,458:55] p4
[2021-12-08 23:41:28,458:57] p5
[2021-12-08 23:41:28,458:57] p5
[2021-12-08 23:41:28,458:57] p5
[2021-12-08 23:41:28,459:55] p4
[2021-12-08 23:41:28,459:41] p3
[2021-12-08 23:41:28,459:43] p1
[2021-12-08 23:41:28,459:45] p1 and p2
[2021-12-08 23:41:28,459:47] p1 and p2 and p3
[2021-12-08 23:41:28,459:41] p3
[2021-12-08 23:41:28,459:53] not p1
[2021-12-08 23:41:28,459:58] top3
