[2021-12-08 23:41:28,470:16] top1
[2021-12-08 23:41:28,470:36] not p1
[2021-12-08 23:41:28,471:38] top2
[2021-12-08 23:41:28,471:41] p3
[2021-12-08 23:41:28,471:53] not p1
[2021-12-08 23:41:28,471:55] p4
[2021-12-08 23:41:28,471:57] p5
[2021-12-08 23:41:28,471:57] p5
[2021-12-08 23:41:28,471:57] p5
[2021-12-08 23:41:28,471:41] p3
[2021-12-08 23:41:28,471:53] not p1
[2021-12-08 23:41:28,471:41] p3
[2021-12-08 23:41:28,471:53] not p1
[2021-12-08 23:41:28,471:55] p4
[2021-12-08 23:41:28,471:57] p5
[2021-12-08 23:41:28,471:57] p5
[2021-12-08 23:41:28,471:57] p5
[2021-12-08 23:41:28,471:55] p4
[2021-12-08 23:41:28,471:57] p5
[2021-12-08 23:41:28,471:57] p5
[2021-12-08 23:41:28,471:57] p5
[2021-12-08 23:41:28,471:57] p5
[2021-12-08 23:41:28,472:57] p5
[2021-12-08 23:41:28,472:55] p4
[2021-12-08 23:41:28,472:55] p4
[2021-12-08 23:41:28,472:57] p5
[2021-12-08 23:41:28,472:41] p3
[2021-12-08 23:41:28,472:43] p1
[2021-12-08 23:41:28,472:45] p1 and p2
[2021-12-08 23:41:28,472:49] p1 and p2 and not p3
[2021-12-08 23:41:28,472:55] p4
[2021-12-08 23:41:28,472:58] top3
