[2021-12-08 23:41:28,472:16] top1
[2021-12-08 23:41:28,472:36] not p1
[2021-12-08 23:41:28,472:38] top2
[2021-12-08 23:41:28,472:41] p3
[2021-12-08 23:41:28,473:43] p1
[2021-12-08 23:41:28,473:45] p1 and p2
[2021-12-08 23:41:28,473:47] p1 and p2 and p3
[2021-12-08 23:41:28,473:55] p4
[2021-12-08 23:41:28,473:57] p5
[2021-12-08 23:41:28,473:41] p3
[2021-12-08 23:41:28,473:53] not p1
[2021-12-08 23:41:28,473:55] p4
[2021-12-08 23:41:28,473:57] p5
[2021-12-08 23:41:28,473:57] p5
[2021-12-08 23:41:28,473:57] p5
[2021-12-08 23:41:28,473:55] p4
[2021-12-08 23:41:28,473:55] p4
[2021-12-08 23:41:28,473:57] p5
[2021-12-08 23:41:28,473:55] p4
[2021-12-08 23:41:28,473:57] p5
[2021-12-08 23:41:28,473:57] p5
[2021-12-08 23:41:28,473:55] p4
[2021-12-08 23:41:28,473:57] p5
[2021-12-08 23:41:28,473:57] p5
[2021-12-08 23:41:28,473:57] p5
[2021-12-08 23:41:28,474:57] p5
[2021-12-08 23:41:28,474:57] p5
[2021-12-08 23:41:28,474:57] p5
[2021-12-08 23:41:28,474:57] p5
[2021-12-08 23:41:28,474:55] p4
[2021-12-08 23:41:28,474:57] p5
[2021-12-08 23:41:28,474:55] p4
[2021-12-08 23:41:28,474:57] p5
[2021-12-08 23:41:28,474:55] p4
[2021-12-08 23:41:28,474:57] p5
[2021-12-08 23:41:28,474:55] p4
[2021-12-08 23:41:28,474:57] p5
[2021-12-08 23:41:28,474:57] p5
[2021-12-08 23:41:28,474:58] top3
