[2021-12-08 23:41:28,497:16] top1
[2021-12-08 23:41:28,497:18] p1
[2021-12-08 23:41:28,497:20] p1 and p2
[2021-12-08 23:41:28,498:22] p1 and p2 and p3
[2021-12-08 23:41:28,498:24] p1 and p2 and p3 and p4
[2021-12-08 23:41:28,498:26] p1 and p2 and p3 and p4 and p5
[2021-12-08 23:41:28,498:38] top2
[2021-12-08 23:41:28,498:41] p3
[2021-12-08 23:41:28,498:43] p1
[2021-12-08 23:41:28,498:51] p1 and not p2
[2021-12-08 23:41:28,498:55] p4
[2021-12-08 23:41:28,498:57] p5
[2021-12-08 23:41:28,498:57] p5
[2021-12-08 23:41:28,498:55] p4
[2021-12-08 23:41:28,498:41] p3
[2021-12-08 23:41:28,498:53] not p1
[2021-12-08 23:41:28,498:55] p4
[2021-12-08 23:41:28,498:57] p5
[2021-12-08 23:41:28,498:41] p3
[2021-12-08 23:41:28,498:53] not p1
[2021-12-08 23:41:28,498:55] p4
[2021-12-08 23:41:28,498:57] p5
[2021-12-08 23:41:28,499:57] p5
[2021-12-08 23:41:28,499:58] top3
