[2021-12-08 23:41:28,499:16] top1
[2021-12-08 23:41:28,499:18] p1
[2021-12-08 23:41:28,499:20] p1 and p2
[2021-12-08 23:41:28,499:32] p1 and p2 and not p3
[2021-12-08 23:41:28,499:38] top2
[2021-12-08 23:41:28,499:41] p3
[2021-12-08 23:41:28,499:43] p1
[2021-12-08 23:41:28,499:51] p1 and not p2
[2021-12-08 23:41:28,499:55] p4
[2021-12-08 23:41:28,499:55] p4
[2021-12-08 23:41:28,500:57] p5
[2021-12-08 23:41:28,500:55] p4
[2021-12-08 23:41:28,500:41] p3
[2021-12-08 23:41:28,500:43] p1
[2021-12-08 23:41:28,500:45] p1 and p2
[2021-12-08 23:41:28,500:47] p1 and p2 and p3
[2021-12-08 23:41:28,500:41] p3
[2021-12-08 23:41:28,500:53] not p1
[2021-12-08 23:41:28,500:55] p4
[2021-12-08 23:41:28,500:57] p5
[2021-12-08 23:41:28,500:55] p4
[2021-12-08 23:41:28,500:55] p4
[2021-12-08 23:41:28,500:58] top3
