[2021-12-08 23:41:28,504:16] top1
[2021-12-08 23:41:28,504:36] not p1
[2021-12-08 23:41:28,504:38] top2
[2021-12-08 23:41:28,504:41] p3
[2021-12-08 23:41:28,504:53] not p1
[2021-12-08 23:41:28,504:55] p4
[2021-12-08 23:41:28,504:57] p5
[2021-12-08 23:41:28,504:55] p4
[2021-12-08 23:41:28,504:55] p4
[2021-12-08 23:41:28,505:41] p3
[2021-12-08 23:41:28,505:43] p1
[2021-12-08 23:41:28,505:51] p1 and not p2
[2021-12-08 23:41:28,505:55] p4
[2021-12-08 23:41:28,505:57] p5
[2021-12-08 23:41:28,505:57] p5
[2021-12-08 23:41:28,505:57] p5
[2021-12-08 23:41:28,505:57] p5
[2021-12-08 23:41:28,505:41] p3
[2021-12-08 23:41:28,505:53] not p1
[2021-12-08 23:41:28,505:41] p3
[2021-12-08 23:41:28,505:43] p1
[2021-12-08 23:41:28,505:45] p1 and p2
[2021-12-08 23:41:28,505:47] p1 and p2 and p3
[2021-12-08 23:41:28,505:41] p3
[2021-12-08 23:41:28,505:53] not p1
[2021-12-08 23:41:28,505:55] p4
[2021-12-08 23:41:28,505:57] p5
[2021-12-08 23:41:28,505:58] top3
