[2021-12-08 23:41:28,518:16] top1
[2021-12-08 23:41:28,518:36] not p1
[2021-12-08 23:41:28,518:38] top2
[2021-12-08 23:41:28,518:41] p3
[2021-12-08 23:41:28,518:43] p1
[2021-12-08 23:41:28,518:51] p1 and not p2
[2021-12-08 23:41:28,518:41] p3
[2021-12-08 23:41:28,518:43] p1
[2021-12-08 23:41:28,518:45] p1 and p2
[2021-12-08 23:41:28,518:47] p1 and p2 and p3
[2021-12-08 23:41:28,518:55] p4
[2021-12-08 23:41:28,518:57] p5
[2021-12-08 23:41:28,518:57] p5
[2021-12-08 23:41:28,518:55] p4
[2021-12-08 23:41:28,518:57] p5
[2021-12-08 23:41:28,518:41] p3
[2021-12-08 23:41:28,519:43] p1
[2021-12-08 23:41:28,519:51] p1 and not p2
[2021-12-08 23:41:28,519:55] p4
[2021-12-08 23:41:28,519:57] p5
[2021-12-08 23:41:28,519:41] p3
[2021-12-08 23:41:28,519:43] p1
[2021-12-08 23:41:28,519:45] p1 and p2
[2021-12-08 23:41:28,519:49] p1 and p2 and not p3
[2021-12-08 23:41:28,519:55] p4
[2021-12-08 23:41:28,519:58] top3
