[2021-12-08 23:41:28,520:16] top1
[2021-12-08 23:41:28,521:36] not p1
[2021-12-08 23:41:28,521:38] top2
[2021-12-08 23:41:28,521:41] p3
[2021-12-08 23:41:28,521:43] p1
[2021-12-08 23:41:28,521:45] p1 and p2
[2021-12-08 23:41:28,521:49] p1 and p2 and not p3
[2021-12-08 23:41:28,521:55] p4
[2021-12-08 23:41:28,521:55] p4
[2021-12-08 23:41:28,521:55] p4
[2021-12-08 23:41:28,521:41] p3
[2021-12-08 23:41:28,521:53] not p1
[2021-12-08 23:41:28,521:55] p4
[2021-12-08 23:41:28,521:55] p4
[2021-12-08 23:41:28,521:41] p3
[2021-12-08 23:41:28,521:43] p1
[2021-12-08 23:41:28,521:45] p1 and p2
[2021-12-08 23:41:28,521:47] p1 and p2 and p3
[2021-12-08 23:41:28,521:55] p4
[2021-12-08 23:41:28,521:57] p5
[2021-12-08 23:41:28,521:57] p5
[2021-12-08 23:41:28,521:58] top3
