[2021-12-08 23:41:28,523:16] top1
[2021-12-08 23:41:28,523:36] not p1
[2021-12-08 23:41:28,523:38] top2
[2021-12-08 23:41:28,523:41] p3
[2021-12-08 23:41:28,523:53] not p1
[2021-12-08 23:41:28,523:41] p3
[2021-12-08 23:41:28,523:53] not p1
[2021-12-08 23:41:28,523:41] p3
[2021-12-08 23:41:28,523:43] p1
[2021-12-08 23:41:28,524:45] p1 and p2
[2021-12-08 23:41:28,524:47] p1 and p2 and p3
[2021-12-08 23:41:28,524:55] p4
[2021-12-08 23:41:28,524:57] p5
[2021-12-08 23:41:28,524:57] p5
[2021-12-08 23:41:28,524:57] p5
[2021-12-08 23:41:28,524:57] p5
[2021-12-08 23:41:28,524:57] p5
[2021-12-08 23:41:28,524:57] p5
[2021-12-08 23:41:28,525:57] p5
[2021-12-08 23:41:28,525:57] p5
[2021-12-08 23:41:28,525:55] p4
[2021-12-08 23:41:28,525:57] p5
[2021-12-08 23:41:28,525:55] p4
[2021-12-08 23:41:28,525:57] p5
[2021-12-08 23:41:28,525:41] p3
[2021-12-08 23:41:28,525:43] p1
[2021-12-08 23:41:28,525:51] p1 and not p2
[2021-12-08 23:41:28,525:55] p4
[2021-12-08 23:41:28,525:57] p5
[2021-12-08 23:41:28,525:55] p4
[2021-12-08 23:41:28,525:57] p5
[2021-12-08 23:41:28,525:57] p5
[2021-12-08 23:41:28,525:58] top3
