[2021-12-08 23:41:28,546:16] top1
[2021-12-08 23:41:28,546:18] p1
[2021-12-08 23:41:28,546:20] p1 and p2
[2021-12-08 23:41:28,546:22] p1 and p2 and p3
[2021-12-08 23:41:28,546:24] p1 and p2 and p3 and p4
[2021-12-08 23:41:28,547:26] p1 and p2 and p3 and p4 and p5
[2021-12-08 23:41:28,547:38] top2
[2021-12-08 23:41:28,547:41] p3
[2021-12-08 23:41:28,547:43] p1
[2021-12-08 23:41:28,547:45] p1 and p2
[2021-12-08 23:41:28,547:47] p1 and p2 and p3
[2021-12-08 23:41:28,548:55] p4
[2021-12-08 23:41:28,548:57] p5
[2021-12-08 23:41:28,548:55] p4
[2021-12-08 23:41:28,548:57] p5
[2021-12-08 23:41:28,548:57] p5
[2021-12-08 23:41:28,548:57] p5
[2021-12-08 23:41:28,548:41] p3
[2021-12-08 23:41:28,548:53] not p1
[2021-12-08 23:41:28,548:55] p4
[2021-12-08 23:41:28,549:57] p5
[2021-12-08 23:41:28,549:57] p5
[2021-12-08 23:41:28,549:41] p3
[2021-12-08 23:41:28,549:43] p1
[2021-12-08 23:41:28,549:45] p1 and p2
[2021-12-08 23:41:28,549:47] p1 and p2 and p3
[2021-12-08 23:41:28,549:58] top3
