[2021-12-08 23:41:28,555:16] top1
[2021-12-08 23:41:28,555:18] p1
[2021-12-08 23:41:28,555:20] p1 and p2
[2021-12-08 23:41:28,555:32] p1 and p2 and not p3
[2021-12-08 23:41:28,555:38] top2
[2021-12-08 23:41:28,555:41] p3
[2021-12-08 23:41:28,556:53] not p1
[2021-12-08 23:41:28,556:41] p3
[2021-12-08 23:41:28,556:53] not p1
[2021-12-08 23:41:28,556:41] p3
[2021-12-08 23:41:28,556:43] p1
[2021-12-08 23:41:28,556:51] p1 and not p2
[2021-12-08 23:41:28,556:55] p4
[2021-12-08 23:41:28,556:57] p5
[2021-12-08 23:41:28,556:55] p4
[2021-12-08 23:41:28,558:41] p3
[2021-12-08 23:41:28,558:43] p1
[2021-12-08 23:41:28,558:51] p1 and not p2
[2021-12-08 23:41:28,558:55] p4
[2021-12-08 23:41:28,558:55] p4
[2021-12-08 23:41:28,558:57] p5
[2021-12-08 23:41:28,558:58] top3
