[2021-12-08 23:41:28,560:16] top1
[2021-12-08 23:41:28,560:36] not p1
[2021-12-08 23:41:28,560:38] top2
[2021-12-08 23:41:28,560:41] p3
[2021-12-08 23:41:28,560:43] p1
[2021-12-08 23:41:28,560:51] p1 and not p2
[2021-12-08 23:41:28,560:55] p4
[2021-12-08 23:41:28,561:57] p5
[2021-12-08 23:41:28,561:55] p4
[2021-12-08 23:41:28,561:57] p5
[2021-12-08 23:41:28,561:41] p3
[2021-12-08 23:41:28,561:53] not p1
[2021-12-08 23:41:28,561:41] p3
[2021-12-08 23:41:28,561:43] p1
[2021-12-08 23:41:28,561:45] p1 and p2
[2021-12-08 23:41:28,561:47] p1 and p2 and p3
[2021-12-08 23:41:28,561:41] p3
[2021-12-08 23:41:28,561:53] not p1
[2021-12-08 23:41:28,561:41] p3
[2021-12-08 23:41:28,561:53] not p1
[2021-12-08 23:41:28,562:55] p4
[2021-12-08 23:41:28,562:57] p5
[2021-12-08 23:41:28,562:57] p5
[2021-12-08 23:41:28,562:57] p5
[2021-12-08 23:41:28,562:57] p5
[2021-12-08 23:41:28,562:55] p4
[2021-12-08 23:41:28,562:55] p4
[2021-12-08 23:41:28,562:55] p4
[2021-12-08 23:41:28,562:57] p5
[2021-12-08 23:41:28,562:55] p4
[2021-12-08 23:41:28,562:55] p4
[2021-12-08 23:41:28,562:57] p5
[2021-12-08 23:41:28,562:58] top3
