[2021-12-08 23:41:28,581:16] top1
[2021-12-08 23:41:28,581:18] p1
[2021-12-08 23:41:28,581:34] p1 and not p2
[2021-12-08 23:41:28,581:38] top2
[2021-12-08 23:41:28,581:41] p3
[2021-12-08 23:41:28,581:53] not p1
[2021-12-08 23:41:28,581:55] p4
[2021-12-08 23:41:28,581:57] p5
[2021-12-08 23:41:28,582:41] p3
[2021-12-08 23:41:28,582:43] p1
[2021-12-08 23:41:28,582:45] p1 and p2
[2021-12-08 23:41:28,582:47] p1 and p2 and p3
[2021-12-08 23:41:28,582:55] p4
[2021-12-08 23:41:28,582:57] p5
[2021-12-08 23:41:28,582:55] p4
[2021-12-08 23:41:28,582:57] p5
[2021-12-08 23:41:28,582:57] p5
[2021-12-08 23:41:28,582:57] p5
[2021-12-08 23:41:28,583:55] p4
[2021-12-08 23:41:28,583:57] p5
[2021-12-08 23:41:28,583:55] p4
[2021-12-08 23:41:28,583:57] p5
[2021-12-08 23:41:28,583:57] p5
[2021-12-08 23:41:28,583:41] p3
[2021-12-08 23:41:28,583:53] not p1
[2021-12-08 23:41:28,583:55] p4
[2021-12-08 23:41:28,583:58] top3
