[2021-12-08 23:41:28,607:16] top1
[2021-12-08 23:41:28,607:18] p1
[2021-12-08 23:41:28,607:20] p1 and p2
[2021-12-08 23:41:28,608:22] p1 and p2 and p3
[2021-12-08 23:41:28,608:30] p1 and p2 and p3 and not p4
[2021-12-08 23:41:28,608:38] top2
[2021-12-08 23:41:28,608:41] p3
[2021-12-08 23:41:28,608:43] p1
[2021-12-08 23:41:28,608:51] p1 and not p2
[2021-12-08 23:41:28,608:55] p4
[2021-12-08 23:41:28,608:57] p5
[2021-12-08 23:41:28,608:57] p5
[2021-12-08 23:41:28,608:57] p5
[2021-12-08 23:41:28,608:55] p4
[2021-12-08 23:41:28,608:57] p5
[2021-12-08 23:41:28,608:41] p3
[2021-12-08 23:41:28,608:43] p1
[2021-12-08 23:41:28,608:51] p1 and not p2
[2021-12-08 23:41:28,608:55] p4
[2021-12-08 23:41:28,608:55] p4
[2021-12-08 23:41:28,609:58] top3
