[2021-12-08 23:41:28,631:16] top1
[2021-12-08 23:41:28,631:18] p1
[2021-12-08 23:41:28,631:20] p1 and p2
[2021-12-08 23:41:28,631:22] p1 and p2 and p3
[2021-12-08 23:41:28,631:24] p1 and p2 and p3 and p4
[2021-12-08 23:41:28,631:28] p1 and p2 and p3 and p4 and not p5
[2021-12-08 23:41:28,631:38] top2
[2021-12-08 23:41:28,631:41] p3
[2021-12-08 23:41:28,631:43] p1
[2021-12-08 23:41:28,631:45] p1 and p2
[2021-12-08 23:41:28,631:49] p1 and p2 and not p3
[2021-12-08 23:41:28,632:55] p4
[2021-12-08 23:41:28,632:57] p5
[2021-12-08 23:41:28,632:57] p5
[2021-12-08 23:41:28,632:57] p5
[2021-12-08 23:41:28,632:55] p4
[2021-12-08 23:41:28,632:57] p5
[2021-12-08 23:41:28,632:55] p4
[2021-12-08 23:41:28,632:57] p5
[2021-12-08 23:41:28,632:55] p4
[2021-12-08 23:41:28,632:55] p4
[2021-12-08 23:41:28,632:58] top3
