[2021-12-08 23:41:28,654:16] top1
[2021-12-08 23:41:28,654:36] not p1
[2021-12-08 23:41:28,654:38] top2
[2021-12-08 23:41:28,654:41] p3
[2021-12-08 23:41:28,654:53] not p1
[2021-12-08 23:41:28,654:55] p4
[2021-12-08 23:41:28,654:57] p5
[2021-12-08 23:41:28,655:41] p3
[2021-12-08 23:41:28,655:53] not p1
[2021-12-08 23:41:28,655:41] p3
[2021-12-08 23:41:28,655:43] p1
[2021-12-08 23:41:28,655:51] p1 and not p2
[2021-12-08 23:41:28,655:41] p3
[2021-12-08 23:41:28,655:43] p1
[2021-12-08 23:41:28,655:45] p1 and p2
[2021-12-08 23:41:28,655:47] p1 and p2 and p3
[2021-12-08 23:41:28,655:55] p4
[2021-12-08 23:41:28,655:57] p5
[2021-12-08 23:41:28,655:55] p4
[2021-12-08 23:41:28,655:55] p4
[2021-12-08 23:41:28,655:58] top3
