[2021-12-08 23:41:28,662:16] top1
[2021-12-08 23:41:28,662:36] not p1
[2021-12-08 23:41:28,662:38] top2
[2021-12-08 23:41:28,662:41] p3
[2021-12-08 23:41:28,662:53] not p1
[2021-12-08 23:41:28,662:41] p3
[2021-12-08 23:41:28,663:43] p1
[2021-12-08 23:41:28,663:45] p1 and p2
[2021-12-08 23:41:28,663:47] p1 and p2 and p3
[2021-12-08 23:41:28,663:41] p3
[2021-12-08 23:41:28,663:43] p1
[2021-12-08 23:41:28,663:51] p1 and not p2
[2021-12-08 23:41:28,663:55] p4
[2021-12-08 23:41:28,663:55] p4
[2021-12-08 23:41:28,663:41] p3
[2021-12-08 23:41:28,663:43] p1
[2021-12-08 23:41:28,663:51] p1 and not p2
[2021-12-08 23:41:28,663:55] p4
[2021-12-08 23:41:28,663:57] p5
[2021-12-08 23:41:28,663:41] p3
[2021-12-08 23:41:28,663:53] not p1
[2021-12-08 23:41:28,663:58] top3
