[2021-12-08 23:41:28,664:16] top1
[2021-12-08 23:41:28,664:18] p1
[2021-12-08 23:41:28,664:20] p1 and p2
[2021-12-08 23:41:28,664:22] p1 and p2 and p3
[2021-12-08 23:41:28,664:24] p1 and p2 and p3 and p4
[2021-12-08 23:41:28,664:28] p1 and p2 and p3 and p4 and not p5
[2021-12-08 23:41:28,664:38] top2
[2021-12-08 23:41:28,664:41] p3
[2021-12-08 23:41:28,664:43] p1
[2021-12-08 23:41:28,664:51] p1 and not p2
[2021-12-08 23:41:28,665:41] p3
[2021-12-08 23:41:28,665:53] not p1
[2021-12-08 23:41:28,665:55] p4
[2021-12-08 23:41:28,665:57] p5
[2021-12-08 23:41:28,665:55] p4
[2021-12-08 23:41:28,665:57] p5
[2021-12-08 23:41:28,665:57] p5
[2021-12-08 23:41:28,665:41] p3
[2021-12-08 23:41:28,665:43] p1
[2021-12-08 23:41:28,665:51] p1 and not p2
[2021-12-08 23:41:28,665:55] p4
[2021-12-08 23:41:28,665:58] top3
