[2021-12-08 23:41:28,668:16] top1
[2021-12-08 23:41:28,668:18] p1
[2021-12-08 23:41:28,668:20] p1 and p2
[2021-12-08 23:41:28,668:22] p1 and p2 and p3
[2021-12-08 23:41:28,668:24] p1 and p2 and p3 and p4
[2021-12-08 23:41:28,668:28] p1 and p2 and p3 and p4 and not p5
[2021-12-08 23:41:28,668:38] top2
[2021-12-08 23:41:28,669:41] p3
[2021-12-08 23:41:28,669:43] p1
[2021-12-08 23:41:28,669:51] p1 and not p2
[2021-12-08 23:41:28,669:55] p4
[2021-12-08 23:41:28,669:55] p4
[2021-12-08 23:41:28,669:57] p5
[2021-12-08 23:41:28,669:57] p5
[2021-12-08 23:41:28,669:55] p4
[2021-12-08 23:41:28,669:57] p5
[2021-12-08 23:41:28,669:57] p5
[2021-12-08 23:41:28,669:57] p5
[2021-12-08 23:41:28,669:57] p5
[2021-12-08 23:41:28,669:57] p5
[2021-12-08 23:41:28,669:58] top3
