[2021-12-08 23:41:28,686:16] top1
[2021-12-08 23:41:28,686:18] p1
[2021-12-08 23:41:28,687:34] p1 and not p2
[2021-12-08 23:41:28,687:38] top2
[2021-12-08 23:41:28,687:41] p3
[2021-12-08 23:41:28,687:43] p1
[2021-12-08 23:41:28,687:45] p1 and p2
[2021-12-08 23:41:28,687:49] p1 and p2 and not p3
[2021-12-08 23:41:28,687:55] p4
[2021-12-08 23:41:28,687:57] p5
[2021-12-08 23:41:28,687:55] p4
[2021-12-08 23:41:28,687:57] p5
[2021-12-08 23:41:28,687:57] p5
[2021-12-08 23:41:28,687:57] p5
[2021-12-08 23:41:28,687:57] p5
[2021-12-08 23:41:28,687:57] p5
[2021-12-08 23:41:28,687:57] p5
[2021-12-08 23:41:28,687:57] p5
[2021-12-08 23:41:28,687:55] p4
[2021-12-08 23:41:28,687:57] p5
[2021-12-08 23:41:28,687:57] p5
[2021-12-08 23:41:28,687:57] p5
[2021-12-08 23:41:28,687:57] p5
[2021-12-08 23:41:28,687:55] p4
[2021-12-08 23:41:28,687:58] top3
