[2021-12-08 23:41:28,702:16] top1
[2021-12-08 23:41:28,702:36] not p1
[2021-12-08 23:41:28,702:38] top2
[2021-12-08 23:41:28,702:41] p3
[2021-12-08 23:41:28,702:53] not p1
[2021-12-08 23:41:28,702:41] p3
[2021-12-08 23:41:28,702:43] p1
[2021-12-08 23:41:28,702:45] p1 and p2
[2021-12-08 23:41:28,702:49] p1 and p2 and not p3
[2021-12-08 23:41:28,702:55] p4
[2021-12-08 23:41:28,703:57] p5
[2021-12-08 23:41:28,703:57] p5
[2021-12-08 23:41:28,703:57] p5
[2021-12-08 23:41:28,703:55] p4
[2021-12-08 23:41:28,703:57] p5
[2021-12-08 23:41:28,703:55] p4
[2021-12-08 23:41:28,703:57] p5
[2021-12-08 23:41:28,703:55] p4
[2021-12-08 23:41:28,703:57] p5
[2021-12-08 23:41:28,703:55] p4
[2021-12-08 23:41:28,703:41] p3
[2021-12-08 23:41:28,703:53] not p1
[2021-12-08 23:41:28,703:55] p4
[2021-12-08 23:41:28,703:57] p5
[2021-12-08 23:41:28,703:58] top3
