[2021-12-08 23:41:28,729:16] top1
[2021-12-08 23:41:28,729:36] not p1
[2021-12-08 23:41:28,729:38] top2
[2021-12-08 23:41:28,729:41] p3
[2021-12-08 23:41:28,729:53] not p1
[2021-12-08 23:41:28,729:41] p3
[2021-12-08 23:41:28,729:43] p1
[2021-12-08 23:41:28,729:51] p1 and not p2
[2021-12-08 23:41:28,730:55] p4
[2021-12-08 23:41:28,730:57] p5
[2021-12-08 23:41:28,730:41] p3
[2021-12-08 23:41:28,730:53] not p1
[2021-12-08 23:41:28,730:41] p3
[2021-12-08 23:41:28,730:53] not p1
[2021-12-08 23:41:28,730:41] p3
[2021-12-08 23:41:28,730:43] p1
[2021-12-08 23:41:28,730:45] p1 and p2
[2021-12-08 23:41:28,730:47] p1 and p2 and p3
[2021-12-08 23:41:28,730:41] p3
[2021-12-08 23:41:28,730:53] not p1
[2021-12-08 23:41:28,731:41] p3
[2021-12-08 23:41:28,731:43] p1
[2021-12-08 23:41:28,731:51] p1 and not p2
[2021-12-08 23:41:28,731:55] p4
[2021-12-08 23:41:28,731:41] p3
[2021-12-08 23:41:28,731:43] p1
[2021-12-08 23:41:28,731:51] p1 and not p2
[2021-12-08 23:41:28,731:58] top3
