[2021-12-08 23:41:28,742:16] top1
[2021-12-08 23:41:28,742:18] p1
[2021-12-08 23:41:28,742:20] p1 and p2
[2021-12-08 23:41:28,743:22] p1 and p2 and p3
[2021-12-08 23:41:28,743:30] p1 and p2 and p3 and not p4
[2021-12-08 23:41:28,743:38] top2
[2021-12-08 23:41:28,743:41] p3
[2021-12-08 23:41:28,743:53] not p1
[2021-12-08 23:41:28,743:41] p3
[2021-12-08 23:41:28,743:53] not p1
[2021-12-08 23:41:28,743:55] p4
[2021-12-08 23:41:28,743:57] p5
[2021-12-08 23:41:28,743:55] p4
[2021-12-08 23:41:28,743:55] p4
[2021-12-08 23:41:28,743:55] p4
[2021-12-08 23:41:28,743:57] p5
[2021-12-08 23:41:28,743:57] p5
[2021-12-08 23:41:28,744:41] p3
[2021-12-08 23:41:28,744:43] p1
[2021-12-08 23:41:28,744:51] p1 and not p2
[2021-12-08 23:41:28,744:55] p4
[2021-12-08 23:41:28,744:57] p5
[2021-12-08 23:41:28,744:55] p4
[2021-12-08 23:41:28,744:41] p3
[2021-12-08 23:41:28,744:43] p1
[2021-12-08 23:41:28,744:45] p1 and p2
[2021-12-08 23:41:28,744:47] p1 and p2 and p3
[2021-12-08 23:41:28,744:55] p4
[2021-12-08 23:41:28,744:57] p5
[2021-12-08 23:41:28,744:58] top3
