[2021-12-08 23:41:19,757:16] top1
[2021-12-08 23:41:19,757:18] p1
[2021-12-08 23:41:19,757:20] p1 and p2
[2021-12-08 23:41:19,757:32] p1 and p2 and not p3
[2021-12-08 23:41:19,757:38] top2
[2021-12-08 23:41:19,757:41] p3
[2021-12-08 23:41:19,757:43] p1
[2021-12-08 23:41:19,758:51] p1 and not p2
[2021-12-08 23:41:19,758:41] p3
[2021-12-08 23:41:19,758:43] p1
[2021-12-08 23:41:19,758:51] p1 and not p2
[2021-12-08 23:41:19,758:41] p3
[2021-12-08 23:41:19,758:43] p1
[2021-12-08 23:41:19,758:51] p1 and not p2
[2021-12-08 23:41:19,758:55] p4
[2021-12-08 23:41:19,758:57] p5
[2021-12-08 23:41:19,758:41] p3
[2021-12-08 23:41:19,758:53] not p1
[2021-12-08 23:41:19,758:55] p4
[2021-12-08 23:41:19,758:58] top3
