[2021-12-08 23:41:28,749:16] top1
[2021-12-08 23:41:28,750:18] p1
[2021-12-08 23:41:28,750:20] p1 and p2
[2021-12-08 23:41:28,750:22] p1 and p2 and p3
[2021-12-08 23:41:28,750:24] p1 and p2 and p3 and p4
[2021-12-08 23:41:28,750:26] p1 and p2 and p3 and p4 and p5
[2021-12-08 23:41:28,750:38] top2
[2021-12-08 23:41:28,750:41] p3
[2021-12-08 23:41:28,750:43] p1
[2021-12-08 23:41:28,750:45] p1 and p2
[2021-12-08 23:41:28,750:47] p1 and p2 and p3
[2021-12-08 23:41:28,750:55] p4
[2021-12-08 23:41:28,750:57] p5
[2021-12-08 23:41:28,750:41] p3
[2021-12-08 23:41:28,750:53] not p1
[2021-12-08 23:41:28,750:55] p4
[2021-12-08 23:41:28,750:57] p5
[2021-12-08 23:41:28,750:41] p3
[2021-12-08 23:41:28,750:43] p1
[2021-12-08 23:41:28,750:45] p1 and p2
[2021-12-08 23:41:28,750:47] p1 and p2 and p3
[2021-12-08 23:41:28,750:41] p3
[2021-12-08 23:41:28,750:53] not p1
[2021-12-08 23:41:28,750:58] top3
