[2021-12-08 23:41:28,754:16] top1
[2021-12-08 23:41:28,754:36] not p1
[2021-12-08 23:41:28,754:38] top2
[2021-12-08 23:41:28,754:41] p3
[2021-12-08 23:41:28,754:43] p1
[2021-12-08 23:41:28,754:51] p1 and not p2
[2021-12-08 23:41:28,754:55] p4
[2021-12-08 23:41:28,754:55] p4
[2021-12-08 23:41:28,754:57] p5
[2021-12-08 23:41:28,754:55] p4
[2021-12-08 23:41:28,754:55] p4
[2021-12-08 23:41:28,754:41] p3
[2021-12-08 23:41:28,754:43] p1
[2021-12-08 23:41:28,755:45] p1 and p2
[2021-12-08 23:41:28,755:47] p1 and p2 and p3
[2021-12-08 23:41:28,755:55] p4
[2021-12-08 23:41:28,755:57] p5
[2021-12-08 23:41:28,755:57] p5
[2021-12-08 23:41:28,755:57] p5
[2021-12-08 23:41:28,755:57] p5
[2021-12-08 23:41:28,755:55] p4
[2021-12-08 23:41:28,755:58] top3
