[2021-12-08 23:41:28,755:16] top1
[2021-12-08 23:41:28,755:36] not p1
[2021-12-08 23:41:28,755:38] top2
[2021-12-08 23:41:28,755:41] p3
[2021-12-08 23:41:28,755:43] p1
[2021-12-08 23:41:28,755:45] p1 and p2
[2021-12-08 23:41:28,755:49] p1 and p2 and not p3
[2021-12-08 23:41:28,755:55] p4
[2021-12-08 23:41:28,755:55] p4
[2021-12-08 23:41:28,755:57] p5
[2021-12-08 23:41:28,755:57] p5
[2021-12-08 23:41:28,756:41] p3
[2021-12-08 23:41:28,756:53] not p1
[2021-12-08 23:41:28,756:55] p4
[2021-12-08 23:41:28,756:41] p3
[2021-12-08 23:41:28,756:43] p1
[2021-12-08 23:41:28,756:45] p1 and p2
[2021-12-08 23:41:28,756:49] p1 and p2 and not p3
[2021-12-08 23:41:28,756:41] p3
[2021-12-08 23:41:28,756:43] p1
[2021-12-08 23:41:28,756:51] p1 and not p2
[2021-12-08 23:41:28,756:41] p3
[2021-12-08 23:41:28,756:53] not p1
[2021-12-08 23:41:28,756:41] p3
[2021-12-08 23:41:28,756:53] not p1
[2021-12-08 23:41:28,756:55] p4
[2021-12-08 23:41:28,756:55] p4
[2021-12-08 23:41:28,756:41] p3
[2021-12-08 23:41:28,756:43] p1
[2021-12-08 23:41:28,756:51] p1 and not p2
[2021-12-08 23:41:28,756:41] p3
[2021-12-08 23:41:28,756:43] p1
[2021-12-08 23:41:28,756:51] p1 and not p2
[2021-12-08 23:41:28,756:41] p3
[2021-12-08 23:41:28,756:53] not p1
[2021-12-08 23:41:28,756:55] p4
[2021-12-08 23:41:28,756:57] p5
[2021-12-08 23:41:28,756:41] p3
[2021-12-08 23:41:28,756:43] p1
[2021-12-08 23:41:28,757:45] p1 and p2
[2021-12-08 23:41:28,757:47] p1 and p2 and p3
[2021-12-08 23:41:28,757:41] p3
[2021-12-08 23:41:28,757:53] not p1
[2021-12-08 23:41:28,757:58] top3
