[2021-12-08 23:41:28,763:16] top1
[2021-12-08 23:41:28,763:18] p1
[2021-12-08 23:41:28,763:20] p1 and p2
[2021-12-08 23:41:28,763:22] p1 and p2 and p3
[2021-12-08 23:41:28,763:30] p1 and p2 and p3 and not p4
[2021-12-08 23:41:28,763:38] top2
[2021-12-08 23:41:28,763:41] p3
[2021-12-08 23:41:28,763:43] p1
[2021-12-08 23:41:28,763:45] p1 and p2
[2021-12-08 23:41:28,763:47] p1 and p2 and p3
[2021-12-08 23:41:28,763:55] p4
[2021-12-08 23:41:28,763:57] p5
[2021-12-08 23:41:28,763:57] p5
[2021-12-08 23:41:28,763:55] p4
[2021-12-08 23:41:28,763:41] p3
[2021-12-08 23:41:28,763:43] p1
[2021-12-08 23:41:28,763:51] p1 and not p2
[2021-12-08 23:41:28,763:55] p4
[2021-12-08 23:41:28,763:57] p5
[2021-12-08 23:41:28,763:57] p5
[2021-12-08 23:41:28,764:58] top3
