[2021-12-08 23:41:28,765:16] top1
[2021-12-08 23:41:28,765:18] p1
[2021-12-08 23:41:28,765:34] p1 and not p2
[2021-12-08 23:41:28,765:38] top2
[2021-12-08 23:41:28,765:41] p3
[2021-12-08 23:41:28,766:43] p1
[2021-12-08 23:41:28,766:51] p1 and not p2
[2021-12-08 23:41:28,766:55] p4
[2021-12-08 23:41:28,766:57] p5
[2021-12-08 23:41:28,766:57] p5
[2021-12-08 23:41:28,766:57] p5
[2021-12-08 23:41:28,766:55] p4
[2021-12-08 23:41:28,766:41] p3
[2021-12-08 23:41:28,766:43] p1
[2021-12-08 23:41:28,766:45] p1 and p2
[2021-12-08 23:41:28,766:49] p1 and p2 and not p3
[2021-12-08 23:41:28,766:55] p4
[2021-12-08 23:41:28,766:41] p3
[2021-12-08 23:41:28,766:43] p1
[2021-12-08 23:41:28,766:45] p1 and p2
[2021-12-08 23:41:28,766:47] p1 and p2 and p3
[2021-12-08 23:41:28,766:41] p3
[2021-12-08 23:41:28,766:53] not p1
[2021-12-08 23:41:28,766:55] p4
[2021-12-08 23:41:28,766:57] p5
[2021-12-08 23:41:28,766:41] p3
[2021-12-08 23:41:28,766:53] not p1
[2021-12-08 23:41:28,766:41] p3
[2021-12-08 23:41:28,766:53] not p1
[2021-12-08 23:41:28,766:55] p4
[2021-12-08 23:41:28,766:55] p4
[2021-12-08 23:41:28,766:55] p4
[2021-12-08 23:41:28,767:57] p5
[2021-12-08 23:41:28,767:57] p5
[2021-12-08 23:41:28,767:41] p3
[2021-12-08 23:41:28,767:53] not p1
[2021-12-08 23:41:28,767:55] p4
[2021-12-08 23:41:28,767:57] p5
[2021-12-08 23:41:28,767:58] top3
