[2021-12-08 23:41:19,762:16] top1
[2021-12-08 23:41:19,763:18] p1
[2021-12-08 23:41:19,763:20] p1 and p2
[2021-12-08 23:41:19,763:32] p1 and p2 and not p3
[2021-12-08 23:41:19,763:38] top2
[2021-12-08 23:41:19,763:41] p3
[2021-12-08 23:41:19,763:53] not p1
[2021-12-08 23:41:19,763:55] p4
[2021-12-08 23:41:19,763:57] p5
[2021-12-08 23:41:19,763:55] p4
[2021-12-08 23:41:19,763:41] p3
[2021-12-08 23:41:19,763:53] not p1
[2021-12-08 23:41:19,764:55] p4
[2021-12-08 23:41:19,764:57] p5
[2021-12-08 23:41:19,764:55] p4
[2021-12-08 23:41:19,764:57] p5
[2021-12-08 23:41:19,764:55] p4
[2021-12-08 23:41:19,764:55] p4
[2021-12-08 23:41:19,764:57] p5
[2021-12-08 23:41:19,764:55] p4
[2021-12-08 23:41:19,764:41] p3
[2021-12-08 23:41:19,764:43] p1
[2021-12-08 23:41:19,764:45] p1 and p2
[2021-12-08 23:41:19,764:47] p1 and p2 and p3
[2021-12-08 23:41:19,764:55] p4
[2021-12-08 23:41:19,764:57] p5
[2021-12-08 23:41:19,765:55] p4
[2021-12-08 23:41:19,765:57] p5
[2021-12-08 23:41:19,765:57] p5
[2021-12-08 23:41:19,765:55] p4
[2021-12-08 23:41:19,765:41] p3
[2021-12-08 23:41:19,765:53] not p1
[2021-12-08 23:41:19,765:55] p4
[2021-12-08 23:41:19,765:41] p3
[2021-12-08 23:41:19,765:43] p1
[2021-12-08 23:41:19,765:45] p1 and p2
[2021-12-08 23:41:19,765:49] p1 and p2 and not p3
[2021-12-08 23:41:19,765:58] top3
