[2021-12-08 23:41:28,792:16] top1
[2021-12-08 23:41:28,792:36] not p1
[2021-12-08 23:41:28,792:38] top2
[2021-12-08 23:41:28,792:41] p3
[2021-12-08 23:41:28,792:53] not p1
[2021-12-08 23:41:28,792:55] p4
[2021-12-08 23:41:28,792:57] p5
[2021-12-08 23:41:28,792:55] p4
[2021-12-08 23:41:28,792:55] p4
[2021-12-08 23:41:28,792:41] p3
[2021-12-08 23:41:28,792:43] p1
[2021-12-08 23:41:28,792:45] p1 and p2
[2021-12-08 23:41:28,792:49] p1 and p2 and not p3
[2021-12-08 23:41:28,792:41] p3
[2021-12-08 23:41:28,792:53] not p1
[2021-12-08 23:41:28,792:41] p3
[2021-12-08 23:41:28,792:53] not p1
[2021-12-08 23:41:28,792:55] p4
[2021-12-08 23:41:28,792:57] p5
[2021-12-08 23:41:28,792:55] p4
[2021-12-08 23:41:28,792:57] p5
[2021-12-08 23:41:28,792:57] p5
[2021-12-08 23:41:28,792:57] p5
[2021-12-08 23:41:28,793:57] p5
[2021-12-08 23:41:28,793:57] p5
[2021-12-08 23:41:28,793:55] p4
[2021-12-08 23:41:28,793:57] p5
[2021-12-08 23:41:28,793:55] p4
[2021-12-08 23:41:28,793:57] p5
[2021-12-08 23:41:28,793:57] p5
[2021-12-08 23:41:28,793:55] p4
[2021-12-08 23:41:28,793:57] p5
[2021-12-08 23:41:28,793:55] p4
[2021-12-08 23:41:28,793:57] p5
[2021-12-08 23:41:28,793:57] p5
[2021-12-08 23:41:28,793:57] p5
[2021-12-08 23:41:28,793:41] p3
[2021-12-08 23:41:28,793:43] p1
[2021-12-08 23:41:28,793:45] p1 and p2
[2021-12-08 23:41:28,793:49] p1 and p2 and not p3
[2021-12-08 23:41:28,793:55] p4
[2021-12-08 23:41:28,793:57] p5
[2021-12-08 23:41:28,793:57] p5
[2021-12-08 23:41:28,793:58] top3
