[2021-12-08 23:41:28,815:16] top1
[2021-12-08 23:41:28,815:36] not p1
[2021-12-08 23:41:28,815:38] top2
[2021-12-08 23:41:28,815:41] p3
[2021-12-08 23:41:28,816:53] not p1
[2021-12-08 23:41:28,816:55] p4
[2021-12-08 23:41:28,816:41] p3
[2021-12-08 23:41:28,816:43] p1
[2021-12-08 23:41:28,816:51] p1 and not p2
[2021-12-08 23:41:28,816:55] p4
[2021-12-08 23:41:28,816:55] p4
[2021-12-08 23:41:28,816:57] p5
[2021-12-08 23:41:28,816:57] p5
[2021-12-08 23:41:28,816:41] p3
[2021-12-08 23:41:28,816:43] p1
[2021-12-08 23:41:28,816:45] p1 and p2
[2021-12-08 23:41:28,816:47] p1 and p2 and p3
[2021-12-08 23:41:28,816:55] p4
[2021-12-08 23:41:28,816:57] p5
[2021-12-08 23:41:28,816:57] p5
[2021-12-08 23:41:28,816:58] top3
