[2021-12-08 23:41:28,819:16] top1
[2021-12-08 23:41:28,819:18] p1
[2021-12-08 23:41:28,819:34] p1 and not p2
[2021-12-08 23:41:28,819:38] top2
[2021-12-08 23:41:28,819:41] p3
[2021-12-08 23:41:28,819:53] not p1
[2021-12-08 23:41:28,819:41] p3
[2021-12-08 23:41:28,819:43] p1
[2021-12-08 23:41:28,819:45] p1 and p2
[2021-12-08 23:41:28,819:49] p1 and p2 and not p3
[2021-12-08 23:41:28,819:41] p3
[2021-12-08 23:41:28,819:53] not p1
[2021-12-08 23:41:28,819:55] p4
[2021-12-08 23:41:28,820:57] p5
[2021-12-08 23:41:28,820:57] p5
[2021-12-08 23:41:28,820:41] p3
[2021-12-08 23:41:28,820:43] p1
[2021-12-08 23:41:28,820:45] p1 and p2
[2021-12-08 23:41:28,820:47] p1 and p2 and p3
[2021-12-08 23:41:28,820:41] p3
[2021-12-08 23:41:28,820:43] p1
[2021-12-08 23:41:28,820:45] p1 and p2
[2021-12-08 23:41:28,820:47] p1 and p2 and p3
[2021-12-08 23:41:28,820:55] p4
[2021-12-08 23:41:28,820:55] p4
[2021-12-08 23:41:28,820:58] top3
