[2021-12-08 23:41:28,824:16] top1
[2021-12-08 23:41:28,824:18] p1
[2021-12-08 23:41:28,824:20] p1 and p2
[2021-12-08 23:41:28,824:22] p1 and p2 and p3
[2021-12-08 23:41:28,824:30] p1 and p2 and p3 and not p4
[2021-12-08 23:41:28,824:38] top2
[2021-12-08 23:41:28,824:41] p3
[2021-12-08 23:41:28,825:53] not p1
[2021-12-08 23:41:28,825:41] p3
[2021-12-08 23:41:28,825:43] p1
[2021-12-08 23:41:28,825:51] p1 and not p2
[2021-12-08 23:41:28,825:41] p3
[2021-12-08 23:41:28,825:43] p1
[2021-12-08 23:41:28,825:51] p1 and not p2
[2021-12-08 23:41:28,825:55] p4
[2021-12-08 23:41:28,825:55] p4
[2021-12-08 23:41:28,825:55] p4
[2021-12-08 23:41:28,825:41] p3
[2021-12-08 23:41:28,825:53] not p1
[2021-12-08 23:41:28,825:41] p3
[2021-12-08 23:41:28,825:53] not p1
[2021-12-08 23:41:28,825:55] p4
[2021-12-08 23:41:28,825:41] p3
[2021-12-08 23:41:28,825:53] not p1
[2021-12-08 23:41:28,825:55] p4
[2021-12-08 23:41:28,825:57] p5
[2021-12-08 23:41:28,825:57] p5
[2021-12-08 23:41:28,825:55] p4
[2021-12-08 23:41:28,826:57] p5
[2021-12-08 23:41:28,826:57] p5
[2021-12-08 23:41:28,826:41] p3
[2021-12-08 23:41:28,826:43] p1
[2021-12-08 23:41:28,826:51] p1 and not p2
[2021-12-08 23:41:28,826:58] top3
