[2021-12-08 23:41:28,835:16] top1
[2021-12-08 23:41:28,835:18] p1
[2021-12-08 23:41:28,835:34] p1 and not p2
[2021-12-08 23:41:28,835:38] top2
[2021-12-08 23:41:28,835:41] p3
[2021-12-08 23:41:28,835:53] not p1
[2021-12-08 23:41:28,835:55] p4
[2021-12-08 23:41:28,835:41] p3
[2021-12-08 23:41:28,835:43] p1
[2021-12-08 23:41:28,835:45] p1 and p2
[2021-12-08 23:41:28,835:47] p1 and p2 and p3
[2021-12-08 23:41:28,835:41] p3
[2021-12-08 23:41:28,835:53] not p1
[2021-12-08 23:41:28,835:41] p3
[2021-12-08 23:41:28,835:43] p1
[2021-12-08 23:41:28,835:51] p1 and not p2
[2021-12-08 23:41:28,836:55] p4
[2021-12-08 23:41:28,836:57] p5
[2021-12-08 23:41:28,836:57] p5
[2021-12-08 23:41:28,836:55] p4
[2021-12-08 23:41:28,836:41] p3
[2021-12-08 23:41:28,836:43] p1
[2021-12-08 23:41:28,836:51] p1 and not p2
[2021-12-08 23:41:28,836:58] top3
