[2021-12-08 23:41:28,861:16] top1
[2021-12-08 23:41:28,861:18] p1
[2021-12-08 23:41:28,861:20] p1 and p2
[2021-12-08 23:41:28,861:22] p1 and p2 and p3
[2021-12-08 23:41:28,861:24] p1 and p2 and p3 and p4
[2021-12-08 23:41:28,861:28] p1 and p2 and p3 and p4 and not p5
[2021-12-08 23:41:28,861:38] top2
[2021-12-08 23:41:28,861:41] p3
[2021-12-08 23:41:28,861:43] p1
[2021-12-08 23:41:28,861:45] p1 and p2
[2021-12-08 23:41:28,861:47] p1 and p2 and p3
[2021-12-08 23:41:28,861:41] p3
[2021-12-08 23:41:28,861:43] p1
[2021-12-08 23:41:28,861:51] p1 and not p2
[2021-12-08 23:41:28,861:55] p4
[2021-12-08 23:41:28,861:57] p5
[2021-12-08 23:41:28,861:55] p4
[2021-12-08 23:41:28,862:55] p4
[2021-12-08 23:41:28,862:55] p4
[2021-12-08 23:41:28,862:58] top3
