[2021-12-08 23:41:28,862:16] top1
[2021-12-08 23:41:28,862:18] p1
[2021-12-08 23:41:28,862:20] p1 and p2
[2021-12-08 23:41:28,862:22] p1 and p2 and p3
[2021-12-08 23:41:28,862:24] p1 and p2 and p3 and p4
[2021-12-08 23:41:28,862:28] p1 and p2 and p3 and p4 and not p5
[2021-12-08 23:41:28,862:38] top2
[2021-12-08 23:41:28,862:41] p3
[2021-12-08 23:41:28,862:43] p1
[2021-12-08 23:41:28,862:51] p1 and not p2
[2021-12-08 23:41:28,862:55] p4
[2021-12-08 23:41:28,862:57] p5
[2021-12-08 23:41:28,862:55] p4
[2021-12-08 23:41:28,862:57] p5
[2021-12-08 23:41:28,863:55] p4
[2021-12-08 23:41:28,863:57] p5
[2021-12-08 23:41:28,863:55] p4
[2021-12-08 23:41:28,863:55] p4
[2021-12-08 23:41:28,863:57] p5
[2021-12-08 23:41:28,863:55] p4
[2021-12-08 23:41:28,863:57] p5
[2021-12-08 23:41:28,863:58] top3
