[2021-12-08 23:41:28,876:16] top1
[2021-12-08 23:41:28,876:18] p1
[2021-12-08 23:41:28,876:20] p1 and p2
[2021-12-08 23:41:28,876:22] p1 and p2 and p3
[2021-12-08 23:41:28,876:24] p1 and p2 and p3 and p4
[2021-12-08 23:41:28,876:28] p1 and p2 and p3 and p4 and not p5
[2021-12-08 23:41:28,876:38] top2
[2021-12-08 23:41:28,876:41] p3
[2021-12-08 23:41:28,876:53] not p1
[2021-12-08 23:41:28,876:41] p3
[2021-12-08 23:41:28,876:43] p1
[2021-12-08 23:41:28,876:51] p1 and not p2
[2021-12-08 23:41:28,876:55] p4
[2021-12-08 23:41:28,876:55] p4
[2021-12-08 23:41:28,876:41] p3
[2021-12-08 23:41:28,876:53] not p1
[2021-12-08 23:41:28,877:55] p4
[2021-12-08 23:41:28,877:57] p5
[2021-12-08 23:41:28,877:41] p3
[2021-12-08 23:41:28,877:53] not p1
[2021-12-08 23:41:28,877:58] top3
