[2021-12-08 23:41:28,907:16] top1
[2021-12-08 23:41:28,907:18] p1
[2021-12-08 23:41:28,907:20] p1 and p2
[2021-12-08 23:41:28,907:22] p1 and p2 and p3
[2021-12-08 23:41:28,907:24] p1 and p2 and p3 and p4
[2021-12-08 23:41:28,907:28] p1 and p2 and p3 and p4 and not p5
[2021-12-08 23:41:28,907:38] top2
[2021-12-08 23:41:28,907:41] p3
[2021-12-08 23:41:28,907:53] not p1
[2021-12-08 23:41:28,907:55] p4
[2021-12-08 23:41:28,907:57] p5
[2021-12-08 23:41:28,907:57] p5
[2021-12-08 23:41:28,907:55] p4
[2021-12-08 23:41:28,907:57] p5
[2021-12-08 23:41:28,907:41] p3
[2021-12-08 23:41:28,907:43] p1
[2021-12-08 23:41:28,908:45] p1 and p2
[2021-12-08 23:41:28,908:47] p1 and p2 and p3
[2021-12-08 23:41:28,908:41] p3
[2021-12-08 23:41:28,908:43] p1
[2021-12-08 23:41:28,908:51] p1 and not p2
[2021-12-08 23:41:28,908:58] top3
