[2021-12-08 23:41:28,911:16] top1
[2021-12-08 23:41:28,912:36] not p1
[2021-12-08 23:41:28,912:38] top2
[2021-12-08 23:41:28,912:41] p3
[2021-12-08 23:41:28,912:43] p1
[2021-12-08 23:41:28,912:45] p1 and p2
[2021-12-08 23:41:28,912:47] p1 and p2 and p3
[2021-12-08 23:41:28,912:41] p3
[2021-12-08 23:41:28,912:53] not p1
[2021-12-08 23:41:28,912:41] p3
[2021-12-08 23:41:28,912:53] not p1
[2021-12-08 23:41:28,912:41] p3
[2021-12-08 23:41:28,912:43] p1
[2021-12-08 23:41:28,912:51] p1 and not p2
[2021-12-08 23:41:28,912:55] p4
[2021-12-08 23:41:28,912:41] p3
[2021-12-08 23:41:28,912:53] not p1
[2021-12-08 23:41:28,912:55] p4
[2021-12-08 23:41:28,912:41] p3
[2021-12-08 23:41:28,912:53] not p1
[2021-12-08 23:41:28,912:55] p4
[2021-12-08 23:41:28,912:58] top3
