[2021-12-08 23:41:28,917:16] top1
[2021-12-08 23:41:28,917:18] p1
[2021-12-08 23:41:28,917:20] p1 and p2
[2021-12-08 23:41:28,917:32] p1 and p2 and not p3
[2021-12-08 23:41:28,917:38] top2
[2021-12-08 23:41:28,917:41] p3
[2021-12-08 23:41:28,917:43] p1
[2021-12-08 23:41:28,917:51] p1 and not p2
[2021-12-08 23:41:28,918:55] p4
[2021-12-08 23:41:28,918:57] p5
[2021-12-08 23:41:28,918:41] p3
[2021-12-08 23:41:28,918:43] p1
[2021-12-08 23:41:28,918:51] p1 and not p2
[2021-12-08 23:41:28,918:41] p3
[2021-12-08 23:41:28,918:43] p1
[2021-12-08 23:41:28,918:45] p1 and p2
[2021-12-08 23:41:28,918:47] p1 and p2 and p3
[2021-12-08 23:41:28,918:41] p3
[2021-12-08 23:41:28,918:53] not p1
[2021-12-08 23:41:28,918:55] p4
[2021-12-08 23:41:28,918:58] top3
