[2021-12-08 23:41:28,919:16] top1
[2021-12-08 23:41:28,919:18] p1
[2021-12-08 23:41:28,919:20] p1 and p2
[2021-12-08 23:41:28,919:22] p1 and p2 and p3
[2021-12-08 23:41:28,919:24] p1 and p2 and p3 and p4
[2021-12-08 23:41:28,919:26] p1 and p2 and p3 and p4 and p5
[2021-12-08 23:41:28,919:38] top2
[2021-12-08 23:41:28,919:41] p3
[2021-12-08 23:41:28,919:43] p1
[2021-12-08 23:41:28,919:51] p1 and not p2
[2021-12-08 23:41:28,919:41] p3
[2021-12-08 23:41:28,919:53] not p1
[2021-12-08 23:41:28,919:55] p4
[2021-12-08 23:41:28,919:55] p4
[2021-12-08 23:41:28,920:55] p4
[2021-12-08 23:41:28,920:57] p5
[2021-12-08 23:41:28,920:57] p5
[2021-12-08 23:41:28,920:57] p5
[2021-12-08 23:41:28,920:57] p5
[2021-12-08 23:41:28,920:57] p5
[2021-12-08 23:41:28,920:57] p5
[2021-12-08 23:41:28,920:58] top3
