[2021-12-08 23:41:28,921:16] top1
[2021-12-08 23:41:28,921:36] not p1
[2021-12-08 23:41:28,921:38] top2
[2021-12-08 23:41:28,921:41] p3
[2021-12-08 23:41:28,921:53] not p1
[2021-12-08 23:41:28,921:55] p4
[2021-12-08 23:41:28,921:57] p5
[2021-12-08 23:41:28,922:55] p4
[2021-12-08 23:41:28,922:41] p3
[2021-12-08 23:41:28,922:43] p1
[2021-12-08 23:41:28,922:51] p1 and not p2
[2021-12-08 23:41:28,922:55] p4
[2021-12-08 23:41:28,922:55] p4
[2021-12-08 23:41:28,922:41] p3
[2021-12-08 23:41:28,922:43] p1
[2021-12-08 23:41:28,922:45] p1 and p2
[2021-12-08 23:41:28,922:49] p1 and p2 and not p3
[2021-12-08 23:41:28,922:55] p4
[2021-12-08 23:41:28,922:55] p4
[2021-12-08 23:41:28,922:57] p5
[2021-12-08 23:41:28,922:57] p5
[2021-12-08 23:41:28,922:55] p4
[2021-12-08 23:41:28,922:57] p5
[2021-12-08 23:41:28,922:41] p3
[2021-12-08 23:41:28,922:53] not p1
[2021-12-08 23:41:28,922:41] p3
[2021-12-08 23:41:28,922:53] not p1
[2021-12-08 23:41:28,922:55] p4
[2021-12-08 23:41:28,922:57] p5
[2021-12-08 23:41:28,922:55] p4
[2021-12-08 23:41:28,923:55] p4
[2021-12-08 23:41:28,923:55] p4
[2021-12-08 23:41:28,923:57] p5
[2021-12-08 23:41:28,923:58] top3
