[2021-12-08 23:41:28,928:16] top1
[2021-12-08 23:41:28,928:36] not p1
[2021-12-08 23:41:28,928:38] top2
[2021-12-08 23:41:28,928:41] p3
[2021-12-08 23:41:28,928:53] not p1
[2021-12-08 23:41:28,928:41] p3
[2021-12-08 23:41:28,928:53] not p1
[2021-12-08 23:41:28,928:41] p3
[2021-12-08 23:41:28,928:53] not p1
[2021-12-08 23:41:28,928:55] p4
[2021-12-08 23:41:28,928:55] p4
[2021-12-08 23:41:28,928:57] p5
[2021-12-08 23:41:28,928:57] p5
[2021-12-08 23:41:28,928:55] p4
[2021-12-08 23:41:28,928:55] p4
[2021-12-08 23:41:28,928:57] p5
[2021-12-08 23:41:28,929:57] p5
[2021-12-08 23:41:28,929:57] p5
[2021-12-08 23:41:28,929:57] p5
[2021-12-08 23:41:28,929:55] p4
[2021-12-08 23:41:28,929:57] p5
[2021-12-08 23:41:28,929:55] p4
[2021-12-08 23:41:28,929:57] p5
[2021-12-08 23:41:28,929:41] p3
[2021-12-08 23:41:28,929:43] p1
[2021-12-08 23:41:28,929:45] p1 and p2
[2021-12-08 23:41:28,929:49] p1 and p2 and not p3
[2021-12-08 23:41:28,929:41] p3
[2021-12-08 23:41:28,929:53] not p1
[2021-12-08 23:41:28,929:41] p3
[2021-12-08 23:41:28,929:43] p1
[2021-12-08 23:41:28,929:51] p1 and not p2
[2021-12-08 23:41:28,929:41] p3
[2021-12-08 23:41:28,929:43] p1
[2021-12-08 23:41:28,929:45] p1 and p2
[2021-12-08 23:41:28,929:49] p1 and p2 and not p3
[2021-12-08 23:41:28,929:55] p4
[2021-12-08 23:41:28,930:41] p3
[2021-12-08 23:41:28,930:43] p1
[2021-12-08 23:41:28,930:45] p1 and p2
[2021-12-08 23:41:28,930:49] p1 and p2 and not p3
[2021-12-08 23:41:28,930:55] p4
[2021-12-08 23:41:28,930:57] p5
[2021-12-08 23:41:28,930:57] p5
[2021-12-08 23:41:28,930:57] p5
[2021-12-08 23:41:28,930:57] p5
[2021-12-08 23:41:28,930:55] p4
[2021-12-08 23:41:28,930:55] p4
[2021-12-08 23:41:28,930:55] p4
[2021-12-08 23:41:28,930:57] p5
[2021-12-08 23:41:28,930:57] p5
[2021-12-08 23:41:28,930:41] p3
[2021-12-08 23:41:28,930:43] p1
[2021-12-08 23:41:28,930:51] p1 and not p2
[2021-12-08 23:41:28,930:41] p3
[2021-12-08 23:41:28,930:53] not p1
[2021-12-08 23:41:28,930:55] p4
[2021-12-08 23:41:28,930:57] p5
[2021-12-08 23:41:28,930:41] p3
[2021-12-08 23:41:28,930:53] not p1
[2021-12-08 23:41:28,931:55] p4
[2021-12-08 23:41:28,931:41] p3
[2021-12-08 23:41:28,931:43] p1
[2021-12-08 23:41:28,931:45] p1 and p2
[2021-12-08 23:41:28,931:47] p1 and p2 and p3
[2021-12-08 23:41:28,931:41] p3
[2021-12-08 23:41:28,931:43] p1
[2021-12-08 23:41:28,931:51] p1 and not p2
[2021-12-08 23:41:28,931:55] p4
[2021-12-08 23:41:28,931:55] p4
[2021-12-08 23:41:28,931:58] top3
