[2021-12-08 23:41:28,945:16] top1
[2021-12-08 23:41:28,945:18] p1
[2021-12-08 23:41:28,945:20] p1 and p2
[2021-12-08 23:41:28,945:22] p1 and p2 and p3
[2021-12-08 23:41:28,945:30] p1 and p2 and p3 and not p4
[2021-12-08 23:41:28,945:38] top2
[2021-12-08 23:41:28,945:41] p3
[2021-12-08 23:41:28,945:43] p1
[2021-12-08 23:41:28,945:45] p1 and p2
[2021-12-08 23:41:28,945:49] p1 and p2 and not p3
[2021-12-08 23:41:28,945:55] p4
[2021-12-08 23:41:28,945:57] p5
[2021-12-08 23:41:28,945:57] p5
[2021-12-08 23:41:28,945:57] p5
[2021-12-08 23:41:28,945:55] p4
[2021-12-08 23:41:28,945:57] p5
[2021-12-08 23:41:28,945:57] p5
[2021-12-08 23:41:28,945:57] p5
[2021-12-08 23:41:28,946:41] p3
[2021-12-08 23:41:28,946:53] not p1
[2021-12-08 23:41:28,946:55] p4
[2021-12-08 23:41:28,946:57] p5
[2021-12-08 23:41:28,946:55] p4
[2021-12-08 23:41:28,946:57] p5
[2021-12-08 23:41:28,946:57] p5
[2021-12-08 23:41:28,946:57] p5
[2021-12-08 23:41:28,946:57] p5
[2021-12-08 23:41:28,946:57] p5
[2021-12-08 23:41:28,946:57] p5
[2021-12-08 23:41:28,946:57] p5
[2021-12-08 23:41:28,946:55] p4
[2021-12-08 23:41:28,946:55] p4
[2021-12-08 23:41:28,946:58] top3
