[2021-12-08 23:41:28,952:16] top1
[2021-12-08 23:41:28,952:18] p1
[2021-12-08 23:41:28,952:20] p1 and p2
[2021-12-08 23:41:28,952:22] p1 and p2 and p3
[2021-12-08 23:41:28,952:24] p1 and p2 and p3 and p4
[2021-12-08 23:41:28,952:28] p1 and p2 and p3 and p4 and not p5
[2021-12-08 23:41:28,952:38] top2
[2021-12-08 23:41:28,952:41] p3
[2021-12-08 23:41:28,952:43] p1
[2021-12-08 23:41:28,952:51] p1 and not p2
[2021-12-08 23:41:28,952:55] p4
[2021-12-08 23:41:28,952:57] p5
[2021-12-08 23:41:28,952:57] p5
[2021-12-08 23:41:28,952:57] p5
[2021-12-08 23:41:28,952:41] p3
[2021-12-08 23:41:28,952:53] not p1
[2021-12-08 23:41:28,952:55] p4
[2021-12-08 23:41:28,952:41] p3
[2021-12-08 23:41:28,952:53] not p1
[2021-12-08 23:41:28,952:55] p4
[2021-12-08 23:41:28,952:57] p5
[2021-12-08 23:41:28,952:55] p4
[2021-12-08 23:41:28,953:57] p5
[2021-12-08 23:41:28,953:57] p5
[2021-12-08 23:41:28,953:57] p5
[2021-12-08 23:41:28,953:41] p3
[2021-12-08 23:41:28,953:43] p1
[2021-12-08 23:41:28,953:51] p1 and not p2
[2021-12-08 23:41:28,953:55] p4
[2021-12-08 23:41:28,953:55] p4
[2021-12-08 23:41:28,953:57] p5
[2021-12-08 23:41:28,953:55] p4
[2021-12-08 23:41:28,953:55] p4
[2021-12-08 23:41:28,953:58] top3
