[2021-12-08 23:41:28,968:16] top1
[2021-12-08 23:41:28,968:18] p1
[2021-12-08 23:41:28,968:20] p1 and p2
[2021-12-08 23:41:28,968:22] p1 and p2 and p3
[2021-12-08 23:41:28,968:24] p1 and p2 and p3 and p4
[2021-12-08 23:41:28,968:26] p1 and p2 and p3 and p4 and p5
[2021-12-08 23:41:28,968:38] top2
[2021-12-08 23:41:28,968:41] p3
[2021-12-08 23:41:28,969:43] p1
[2021-12-08 23:41:28,969:51] p1 and not p2
[2021-12-08 23:41:28,969:41] p3
[2021-12-08 23:41:28,969:43] p1
[2021-12-08 23:41:28,969:51] p1 and not p2
[2021-12-08 23:41:28,969:41] p3
[2021-12-08 23:41:28,969:43] p1
[2021-12-08 23:41:28,969:51] p1 and not p2
[2021-12-08 23:41:28,969:55] p4
[2021-12-08 23:41:28,969:55] p4
[2021-12-08 23:41:28,969:41] p3
[2021-12-08 23:41:28,969:53] not p1
[2021-12-08 23:41:28,969:55] p4
[2021-12-08 23:41:28,969:57] p5
[2021-12-08 23:41:28,969:41] p3
[2021-12-08 23:41:28,969:53] not p1
[2021-12-08 23:41:28,969:55] p4
[2021-12-08 23:41:28,969:55] p4
[2021-12-08 23:41:28,969:57] p5
[2021-12-08 23:41:28,969:41] p3
[2021-12-08 23:41:28,969:43] p1
[2021-12-08 23:41:28,969:45] p1 and p2
[2021-12-08 23:41:28,969:49] p1 and p2 and not p3
[2021-12-08 23:41:28,970:41] p3
[2021-12-08 23:41:28,970:53] not p1
[2021-12-08 23:41:28,970:55] p4
[2021-12-08 23:41:28,970:41] p3
[2021-12-08 23:41:28,970:53] not p1
[2021-12-08 23:41:28,970:55] p4
[2021-12-08 23:41:28,970:57] p5
[2021-12-08 23:41:28,970:57] p5
[2021-12-08 23:41:28,970:55] p4
[2021-12-08 23:41:28,970:55] p4
[2021-12-08 23:41:28,970:41] p3
[2021-12-08 23:41:28,970:43] p1
[2021-12-08 23:41:28,970:45] p1 and p2
[2021-12-08 23:41:28,970:49] p1 and p2 and not p3
[2021-12-08 23:41:28,970:55] p4
[2021-12-08 23:41:28,970:55] p4
[2021-12-08 23:41:28,970:57] p5
[2021-12-08 23:41:28,970:57] p5
[2021-12-08 23:41:28,970:57] p5
[2021-12-08 23:41:28,970:57] p5
[2021-12-08 23:41:28,970:57] p5
[2021-12-08 23:41:28,970:41] p3
[2021-12-08 23:41:28,970:53] not p1
[2021-12-08 23:41:28,971:41] p3
[2021-12-08 23:41:28,971:53] not p1
[2021-12-08 23:41:28,971:58] top3
