[2021-12-08 23:41:28,985:16] top1
[2021-12-08 23:41:28,985:18] p1
[2021-12-08 23:41:28,985:34] p1 and not p2
[2021-12-08 23:41:28,985:38] top2
[2021-12-08 23:41:28,985:41] p3
[2021-12-08 23:41:28,985:53] not p1
[2021-12-08 23:41:28,985:55] p4
[2021-12-08 23:41:28,985:55] p4
[2021-12-08 23:41:28,985:55] p4
[2021-12-08 23:41:28,986:57] p5
[2021-12-08 23:41:28,986:41] p3
[2021-12-08 23:41:28,986:43] p1
[2021-12-08 23:41:28,986:45] p1 and p2
[2021-12-08 23:41:28,986:49] p1 and p2 and not p3
[2021-12-08 23:41:28,986:55] p4
[2021-12-08 23:41:28,986:55] p4
[2021-12-08 23:41:28,986:57] p5
[2021-12-08 23:41:28,986:55] p4
[2021-12-08 23:41:28,986:55] p4
[2021-12-08 23:41:28,986:41] p3
[2021-12-08 23:41:28,986:43] p1
[2021-12-08 23:41:28,986:45] p1 and p2
[2021-12-08 23:41:28,986:47] p1 and p2 and p3
[2021-12-08 23:41:28,986:55] p4
[2021-12-08 23:41:28,986:58] top3
