[2021-12-08 23:41:28,994:16] top1
[2021-12-08 23:41:28,995:36] not p1
[2021-12-08 23:41:28,995:38] top2
[2021-12-08 23:41:28,995:41] p3
[2021-12-08 23:41:28,995:53] not p1
[2021-12-08 23:41:28,995:55] p4
[2021-12-08 23:41:28,995:57] p5
[2021-12-08 23:41:28,995:41] p3
[2021-12-08 23:41:28,995:43] p1
[2021-12-08 23:41:28,995:45] p1 and p2
[2021-12-08 23:41:28,995:47] p1 and p2 and p3
[2021-12-08 23:41:28,995:55] p4
[2021-12-08 23:41:28,995:55] p4
[2021-12-08 23:41:28,995:55] p4
[2021-12-08 23:41:28,995:57] p5
[2021-12-08 23:41:28,995:55] p4
[2021-12-08 23:41:28,996:57] p5
[2021-12-08 23:41:28,996:57] p5
[2021-12-08 23:41:28,996:57] p5
[2021-12-08 23:41:28,996:57] p5
[2021-12-08 23:41:28,996:57] p5
[2021-12-08 23:41:28,996:55] p4
[2021-12-08 23:41:28,996:55] p4
[2021-12-08 23:41:28,996:57] p5
[2021-12-08 23:41:28,996:57] p5
[2021-12-08 23:41:28,996:55] p4
[2021-12-08 23:41:28,996:57] p5
[2021-12-08 23:41:28,996:41] p3
[2021-12-08 23:41:28,996:43] p1
[2021-12-08 23:41:28,996:51] p1 and not p2
[2021-12-08 23:41:28,996:41] p3
[2021-12-08 23:41:28,996:53] not p1
[2021-12-08 23:41:28,996:58] top3
