[2021-12-08 23:41:29,008:16] top1
[2021-12-08 23:41:29,008:36] not p1
[2021-12-08 23:41:29,008:38] top2
[2021-12-08 23:41:29,008:41] p3
[2021-12-08 23:41:29,008:53] not p1
[2021-12-08 23:41:29,008:41] p3
[2021-12-08 23:41:29,009:43] p1
[2021-12-08 23:41:29,009:45] p1 and p2
[2021-12-08 23:41:29,009:47] p1 and p2 and p3
[2021-12-08 23:41:29,009:55] p4
[2021-12-08 23:41:29,009:57] p5
[2021-12-08 23:41:29,009:57] p5
[2021-12-08 23:41:29,009:41] p3
[2021-12-08 23:41:29,009:43] p1
[2021-12-08 23:41:29,009:45] p1 and p2
[2021-12-08 23:41:29,009:49] p1 and p2 and not p3
[2021-12-08 23:41:29,009:55] p4
[2021-12-08 23:41:29,009:55] p4
[2021-12-08 23:41:29,009:57] p5
[2021-12-08 23:41:29,009:57] p5
[2021-12-08 23:41:29,009:55] p4
[2021-12-08 23:41:29,009:58] top3
