[2021-12-08 23:41:29,010:16] top1
[2021-12-08 23:41:29,010:18] p1
[2021-12-08 23:41:29,010:34] p1 and not p2
[2021-12-08 23:41:29,010:38] top2
[2021-12-08 23:41:29,010:41] p3
[2021-12-08 23:41:29,010:43] p1
[2021-12-08 23:41:29,010:45] p1 and p2
[2021-12-08 23:41:29,010:49] p1 and p2 and not p3
[2021-12-08 23:41:29,010:55] p4
[2021-12-08 23:41:29,010:57] p5
[2021-12-08 23:41:29,010:55] p4
[2021-12-08 23:41:29,010:55] p4
[2021-12-08 23:41:29,011:57] p5
[2021-12-08 23:41:29,011:55] p4
[2021-12-08 23:41:29,011:57] p5
[2021-12-08 23:41:29,011:41] p3
[2021-12-08 23:41:29,011:43] p1
[2021-12-08 23:41:29,011:45] p1 and p2
[2021-12-08 23:41:29,011:49] p1 and p2 and not p3
[2021-12-08 23:41:29,011:58] top3
