[2021-12-08 23:41:19,796:16] top1
[2021-12-08 23:41:19,797:18] p1
[2021-12-08 23:41:19,797:20] p1 and p2
[2021-12-08 23:41:19,797:22] p1 and p2 and p3
[2021-12-08 23:41:19,797:24] p1 and p2 and p3 and p4
[2021-12-08 23:41:19,797:26] p1 and p2 and p3 and p4 and p5
[2021-12-08 23:41:19,797:38] top2
[2021-12-08 23:41:19,797:41] p3
[2021-12-08 23:41:19,797:53] not p1
[2021-12-08 23:41:19,797:55] p4
[2021-12-08 23:41:19,797:57] p5
[2021-12-08 23:41:19,797:57] p5
[2021-12-08 23:41:19,797:55] p4
[2021-12-08 23:41:19,797:55] p4
[2021-12-08 23:41:19,797:57] p5
[2021-12-08 23:41:19,797:57] p5
[2021-12-08 23:41:19,797:55] p4
[2021-12-08 23:41:19,797:57] p5
[2021-12-08 23:41:19,797:41] p3
[2021-12-08 23:41:19,797:43] p1
[2021-12-08 23:41:19,798:45] p1 and p2
[2021-12-08 23:41:19,798:47] p1 and p2 and p3
[2021-12-08 23:41:19,798:55] p4
[2021-12-08 23:41:19,798:57] p5
[2021-12-08 23:41:19,798:41] p3
[2021-12-08 23:41:19,798:53] not p1
[2021-12-08 23:41:19,798:41] p3
[2021-12-08 23:41:19,798:43] p1
[2021-12-08 23:41:19,798:51] p1 and not p2
[2021-12-08 23:41:19,798:55] p4
[2021-12-08 23:41:19,798:55] p4
[2021-12-08 23:41:19,798:57] p5
[2021-12-08 23:41:19,798:55] p4
[2021-12-08 23:41:19,798:57] p5
[2021-12-08 23:41:19,798:55] p4
[2021-12-08 23:41:19,798:57] p5
[2021-12-08 23:41:19,799:55] p4
[2021-12-08 23:41:19,799:41] p3
[2021-12-08 23:41:19,799:53] not p1
[2021-12-08 23:41:19,799:55] p4
[2021-12-08 23:41:19,799:57] p5
[2021-12-08 23:41:19,799:58] top3
