[2021-12-08 23:41:29,045:16] top1
[2021-12-08 23:41:29,047:18] p1
[2021-12-08 23:41:29,047:20] p1 and p2
[2021-12-08 23:41:29,047:22] p1 and p2 and p3
[2021-12-08 23:41:29,048:30] p1 and p2 and p3 and not p4
[2021-12-08 23:41:29,048:38] top2
[2021-12-08 23:41:29,048:41] p3
[2021-12-08 23:41:29,048:43] p1
[2021-12-08 23:41:29,048:51] p1 and not p2
[2021-12-08 23:41:29,048:55] p4
[2021-12-08 23:41:29,048:57] p5
[2021-12-08 23:41:29,048:57] p5
[2021-12-08 23:41:29,048:57] p5
[2021-12-08 23:41:29,049:57] p5
[2021-12-08 23:41:29,049:55] p4
[2021-12-08 23:41:29,049:57] p5
[2021-12-08 23:41:29,049:41] p3
[2021-12-08 23:41:29,049:43] p1
[2021-12-08 23:41:29,049:51] p1 and not p2
[2021-12-08 23:41:29,049:55] p4
[2021-12-08 23:41:29,049:57] p5
[2021-12-08 23:41:29,049:57] p5
[2021-12-08 23:41:29,049:58] top3
