[2021-12-08 23:41:29,059:16] top1
[2021-12-08 23:41:29,059:18] p1
[2021-12-08 23:41:29,059:34] p1 and not p2
[2021-12-08 23:41:29,059:38] top2
[2021-12-08 23:41:29,059:41] p3
[2021-12-08 23:41:29,059:43] p1
[2021-12-08 23:41:29,059:45] p1 and p2
[2021-12-08 23:41:29,059:47] p1 and p2 and p3
[2021-12-08 23:41:29,060:55] p4
[2021-12-08 23:41:29,060:57] p5
[2021-12-08 23:41:29,061:57] p5
[2021-12-08 23:41:29,061:55] p4
[2021-12-08 23:41:29,061:55] p4
[2021-12-08 23:41:29,061:41] p3
[2021-12-08 23:41:29,061:43] p1
[2021-12-08 23:41:29,062:45] p1 and p2
[2021-12-08 23:41:29,062:49] p1 and p2 and not p3
[2021-12-08 23:41:29,062:55] p4
[2021-12-08 23:41:29,062:55] p4
[2021-12-08 23:41:29,062:57] p5
[2021-12-08 23:41:29,062:57] p5
[2021-12-08 23:41:29,062:55] p4
[2021-12-08 23:41:29,062:57] p5
[2021-12-08 23:41:29,062:41] p3
[2021-12-08 23:41:29,062:43] p1
[2021-12-08 23:41:29,062:51] p1 and not p2
[2021-12-08 23:41:29,062:55] p4
[2021-12-08 23:41:29,062:55] p4
[2021-12-08 23:41:29,062:57] p5
[2021-12-08 23:41:29,062:41] p3
[2021-12-08 23:41:29,063:43] p1
[2021-12-08 23:41:29,063:51] p1 and not p2
[2021-12-08 23:41:29,063:55] p4
[2021-12-08 23:41:29,063:57] p5
[2021-12-08 23:41:29,066:57] p5
[2021-12-08 23:41:29,067:55] p4
[2021-12-08 23:41:29,067:55] p4
[2021-12-08 23:41:29,067:58] top3
