[2021-12-08 23:41:29,159:16] top1
[2021-12-08 23:41:29,159:18] p1
[2021-12-08 23:41:29,159:34] p1 and not p2
[2021-12-08 23:41:29,159:38] top2
[2021-12-08 23:41:29,159:41] p3
[2021-12-08 23:41:29,159:53] not p1
[2021-12-08 23:41:29,159:41] p3
[2021-12-08 23:41:29,159:43] p1
[2021-12-08 23:41:29,160:45] p1 and p2
[2021-12-08 23:41:29,160:47] p1 and p2 and p3
[2021-12-08 23:41:29,160:55] p4
[2021-12-08 23:41:29,160:55] p4
[2021-12-08 23:41:29,160:57] p5
[2021-12-08 23:41:29,160:57] p5
[2021-12-08 23:41:29,160:57] p5
[2021-12-08 23:41:29,160:57] p5
[2021-12-08 23:41:29,160:57] p5
[2021-12-08 23:41:29,160:57] p5
[2021-12-08 23:41:29,160:55] p4
[2021-12-08 23:41:29,160:57] p5
[2021-12-08 23:41:29,160:57] p5
[2021-12-08 23:41:29,160:57] p5
[2021-12-08 23:41:29,160:57] p5
[2021-12-08 23:41:29,160:58] top3
