[2021-12-08 23:41:29,164:16] top1
[2021-12-08 23:41:29,165:36] not p1
[2021-12-08 23:41:29,165:38] top2
[2021-12-08 23:41:29,165:41] p3
[2021-12-08 23:41:29,165:43] p1
[2021-12-08 23:41:29,165:51] p1 and not p2
[2021-12-08 23:41:29,165:55] p4
[2021-12-08 23:41:29,165:55] p4
[2021-12-08 23:41:29,165:57] p5
[2021-12-08 23:41:29,165:57] p5
[2021-12-08 23:41:29,165:57] p5
[2021-12-08 23:41:29,165:57] p5
[2021-12-08 23:41:29,165:57] p5
[2021-12-08 23:41:29,165:55] p4
[2021-12-08 23:41:29,165:41] p3
[2021-12-08 23:41:29,165:43] p1
[2021-12-08 23:41:29,165:45] p1 and p2
[2021-12-08 23:41:29,166:49] p1 and p2 and not p3
[2021-12-08 23:41:29,166:41] p3
[2021-12-08 23:41:29,166:53] not p1
[2021-12-08 23:41:29,166:41] p3
[2021-12-08 23:41:29,166:43] p1
[2021-12-08 23:41:29,166:45] p1 and p2
[2021-12-08 23:41:29,166:49] p1 and p2 and not p3
[2021-12-08 23:41:29,166:41] p3
[2021-12-08 23:41:29,166:43] p1
[2021-12-08 23:41:29,166:45] p1 and p2
[2021-12-08 23:41:29,166:47] p1 and p2 and p3
[2021-12-08 23:41:29,166:41] p3
[2021-12-08 23:41:29,166:53] not p1
[2021-12-08 23:41:29,166:55] p4
[2021-12-08 23:41:29,166:58] top3
