[2021-12-08 23:41:19,812:16] top1
[2021-12-08 23:41:19,812:18] p1
[2021-12-08 23:41:19,812:20] p1 and p2
[2021-12-08 23:41:19,812:22] p1 and p2 and p3
[2021-12-08 23:41:19,812:24] p1 and p2 and p3 and p4
[2021-12-08 23:41:19,812:26] p1 and p2 and p3 and p4 and p5
[2021-12-08 23:41:19,812:38] top2
[2021-12-08 23:41:19,812:41] p3
[2021-12-08 23:41:19,812:43] p1
[2021-12-08 23:41:19,812:45] p1 and p2
[2021-12-08 23:41:19,812:47] p1 and p2 and p3
[2021-12-08 23:41:19,813:41] p3
[2021-12-08 23:41:19,813:43] p1
[2021-12-08 23:41:19,813:45] p1 and p2
[2021-12-08 23:41:19,813:49] p1 and p2 and not p3
[2021-12-08 23:41:19,813:55] p4
[2021-12-08 23:41:19,813:57] p5
[2021-12-08 23:41:19,813:41] p3
[2021-12-08 23:41:19,813:53] not p1
[2021-12-08 23:41:19,813:58] top3
