[2021-12-08 23:41:29,193:16] top1
[2021-12-08 23:41:29,194:18] p1
[2021-12-08 23:41:29,194:34] p1 and not p2
[2021-12-08 23:41:29,194:38] top2
[2021-12-08 23:41:29,194:41] p3
[2021-12-08 23:41:29,194:43] p1
[2021-12-08 23:41:29,194:45] p1 and p2
[2021-12-08 23:41:29,194:49] p1 and p2 and not p3
[2021-12-08 23:41:29,195:55] p4
[2021-12-08 23:41:29,195:57] p5
[2021-12-08 23:41:29,195:55] p4
[2021-12-08 23:41:29,195:55] p4
[2021-12-08 23:41:29,195:57] p5
[2021-12-08 23:41:29,195:57] p5
[2021-12-08 23:41:29,195:57] p5
[2021-12-08 23:41:29,195:57] p5
[2021-12-08 23:41:29,195:57] p5
[2021-12-08 23:41:29,195:57] p5
[2021-12-08 23:41:29,195:41] p3
[2021-12-08 23:41:29,195:53] not p1
[2021-12-08 23:41:29,196:55] p4
[2021-12-08 23:41:29,196:57] p5
[2021-12-08 23:41:29,196:57] p5
[2021-12-08 23:41:29,196:55] p4
[2021-12-08 23:41:29,196:57] p5
[2021-12-08 23:41:29,196:57] p5
[2021-12-08 23:41:29,196:57] p5
[2021-12-08 23:41:29,196:41] p3
[2021-12-08 23:41:29,196:43] p1
[2021-12-08 23:41:29,196:45] p1 and p2
[2021-12-08 23:41:29,196:49] p1 and p2 and not p3
[2021-12-08 23:41:29,196:55] p4
[2021-12-08 23:41:29,196:58] top3
