[2021-12-08 23:41:29,212:16] top1
[2021-12-08 23:41:29,212:36] not p1
[2021-12-08 23:41:29,213:38] top2
[2021-12-08 23:41:29,213:41] p3
[2021-12-08 23:41:29,213:53] not p1
[2021-12-08 23:41:29,213:55] p4
[2021-12-08 23:41:29,213:55] p4
[2021-12-08 23:41:29,213:41] p3
[2021-12-08 23:41:29,213:43] p1
[2021-12-08 23:41:29,213:45] p1 and p2
[2021-12-08 23:41:29,213:47] p1 and p2 and p3
[2021-12-08 23:41:29,213:55] p4
[2021-12-08 23:41:29,213:55] p4
[2021-12-08 23:41:29,213:57] p5
[2021-12-08 23:41:29,213:41] p3
[2021-12-08 23:41:29,213:43] p1
[2021-12-08 23:41:29,213:51] p1 and not p2
[2021-12-08 23:41:29,214:41] p3
[2021-12-08 23:41:29,214:43] p1
[2021-12-08 23:41:29,214:51] p1 and not p2
[2021-12-08 23:41:29,214:58] top3
