[2021-12-08 23:41:19,818:16] top1
[2021-12-08 23:41:19,818:36] not p1
[2021-12-08 23:41:19,818:38] top2
[2021-12-08 23:41:19,818:41] p3
[2021-12-08 23:41:19,818:43] p1
[2021-12-08 23:41:19,818:45] p1 and p2
[2021-12-08 23:41:19,818:47] p1 and p2 and p3
[2021-12-08 23:41:19,818:41] p3
[2021-12-08 23:41:19,819:43] p1
[2021-12-08 23:41:19,819:45] p1 and p2
[2021-12-08 23:41:19,819:49] p1 and p2 and not p3
[2021-12-08 23:41:19,819:41] p3
[2021-12-08 23:41:19,819:53] not p1
[2021-12-08 23:41:19,819:55] p4
[2021-12-08 23:41:19,819:57] p5
[2021-12-08 23:41:19,819:55] p4
[2021-12-08 23:41:19,819:55] p4
[2021-12-08 23:41:19,819:55] p4
[2021-12-08 23:41:19,819:55] p4
[2021-12-08 23:41:19,819:57] p5
[2021-12-08 23:41:19,819:58] top3
