[2021-12-08 23:41:29,231:16] top1
[2021-12-08 23:41:29,231:36] not p1
[2021-12-08 23:41:29,231:38] top2
[2021-12-08 23:41:29,231:41] p3
[2021-12-08 23:41:29,231:53] not p1
[2021-12-08 23:41:29,231:55] p4
[2021-12-08 23:41:29,231:57] p5
[2021-12-08 23:41:29,231:57] p5
[2021-12-08 23:41:29,231:57] p5
[2021-12-08 23:41:29,232:57] p5
[2021-12-08 23:41:29,232:55] p4
[2021-12-08 23:41:29,232:57] p5
[2021-12-08 23:41:29,232:57] p5
[2021-12-08 23:41:29,232:57] p5
[2021-12-08 23:41:29,232:55] p4
[2021-12-08 23:41:29,232:55] p4
[2021-12-08 23:41:29,232:41] p3
[2021-12-08 23:41:29,232:43] p1
[2021-12-08 23:41:29,232:45] p1 and p2
[2021-12-08 23:41:29,232:49] p1 and p2 and not p3
[2021-12-08 23:41:29,232:55] p4
[2021-12-08 23:41:29,232:57] p5
[2021-12-08 23:41:29,232:41] p3
[2021-12-08 23:41:29,232:53] not p1
[2021-12-08 23:41:29,232:55] p4
[2021-12-08 23:41:29,232:57] p5
[2021-12-08 23:41:29,232:58] top3
