[2021-12-08 23:41:29,239:16] top1
[2021-12-08 23:41:29,239:18] p1
[2021-12-08 23:41:29,239:20] p1 and p2
[2021-12-08 23:41:29,239:32] p1 and p2 and not p3
[2021-12-08 23:41:29,239:38] top2
[2021-12-08 23:41:29,239:41] p3
[2021-12-08 23:41:29,239:53] not p1
[2021-12-08 23:41:29,239:55] p4
[2021-12-08 23:41:29,240:41] p3
[2021-12-08 23:41:29,240:43] p1
[2021-12-08 23:41:29,240:51] p1 and not p2
[2021-12-08 23:41:29,240:55] p4
[2021-12-08 23:41:29,240:55] p4
[2021-12-08 23:41:29,240:55] p4
[2021-12-08 23:41:29,240:41] p3
[2021-12-08 23:41:29,240:43] p1
[2021-12-08 23:41:29,240:51] p1 and not p2
[2021-12-08 23:41:29,240:55] p4
[2021-12-08 23:41:29,240:57] p5
[2021-12-08 23:41:29,240:55] p4
[2021-12-08 23:41:29,240:57] p5
[2021-12-08 23:41:29,240:57] p5
[2021-12-08 23:41:29,240:57] p5
[2021-12-08 23:41:29,240:57] p5
[2021-12-08 23:41:29,240:57] p5
[2021-12-08 23:41:29,240:57] p5
[2021-12-08 23:41:29,240:57] p5
[2021-12-08 23:41:29,240:55] p4
[2021-12-08 23:41:29,240:55] p4
[2021-12-08 23:41:29,240:55] p4
[2021-12-08 23:41:29,241:57] p5
[2021-12-08 23:41:29,241:57] p5
[2021-12-08 23:41:29,241:55] p4
[2021-12-08 23:41:29,241:57] p5
[2021-12-08 23:41:29,241:57] p5
[2021-12-08 23:41:29,241:57] p5
[2021-12-08 23:41:29,241:58] top3
