[2021-12-08 23:41:29,253:16] top1
[2021-12-08 23:41:29,253:36] not p1
[2021-12-08 23:41:29,253:38] top2
[2021-12-08 23:41:29,253:41] p3
[2021-12-08 23:41:29,253:43] p1
[2021-12-08 23:41:29,253:45] p1 and p2
[2021-12-08 23:41:29,253:47] p1 and p2 and p3
[2021-12-08 23:41:29,253:55] p4
[2021-12-08 23:41:29,253:55] p4
[2021-12-08 23:41:29,253:55] p4
[2021-12-08 23:41:29,253:57] p5
[2021-12-08 23:41:29,253:57] p5
[2021-12-08 23:41:29,253:57] p5
[2021-12-08 23:41:29,253:57] p5
[2021-12-08 23:41:29,253:55] p4
[2021-12-08 23:41:29,254:57] p5
[2021-12-08 23:41:29,254:57] p5
[2021-12-08 23:41:29,254:55] p4
[2021-12-08 23:41:29,254:57] p5
[2021-12-08 23:41:29,254:58] top3
